2021-03-02 17:05:55,084:INFO:########## Iteration 0 ##########
2021-03-02 17:05:55,085:INFO:Loading datasets ...
2021-03-02 17:05:55,422:WARNING:
DeepCTR-PyTorch version 0.2.5 detected. Your version is 0.2.3.
Use `pip install -U deepctr-torch` to upgrade.Changelog: https://github.com/shenweichen/DeepCTR-Torch/releases/tag/v0.2.5
2021-03-02 17:07:05,787:INFO:########## Iteration 0 ##########
2021-03-02 17:07:05,787:INFO:Loading datasets ...
2021-03-02 17:07:06,052:WARNING:
DeepCTR-PyTorch version 0.2.5 detected. Your version is 0.2.3.
Use `pip install -U deepctr-torch` to upgrade.Changelog: https://github.com/shenweichen/DeepCTR-Torch/releases/tag/v0.2.5
2021-03-02 17:07:06,084:INFO:Test users: ['dorn17', 'dorn19']
2021-03-02 17:07:06,085:INFO:Features encoded: ['sex', 'clothing']
2021-03-02 17:07:06,085:INFO:Finding Cohorts ...
2021-03-02 17:07:06,085:INFO:Finding cohorts using: hsps
2021-03-02 17:07:06,086:INFO:Training Cohort models ...
2021-03-02 17:08:49,850:INFO:########## Iteration 0 ##########
2021-03-02 17:08:49,850:INFO:Loading datasets ...
2021-03-02 17:08:50,134:INFO:Test users: ['dorn20', 'dorn9']
2021-03-02 17:08:50,134:INFO:Features encoded: ['sex', 'clothing']
2021-03-02 17:08:50,135:INFO:Finding Cohorts ...
2021-03-02 17:08:50,135:INFO:Finding cohorts using: hsps
2021-03-02 17:08:50,136:INFO:Training Cohort models ...
2021-03-02 17:08:50,781:WARNING:
DeepCTR-PyTorch version 0.2.5 detected. Your version is 0.2.3.
Use `pip install -U deepctr-torch` to upgrade.Changelog: https://github.com/shenweichen/DeepCTR-Torch/releases/tag/v0.2.5
2021-03-02 17:11:11,046:INFO:Cohort assignation ...
2021-03-02 17:11:11,046:INFO:Matching via hsps
2021-03-02 17:11:11,047:INFO:Cohort evaluation ...
2021-03-02 17:11:11,098:INFO:Baseline holistic ...
2021-03-02 17:12:13,669:INFO:########## Iteration 0 ##########
2021-03-02 17:12:13,669:INFO:Loading datasets ...
2021-03-02 17:12:13,959:WARNING:
DeepCTR-PyTorch version 0.2.5 detected. Your version is 0.2.3.
Use `pip install -U deepctr-torch` to upgrade.Changelog: https://github.com/shenweichen/DeepCTR-Torch/releases/tag/v0.2.5
2021-03-02 17:12:13,967:INFO:Test users: ['dorn20', 'dorn19']
2021-03-02 17:12:13,967:INFO:Features encoded: ['sex', 'clothing']
2021-03-02 17:12:13,967:INFO:Finding Cohorts ...
2021-03-02 17:12:13,967:INFO:Finding cohorts using: hsps
2021-03-02 17:12:13,968:INFO:Training Cohort models ...
2021-03-02 17:15:16,472:INFO:Cohort assignation ...
2021-03-02 17:15:16,473:INFO:Matching via hsps
2021-03-02 17:15:16,473:INFO:Cohort evaluation ...
2021-03-02 17:15:16,578:INFO:Baseline holistic ...
2021-03-02 17:15:56,480:INFO:########## Iteration 0 ##########
2021-03-02 17:15:56,480:INFO:Loading datasets ...
2021-03-02 17:15:56,764:WARNING:
DeepCTR-PyTorch version 0.2.5 detected. Your version is 0.2.3.
Use `pip install -U deepctr-torch` to upgrade.Changelog: https://github.com/shenweichen/DeepCTR-Torch/releases/tag/v0.2.5
2021-03-02 17:15:56,779:INFO:Test users: ['dorn10', 'dorn18']
2021-03-02 17:15:56,779:INFO:Features encoded: ['sex', 'clothing']
2021-03-02 17:15:56,779:INFO:Finding Cohorts ...
2021-03-02 17:15:56,779:INFO:Finding cohorts using: hsps
2021-03-02 17:15:56,781:INFO:Training Cohort models ...
2021-03-02 17:18:48,869:INFO:Cohort assignation ...
2021-03-02 17:18:48,869:INFO:Matching via hsps
2021-03-02 17:18:48,870:INFO:Cohort evaluation ...
2021-03-02 17:18:48,936:INFO:Baseline holistic ...
2021-03-02 17:20:37,868:INFO:Baseline pcm ...
2021-03-02 17:20:37,868:INFO:Loading precomputed pcm ...
2021-03-02 17:20:38,039:INFO:########## Finished iteration 0 ##########
2021-03-02 17:20:38,039:INFO:########## Iteration 1 ##########
2021-03-02 17:20:38,039:INFO:Loading datasets ...
2021-03-02 17:20:38,346:INFO:Test users: ['dorn5', 'dorn19']
2021-03-02 17:20:38,346:INFO:Features encoded: ['sex', 'clothing']
2021-03-02 17:20:38,346:INFO:Finding Cohorts ...
2021-03-02 17:20:38,347:INFO:Finding cohorts using: hsps
2021-03-02 17:20:38,348:INFO:Training Cohort models ...
2021-03-02 17:23:15,692:INFO:Cohort assignation ...
2021-03-02 17:23:15,693:INFO:Matching via hsps
2021-03-02 17:23:15,693:INFO:Cohort evaluation ...
2021-03-02 17:23:15,726:INFO:Baseline holistic ...
2021-03-02 17:25:04,018:INFO:Baseline pcm ...
2021-03-02 17:25:04,018:INFO:Loading precomputed pcm ...
2021-03-02 17:25:04,181:INFO:########## Finished iteration 1 ##########
2021-03-02 17:25:04,181:INFO:########## Iteration 2 ##########
2021-03-02 17:25:04,181:INFO:Loading datasets ...
2021-03-02 17:25:04,492:INFO:Test users: ['dorn13', 'dorn9']
2021-03-02 17:25:04,492:INFO:Features encoded: ['sex', 'clothing']
2021-03-02 17:25:04,492:INFO:Finding Cohorts ...
2021-03-02 17:25:04,493:INFO:Finding cohorts using: hsps
2021-03-02 17:25:04,496:INFO:Training Cohort models ...
2021-03-02 17:27:14,731:INFO:Cohort assignation ...
2021-03-02 17:27:14,731:INFO:Matching via hsps
2021-03-02 17:27:14,732:INFO:Cohort evaluation ...
2021-03-02 17:27:14,766:INFO:Baseline holistic ...
2021-03-02 17:29:07,442:INFO:Baseline pcm ...
2021-03-02 17:29:07,443:INFO:Loading precomputed pcm ...
2021-03-02 17:29:07,600:INFO:########## Finished iteration 2 ##########
2021-03-02 17:29:07,600:INFO:########## Iteration 3 ##########
2021-03-02 17:29:07,600:INFO:Loading datasets ...
2021-03-02 17:29:07,910:INFO:Test users: ['dorn19', 'dorn9']
2021-03-02 17:29:07,910:INFO:Features encoded: ['sex', 'clothing']
2021-03-02 17:29:07,910:INFO:Finding Cohorts ...
2021-03-02 17:29:07,911:INFO:Finding cohorts using: hsps
2021-03-02 17:29:07,913:INFO:Training Cohort models ...
2021-03-02 17:32:03,551:INFO:Cohort assignation ...
2021-03-02 17:32:03,551:INFO:Matching via hsps
2021-03-02 17:32:03,552:INFO:Cohort evaluation ...
2021-03-02 17:32:03,617:INFO:Baseline holistic ...
2021-03-02 17:33:55,247:INFO:Baseline pcm ...
2021-03-02 17:33:55,247:INFO:Loading precomputed pcm ...
2021-03-02 17:33:55,474:INFO:########## Finished iteration 3 ##########
2021-03-02 17:33:55,474:INFO:########## Iteration 4 ##########
2021-03-02 17:33:55,475:INFO:Loading datasets ...
2021-03-02 17:33:55,782:INFO:Test users: ['dorn9', 'dorn20']
2021-03-02 17:33:55,783:INFO:Features encoded: ['sex', 'clothing']
2021-03-02 17:33:55,783:INFO:Finding Cohorts ...
2021-03-02 17:33:55,784:INFO:Finding cohorts using: hsps
2021-03-02 17:33:55,787:INFO:Training Cohort models ...
2021-03-02 17:36:21,853:INFO:Cohort assignation ...
2021-03-02 17:36:21,853:INFO:Matching via hsps
2021-03-02 17:36:21,853:INFO:Cohort evaluation ...
2021-03-02 17:36:21,907:INFO:Baseline holistic ...
2021-03-02 17:37:54,989:INFO:Baseline pcm ...
2021-03-02 17:37:54,989:INFO:Loading precomputed pcm ...
2021-03-02 17:37:55,152:INFO:########## Finished iteration 4 ##########
2021-03-02 17:37:55,152:INFO:########## Iteration 5 ##########
2021-03-02 17:37:55,152:INFO:Loading datasets ...
2021-03-02 17:37:55,460:INFO:Test users: ['dorn10', 'dorn5']
2021-03-02 17:37:55,461:INFO:Features encoded: ['sex', 'clothing']
2021-03-02 17:37:55,461:INFO:Finding Cohorts ...
2021-03-02 17:37:55,462:INFO:Finding cohorts using: hsps
2021-03-02 17:37:55,464:INFO:Training Cohort models ...
2021-03-02 17:40:51,323:INFO:Cohort assignation ...
2021-03-02 17:40:51,323:INFO:Matching via hsps
2021-03-02 17:40:51,323:INFO:Cohort evaluation ...
2021-03-02 17:40:51,407:INFO:Baseline holistic ...
2021-03-02 17:43:03,998:INFO:Baseline pcm ...
2021-03-02 17:43:03,998:INFO:Loading precomputed pcm ...
2021-03-02 17:43:04,157:INFO:########## Finished iteration 5 ##########
2021-03-02 17:43:04,157:INFO:########## Iteration 6 ##########
2021-03-02 17:43:04,157:INFO:Loading datasets ...
2021-03-02 17:43:04,464:INFO:Test users: ['dorn17', 'dorn10']
2021-03-02 17:43:04,465:INFO:Features encoded: ['sex', 'clothing']
2021-03-02 17:43:04,465:INFO:Finding Cohorts ...
2021-03-02 17:43:04,466:INFO:Finding cohorts using: hsps
2021-03-02 17:43:04,469:INFO:Training Cohort models ...
2021-03-02 17:45:29,566:INFO:Cohort assignation ...
2021-03-02 17:45:29,566:INFO:Matching via hsps
2021-03-02 17:45:29,567:INFO:Cohort evaluation ...
2021-03-02 17:45:29,617:INFO:Baseline holistic ...
2021-03-02 17:47:03,125:INFO:Baseline pcm ...
2021-03-02 17:47:03,125:INFO:Loading precomputed pcm ...
2021-03-02 17:47:03,285:INFO:########## Finished iteration 6 ##########
2021-03-02 17:47:03,285:INFO:########## Iteration 7 ##########
2021-03-02 17:47:03,285:INFO:Loading datasets ...
2021-03-02 17:47:03,592:INFO:Test users: ['dorn20', 'dorn18']
2021-03-02 17:47:03,592:INFO:Features encoded: ['sex', 'clothing']
2021-03-02 17:47:03,592:INFO:Finding Cohorts ...
2021-03-02 17:47:03,593:INFO:Finding cohorts using: hsps
2021-03-02 17:47:03,595:INFO:Training Cohort models ...
2021-03-02 17:49:45,822:INFO:Cohort assignation ...
2021-03-02 17:49:45,822:INFO:Matching via hsps
2021-03-02 17:49:45,823:INFO:Cohort evaluation ...
2021-03-02 17:49:45,927:INFO:Baseline holistic ...
2021-03-02 17:51:17,251:INFO:Baseline pcm ...
2021-03-02 17:51:17,251:INFO:Loading precomputed pcm ...
2021-03-02 17:51:17,412:INFO:########## Finished iteration 7 ##########
2021-03-02 17:51:17,412:INFO:########## Iteration 8 ##########
2021-03-02 17:51:17,412:INFO:Loading datasets ...
2021-03-02 17:51:17,720:INFO:Test users: ['dorn7', 'dorn17']
2021-03-02 17:51:17,720:INFO:Features encoded: ['sex', 'clothing']
2021-03-02 17:51:17,720:INFO:Finding Cohorts ...
2021-03-02 17:51:17,722:INFO:Finding cohorts using: hsps
2021-03-02 17:51:17,724:INFO:Training Cohort models ...
2021-03-02 17:53:40,086:INFO:Cohort assignation ...
2021-03-02 17:53:40,086:INFO:Matching via hsps
2021-03-02 17:53:40,087:INFO:Cohort evaluation ...
2021-03-02 17:53:40,154:INFO:Baseline holistic ...
2021-03-02 17:55:29,916:INFO:Baseline pcm ...
2021-03-02 17:55:29,916:INFO:Loading precomputed pcm ...
2021-03-02 17:55:30,077:INFO:########## Finished iteration 8 ##########
2021-03-02 17:55:30,077:INFO:########## Iteration 9 ##########
2021-03-02 17:55:30,077:INFO:Loading datasets ...
2021-03-02 17:55:30,377:INFO:Test users: ['dorn18', 'dorn9']
2021-03-02 17:55:30,377:INFO:Features encoded: ['sex', 'clothing']
2021-03-02 17:55:30,377:INFO:Finding Cohorts ...
2021-03-02 17:55:30,378:INFO:Finding cohorts using: hsps
2021-03-02 17:55:30,381:INFO:Training Cohort models ...
2021-03-02 17:58:10,791:INFO:Cohort assignation ...
2021-03-02 17:58:10,791:INFO:Matching via hsps
2021-03-02 17:58:10,792:INFO:Cohort evaluation ...
2021-03-02 17:58:10,860:INFO:Baseline holistic ...
2021-03-02 18:00:22,432:INFO:Baseline pcm ...
2021-03-02 18:00:22,432:INFO:Loading precomputed pcm ...
2021-03-02 18:00:22,654:INFO:########## Finished iteration 9 ##########
2021-03-02 18:00:22,654:INFO:########## Iteration 10 ##########
2021-03-02 18:00:22,654:INFO:Loading datasets ...
2021-03-02 18:00:22,962:INFO:Test users: ['dorn10', 'dorn9']
2021-03-02 18:00:22,963:INFO:Features encoded: ['sex', 'clothing']
2021-03-02 18:00:22,963:INFO:Finding Cohorts ...
2021-03-02 18:00:22,964:INFO:Finding cohorts using: hsps
2021-03-02 18:00:22,967:INFO:Training Cohort models ...
2021-03-02 18:02:49,616:INFO:Cohort assignation ...
2021-03-02 18:02:49,616:INFO:Matching via hsps
2021-03-02 18:02:49,617:INFO:Cohort evaluation ...
2021-03-02 18:02:49,669:INFO:Baseline holistic ...
2021-03-02 18:05:04,528:INFO:Baseline pcm ...
2021-03-02 18:05:04,528:INFO:Loading precomputed pcm ...
2021-03-02 18:05:04,688:INFO:########## Finished iteration 10 ##########
2021-03-02 18:05:04,688:INFO:########## Iteration 11 ##########
2021-03-02 18:05:04,688:INFO:Loading datasets ...
2021-03-02 18:05:04,997:INFO:Test users: ['dorn19', 'dorn3']
2021-03-02 18:05:04,997:INFO:Features encoded: ['sex', 'clothing']
2021-03-02 18:05:04,997:INFO:Finding Cohorts ...
2021-03-02 18:05:04,998:INFO:Finding cohorts using: hsps
2021-03-02 18:05:05,000:INFO:Training Cohort models ...
2021-03-02 18:07:27,945:INFO:Cohort assignation ...
2021-03-02 18:07:27,945:INFO:Matching via hsps
2021-03-02 18:07:27,946:INFO:Cohort evaluation ...
2021-03-02 18:07:27,997:INFO:Baseline holistic ...
2021-03-02 18:08:58,900:INFO:Baseline pcm ...
2021-03-02 18:08:58,900:INFO:Loading precomputed pcm ...
2021-03-02 18:08:59,060:INFO:########## Finished iteration 11 ##########
2021-03-02 18:08:59,060:INFO:########## Iteration 12 ##########
2021-03-02 18:08:59,060:INFO:Loading datasets ...
2021-03-02 18:08:59,365:INFO:Test users: ['dorn19', 'dorn20']
2021-03-02 18:08:59,366:INFO:Features encoded: ['sex', 'clothing']
2021-03-02 18:08:59,366:INFO:Finding Cohorts ...
2021-03-02 18:08:59,367:INFO:Finding cohorts using: hsps
2021-03-02 18:08:59,369:INFO:Training Cohort models ...
2021-03-02 18:11:22,665:INFO:Cohort assignation ...
2021-03-02 18:11:22,665:INFO:Matching via hsps
2021-03-02 18:11:22,665:INFO:Cohort evaluation ...
2021-03-02 18:11:22,717:INFO:Baseline holistic ...
2021-03-02 18:12:53,376:INFO:Baseline pcm ...
2021-03-02 18:12:53,376:INFO:Loading precomputed pcm ...
2021-03-02 18:12:53,535:INFO:########## Finished iteration 12 ##########
2021-03-02 18:12:53,535:INFO:########## Iteration 13 ##########
2021-03-02 18:12:53,535:INFO:Loading datasets ...
2021-03-02 18:12:53,840:INFO:Test users: ['dorn17', 'dorn7']
2021-03-02 18:12:53,840:INFO:Features encoded: ['sex', 'clothing']
2021-03-02 18:12:53,840:INFO:Finding Cohorts ...
2021-03-02 18:12:53,841:INFO:Finding cohorts using: hsps
2021-03-02 18:12:53,844:INFO:Training Cohort models ...
2021-03-02 18:15:01,486:INFO:Cohort assignation ...
2021-03-02 18:15:01,486:INFO:Matching via hsps
2021-03-02 18:15:01,487:INFO:Cohort evaluation ...
2021-03-02 18:15:01,521:INFO:Baseline holistic ...
2021-03-02 18:16:32,735:INFO:Baseline pcm ...
2021-03-02 18:16:32,735:INFO:Loading precomputed pcm ...
2021-03-02 18:16:32,895:INFO:########## Finished iteration 13 ##########
2021-03-02 18:16:32,895:INFO:########## Iteration 14 ##########
2021-03-02 18:16:32,895:INFO:Loading datasets ...
2021-03-02 18:16:33,200:INFO:Test users: ['dorn19', 'dorn13']
2021-03-02 18:16:33,201:INFO:Features encoded: ['sex', 'clothing']
2021-03-02 18:16:33,201:INFO:Finding Cohorts ...
2021-03-02 18:16:33,201:INFO:Finding cohorts using: hsps
2021-03-02 18:16:33,204:INFO:Training Cohort models ...
2021-03-02 18:19:26,109:INFO:Cohort assignation ...
2021-03-02 18:19:26,109:INFO:Matching via hsps
2021-03-02 18:19:26,109:INFO:Cohort evaluation ...
2021-03-02 18:19:26,193:INFO:Baseline holistic ...
2021-03-02 18:21:34,938:INFO:Baseline pcm ...
2021-03-02 18:21:34,938:INFO:Loading precomputed pcm ...
2021-03-02 18:21:35,099:INFO:########## Finished iteration 14 ##########
2021-03-02 18:21:35,099:INFO:########## Iteration 15 ##########
2021-03-02 18:21:35,099:INFO:Loading datasets ...
2021-03-02 18:21:35,409:INFO:Test users: ['dorn10', 'dorn20']
2021-03-02 18:21:35,409:INFO:Features encoded: ['sex', 'clothing']
2021-03-02 18:21:35,409:INFO:Finding Cohorts ...
2021-03-02 18:21:35,410:INFO:Finding cohorts using: hsps
2021-03-02 18:21:35,414:INFO:Training Cohort models ...
2021-03-02 18:24:33,309:INFO:Cohort assignation ...
2021-03-02 18:24:33,309:INFO:Matching via hsps
2021-03-02 18:24:33,309:INFO:Cohort evaluation ...
2021-03-02 18:24:33,474:INFO:Baseline holistic ...
2021-03-02 18:26:25,243:INFO:Baseline pcm ...
2021-03-02 18:26:25,243:INFO:Loading precomputed pcm ...
2021-03-02 18:26:25,467:INFO:########## Finished iteration 15 ##########
2021-03-02 18:26:25,467:INFO:########## Iteration 16 ##########
2021-03-02 18:26:25,467:INFO:Loading datasets ...
2021-03-02 18:26:25,771:INFO:Test users: ['dorn20', 'dorn17']
2021-03-02 18:26:25,771:INFO:Features encoded: ['sex', 'clothing']
2021-03-02 18:26:25,772:INFO:Finding Cohorts ...
2021-03-02 18:26:25,773:INFO:Finding cohorts using: hsps
2021-03-02 18:26:25,776:INFO:Training Cohort models ...
2021-03-02 18:29:19,520:INFO:Cohort assignation ...
2021-03-02 18:29:19,521:INFO:Matching via hsps
2021-03-02 18:29:19,521:INFO:Cohort evaluation ...
2021-03-02 18:29:19,604:INFO:Baseline holistic ...
2021-03-02 18:30:51,219:INFO:Baseline pcm ...
2021-03-02 18:30:51,219:INFO:Loading precomputed pcm ...
2021-03-02 18:30:51,380:INFO:########## Finished iteration 16 ##########
2021-03-02 18:30:51,380:INFO:########## Iteration 17 ##########
2021-03-02 18:30:51,380:INFO:Loading datasets ...
2021-03-02 18:30:51,686:INFO:Test users: ['dorn20', 'dorn10']
2021-03-02 18:30:51,686:INFO:Features encoded: ['sex', 'clothing']
2021-03-02 18:30:51,686:INFO:Finding Cohorts ...
2021-03-02 18:30:51,688:INFO:Finding cohorts using: hsps
2021-03-02 18:30:51,691:INFO:Training Cohort models ...
2021-03-02 18:34:02,778:INFO:Cohort assignation ...
2021-03-02 18:34:02,778:INFO:Matching via hsps
2021-03-02 18:34:02,779:INFO:Cohort evaluation ...
2021-03-02 18:34:02,880:INFO:Baseline holistic ...
2021-03-02 18:35:53,832:INFO:Baseline pcm ...
2021-03-02 18:35:53,832:INFO:Loading precomputed pcm ...
2021-03-02 18:35:53,990:INFO:########## Finished iteration 17 ##########
2021-03-02 18:35:53,990:INFO:########## Iteration 18 ##########
2021-03-02 18:35:53,990:INFO:Loading datasets ...
2021-03-02 18:35:54,300:INFO:Test users: ['dorn7', 'dorn9']
2021-03-02 18:35:54,300:INFO:Features encoded: ['sex', 'clothing']
2021-03-02 18:35:54,300:INFO:Finding Cohorts ...
2021-03-02 18:35:54,302:INFO:Finding cohorts using: hsps
2021-03-02 18:35:54,305:INFO:Training Cohort models ...
2021-03-02 18:38:18,223:INFO:Cohort assignation ...
2021-03-02 18:38:18,223:INFO:Matching via hsps
2021-03-02 18:38:18,224:INFO:Cohort evaluation ...
2021-03-02 18:38:18,290:INFO:Baseline holistic ...
2021-03-02 18:40:27,716:INFO:Baseline pcm ...
2021-03-02 18:40:27,716:INFO:Loading precomputed pcm ...
2021-03-02 18:40:27,875:INFO:########## Finished iteration 18 ##########
2021-03-02 18:40:27,875:INFO:########## Iteration 19 ##########
2021-03-02 18:40:27,875:INFO:Loading datasets ...
2021-03-02 18:40:28,182:INFO:Test users: ['dorn18', 'dorn13']
2021-03-02 18:40:28,182:INFO:Features encoded: ['sex', 'clothing']
2021-03-02 18:40:28,183:INFO:Finding Cohorts ...
2021-03-02 18:40:28,183:INFO:Finding cohorts using: hsps
2021-03-02 18:40:28,186:INFO:Training Cohort models ...
2021-03-02 18:43:23,902:INFO:Cohort assignation ...
2021-03-02 18:43:23,902:INFO:Matching via hsps
2021-03-02 18:43:23,903:INFO:Cohort evaluation ...
2021-03-02 18:43:24,004:INFO:Baseline holistic ...
2021-03-02 18:45:14,246:INFO:Baseline pcm ...
2021-03-02 18:45:14,246:INFO:Loading precomputed pcm ...
2021-03-02 18:45:14,407:INFO:########## Finished iteration 19 ##########
2021-03-02 18:45:14,407:INFO:########## Iteration 20 ##########
2021-03-02 18:45:14,407:INFO:Loading datasets ...
2021-03-02 18:45:14,715:INFO:Test users: ['dorn7', 'dorn5']
2021-03-02 18:45:14,716:INFO:Features encoded: ['sex', 'clothing']
2021-03-02 18:45:14,716:INFO:Finding Cohorts ...
2021-03-02 18:45:14,717:INFO:Finding cohorts using: hsps
2021-03-02 18:45:14,719:INFO:Training Cohort models ...
2021-03-02 18:47:52,101:INFO:Cohort assignation ...
2021-03-02 18:47:52,102:INFO:Matching via hsps
2021-03-02 18:47:52,102:INFO:Cohort evaluation ...
2021-03-02 18:47:52,135:INFO:Baseline holistic ...
2021-03-02 18:50:01,147:INFO:Baseline pcm ...
2021-03-02 18:50:01,147:INFO:Loading precomputed pcm ...
2021-03-02 18:50:01,309:INFO:########## Finished iteration 20 ##########
2021-03-02 18:50:01,309:INFO:########## Iteration 21 ##########
2021-03-02 18:50:01,309:INFO:Loading datasets ...
2021-03-02 18:50:01,617:INFO:Test users: ['dorn20', 'dorn19']
2021-03-02 18:50:01,618:INFO:Features encoded: ['sex', 'clothing']
2021-03-02 18:50:01,618:INFO:Finding Cohorts ...
2021-03-02 18:50:01,619:INFO:Finding cohorts using: hsps
2021-03-02 18:50:01,622:INFO:Training Cohort models ...
2021-03-02 18:52:54,710:INFO:Cohort assignation ...
2021-03-02 18:52:54,710:INFO:Matching via hsps
2021-03-02 18:52:54,711:INFO:Cohort evaluation ...
2021-03-02 18:52:54,859:INFO:Baseline holistic ...
2021-03-02 18:54:24,539:INFO:Baseline pcm ...
2021-03-02 18:54:24,539:INFO:Loading precomputed pcm ...
2021-03-02 18:54:24,698:INFO:########## Finished iteration 21 ##########
2021-03-02 18:54:24,698:INFO:########## Iteration 22 ##########
2021-03-02 18:54:24,699:INFO:Loading datasets ...
2021-03-02 18:54:25,004:INFO:Test users: ['dorn17', 'dorn3']
2021-03-02 18:54:25,004:INFO:Features encoded: ['sex', 'clothing']
2021-03-02 18:54:25,005:INFO:Finding Cohorts ...
2021-03-02 18:54:25,006:INFO:Finding cohorts using: hsps
2021-03-02 18:54:25,009:INFO:Training Cohort models ...
2021-03-02 18:57:17,881:INFO:Cohort assignation ...
2021-03-02 18:57:17,881:INFO:Matching via hsps
2021-03-02 18:57:17,882:INFO:Cohort evaluation ...
2021-03-02 18:57:17,966:INFO:Baseline holistic ...
2021-03-02 18:59:07,849:INFO:Baseline pcm ...
2021-03-02 18:59:07,849:INFO:Loading precomputed pcm ...
2021-03-02 18:59:08,071:INFO:########## Finished iteration 22 ##########
2021-03-02 18:59:08,071:INFO:########## Iteration 23 ##########
2021-03-02 18:59:08,071:INFO:Loading datasets ...
2021-03-02 18:59:08,378:INFO:Test users: ['dorn9', 'dorn19']
2021-03-02 18:59:08,378:INFO:Features encoded: ['sex', 'clothing']
2021-03-02 18:59:08,378:INFO:Finding Cohorts ...
2021-03-02 18:59:08,380:INFO:Finding cohorts using: hsps
2021-03-02 18:59:08,383:INFO:Training Cohort models ...
2021-03-02 19:02:02,793:INFO:Cohort assignation ...
2021-03-02 19:02:02,793:INFO:Matching via hsps
2021-03-02 19:02:02,793:INFO:Cohort evaluation ...
2021-03-02 19:02:02,919:INFO:Baseline holistic ...
2021-03-02 19:04:13,252:INFO:Baseline pcm ...
2021-03-02 19:04:13,253:INFO:Loading precomputed pcm ...
2021-03-02 19:04:13,413:INFO:########## Finished iteration 23 ##########
2021-03-02 19:04:13,413:INFO:########## Iteration 24 ##########
2021-03-02 19:04:13,413:INFO:Loading datasets ...
2021-03-02 19:04:13,716:INFO:Test users: ['dorn17', 'dorn19']
2021-03-02 19:04:13,716:INFO:Features encoded: ['sex', 'clothing']
2021-03-02 19:04:13,716:INFO:Finding Cohorts ...
2021-03-02 19:04:13,717:INFO:Finding cohorts using: hsps
2021-03-02 19:04:13,720:INFO:Training Cohort models ...
2021-03-02 19:07:07,060:INFO:Cohort assignation ...
2021-03-02 19:07:07,060:INFO:Matching via hsps
2021-03-02 19:07:07,061:INFO:Cohort evaluation ...
2021-03-02 19:07:07,162:INFO:Baseline holistic ...
2021-03-02 19:08:57,095:INFO:Baseline pcm ...
2021-03-02 19:08:57,095:INFO:Loading precomputed pcm ...
2021-03-02 19:08:57,256:INFO:########## Finished iteration 24 ##########
2021-03-02 19:08:57,256:INFO:########## Iteration 25 ##########
2021-03-02 19:08:57,256:INFO:Loading datasets ...
2021-03-02 19:08:57,566:INFO:Test users: ['dorn17', 'dorn13']
2021-03-02 19:08:57,567:INFO:Features encoded: ['sex', 'clothing']
2021-03-02 19:08:57,567:INFO:Finding Cohorts ...
2021-03-02 19:08:57,568:INFO:Finding cohorts using: hsps
2021-03-02 19:08:57,571:INFO:Training Cohort models ...
2021-03-02 19:11:21,001:INFO:Cohort assignation ...
2021-03-02 19:11:21,001:INFO:Matching via hsps
2021-03-02 19:11:21,001:INFO:Cohort evaluation ...
2021-03-02 19:11:21,051:INFO:Baseline holistic ...
2021-03-02 19:13:12,102:INFO:Baseline pcm ...
2021-03-02 19:13:12,103:INFO:Loading precomputed pcm ...
2021-03-02 19:13:12,261:INFO:########## Finished iteration 25 ##########
2021-03-02 19:13:12,262:INFO:########## Iteration 26 ##########
2021-03-02 19:13:12,262:INFO:Loading datasets ...
2021-03-02 19:13:12,568:INFO:Test users: ['dorn19', 'dorn13']
2021-03-02 19:13:12,569:INFO:Features encoded: ['sex', 'clothing']
2021-03-02 19:13:12,569:INFO:Finding Cohorts ...
2021-03-02 19:13:12,570:INFO:Finding cohorts using: hsps
2021-03-02 19:13:12,572:INFO:Training Cohort models ...
2021-03-02 19:15:35,321:INFO:Cohort assignation ...
2021-03-02 19:15:35,321:INFO:Matching via hsps
2021-03-02 19:15:35,322:INFO:Cohort evaluation ...
2021-03-02 19:15:35,372:INFO:Baseline holistic ...
2021-03-02 19:17:45,653:INFO:Baseline pcm ...
2021-03-02 19:17:45,653:INFO:Loading precomputed pcm ...
2021-03-02 19:17:45,813:INFO:########## Finished iteration 26 ##########
2021-03-02 19:17:45,813:INFO:########## Iteration 27 ##########
2021-03-02 19:17:45,813:INFO:Loading datasets ...
2021-03-02 19:17:46,119:INFO:Test users: ['dorn5', 'dorn3']
2021-03-02 19:17:46,120:INFO:Features encoded: ['sex', 'clothing']
2021-03-02 19:17:46,120:INFO:Finding Cohorts ...
2021-03-02 19:17:46,121:INFO:Finding cohorts using: hsps
2021-03-02 19:17:46,123:INFO:Training Cohort models ...
2021-03-02 19:20:39,109:INFO:Cohort assignation ...
2021-03-02 19:20:39,109:INFO:Matching via hsps
2021-03-02 19:20:39,110:INFO:Cohort evaluation ...
2021-03-02 19:20:39,194:INFO:Baseline holistic ...
2021-03-02 19:22:29,682:INFO:Baseline pcm ...
2021-03-02 19:22:29,683:INFO:Loading precomputed pcm ...
2021-03-02 19:22:29,906:INFO:########## Finished iteration 27 ##########
2021-03-02 19:22:29,906:INFO:########## Iteration 28 ##########
2021-03-02 19:22:29,906:INFO:Loading datasets ...
2021-03-02 19:22:30,214:INFO:Test users: ['dorn20', 'dorn3']
2021-03-02 19:22:30,214:INFO:Features encoded: ['sex', 'clothing']
2021-03-02 19:22:30,214:INFO:Finding Cohorts ...
2021-03-02 19:22:30,216:INFO:Finding cohorts using: hsps
2021-03-02 19:22:30,219:INFO:Training Cohort models ...
2021-03-02 19:24:56,454:INFO:Cohort assignation ...
2021-03-02 19:24:56,454:INFO:Matching via hsps
2021-03-02 19:24:56,454:INFO:Cohort evaluation ...
2021-03-02 19:24:56,523:INFO:Baseline holistic ...
2021-03-02 19:27:06,436:INFO:Baseline pcm ...
2021-03-02 19:27:06,436:INFO:Loading precomputed pcm ...
2021-03-02 19:27:06,597:INFO:########## Finished iteration 28 ##########
2021-03-02 19:27:06,597:INFO:########## Iteration 29 ##########
2021-03-02 19:27:06,597:INFO:Loading datasets ...
2021-03-02 19:27:06,907:INFO:Test users: ['dorn17', 'dorn20']
2021-03-02 19:27:06,907:INFO:Features encoded: ['sex', 'clothing']
2021-03-02 19:27:06,907:INFO:Finding Cohorts ...
2021-03-02 19:27:06,908:INFO:Finding cohorts using: hsps
2021-03-02 19:27:06,910:INFO:Training Cohort models ...
2021-03-02 19:29:15,504:INFO:Cohort assignation ...
2021-03-02 19:29:15,504:INFO:Matching via hsps
2021-03-02 19:29:15,505:INFO:Cohort evaluation ...
2021-03-02 19:29:15,538:INFO:Baseline holistic ...
2021-03-02 19:30:47,023:INFO:Baseline pcm ...
2021-03-02 19:30:47,023:INFO:Loading precomputed pcm ...
2021-03-02 19:30:47,181:INFO:########## Finished iteration 29 ##########
2021-03-02 19:30:47,181:INFO:########## Iteration 30 ##########
2021-03-02 19:30:47,181:INFO:Loading datasets ...
2021-03-02 19:30:47,487:INFO:Test users: ['dorn17', 'dorn3']
2021-03-02 19:30:47,487:INFO:Features encoded: ['sex', 'clothing']
2021-03-02 19:30:47,487:INFO:Finding Cohorts ...
2021-03-02 19:30:47,488:INFO:Finding cohorts using: hsps
2021-03-02 19:30:47,490:INFO:Training Cohort models ...
2021-03-02 19:33:25,684:INFO:Cohort assignation ...
2021-03-02 19:33:25,684:INFO:Matching via hsps
2021-03-02 19:33:25,685:INFO:Cohort evaluation ...
2021-03-02 19:33:25,752:INFO:Baseline holistic ...
2021-03-02 19:35:16,620:INFO:Baseline pcm ...
2021-03-02 19:35:16,620:INFO:Loading precomputed pcm ...
2021-03-02 19:35:16,781:INFO:########## Finished iteration 30 ##########
2021-03-02 19:35:16,781:INFO:########## Iteration 31 ##########
2021-03-02 19:35:16,781:INFO:Loading datasets ...
2021-03-02 19:35:17,088:INFO:Test users: ['dorn18', 'dorn3']
2021-03-02 19:35:17,088:INFO:Features encoded: ['sex', 'clothing']
2021-03-02 19:35:17,089:INFO:Finding Cohorts ...
2021-03-02 19:35:17,090:INFO:Finding cohorts using: hsps
2021-03-02 19:35:17,092:INFO:Training Cohort models ...
2021-03-02 19:37:58,743:INFO:Cohort assignation ...
2021-03-02 19:37:58,743:INFO:Matching via hsps
2021-03-02 19:37:58,743:INFO:Cohort evaluation ...
2021-03-02 19:37:58,846:INFO:Baseline holistic ...
2021-03-02 19:39:49,574:INFO:Baseline pcm ...
2021-03-02 19:39:49,574:INFO:Loading precomputed pcm ...
2021-03-02 19:39:49,733:INFO:########## Finished iteration 31 ##########
2021-03-02 19:39:49,733:INFO:########## Iteration 32 ##########
2021-03-02 19:39:49,733:INFO:Loading datasets ...
2021-03-02 19:39:50,042:INFO:Test users: ['dorn5', 'dorn3']
2021-03-02 19:39:50,043:INFO:Features encoded: ['sex', 'clothing']
2021-03-02 19:39:50,043:INFO:Finding Cohorts ...
2021-03-02 19:39:50,044:INFO:Finding cohorts using: hsps
2021-03-02 19:39:50,047:INFO:Training Cohort models ...
2021-03-02 19:42:12,459:INFO:Cohort assignation ...
2021-03-02 19:42:12,459:INFO:Matching via hsps
2021-03-02 19:42:12,459:INFO:Cohort evaluation ...
2021-03-02 19:42:12,509:INFO:Baseline holistic ...
2021-03-02 19:44:02,268:INFO:Baseline pcm ...
2021-03-02 19:44:02,268:INFO:Loading precomputed pcm ...
2021-03-02 19:44:02,428:INFO:########## Finished iteration 32 ##########
2021-03-02 19:44:02,428:INFO:########## Iteration 33 ##########
2021-03-02 19:44:02,428:INFO:Loading datasets ...
2021-03-02 19:44:02,738:INFO:Test users: ['dorn3', 'dorn18']
2021-03-02 19:44:02,738:INFO:Features encoded: ['sex', 'clothing']
2021-03-02 19:44:02,738:INFO:Finding Cohorts ...
2021-03-02 19:44:02,739:INFO:Finding cohorts using: hsps
2021-03-02 19:44:02,741:INFO:Training Cohort models ...
2021-03-02 19:46:26,063:INFO:Cohort assignation ...
2021-03-02 19:46:26,063:INFO:Matching via hsps
2021-03-02 19:46:26,064:INFO:Cohort evaluation ...
2021-03-02 19:46:26,098:INFO:Baseline holistic ...
2021-03-02 19:47:57,252:INFO:Baseline pcm ...
2021-03-02 19:47:57,252:INFO:Loading precomputed pcm ...
2021-03-02 19:47:57,413:INFO:########## Finished iteration 33 ##########
2021-03-02 19:47:57,413:INFO:########## Iteration 34 ##########
2021-03-02 19:47:57,413:INFO:Loading datasets ...
2021-03-02 19:47:57,718:INFO:Test users: ['dorn20', 'dorn3']
2021-03-02 19:47:57,719:INFO:Features encoded: ['sex', 'clothing']
2021-03-02 19:47:57,719:INFO:Finding Cohorts ...
2021-03-02 19:47:57,719:INFO:Finding cohorts using: hsps
2021-03-02 19:47:57,722:INFO:Training Cohort models ...
2021-03-02 19:50:39,605:INFO:Cohort assignation ...
2021-03-02 19:50:39,605:INFO:Matching via hsps
2021-03-02 19:50:39,606:INFO:Cohort evaluation ...
2021-03-02 19:50:39,710:INFO:Baseline holistic ...
2021-03-02 19:52:11,251:INFO:Baseline pcm ...
2021-03-02 19:52:11,251:INFO:Loading precomputed pcm ...
2021-03-02 19:52:11,412:INFO:########## Finished iteration 34 ##########
2021-03-02 19:52:11,412:INFO:########## Iteration 35 ##########
2021-03-02 19:52:11,413:INFO:Loading datasets ...
2021-03-02 19:52:11,719:INFO:Test users: ['dorn20', 'dorn10']
2021-03-02 19:52:11,720:INFO:Features encoded: ['sex', 'clothing']
2021-03-02 19:52:11,720:INFO:Finding Cohorts ...
2021-03-02 19:52:11,721:INFO:Finding cohorts using: hsps
2021-03-02 19:52:11,723:INFO:Training Cohort models ...
2021-03-02 19:54:53,063:INFO:Cohort assignation ...
2021-03-02 19:54:53,063:INFO:Matching via hsps
2021-03-02 19:54:53,063:INFO:Cohort evaluation ...
2021-03-02 19:54:53,130:INFO:Baseline holistic ...
2021-03-02 19:57:04,307:INFO:Baseline pcm ...
2021-03-02 19:57:04,307:INFO:Loading precomputed pcm ...
2021-03-02 19:57:04,466:INFO:########## Finished iteration 35 ##########
2021-03-02 19:57:04,466:INFO:########## Iteration 36 ##########
2021-03-02 19:57:04,466:INFO:Loading datasets ...
2021-03-02 19:57:04,776:INFO:Test users: ['dorn19', 'dorn10']
2021-03-02 19:57:04,776:INFO:Features encoded: ['sex', 'clothing']
2021-03-02 19:57:04,776:INFO:Finding Cohorts ...
2021-03-02 19:57:04,777:INFO:Finding cohorts using: hsps
2021-03-02 19:57:04,780:INFO:Training Cohort models ...
2021-03-02 19:59:59,720:INFO:Cohort assignation ...
2021-03-02 19:59:59,720:INFO:Matching via hsps
2021-03-02 19:59:59,721:INFO:Cohort evaluation ...
2021-03-02 19:59:59,807:INFO:Baseline holistic ...
2021-03-02 20:01:52,116:INFO:Baseline pcm ...
2021-03-02 20:01:52,116:INFO:Loading precomputed pcm ...
2021-03-02 20:01:52,338:INFO:########## Finished iteration 36 ##########
2021-03-02 20:01:52,338:INFO:########## Iteration 37 ##########
2021-03-02 20:01:52,338:INFO:Loading datasets ...
2021-03-02 20:01:52,647:INFO:Test users: ['dorn9', 'dorn7']
2021-03-02 20:01:52,648:INFO:Features encoded: ['sex', 'clothing']
2021-03-02 20:01:52,648:INFO:Finding Cohorts ...
2021-03-02 20:01:52,649:INFO:Finding cohorts using: hsps
2021-03-02 20:01:52,652:INFO:Training Cohort models ...
2021-03-02 20:04:17,051:INFO:Cohort assignation ...
2021-03-02 20:04:17,051:INFO:Matching via hsps
2021-03-02 20:04:17,052:INFO:Cohort evaluation ...
2021-03-02 20:04:17,085:INFO:Baseline holistic ...
2021-03-02 20:06:27,510:INFO:Baseline pcm ...
2021-03-02 20:06:27,511:INFO:Loading precomputed pcm ...
2021-03-02 20:06:27,671:INFO:########## Finished iteration 37 ##########
2021-03-02 20:06:27,672:INFO:########## Iteration 38 ##########
2021-03-02 20:06:27,672:INFO:Loading datasets ...
2021-03-02 20:06:27,976:INFO:Test users: ['dorn7', 'dorn17']
2021-03-02 20:06:27,976:INFO:Features encoded: ['sex', 'clothing']
2021-03-02 20:06:27,977:INFO:Finding Cohorts ...
2021-03-02 20:06:27,977:INFO:Finding cohorts using: hsps
2021-03-02 20:06:27,980:INFO:Training Cohort models ...
2021-03-02 20:09:34,899:INFO:Cohort assignation ...
2021-03-02 20:09:34,899:INFO:Matching via hsps
2021-03-02 20:09:34,900:INFO:Cohort evaluation ...
2021-03-02 20:09:35,001:INFO:Baseline holistic ...
2021-03-02 20:11:04,142:INFO:Baseline pcm ...
2021-03-02 20:11:04,142:INFO:Loading precomputed pcm ...
2021-03-02 20:11:04,367:INFO:########## Finished iteration 38 ##########
2021-03-02 20:11:04,367:INFO:########## Iteration 39 ##########
2021-03-02 20:11:04,367:INFO:Loading datasets ...
2021-03-02 20:11:04,676:INFO:Test users: ['dorn20', 'dorn10']
2021-03-02 20:11:04,677:INFO:Features encoded: ['sex', 'clothing']
2021-03-02 20:11:04,677:INFO:Finding Cohorts ...
2021-03-02 20:11:04,678:INFO:Finding cohorts using: hsps
2021-03-02 20:11:04,682:INFO:Training Cohort models ...
2021-03-02 20:13:16,175:INFO:Cohort assignation ...
2021-03-02 20:13:16,175:INFO:Matching via hsps
2021-03-02 20:13:16,175:INFO:Cohort evaluation ...
2021-03-02 20:13:16,209:INFO:Baseline holistic ...
2021-03-02 20:15:28,790:INFO:Baseline pcm ...
2021-03-02 20:15:28,790:INFO:Loading precomputed pcm ...
2021-03-02 20:15:28,951:INFO:########## Finished iteration 39 ##########
2021-03-02 20:15:28,951:INFO:########## Iteration 40 ##########
2021-03-02 20:15:28,951:INFO:Loading datasets ...
2021-03-02 20:15:29,258:INFO:Test users: ['dorn3', 'dorn17']
2021-03-02 20:15:29,258:INFO:Features encoded: ['sex', 'clothing']
2021-03-02 20:15:29,258:INFO:Finding Cohorts ...
2021-03-02 20:15:29,259:INFO:Finding cohorts using: hsps
2021-03-02 20:15:29,261:INFO:Training Cohort models ...
2021-03-02 20:18:21,918:INFO:Cohort assignation ...
2021-03-02 20:18:21,918:INFO:Matching via hsps
2021-03-02 20:18:21,919:INFO:Cohort evaluation ...
2021-03-02 20:18:22,003:INFO:Baseline holistic ...
2021-03-02 20:19:52,938:INFO:Baseline pcm ...
2021-03-02 20:19:52,938:INFO:Loading precomputed pcm ...
2021-03-02 20:19:53,098:INFO:########## Finished iteration 40 ##########
2021-03-02 20:19:53,098:INFO:########## Iteration 41 ##########
2021-03-02 20:19:53,098:INFO:Loading datasets ...
2021-03-02 20:19:53,406:INFO:Test users: ['dorn17', 'dorn20']
2021-03-02 20:19:53,406:INFO:Features encoded: ['sex', 'clothing']
2021-03-02 20:19:53,406:INFO:Finding Cohorts ...
2021-03-02 20:19:53,407:INFO:Finding cohorts using: hsps
2021-03-02 20:19:53,411:INFO:Training Cohort models ...
2021-03-02 20:22:31,398:INFO:Cohort assignation ...
2021-03-02 20:22:31,398:INFO:Matching via hsps
2021-03-02 20:22:31,399:INFO:Cohort evaluation ...
2021-03-02 20:22:31,465:INFO:Baseline holistic ...
2021-03-02 20:24:40,147:INFO:Baseline pcm ...
2021-03-02 20:24:40,148:INFO:Loading precomputed pcm ...
2021-03-02 20:24:40,370:INFO:########## Finished iteration 41 ##########
2021-03-02 20:24:40,370:INFO:########## Iteration 42 ##########
2021-03-02 20:24:40,370:INFO:Loading datasets ...
2021-03-02 20:24:40,680:INFO:Test users: ['dorn13', 'dorn5']
2021-03-02 20:24:40,681:INFO:Features encoded: ['sex', 'clothing']
2021-03-02 20:24:40,681:INFO:Finding Cohorts ...
2021-03-02 20:24:40,682:INFO:Finding cohorts using: hsps
2021-03-02 20:24:40,685:INFO:Training Cohort models ...
2021-03-02 20:27:18,591:INFO:Cohort assignation ...
2021-03-02 20:27:18,591:INFO:Matching via hsps
2021-03-02 20:27:18,591:INFO:Cohort evaluation ...
2021-03-02 20:27:18,659:INFO:Baseline holistic ...
2021-03-02 20:29:29,256:INFO:Baseline pcm ...
2021-03-02 20:29:29,256:INFO:Loading precomputed pcm ...
2021-03-02 20:29:29,477:INFO:########## Finished iteration 42 ##########
2021-03-02 20:29:29,477:INFO:########## Iteration 43 ##########
2021-03-02 20:29:29,477:INFO:Loading datasets ...
2021-03-02 20:29:29,785:INFO:Test users: ['dorn18', 'dorn13']
2021-03-02 20:29:29,785:INFO:Features encoded: ['sex', 'clothing']
2021-03-02 20:29:29,785:INFO:Finding Cohorts ...
2021-03-02 20:29:29,786:INFO:Finding cohorts using: hsps
2021-03-02 20:29:29,789:INFO:Training Cohort models ...
2021-03-02 20:32:23,310:INFO:Cohort assignation ...
2021-03-02 20:32:23,310:INFO:Matching via hsps
2021-03-02 20:32:23,311:INFO:Cohort evaluation ...
2021-03-02 20:32:23,378:INFO:Baseline holistic ...
2021-03-02 20:34:32,062:INFO:Baseline pcm ...
2021-03-02 20:34:32,062:INFO:Loading precomputed pcm ...
2021-03-02 20:34:32,222:INFO:########## Finished iteration 43 ##########
2021-03-02 20:34:32,223:INFO:########## Iteration 44 ##########
2021-03-02 20:34:32,223:INFO:Loading datasets ...
2021-03-02 20:34:32,531:INFO:Test users: ['dorn20', 'dorn3']
2021-03-02 20:34:32,531:INFO:Features encoded: ['sex', 'clothing']
2021-03-02 20:34:32,531:INFO:Finding Cohorts ...
2021-03-02 20:34:32,532:INFO:Finding cohorts using: hsps
2021-03-02 20:34:32,536:INFO:Training Cohort models ...
2021-03-02 20:37:10,273:INFO:Cohort assignation ...
2021-03-02 20:37:10,273:INFO:Matching via hsps
2021-03-02 20:37:10,274:INFO:Cohort evaluation ...
2021-03-02 20:37:10,308:INFO:Baseline holistic ...
2021-03-02 20:38:40,817:INFO:Baseline pcm ...
2021-03-02 20:38:40,817:INFO:Loading precomputed pcm ...
2021-03-02 20:38:40,978:INFO:########## Finished iteration 44 ##########
2021-03-02 20:38:40,978:INFO:########## Iteration 45 ##########
2021-03-02 20:38:40,978:INFO:Loading datasets ...
2021-03-02 20:38:41,284:INFO:Test users: ['dorn20', 'dorn13']
2021-03-02 20:38:41,285:INFO:Features encoded: ['sex', 'clothing']
2021-03-02 20:38:41,285:INFO:Finding Cohorts ...
2021-03-02 20:38:41,286:INFO:Finding cohorts using: hsps
2021-03-02 20:38:41,288:INFO:Training Cohort models ...
2021-03-02 20:41:05,213:INFO:Cohort assignation ...
2021-03-02 20:41:05,213:INFO:Matching via hsps
2021-03-02 20:41:05,214:INFO:Cohort evaluation ...
2021-03-02 20:41:05,247:INFO:Baseline holistic ...
2021-03-02 20:42:55,976:INFO:Baseline pcm ...
2021-03-02 20:42:55,976:INFO:Loading precomputed pcm ...
2021-03-02 20:42:56,138:INFO:########## Finished iteration 45 ##########
2021-03-02 20:42:56,138:INFO:########## Iteration 46 ##########
2021-03-02 20:42:56,138:INFO:Loading datasets ...
2021-03-02 20:42:56,444:INFO:Test users: ['dorn5', 'dorn20']
2021-03-02 20:42:56,444:INFO:Features encoded: ['sex', 'clothing']
2021-03-02 20:42:56,444:INFO:Finding Cohorts ...
2021-03-02 20:42:56,445:INFO:Finding cohorts using: hsps
2021-03-02 20:42:56,448:INFO:Training Cohort models ...
2021-03-02 20:45:48,540:INFO:Cohort assignation ...
2021-03-02 20:45:48,540:INFO:Matching via hsps
2021-03-02 20:45:48,541:INFO:Cohort evaluation ...
2021-03-02 20:45:48,623:INFO:Baseline holistic ...
2021-03-02 20:47:38,094:INFO:Baseline pcm ...
2021-03-02 20:47:38,095:INFO:Loading precomputed pcm ...
2021-03-02 20:47:38,319:INFO:########## Finished iteration 46 ##########
2021-03-02 20:47:38,319:INFO:########## Iteration 47 ##########
2021-03-02 20:47:38,320:INFO:Loading datasets ...
2021-03-02 20:47:38,628:INFO:Test users: ['dorn18', 'dorn10']
2021-03-02 20:47:38,628:INFO:Features encoded: ['sex', 'clothing']
2021-03-02 20:47:38,628:INFO:Finding Cohorts ...
2021-03-02 20:47:38,629:INFO:Finding cohorts using: hsps
2021-03-02 20:47:38,633:INFO:Training Cohort models ...
2021-03-02 20:50:17,801:INFO:Cohort assignation ...
2021-03-02 20:50:17,801:INFO:Matching via hsps
2021-03-02 20:50:17,802:INFO:Cohort evaluation ...
2021-03-02 20:50:17,836:INFO:Baseline holistic ...
2021-03-02 20:51:50,295:INFO:Baseline pcm ...
2021-03-02 20:51:50,295:INFO:Loading precomputed pcm ...
2021-03-02 20:51:50,457:INFO:########## Finished iteration 47 ##########
2021-03-02 20:51:50,457:INFO:########## Iteration 48 ##########
2021-03-02 20:51:50,457:INFO:Loading datasets ...
2021-03-02 20:51:50,762:INFO:Test users: ['dorn5', 'dorn13']
2021-03-02 20:51:50,762:INFO:Features encoded: ['sex', 'clothing']
2021-03-02 20:51:50,763:INFO:Finding Cohorts ...
2021-03-02 20:51:50,764:INFO:Finding cohorts using: hsps
2021-03-02 20:51:50,766:INFO:Training Cohort models ...
2021-03-02 20:54:28,156:INFO:Cohort assignation ...
2021-03-02 20:54:28,156:INFO:Matching via hsps
2021-03-02 20:54:28,157:INFO:Cohort evaluation ...
2021-03-02 20:54:28,224:INFO:Baseline holistic ...
2021-03-02 20:56:36,872:INFO:Baseline pcm ...
2021-03-02 20:56:36,872:INFO:Loading precomputed pcm ...
2021-03-02 20:56:37,032:INFO:########## Finished iteration 48 ##########
2021-03-02 20:56:37,032:INFO:########## Iteration 49 ##########
2021-03-02 20:56:37,032:INFO:Loading datasets ...
2021-03-02 20:56:37,342:INFO:Test users: ['dorn10', 'dorn7']
2021-03-02 20:56:37,342:INFO:Features encoded: ['sex', 'clothing']
2021-03-02 20:56:37,342:INFO:Finding Cohorts ...
2021-03-02 20:56:37,343:INFO:Finding cohorts using: hsps
2021-03-02 20:56:37,346:INFO:Training Cohort models ...
2021-03-02 20:59:16,611:INFO:Cohort assignation ...
2021-03-02 20:59:16,611:INFO:Matching via hsps
2021-03-02 20:59:16,611:INFO:Cohort evaluation ...
2021-03-02 20:59:16,678:INFO:Baseline holistic ...
2021-03-02 21:01:28,065:INFO:Baseline pcm ...
2021-03-02 21:01:28,065:INFO:Loading precomputed pcm ...
2021-03-02 21:01:28,223:INFO:########## Finished iteration 49 ##########
2021-03-02 21:01:28,223:INFO:########## Iteration 50 ##########
2021-03-02 21:01:28,224:INFO:Loading datasets ...
2021-03-02 21:01:28,535:INFO:Test users: ['dorn18', 'dorn9']
2021-03-02 21:01:28,535:INFO:Features encoded: ['sex', 'clothing']
2021-03-02 21:01:28,535:INFO:Finding Cohorts ...
2021-03-02 21:01:28,536:INFO:Finding cohorts using: hsps
2021-03-02 21:01:28,539:INFO:Training Cohort models ...
2021-03-02 21:03:53,738:INFO:Cohort assignation ...
2021-03-02 21:03:53,738:INFO:Matching via hsps
2021-03-02 21:03:53,738:INFO:Cohort evaluation ...
2021-03-02 21:03:53,788:INFO:Baseline holistic ...
2021-03-02 21:05:26,057:INFO:Baseline pcm ...
2021-03-02 21:05:26,057:INFO:Loading precomputed pcm ...
2021-03-02 21:05:26,218:INFO:########## Finished iteration 50 ##########
2021-03-02 21:05:26,218:INFO:########## Iteration 51 ##########
2021-03-02 21:05:26,218:INFO:Loading datasets ...
2021-03-02 21:05:26,524:INFO:Test users: ['dorn10', 'dorn18']
2021-03-02 21:05:26,525:INFO:Features encoded: ['sex', 'clothing']
2021-03-02 21:05:26,525:INFO:Finding Cohorts ...
2021-03-02 21:05:26,526:INFO:Finding cohorts using: hsps
2021-03-02 21:05:26,528:INFO:Training Cohort models ...
2021-03-02 21:07:53,756:INFO:Cohort assignation ...
2021-03-02 21:07:53,756:INFO:Matching via hsps
2021-03-02 21:07:53,757:INFO:Cohort evaluation ...
2021-03-02 21:07:53,823:INFO:Baseline holistic ...
2021-03-02 21:09:46,503:INFO:Baseline pcm ...
2021-03-02 21:09:46,503:INFO:Loading precomputed pcm ...
2021-03-02 21:09:46,662:INFO:########## Finished iteration 51 ##########
2021-03-02 21:09:46,663:INFO:########## Iteration 52 ##########
2021-03-02 21:09:46,663:INFO:Loading datasets ...
2021-03-02 21:09:46,969:INFO:Test users: ['dorn7', 'dorn13']
2021-03-02 21:09:46,970:INFO:Features encoded: ['sex', 'clothing']
2021-03-02 21:09:46,970:INFO:Finding Cohorts ...
2021-03-02 21:09:46,971:INFO:Finding cohorts using: hsps
2021-03-02 21:09:46,973:INFO:Training Cohort models ...
2021-03-02 21:12:39,391:INFO:Cohort assignation ...
2021-03-02 21:12:39,391:INFO:Matching via hsps
2021-03-02 21:12:39,392:INFO:Cohort evaluation ...
2021-03-02 21:12:39,476:INFO:Baseline holistic ...
2021-03-02 21:14:10,119:INFO:Baseline pcm ...
2021-03-02 21:14:10,119:INFO:Loading precomputed pcm ...
2021-03-02 21:14:10,280:INFO:########## Finished iteration 52 ##########
2021-03-02 21:14:10,280:INFO:########## Iteration 53 ##########
2021-03-02 21:14:10,280:INFO:Loading datasets ...
2021-03-02 21:14:10,582:INFO:Test users: ['dorn5', 'dorn10']
2021-03-02 21:14:10,582:INFO:Features encoded: ['sex', 'clothing']
2021-03-02 21:14:10,583:INFO:Finding Cohorts ...
2021-03-02 21:14:10,584:INFO:Finding cohorts using: hsps
2021-03-02 21:14:10,587:INFO:Training Cohort models ...
2021-03-02 21:17:04,703:INFO:Cohort assignation ...
2021-03-02 21:17:04,703:INFO:Matching via hsps
2021-03-02 21:17:04,703:INFO:Cohort evaluation ...
2021-03-02 21:17:04,787:INFO:Baseline holistic ...
2021-03-02 21:19:14,838:INFO:Baseline pcm ...
2021-03-02 21:19:14,838:INFO:Loading precomputed pcm ...
2021-03-02 21:19:14,998:INFO:########## Finished iteration 53 ##########
2021-03-02 21:19:14,998:INFO:########## Iteration 54 ##########
2021-03-02 21:19:14,998:INFO:Loading datasets ...
2021-03-02 21:19:15,304:INFO:Test users: ['dorn9', 'dorn3']
2021-03-02 21:19:15,304:INFO:Features encoded: ['sex', 'clothing']
2021-03-02 21:19:15,305:INFO:Finding Cohorts ...
2021-03-02 21:19:15,306:INFO:Finding cohorts using: hsps
2021-03-02 21:19:15,309:INFO:Training Cohort models ...
2021-03-02 21:21:54,303:INFO:Cohort assignation ...
2021-03-02 21:21:54,303:INFO:Matching via hsps
2021-03-02 21:21:54,303:INFO:Cohort evaluation ...
2021-03-02 21:21:54,372:INFO:Baseline holistic ...
2021-03-02 21:23:25,118:INFO:Baseline pcm ...
2021-03-02 21:23:25,118:INFO:Loading precomputed pcm ...
2021-03-02 21:23:25,275:INFO:########## Finished iteration 54 ##########
2021-03-02 21:23:25,275:INFO:########## Iteration 55 ##########
2021-03-02 21:23:25,275:INFO:Loading datasets ...
2021-03-02 21:23:25,584:INFO:Test users: ['dorn13', 'dorn5']
2021-03-02 21:23:25,584:INFO:Features encoded: ['sex', 'clothing']
2021-03-02 21:23:25,584:INFO:Finding Cohorts ...
2021-03-02 21:23:25,585:INFO:Finding cohorts using: hsps
2021-03-02 21:23:25,588:INFO:Training Cohort models ...
2021-03-02 21:26:32,877:INFO:Cohort assignation ...
2021-03-02 21:26:32,878:INFO:Matching via hsps
2021-03-02 21:26:32,878:INFO:Cohort evaluation ...
2021-03-02 21:26:32,984:INFO:Baseline holistic ...
2021-03-02 21:28:02,027:INFO:Baseline pcm ...
2021-03-02 21:28:02,027:INFO:Loading precomputed pcm ...
2021-03-02 21:28:02,245:INFO:########## Finished iteration 55 ##########
2021-03-02 21:28:02,245:INFO:########## Iteration 56 ##########
2021-03-02 21:28:02,245:INFO:Loading datasets ...
2021-03-02 21:28:02,536:INFO:Test users: ['dorn5', 'dorn20']
2021-03-02 21:28:02,536:INFO:Features encoded: ['sex', 'clothing']
2021-03-02 21:28:02,536:INFO:Finding Cohorts ...
2021-03-02 21:28:02,538:INFO:Finding cohorts using: hsps
2021-03-02 21:28:02,541:INFO:Training Cohort models ...
2021-03-02 21:30:52,202:INFO:Cohort assignation ...
2021-03-02 21:30:52,202:INFO:Matching via hsps
2021-03-02 21:30:52,202:INFO:Cohort evaluation ...
2021-03-02 21:30:52,345:INFO:Baseline holistic ...
2021-03-02 21:32:21,370:INFO:Baseline pcm ...
2021-03-02 21:32:21,370:INFO:Loading precomputed pcm ...
2021-03-02 21:32:21,526:INFO:########## Finished iteration 56 ##########
2021-03-02 21:32:21,526:INFO:########## Iteration 57 ##########
2021-03-02 21:32:21,526:INFO:Loading datasets ...
2021-03-02 21:32:21,821:INFO:Test users: ['dorn20', 'dorn17']
2021-03-02 21:32:21,821:INFO:Features encoded: ['sex', 'clothing']
2021-03-02 21:32:21,821:INFO:Finding Cohorts ...
2021-03-02 21:32:21,822:INFO:Finding cohorts using: hsps
2021-03-02 21:32:21,826:INFO:Training Cohort models ...
2021-03-02 21:34:42,497:INFO:Cohort assignation ...
2021-03-02 21:34:42,497:INFO:Matching via hsps
2021-03-02 21:34:42,498:INFO:Cohort evaluation ...
2021-03-02 21:34:42,546:INFO:Baseline holistic ...
2021-03-02 21:36:30,998:INFO:Baseline pcm ...
2021-03-02 21:36:30,998:INFO:Loading precomputed pcm ...
2021-03-02 21:36:31,158:INFO:########## Finished iteration 57 ##########
2021-03-02 21:36:31,159:INFO:########## Iteration 58 ##########
2021-03-02 21:36:31,159:INFO:Loading datasets ...
2021-03-02 21:36:31,454:INFO:Test users: ['dorn7', 'dorn3']
2021-03-02 21:36:31,454:INFO:Features encoded: ['sex', 'clothing']
2021-03-02 21:36:31,454:INFO:Finding Cohorts ...
2021-03-02 21:36:31,455:INFO:Finding cohorts using: hsps
2021-03-02 21:36:31,458:INFO:Training Cohort models ...
2021-03-02 21:39:05,879:INFO:Cohort assignation ...
2021-03-02 21:39:05,879:INFO:Matching via hsps
2021-03-02 21:39:05,880:INFO:Cohort evaluation ...
2021-03-02 21:39:05,946:INFO:Baseline holistic ...
2021-03-02 21:40:53,032:INFO:Baseline pcm ...
2021-03-02 21:40:53,032:INFO:Loading precomputed pcm ...
2021-03-02 21:40:53,192:INFO:########## Finished iteration 58 ##########
2021-03-02 21:40:53,192:INFO:########## Iteration 59 ##########
2021-03-02 21:40:53,192:INFO:Loading datasets ...
2021-03-02 21:40:53,486:INFO:Test users: ['dorn13', 'dorn9']
2021-03-02 21:40:53,486:INFO:Features encoded: ['sex', 'clothing']
2021-03-02 21:40:53,486:INFO:Finding Cohorts ...
2021-03-02 21:40:53,487:INFO:Finding cohorts using: hsps
2021-03-02 21:40:53,490:INFO:Training Cohort models ...
2021-03-02 21:43:45,371:INFO:Cohort assignation ...
2021-03-02 21:43:45,371:INFO:Matching via hsps
2021-03-02 21:43:45,371:INFO:Cohort evaluation ...
2021-03-02 21:43:45,457:INFO:Baseline holistic ...
2021-03-02 21:45:34,419:INFO:Baseline pcm ...
2021-03-02 21:45:34,419:INFO:Loading precomputed pcm ...
2021-03-02 21:45:34,640:INFO:########## Finished iteration 59 ##########
2021-03-02 21:45:34,640:INFO:########## Iteration 60 ##########
2021-03-02 21:45:34,640:INFO:Loading datasets ...
2021-03-02 21:45:34,933:INFO:Test users: ['dorn5', 'dorn20']
2021-03-02 21:45:34,933:INFO:Features encoded: ['sex', 'clothing']
2021-03-02 21:45:34,933:INFO:Finding Cohorts ...
2021-03-02 21:45:34,934:INFO:Finding cohorts using: hsps
2021-03-02 21:45:34,937:INFO:Training Cohort models ...
2021-03-02 21:47:55,837:INFO:Cohort assignation ...
2021-03-02 21:47:55,837:INFO:Matching via hsps
2021-03-02 21:47:55,837:INFO:Cohort evaluation ...
2021-03-02 21:47:55,886:INFO:Baseline holistic ...
2021-03-02 21:49:25,725:INFO:Baseline pcm ...
2021-03-02 21:49:25,725:INFO:Loading precomputed pcm ...
2021-03-02 21:49:25,879:INFO:########## Finished iteration 60 ##########
2021-03-02 21:49:25,879:INFO:########## Iteration 61 ##########
2021-03-02 21:49:25,879:INFO:Loading datasets ...
2021-03-02 21:49:26,173:INFO:Test users: ['dorn18', 'dorn5']
2021-03-02 21:49:26,173:INFO:Features encoded: ['sex', 'clothing']
2021-03-02 21:49:26,173:INFO:Finding Cohorts ...
2021-03-02 21:49:26,174:INFO:Finding cohorts using: hsps
2021-03-02 21:49:26,177:INFO:Training Cohort models ...
2021-03-02 21:52:01,598:INFO:Cohort assignation ...
2021-03-02 21:52:01,598:INFO:Matching via hsps
2021-03-02 21:52:01,599:INFO:Cohort evaluation ...
2021-03-02 21:52:01,665:INFO:Baseline holistic ...
2021-03-02 21:54:09,350:INFO:Baseline pcm ...
2021-03-02 21:54:09,350:INFO:Loading precomputed pcm ...
2021-03-02 21:54:09,564:INFO:########## Finished iteration 61 ##########
2021-03-02 21:54:09,564:INFO:########## Iteration 62 ##########
2021-03-02 21:54:09,564:INFO:Loading datasets ...
2021-03-02 21:54:09,861:INFO:Test users: ['dorn18', 'dorn13']
2021-03-02 21:54:09,862:INFO:Features encoded: ['sex', 'clothing']
2021-03-02 21:54:09,862:INFO:Finding Cohorts ...
2021-03-02 21:54:09,863:INFO:Finding cohorts using: hsps
2021-03-02 21:54:09,866:INFO:Training Cohort models ...
2021-03-02 21:57:00,460:INFO:Cohort assignation ...
2021-03-02 21:57:00,460:INFO:Matching via hsps
2021-03-02 21:57:00,461:INFO:Cohort evaluation ...
2021-03-02 21:57:00,529:INFO:Baseline holistic ...
2021-03-02 21:59:07,240:INFO:Baseline pcm ...
2021-03-02 21:59:07,240:INFO:Loading precomputed pcm ...
2021-03-02 21:59:07,398:INFO:########## Finished iteration 62 ##########
2021-03-02 21:59:07,398:INFO:########## Iteration 63 ##########
2021-03-02 21:59:07,398:INFO:Loading datasets ...
2021-03-02 21:59:07,695:INFO:Test users: ['dorn19', 'dorn5']
2021-03-02 21:59:07,695:INFO:Features encoded: ['sex', 'clothing']
2021-03-02 21:59:07,695:INFO:Finding Cohorts ...
2021-03-02 21:59:07,696:INFO:Finding cohorts using: hsps
2021-03-02 21:59:07,699:INFO:Training Cohort models ...
2021-03-02 22:01:42,858:INFO:Cohort assignation ...
2021-03-02 22:01:42,858:INFO:Matching via hsps
2021-03-02 22:01:42,858:INFO:Cohort evaluation ...
2021-03-02 22:01:42,891:INFO:Baseline holistic ...
2021-03-02 22:03:30,643:INFO:Baseline pcm ...
2021-03-02 22:03:30,643:INFO:Loading precomputed pcm ...
2021-03-02 22:03:30,805:INFO:########## Finished iteration 63 ##########
2021-03-02 22:03:30,805:INFO:########## Iteration 64 ##########
2021-03-02 22:03:30,805:INFO:Loading datasets ...
2021-03-02 22:03:31,103:INFO:Test users: ['dorn10', 'dorn7']
2021-03-02 22:03:31,103:INFO:Features encoded: ['sex', 'clothing']
2021-03-02 22:03:31,103:INFO:Finding Cohorts ...
2021-03-02 22:03:31,104:INFO:Finding cohorts using: hsps
2021-03-02 22:03:31,107:INFO:Training Cohort models ...
2021-03-02 22:06:08,062:INFO:Cohort assignation ...
2021-03-02 22:06:08,062:INFO:Matching via hsps
2021-03-02 22:06:08,063:INFO:Cohort evaluation ...
2021-03-02 22:06:08,128:INFO:Baseline holistic ...
2021-03-02 22:08:16,974:INFO:Baseline pcm ...
2021-03-02 22:08:16,974:INFO:Loading precomputed pcm ...
2021-03-02 22:08:17,136:INFO:########## Finished iteration 64 ##########
2021-03-02 22:08:17,136:INFO:########## Iteration 65 ##########
2021-03-02 22:08:17,136:INFO:Loading datasets ...
2021-03-02 22:08:17,433:INFO:Test users: ['dorn20', 'dorn9']
2021-03-02 22:08:17,433:INFO:Features encoded: ['sex', 'clothing']
2021-03-02 22:08:17,434:INFO:Finding Cohorts ...
2021-03-02 22:08:17,435:INFO:Finding cohorts using: hsps
2021-03-02 22:08:17,437:INFO:Training Cohort models ...
2021-03-02 22:10:39,744:INFO:Cohort assignation ...
2021-03-02 22:10:39,744:INFO:Matching via hsps
2021-03-02 22:10:39,744:INFO:Cohort evaluation ...
2021-03-02 22:10:39,795:INFO:Baseline holistic ...
2021-03-02 22:12:48,400:INFO:Baseline pcm ...
2021-03-02 22:12:48,400:INFO:Loading precomputed pcm ...
2021-03-02 22:12:48,559:INFO:########## Finished iteration 65 ##########
2021-03-02 22:12:48,559:INFO:########## Iteration 66 ##########
2021-03-02 22:12:48,559:INFO:Loading datasets ...
2021-03-02 22:12:48,855:INFO:Test users: ['dorn10', 'dorn18']
2021-03-02 22:12:48,855:INFO:Features encoded: ['sex', 'clothing']
2021-03-02 22:12:48,855:INFO:Finding Cohorts ...
2021-03-02 22:12:48,856:INFO:Finding cohorts using: hsps
2021-03-02 22:12:48,858:INFO:Training Cohort models ...
2021-03-02 22:15:25,376:INFO:Cohort assignation ...
2021-03-02 22:15:25,376:INFO:Matching via hsps
2021-03-02 22:15:25,377:INFO:Cohort evaluation ...
2021-03-02 22:15:25,411:INFO:Baseline holistic ...
2021-03-02 22:17:14,971:INFO:Baseline pcm ...
2021-03-02 22:17:14,971:INFO:Loading precomputed pcm ...
2021-03-02 22:17:15,140:INFO:########## Finished iteration 66 ##########
2021-03-02 22:17:15,141:INFO:########## Iteration 67 ##########
2021-03-02 22:17:15,141:INFO:Loading datasets ...
2021-03-02 22:17:15,438:INFO:Test users: ['dorn7', 'dorn20']
2021-03-02 22:17:15,439:INFO:Features encoded: ['sex', 'clothing']
2021-03-02 22:17:15,439:INFO:Finding Cohorts ...
2021-03-02 22:17:15,440:INFO:Finding cohorts using: hsps
2021-03-02 22:17:15,442:INFO:Training Cohort models ...
2021-03-02 22:19:36,311:INFO:Cohort assignation ...
2021-03-02 22:19:36,311:INFO:Matching via hsps
2021-03-02 22:19:36,311:INFO:Cohort evaluation ...
2021-03-02 22:19:36,362:INFO:Baseline holistic ...
2021-03-02 22:21:43,465:INFO:Baseline pcm ...
2021-03-02 22:21:43,465:INFO:Loading precomputed pcm ...
2021-03-02 22:21:43,622:INFO:########## Finished iteration 67 ##########
2021-03-02 22:21:43,622:INFO:########## Iteration 68 ##########
2021-03-02 22:21:43,622:INFO:Loading datasets ...
2021-03-02 22:21:43,915:INFO:Test users: ['dorn10', 'dorn5']
2021-03-02 22:21:43,915:INFO:Features encoded: ['sex', 'clothing']
2021-03-02 22:21:43,915:INFO:Finding Cohorts ...
2021-03-02 22:21:43,916:INFO:Finding cohorts using: hsps
2021-03-02 22:21:43,918:INFO:Training Cohort models ...
2021-03-02 22:24:21,470:INFO:Cohort assignation ...
2021-03-02 22:24:21,470:INFO:Matching via hsps
2021-03-02 22:24:21,470:INFO:Cohort evaluation ...
2021-03-02 22:24:21,537:INFO:Baseline holistic ...
2021-03-02 22:25:53,362:INFO:Baseline pcm ...
2021-03-02 22:25:53,362:INFO:Loading precomputed pcm ...
2021-03-02 22:25:53,519:INFO:########## Finished iteration 68 ##########
2021-03-02 22:25:53,519:INFO:########## Iteration 69 ##########
2021-03-02 22:25:53,519:INFO:Loading datasets ...
2021-03-02 22:25:53,812:INFO:Test users: ['dorn20', 'dorn5']
2021-03-02 22:25:53,813:INFO:Features encoded: ['sex', 'clothing']
2021-03-02 22:25:53,813:INFO:Finding Cohorts ...
2021-03-02 22:25:53,814:INFO:Finding cohorts using: hsps
2021-03-02 22:25:53,817:INFO:Training Cohort models ...
2021-03-02 22:28:43,796:INFO:Cohort assignation ...
2021-03-02 22:28:43,796:INFO:Matching via hsps
2021-03-02 22:28:43,797:INFO:Cohort evaluation ...
2021-03-02 22:28:43,882:INFO:Baseline holistic ...
2021-03-02 22:30:49,757:INFO:Baseline pcm ...
2021-03-02 22:30:49,757:INFO:Loading precomputed pcm ...
2021-03-02 22:30:49,910:INFO:########## Finished iteration 69 ##########
2021-03-02 22:30:49,910:INFO:########## Iteration 70 ##########
2021-03-02 22:30:49,911:INFO:Loading datasets ...
2021-03-02 22:30:50,208:INFO:Test users: ['dorn9', 'dorn10']
2021-03-02 22:30:50,208:INFO:Features encoded: ['sex', 'clothing']
2021-03-02 22:30:50,208:INFO:Finding Cohorts ...
2021-03-02 22:30:50,209:INFO:Finding cohorts using: hsps
2021-03-02 22:30:50,212:INFO:Training Cohort models ...
2021-03-02 22:33:13,969:INFO:Cohort assignation ...
2021-03-02 22:33:13,969:INFO:Matching via hsps
2021-03-02 22:33:13,969:INFO:Cohort evaluation ...
2021-03-02 22:33:14,018:INFO:Baseline holistic ...
2021-03-02 22:34:46,578:INFO:Baseline pcm ...
2021-03-02 22:34:46,578:INFO:Loading precomputed pcm ...
2021-03-02 22:34:46,735:INFO:########## Finished iteration 70 ##########
2021-03-02 22:34:46,735:INFO:########## Iteration 71 ##########
2021-03-02 22:34:46,735:INFO:Loading datasets ...
2021-03-02 22:34:47,031:INFO:Test users: ['dorn7', 'dorn13']
2021-03-02 22:34:47,032:INFO:Features encoded: ['sex', 'clothing']
2021-03-02 22:34:47,032:INFO:Finding Cohorts ...
2021-03-02 22:34:47,032:INFO:Finding cohorts using: hsps
2021-03-02 22:34:47,035:INFO:Training Cohort models ...
2021-03-02 22:37:22,212:INFO:Cohort assignation ...
2021-03-02 22:37:22,212:INFO:Matching via hsps
2021-03-02 22:37:22,213:INFO:Cohort evaluation ...
2021-03-02 22:37:22,279:INFO:Baseline holistic ...
2021-03-02 22:38:51,689:INFO:Baseline pcm ...
2021-03-02 22:38:51,689:INFO:Loading precomputed pcm ...
2021-03-02 22:38:51,846:INFO:########## Finished iteration 71 ##########
2021-03-02 22:38:51,846:INFO:########## Iteration 72 ##########
2021-03-02 22:38:51,846:INFO:Loading datasets ...
2021-03-02 22:38:52,137:INFO:Test users: ['dorn20', 'dorn7']
2021-03-02 22:38:52,137:INFO:Features encoded: ['sex', 'clothing']
2021-03-02 22:38:52,137:INFO:Finding Cohorts ...
2021-03-02 22:38:52,138:INFO:Finding cohorts using: hsps
2021-03-02 22:38:52,141:INFO:Training Cohort models ...
2021-03-02 22:40:58,184:INFO:Cohort assignation ...
2021-03-02 22:40:58,184:INFO:Matching via hsps
2021-03-02 22:40:58,185:INFO:Cohort evaluation ...
2021-03-02 22:40:58,218:INFO:Baseline holistic ...
2021-03-02 22:43:05,350:INFO:Baseline pcm ...
2021-03-02 22:43:05,350:INFO:Loading precomputed pcm ...
2021-03-02 22:43:05,506:INFO:########## Finished iteration 72 ##########
2021-03-02 22:43:05,506:INFO:########## Iteration 73 ##########
2021-03-02 22:43:05,506:INFO:Loading datasets ...
2021-03-02 22:43:05,805:INFO:Test users: ['dorn18', 'dorn7']
2021-03-02 22:43:05,805:INFO:Features encoded: ['sex', 'clothing']
2021-03-02 22:43:05,805:INFO:Finding Cohorts ...
2021-03-02 22:43:05,805:INFO:Finding cohorts using: hsps
2021-03-02 22:43:05,808:INFO:Training Cohort models ...
2021-03-02 22:45:26,008:INFO:Cohort assignation ...
2021-03-02 22:45:26,008:INFO:Matching via hsps
2021-03-02 22:45:26,008:INFO:Cohort evaluation ...
2021-03-02 22:45:26,059:INFO:Baseline holistic ...
2021-03-02 22:47:13,184:INFO:Baseline pcm ...
2021-03-02 22:47:13,184:INFO:Loading precomputed pcm ...
2021-03-02 22:47:13,348:INFO:########## Finished iteration 73 ##########
2021-03-02 22:47:13,348:INFO:########## Iteration 74 ##########
2021-03-02 22:47:13,348:INFO:Loading datasets ...
2021-03-02 22:47:13,643:INFO:Test users: ['dorn13', 'dorn3']
2021-03-02 22:47:13,644:INFO:Features encoded: ['sex', 'clothing']
2021-03-02 22:47:13,644:INFO:Finding Cohorts ...
2021-03-02 22:47:13,645:INFO:Finding cohorts using: hsps
2021-03-02 22:47:13,647:INFO:Training Cohort models ...
2021-03-02 22:49:34,544:INFO:Cohort assignation ...
2021-03-02 22:49:34,544:INFO:Matching via hsps
2021-03-02 22:49:34,545:INFO:Cohort evaluation ...
2021-03-02 22:49:34,577:INFO:Baseline holistic ...
2021-03-02 22:51:41,761:INFO:Baseline pcm ...
2021-03-02 22:51:41,761:INFO:Loading precomputed pcm ...
2021-03-02 22:51:41,918:INFO:########## Finished iteration 74 ##########
2021-03-02 22:51:41,918:INFO:########## Iteration 75 ##########
2021-03-02 22:51:41,919:INFO:Loading datasets ...
2021-03-02 22:51:42,214:INFO:Test users: ['dorn10', 'dorn9']
2021-03-02 22:51:42,214:INFO:Features encoded: ['sex', 'clothing']
2021-03-02 22:51:42,215:INFO:Finding Cohorts ...
2021-03-02 22:51:42,215:INFO:Finding cohorts using: hsps
2021-03-02 22:51:42,218:INFO:Training Cohort models ...
2021-03-02 22:54:50,203:INFO:Cohort assignation ...
2021-03-02 22:54:50,203:INFO:Matching via hsps
2021-03-02 22:54:50,204:INFO:Cohort evaluation ...
2021-03-02 22:54:50,305:INFO:Baseline holistic ...
2021-03-02 22:56:22,278:INFO:Baseline pcm ...
2021-03-02 22:56:22,278:INFO:Loading precomputed pcm ...
2021-03-02 22:56:22,496:INFO:########## Finished iteration 75 ##########
2021-03-02 22:56:22,496:INFO:########## Iteration 76 ##########
2021-03-02 22:56:22,496:INFO:Loading datasets ...
2021-03-02 22:56:22,789:INFO:Test users: ['dorn19', 'dorn13']
2021-03-02 22:56:22,789:INFO:Features encoded: ['sex', 'clothing']
2021-03-02 22:56:22,789:INFO:Finding Cohorts ...
2021-03-02 22:56:22,791:INFO:Finding cohorts using: hsps
2021-03-02 22:56:22,794:INFO:Training Cohort models ...
2021-03-02 22:58:44,000:INFO:Cohort assignation ...
2021-03-02 22:58:44,000:INFO:Matching via hsps
2021-03-02 22:58:44,000:INFO:Cohort evaluation ...
2021-03-02 22:58:44,052:INFO:Baseline holistic ...
2021-03-02 23:00:33,112:INFO:Baseline pcm ...
2021-03-02 23:00:33,112:INFO:Loading precomputed pcm ...
2021-03-02 23:00:33,267:INFO:########## Finished iteration 76 ##########
2021-03-02 23:00:33,267:INFO:########## Iteration 77 ##########
2021-03-02 23:00:33,267:INFO:Loading datasets ...
2021-03-02 23:00:33,560:INFO:Test users: ['dorn5', 'dorn19']
2021-03-02 23:00:33,561:INFO:Features encoded: ['sex', 'clothing']
2021-03-02 23:00:33,561:INFO:Finding Cohorts ...
2021-03-02 23:00:33,561:INFO:Finding cohorts using: hsps
2021-03-02 23:00:33,564:INFO:Training Cohort models ...
2021-03-02 23:02:39,151:INFO:Cohort assignation ...
2021-03-02 23:02:39,151:INFO:Matching via hsps
2021-03-02 23:02:39,151:INFO:Cohort evaluation ...
2021-03-02 23:02:39,184:INFO:Baseline holistic ...
2021-03-02 23:04:08,427:INFO:Baseline pcm ...
2021-03-02 23:04:08,427:INFO:Loading precomputed pcm ...
2021-03-02 23:04:08,583:INFO:########## Finished iteration 77 ##########
2021-03-02 23:04:08,583:INFO:########## Iteration 78 ##########
2021-03-02 23:04:08,583:INFO:Loading datasets ...
2021-03-02 23:04:08,879:INFO:Test users: ['dorn9', 'dorn17']
2021-03-02 23:04:08,879:INFO:Features encoded: ['sex', 'clothing']
2021-03-02 23:04:08,879:INFO:Finding Cohorts ...
2021-03-02 23:04:08,880:INFO:Finding cohorts using: hsps
2021-03-02 23:04:08,882:INFO:Training Cohort models ...
2021-03-02 23:06:45,889:INFO:Cohort assignation ...
2021-03-02 23:06:45,889:INFO:Matching via hsps
2021-03-02 23:06:45,889:INFO:Cohort evaluation ...
2021-03-02 23:06:45,922:INFO:Baseline holistic ...
2021-03-02 23:08:15,394:INFO:Baseline pcm ...
2021-03-02 23:08:15,394:INFO:Loading precomputed pcm ...
2021-03-02 23:08:15,553:INFO:########## Finished iteration 78 ##########
2021-03-02 23:08:15,554:INFO:########## Iteration 79 ##########
2021-03-02 23:08:15,554:INFO:Loading datasets ...
2021-03-02 23:08:15,848:INFO:Test users: ['dorn17', 'dorn13']
2021-03-02 23:08:15,849:INFO:Features encoded: ['sex', 'clothing']
2021-03-02 23:08:15,849:INFO:Finding Cohorts ...
2021-03-02 23:08:15,850:INFO:Finding cohorts using: hsps
2021-03-02 23:08:15,852:INFO:Training Cohort models ...
2021-03-02 23:10:22,009:INFO:Cohort assignation ...
2021-03-02 23:10:22,009:INFO:Matching via hsps
2021-03-02 23:10:22,010:INFO:Cohort evaluation ...
2021-03-02 23:10:22,043:INFO:Baseline holistic ...
2021-03-02 23:12:11,232:INFO:Baseline pcm ...
2021-03-02 23:12:11,232:INFO:Loading precomputed pcm ...
2021-03-02 23:12:11,393:INFO:########## Finished iteration 79 ##########
2021-03-02 23:12:11,393:INFO:########## Iteration 80 ##########
2021-03-02 23:12:11,393:INFO:Loading datasets ...
2021-03-02 23:12:11,684:INFO:Test users: ['dorn10', 'dorn3']
2021-03-02 23:12:11,684:INFO:Features encoded: ['sex', 'clothing']
2021-03-02 23:12:11,684:INFO:Finding Cohorts ...
2021-03-02 23:12:11,685:INFO:Finding cohorts using: hsps
2021-03-02 23:12:11,687:INFO:Training Cohort models ...
2021-03-02 23:14:49,884:INFO:Cohort assignation ...
2021-03-02 23:14:49,884:INFO:Matching via hsps
2021-03-02 23:14:49,885:INFO:Cohort evaluation ...
2021-03-02 23:14:49,950:INFO:Baseline holistic ...
2021-03-02 23:16:58,891:INFO:Baseline pcm ...
2021-03-02 23:16:58,891:INFO:Loading precomputed pcm ...
2021-03-02 23:16:59,050:INFO:########## Finished iteration 80 ##########
2021-03-02 23:16:59,050:INFO:########## Iteration 81 ##########
2021-03-02 23:16:59,050:INFO:Loading datasets ...
2021-03-02 23:16:59,344:INFO:Test users: ['dorn13', 'dorn19']
2021-03-02 23:16:59,344:INFO:Features encoded: ['sex', 'clothing']
2021-03-02 23:16:59,344:INFO:Finding Cohorts ...
2021-03-02 23:16:59,345:INFO:Finding cohorts using: hsps
2021-03-02 23:16:59,348:INFO:Training Cohort models ...
2021-03-02 23:19:20,174:INFO:Cohort assignation ...
2021-03-02 23:19:20,174:INFO:Matching via hsps
2021-03-02 23:19:20,175:INFO:Cohort evaluation ...
2021-03-02 23:19:20,224:INFO:Baseline holistic ...
2021-03-02 23:21:27,023:INFO:Baseline pcm ...
2021-03-02 23:21:27,023:INFO:Loading precomputed pcm ...
2021-03-02 23:21:27,178:INFO:########## Finished iteration 81 ##########
2021-03-02 23:21:27,178:INFO:########## Iteration 82 ##########
2021-03-02 23:21:27,178:INFO:Loading datasets ...
2021-03-02 23:21:27,473:INFO:Test users: ['dorn19', 'dorn9']
2021-03-02 23:21:27,473:INFO:Features encoded: ['sex', 'clothing']
2021-03-02 23:21:27,473:INFO:Finding Cohorts ...
2021-03-02 23:21:27,474:INFO:Finding cohorts using: hsps
2021-03-02 23:21:27,476:INFO:Training Cohort models ...
2021-03-02 23:24:04,738:INFO:Cohort assignation ...
2021-03-02 23:24:04,738:INFO:Matching via hsps
2021-03-02 23:24:04,739:INFO:Cohort evaluation ...
2021-03-02 23:24:04,771:INFO:Baseline holistic ...
2021-03-02 23:25:54,076:INFO:Baseline pcm ...
2021-03-02 23:25:54,076:INFO:Loading precomputed pcm ...
2021-03-02 23:25:54,232:INFO:########## Finished iteration 82 ##########
2021-03-02 23:25:54,232:INFO:########## Iteration 83 ##########
2021-03-02 23:25:54,232:INFO:Loading datasets ...
2021-03-02 23:25:54,526:INFO:Test users: ['dorn10', 'dorn20']
2021-03-02 23:25:54,526:INFO:Features encoded: ['sex', 'clothing']
2021-03-02 23:25:54,526:INFO:Finding Cohorts ...
2021-03-02 23:25:54,527:INFO:Finding cohorts using: hsps
2021-03-02 23:25:54,530:INFO:Training Cohort models ...
2021-03-02 23:28:33,498:INFO:Cohort assignation ...
2021-03-02 23:28:33,498:INFO:Matching via hsps
2021-03-02 23:28:33,499:INFO:Cohort evaluation ...
2021-03-02 23:28:33,566:INFO:Baseline holistic ...
2021-03-02 23:30:05,010:INFO:Baseline pcm ...
2021-03-02 23:30:05,010:INFO:Loading precomputed pcm ...
2021-03-02 23:30:05,166:INFO:########## Finished iteration 83 ##########
2021-03-02 23:30:05,166:INFO:########## Iteration 84 ##########
2021-03-02 23:30:05,166:INFO:Loading datasets ...
2021-03-02 23:30:05,457:INFO:Test users: ['dorn3', 'dorn19']
2021-03-02 23:30:05,457:INFO:Features encoded: ['sex', 'clothing']
2021-03-02 23:30:05,457:INFO:Finding Cohorts ...
2021-03-02 23:30:05,458:INFO:Finding cohorts using: hsps
2021-03-02 23:30:05,461:INFO:Training Cohort models ...
2021-03-02 23:32:11,363:INFO:Cohort assignation ...
2021-03-02 23:32:11,363:INFO:Matching via hsps
2021-03-02 23:32:11,364:INFO:Cohort evaluation ...
2021-03-02 23:32:11,397:INFO:Baseline holistic ...
2021-03-02 23:33:59,367:INFO:Baseline pcm ...
2021-03-02 23:33:59,367:INFO:Loading precomputed pcm ...
2021-03-02 23:33:59,528:INFO:########## Finished iteration 84 ##########
2021-03-02 23:33:59,528:INFO:########## Iteration 85 ##########
2021-03-02 23:33:59,528:INFO:Loading datasets ...
2021-03-02 23:33:59,823:INFO:Test users: ['dorn5', 'dorn9']
2021-03-02 23:33:59,823:INFO:Features encoded: ['sex', 'clothing']
2021-03-02 23:33:59,823:INFO:Finding Cohorts ...
2021-03-02 23:33:59,824:INFO:Finding cohorts using: hsps
2021-03-02 23:33:59,826:INFO:Training Cohort models ...
2021-03-02 23:36:36,422:INFO:Cohort assignation ...
2021-03-02 23:36:36,422:INFO:Matching via hsps
2021-03-02 23:36:36,423:INFO:Cohort evaluation ...
2021-03-02 23:36:36,490:INFO:Baseline holistic ...
2021-03-02 23:38:44,100:INFO:Baseline pcm ...
2021-03-02 23:38:44,100:INFO:Loading precomputed pcm ...
2021-03-02 23:38:44,257:INFO:########## Finished iteration 85 ##########
2021-03-02 23:38:44,257:INFO:########## Iteration 86 ##########
2021-03-02 23:38:44,257:INFO:Loading datasets ...
2021-03-02 23:38:44,553:INFO:Test users: ['dorn19', 'dorn20']
2021-03-02 23:38:44,553:INFO:Features encoded: ['sex', 'clothing']
2021-03-02 23:38:44,553:INFO:Finding Cohorts ...
2021-03-02 23:38:44,554:INFO:Finding cohorts using: hsps
2021-03-02 23:38:44,557:INFO:Training Cohort models ...
2021-03-02 23:41:05,464:INFO:Cohort assignation ...
2021-03-02 23:41:05,465:INFO:Matching via hsps
2021-03-02 23:41:05,465:INFO:Cohort evaluation ...
2021-03-02 23:41:05,517:INFO:Baseline holistic ...
2021-03-02 23:43:11,877:INFO:Baseline pcm ...
2021-03-02 23:43:11,877:INFO:Loading precomputed pcm ...
2021-03-02 23:43:12,032:INFO:########## Finished iteration 86 ##########
2021-03-02 23:43:12,032:INFO:########## Iteration 87 ##########
2021-03-02 23:43:12,032:INFO:Loading datasets ...
2021-03-02 23:43:12,325:INFO:Test users: ['dorn7', 'dorn18']
2021-03-02 23:43:12,325:INFO:Features encoded: ['sex', 'clothing']
2021-03-02 23:43:12,325:INFO:Finding Cohorts ...
2021-03-02 23:43:12,326:INFO:Finding cohorts using: hsps
2021-03-02 23:43:12,329:INFO:Training Cohort models ...
2021-03-02 23:45:18,176:INFO:Cohort assignation ...
2021-03-02 23:45:18,176:INFO:Matching via hsps
2021-03-02 23:45:18,177:INFO:Cohort evaluation ...
2021-03-02 23:45:18,210:INFO:Baseline holistic ...
2021-03-02 23:46:46,917:INFO:Baseline pcm ...
2021-03-02 23:46:46,917:INFO:Loading precomputed pcm ...
2021-03-02 23:46:47,073:INFO:########## Finished iteration 87 ##########
2021-03-02 23:46:47,073:INFO:########## Iteration 88 ##########
2021-03-02 23:46:47,073:INFO:Loading datasets ...
2021-03-02 23:46:47,369:INFO:Test users: ['dorn19', 'dorn5']
2021-03-02 23:46:47,369:INFO:Features encoded: ['sex', 'clothing']
2021-03-02 23:46:47,370:INFO:Finding Cohorts ...
2021-03-02 23:46:47,370:INFO:Finding cohorts using: hsps
2021-03-02 23:46:47,372:INFO:Training Cohort models ...
2021-03-02 23:48:53,239:INFO:Cohort assignation ...
2021-03-02 23:48:53,239:INFO:Matching via hsps
2021-03-02 23:48:53,239:INFO:Cohort evaluation ...
2021-03-02 23:48:53,274:INFO:Baseline holistic ...
2021-03-02 23:50:22,321:INFO:Baseline pcm ...
2021-03-02 23:50:22,321:INFO:Loading precomputed pcm ...
2021-03-02 23:50:22,479:INFO:########## Finished iteration 88 ##########
2021-03-02 23:50:22,479:INFO:########## Iteration 89 ##########
2021-03-02 23:50:22,479:INFO:Loading datasets ...
2021-03-02 23:50:22,773:INFO:Test users: ['dorn17', 'dorn20']
2021-03-02 23:50:22,773:INFO:Features encoded: ['sex', 'clothing']
2021-03-02 23:50:22,773:INFO:Finding Cohorts ...
2021-03-02 23:50:22,774:INFO:Finding cohorts using: hsps
2021-03-02 23:50:22,776:INFO:Training Cohort models ...
2021-03-02 23:53:12,911:INFO:Cohort assignation ...
2021-03-02 23:53:12,911:INFO:Matching via hsps
2021-03-02 23:53:12,912:INFO:Cohort evaluation ...
2021-03-02 23:53:12,993:INFO:Baseline holistic ...
2021-03-02 23:54:59,967:INFO:Baseline pcm ...
2021-03-02 23:54:59,967:INFO:Loading precomputed pcm ...
2021-03-02 23:55:00,187:INFO:########## Finished iteration 89 ##########
2021-03-02 23:55:00,187:INFO:########## Iteration 90 ##########
2021-03-02 23:55:00,187:INFO:Loading datasets ...
2021-03-02 23:55:00,481:INFO:Test users: ['dorn18', 'dorn5']
2021-03-02 23:55:00,482:INFO:Features encoded: ['sex', 'clothing']
2021-03-02 23:55:00,482:INFO:Finding Cohorts ...
2021-03-02 23:55:00,483:INFO:Finding cohorts using: hsps
2021-03-02 23:55:00,486:INFO:Training Cohort models ...
2021-03-02 23:57:35,667:INFO:Cohort assignation ...
2021-03-02 23:57:35,667:INFO:Matching via hsps
2021-03-02 23:57:35,667:INFO:Cohort evaluation ...
2021-03-02 23:57:35,733:INFO:Baseline holistic ...
2021-03-02 23:59:04,168:INFO:Baseline pcm ...
2021-03-02 23:59:04,168:INFO:Loading precomputed pcm ...
2021-03-02 23:59:04,326:INFO:########## Finished iteration 90 ##########
2021-03-02 23:59:04,326:INFO:########## Iteration 91 ##########
2021-03-02 23:59:04,326:INFO:Loading datasets ...
2021-03-02 23:59:04,622:INFO:Test users: ['dorn18', 'dorn10']
2021-03-02 23:59:04,622:INFO:Features encoded: ['sex', 'clothing']
2021-03-02 23:59:04,622:INFO:Finding Cohorts ...
2021-03-02 23:59:04,623:INFO:Finding cohorts using: hsps
2021-03-02 23:59:04,625:INFO:Training Cohort models ...
2021-03-03 00:01:58,893:INFO:Cohort assignation ...
2021-03-03 00:01:58,893:INFO:Matching via hsps
2021-03-03 00:01:58,894:INFO:Cohort evaluation ...
2021-03-03 00:01:58,993:INFO:Baseline holistic ...
2021-03-03 00:03:48,600:INFO:Baseline pcm ...
2021-03-03 00:03:48,600:INFO:Loading precomputed pcm ...
2021-03-03 00:03:48,760:INFO:########## Finished iteration 91 ##########
2021-03-03 00:03:48,760:INFO:########## Iteration 92 ##########
2021-03-03 00:03:48,760:INFO:Loading datasets ...
2021-03-03 00:03:49,059:INFO:Test users: ['dorn13', 'dorn10']
2021-03-03 00:03:49,059:INFO:Features encoded: ['sex', 'clothing']
2021-03-03 00:03:49,060:INFO:Finding Cohorts ...
2021-03-03 00:03:49,061:INFO:Finding cohorts using: hsps
2021-03-03 00:03:49,064:INFO:Training Cohort models ...
2021-03-03 00:05:57,979:INFO:Cohort assignation ...
2021-03-03 00:05:57,979:INFO:Matching via hsps
2021-03-03 00:05:57,979:INFO:Cohort evaluation ...
2021-03-03 00:05:58,012:INFO:Baseline holistic ...
2021-03-03 00:07:29,517:INFO:Baseline pcm ...
2021-03-03 00:07:29,517:INFO:Loading precomputed pcm ...
2021-03-03 00:07:29,674:INFO:########## Finished iteration 92 ##########
2021-03-03 00:07:29,674:INFO:########## Iteration 93 ##########
2021-03-03 00:07:29,674:INFO:Loading datasets ...
2021-03-03 00:07:29,970:INFO:Test users: ['dorn20', 'dorn5']
2021-03-03 00:07:29,970:INFO:Features encoded: ['sex', 'clothing']
2021-03-03 00:07:29,971:INFO:Finding Cohorts ...
2021-03-03 00:07:29,971:INFO:Finding cohorts using: hsps
2021-03-03 00:07:29,973:INFO:Training Cohort models ...
2021-03-03 00:10:34,418:INFO:Cohort assignation ...
2021-03-03 00:10:34,418:INFO:Matching via hsps
2021-03-03 00:10:34,419:INFO:Cohort evaluation ...
2021-03-03 00:10:34,516:INFO:Baseline holistic ...
2021-03-03 00:12:02,826:INFO:Baseline pcm ...
2021-03-03 00:12:02,826:INFO:Loading precomputed pcm ...
2021-03-03 00:12:03,043:INFO:########## Finished iteration 93 ##########
2021-03-03 00:12:03,043:INFO:########## Iteration 94 ##########
2021-03-03 00:12:03,043:INFO:Loading datasets ...
2021-03-03 00:12:03,336:INFO:Test users: ['dorn19', 'dorn17']
2021-03-03 00:12:03,336:INFO:Features encoded: ['sex', 'clothing']
2021-03-03 00:12:03,336:INFO:Finding Cohorts ...
2021-03-03 00:12:03,338:INFO:Finding cohorts using: hsps
2021-03-03 00:12:03,341:INFO:Training Cohort models ...
2021-03-03 00:14:38,714:INFO:Cohort assignation ...
2021-03-03 00:14:38,714:INFO:Matching via hsps
2021-03-03 00:14:38,714:INFO:Cohort evaluation ...
2021-03-03 00:14:38,780:INFO:Baseline holistic ...
2021-03-03 00:16:07,153:INFO:Baseline pcm ...
2021-03-03 00:16:07,154:INFO:Loading precomputed pcm ...
2021-03-03 00:16:07,308:INFO:########## Finished iteration 94 ##########
2021-03-03 00:16:07,308:INFO:########## Iteration 95 ##########
2021-03-03 00:16:07,308:INFO:Loading datasets ...
2021-03-03 00:16:07,601:INFO:Test users: ['dorn9', 'dorn10']
2021-03-03 00:16:07,601:INFO:Features encoded: ['sex', 'clothing']
2021-03-03 00:16:07,601:INFO:Finding Cohorts ...
2021-03-03 00:16:07,602:INFO:Finding cohorts using: hsps
2021-03-03 00:16:07,605:INFO:Training Cohort models ...
2021-03-03 00:18:46,309:INFO:Cohort assignation ...
2021-03-03 00:18:46,309:INFO:Matching via hsps
2021-03-03 00:18:46,310:INFO:Cohort evaluation ...
2021-03-03 00:18:46,378:INFO:Baseline holistic ...
2021-03-03 00:20:38,145:INFO:Baseline pcm ...
2021-03-03 00:20:38,145:INFO:Loading precomputed pcm ...
2021-03-03 00:20:38,301:INFO:########## Finished iteration 95 ##########
2021-03-03 00:20:38,301:INFO:########## Iteration 96 ##########
2021-03-03 00:20:38,301:INFO:Loading datasets ...
2021-03-03 00:20:38,593:INFO:Test users: ['dorn19', 'dorn7']
2021-03-03 00:20:38,593:INFO:Features encoded: ['sex', 'clothing']
2021-03-03 00:20:38,594:INFO:Finding Cohorts ...
2021-03-03 00:20:38,595:INFO:Finding cohorts using: hsps
2021-03-03 00:20:38,597:INFO:Training Cohort models ...
2021-03-03 00:23:28,116:INFO:Cohort assignation ...
2021-03-03 00:23:28,116:INFO:Matching via hsps
2021-03-03 00:23:28,117:INFO:Cohort evaluation ...
2021-03-03 00:23:28,182:INFO:Baseline holistic ...
2021-03-03 00:25:33,058:INFO:Baseline pcm ...
2021-03-03 00:25:33,058:INFO:Loading precomputed pcm ...
2021-03-03 00:25:33,213:INFO:########## Finished iteration 96 ##########
2021-03-03 00:25:33,213:INFO:########## Iteration 97 ##########
2021-03-03 00:25:33,213:INFO:Loading datasets ...
2021-03-03 00:25:33,505:INFO:Test users: ['dorn7', 'dorn13']
2021-03-03 00:25:33,505:INFO:Features encoded: ['sex', 'clothing']
2021-03-03 00:25:33,506:INFO:Finding Cohorts ...
2021-03-03 00:25:33,507:INFO:Finding cohorts using: hsps
2021-03-03 00:25:33,510:INFO:Training Cohort models ...
2021-03-03 00:28:23,047:INFO:Cohort assignation ...
2021-03-03 00:28:23,047:INFO:Matching via hsps
2021-03-03 00:28:23,048:INFO:Cohort evaluation ...
2021-03-03 00:28:23,188:INFO:Baseline holistic ...
2021-03-03 00:30:10,778:INFO:Baseline pcm ...
2021-03-03 00:30:10,778:INFO:Loading precomputed pcm ...
2021-03-03 00:30:10,934:INFO:########## Finished iteration 97 ##########
2021-03-03 00:30:10,934:INFO:########## Iteration 98 ##########
2021-03-03 00:30:10,934:INFO:Loading datasets ...
2021-03-03 00:30:11,230:INFO:Test users: ['dorn20', 'dorn7']
2021-03-03 00:30:11,231:INFO:Features encoded: ['sex', 'clothing']
2021-03-03 00:30:11,231:INFO:Finding Cohorts ...
2021-03-03 00:30:11,232:INFO:Finding cohorts using: hsps
2021-03-03 00:30:11,235:INFO:Training Cohort models ...
2021-03-03 00:33:01,246:INFO:Cohort assignation ...
2021-03-03 00:33:01,246:INFO:Matching via hsps
2021-03-03 00:33:01,247:INFO:Cohort evaluation ...
2021-03-03 00:33:01,390:INFO:Baseline holistic ...
2021-03-03 00:34:48,370:INFO:Baseline pcm ...
2021-03-03 00:34:48,370:INFO:Loading precomputed pcm ...
2021-03-03 00:34:48,538:INFO:########## Finished iteration 98 ##########
2021-03-03 00:34:48,538:INFO:########## Iteration 99 ##########
2021-03-03 00:34:48,538:INFO:Loading datasets ...
2021-03-03 00:34:48,834:INFO:Test users: ['dorn3', 'dorn20']
2021-03-03 00:34:48,834:INFO:Features encoded: ['sex', 'clothing']
2021-03-03 00:34:48,835:INFO:Finding Cohorts ...
2021-03-03 00:34:48,836:INFO:Finding cohorts using: hsps
2021-03-03 00:34:48,839:INFO:Training Cohort models ...
2021-03-03 00:37:39,121:INFO:Cohort assignation ...
2021-03-03 00:37:39,121:INFO:Matching via hsps
2021-03-03 00:37:39,122:INFO:Cohort evaluation ...
2021-03-03 00:37:39,189:INFO:Baseline holistic ...
2021-03-03 00:39:26,908:INFO:Baseline pcm ...
2021-03-03 00:39:26,908:INFO:Loading precomputed pcm ...
2021-03-03 00:39:27,125:INFO:########## Finished iteration 99 ##########
