2021-04-07 10:44:07,812:INFO:########## Iteration 0 ##########
2021-04-07 10:44:07,812:INFO:Loading datasets ...
2021-04-07 10:44:08,082:WARNING:
DeepCTR-PyTorch version 0.2.6 detected. Your version is 0.2.3.
Use `pip install -U deepctr-torch` to upgrade.Changelog: https://github.com/shenweichen/DeepCTR-Torch/releases/tag/v0.2.6
2021-04-07 10:44:08,112:INFO:Test users: ['dorn18', 'dorn3']
2021-04-07 10:44:08,112:INFO:Features encoded: ['sex', 'clothing']
2021-04-07 10:44:08,112:INFO:Finding Cohorts ...
2021-04-07 10:44:08,112:INFO:Finding cohorts using: hsps
2021-04-07 10:44:08,113:INFO:Training Cohort models ...
2021-04-07 10:46:20,647:INFO:Cohort assignation ...
2021-04-07 10:46:20,647:INFO:Matching via hsps
2021-04-07 10:46:20,648:INFO:Cohort evaluation ...
2021-04-07 10:46:20,705:INFO:Baseline holistic ...
2021-04-07 10:47:30,079:INFO:Baseline pcm ...
2021-04-07 10:47:30,079:INFO:Loading precomputed pcm ...
2021-04-07 10:47:30,212:INFO:########## Finished iteration 0 ##########
2021-04-07 10:47:30,212:INFO:########## Iteration 1 ##########
2021-04-07 10:47:30,212:INFO:Loading datasets ...
2021-04-07 10:47:30,491:INFO:Test users: ['dorn19', 'dorn17']
2021-04-07 10:47:30,491:INFO:Features encoded: ['sex', 'clothing']
2021-04-07 10:47:30,491:INFO:Finding Cohorts ...
2021-04-07 10:47:30,492:INFO:Finding cohorts using: hsps
2021-04-07 10:47:30,493:INFO:Training Cohort models ...
2021-04-07 10:49:18,585:INFO:Cohort assignation ...
2021-04-07 10:49:18,585:INFO:Matching via hsps
2021-04-07 10:49:18,585:INFO:Cohort evaluation ...
2021-04-07 10:49:18,615:INFO:Baseline holistic ...
2021-04-07 10:50:44,719:INFO:Baseline pcm ...
2021-04-07 10:50:44,719:INFO:Loading precomputed pcm ...
2021-04-07 10:50:44,854:INFO:########## Finished iteration 1 ##########
2021-04-07 10:50:44,854:INFO:########## Iteration 2 ##########
2021-04-07 10:50:44,854:INFO:Loading datasets ...
2021-04-07 10:50:45,145:INFO:Test users: ['dorn20', 'dorn10']
2021-04-07 10:50:45,145:INFO:Features encoded: ['sex', 'clothing']
2021-04-07 10:50:45,145:INFO:Finding Cohorts ...
2021-04-07 10:50:45,146:INFO:Finding cohorts using: hsps
2021-04-07 10:50:45,147:INFO:Training Cohort models ...
2021-04-07 10:53:32,106:INFO:Cohort assignation ...
2021-04-07 10:53:32,106:INFO:Matching via hsps
2021-04-07 10:53:32,106:INFO:Cohort evaluation ...
2021-04-07 10:53:32,197:INFO:Baseline holistic ...
2021-04-07 10:54:46,624:INFO:Baseline pcm ...
2021-04-07 10:54:46,624:INFO:Loading precomputed pcm ...
2021-04-07 10:54:46,819:INFO:########## Finished iteration 2 ##########
2021-04-07 10:54:46,819:INFO:########## Iteration 3 ##########
2021-04-07 10:54:46,819:INFO:Loading datasets ...
2021-04-07 10:54:47,116:INFO:Test users: ['dorn10', 'dorn17']
2021-04-07 10:54:47,117:INFO:Features encoded: ['sex', 'clothing']
2021-04-07 10:54:47,117:INFO:Finding Cohorts ...
2021-04-07 10:54:47,118:INFO:Finding cohorts using: hsps
2021-04-07 10:54:47,121:INFO:Training Cohort models ...
2021-04-07 10:57:08,065:INFO:Cohort assignation ...
2021-04-07 10:57:08,065:INFO:Matching via hsps
2021-04-07 10:57:08,065:INFO:Cohort evaluation ...
2021-04-07 10:57:08,129:INFO:Baseline holistic ...
2021-04-07 10:58:22,415:INFO:Baseline pcm ...
2021-04-07 10:58:22,415:INFO:Loading precomputed pcm ...
2021-04-07 10:58:22,548:INFO:########## Finished iteration 3 ##########
2021-04-07 10:58:22,549:INFO:########## Iteration 4 ##########
2021-04-07 10:58:22,549:INFO:Loading datasets ...
2021-04-07 10:58:22,848:INFO:Test users: ['dorn10', 'dorn9']
2021-04-07 10:58:22,848:INFO:Features encoded: ['sex', 'clothing']
2021-04-07 10:58:22,848:INFO:Finding Cohorts ...
2021-04-07 10:58:22,849:INFO:Finding cohorts using: hsps
2021-04-07 10:58:22,851:INFO:Training Cohort models ...
2021-04-07 11:00:58,410:INFO:Cohort assignation ...
2021-04-07 11:00:58,410:INFO:Matching via hsps
2021-04-07 11:00:58,410:INFO:Cohort evaluation ...
2021-04-07 11:00:58,488:INFO:Baseline holistic ...
2021-04-07 11:02:30,255:INFO:Baseline pcm ...
2021-04-07 11:02:30,255:INFO:Loading precomputed pcm ...
2021-04-07 11:02:30,451:INFO:########## Finished iteration 4 ##########
2021-04-07 11:02:30,452:INFO:########## Iteration 5 ##########
2021-04-07 11:02:30,452:INFO:Loading datasets ...
2021-04-07 11:02:30,753:INFO:Test users: ['dorn18', 'dorn19']
2021-04-07 11:02:30,753:INFO:Features encoded: ['sex', 'clothing']
2021-04-07 11:02:30,753:INFO:Finding Cohorts ...
2021-04-07 11:02:30,754:INFO:Finding cohorts using: hsps
2021-04-07 11:02:30,757:INFO:Training Cohort models ...
2021-04-07 11:04:50,056:INFO:Cohort assignation ...
2021-04-07 11:04:50,056:INFO:Matching via hsps
2021-04-07 11:04:50,057:INFO:Cohort evaluation ...
2021-04-07 11:04:50,117:INFO:Baseline holistic ...
2021-04-07 11:06:02,670:INFO:Baseline pcm ...
2021-04-07 11:06:02,671:INFO:Loading precomputed pcm ...
2021-04-07 11:06:02,804:INFO:########## Finished iteration 5 ##########
2021-04-07 11:06:02,804:INFO:########## Iteration 6 ##########
2021-04-07 11:06:02,804:INFO:Loading datasets ...
2021-04-07 11:06:03,103:INFO:Test users: ['dorn13', 'dorn18']
2021-04-07 11:06:03,103:INFO:Features encoded: ['sex', 'clothing']
2021-04-07 11:06:03,104:INFO:Finding Cohorts ...
2021-04-07 11:06:03,105:INFO:Finding cohorts using: hsps
2021-04-07 11:06:03,107:INFO:Training Cohort models ...
2021-04-07 11:08:35,337:INFO:Cohort assignation ...
2021-04-07 11:08:35,337:INFO:Matching via hsps
2021-04-07 11:08:35,338:INFO:Cohort evaluation ...
2021-04-07 11:08:35,398:INFO:Baseline holistic ...
2021-04-07 11:09:48,141:INFO:Baseline pcm ...
2021-04-07 11:09:48,141:INFO:Loading precomputed pcm ...
2021-04-07 11:09:48,273:INFO:########## Finished iteration 6 ##########
2021-04-07 11:09:48,273:INFO:########## Iteration 7 ##########
2021-04-07 11:09:48,273:INFO:Loading datasets ...
2021-04-07 11:09:48,577:INFO:Test users: ['dorn9', 'dorn3']
2021-04-07 11:09:48,578:INFO:Features encoded: ['sex', 'clothing']
2021-04-07 11:09:48,578:INFO:Finding Cohorts ...
2021-04-07 11:09:48,579:INFO:Finding cohorts using: hsps
2021-04-07 11:09:48,582:INFO:Training Cohort models ...
2021-04-07 11:12:35,553:INFO:Cohort assignation ...
2021-04-07 11:12:35,553:INFO:Matching via hsps
2021-04-07 11:12:35,554:INFO:Cohort evaluation ...
2021-04-07 11:12:35,645:INFO:Baseline holistic ...
2021-04-07 11:14:20,910:INFO:Baseline pcm ...
2021-04-07 11:14:20,910:INFO:Loading precomputed pcm ...
2021-04-07 11:14:21,044:INFO:########## Finished iteration 7 ##########
2021-04-07 11:14:21,044:INFO:########## Iteration 8 ##########
2021-04-07 11:14:21,044:INFO:Loading datasets ...
2021-04-07 11:14:21,348:INFO:Test users: ['dorn7', 'dorn13']
2021-04-07 11:14:21,349:INFO:Features encoded: ['sex', 'clothing']
2021-04-07 11:14:21,349:INFO:Finding Cohorts ...
2021-04-07 11:14:21,350:INFO:Finding cohorts using: hsps
2021-04-07 11:14:21,353:INFO:Training Cohort models ...
2021-04-07 11:16:40,735:INFO:Cohort assignation ...
2021-04-07 11:16:40,735:INFO:Matching via hsps
2021-04-07 11:16:40,735:INFO:Cohort evaluation ...
2021-04-07 11:16:40,798:INFO:Baseline holistic ...
2021-04-07 11:18:26,131:INFO:Baseline pcm ...
2021-04-07 11:18:26,131:INFO:Loading precomputed pcm ...
2021-04-07 11:18:26,328:INFO:########## Finished iteration 8 ##########
2021-04-07 11:18:26,328:INFO:########## Iteration 9 ##########
2021-04-07 11:18:26,328:INFO:Loading datasets ...
2021-04-07 11:18:26,628:INFO:Test users: ['dorn3', 'dorn17']
2021-04-07 11:18:26,628:INFO:Features encoded: ['sex', 'clothing']
2021-04-07 11:18:26,628:INFO:Finding Cohorts ...
2021-04-07 11:18:26,629:INFO:Finding cohorts using: hsps
2021-04-07 11:18:26,631:INFO:Training Cohort models ...
2021-04-07 11:20:18,455:INFO:Cohort assignation ...
2021-04-07 11:20:18,455:INFO:Matching via hsps
2021-04-07 11:20:18,456:INFO:Cohort evaluation ...
2021-04-07 11:20:18,486:INFO:Baseline holistic ...
2021-04-07 11:21:47,990:INFO:Baseline pcm ...
2021-04-07 11:21:47,990:INFO:Loading precomputed pcm ...
2021-04-07 11:21:48,126:INFO:########## Finished iteration 9 ##########
2021-04-07 11:21:48,126:INFO:########## Iteration 10 ##########
2021-04-07 11:21:48,126:INFO:Loading datasets ...
2021-04-07 11:21:48,473:INFO:Test users: ['dorn18', 'dorn17']
2021-04-07 11:21:48,473:INFO:Features encoded: ['sex', 'clothing']
2021-04-07 11:21:48,473:INFO:Finding Cohorts ...
2021-04-07 11:21:48,474:INFO:Finding cohorts using: hsps
2021-04-07 11:21:48,476:INFO:Training Cohort models ...
2021-04-07 11:24:07,736:INFO:Cohort assignation ...
2021-04-07 11:24:07,736:INFO:Matching via hsps
2021-04-07 11:24:07,737:INFO:Cohort evaluation ...
2021-04-07 11:24:07,796:INFO:Baseline holistic ...
2021-04-07 11:25:20,278:INFO:Baseline pcm ...
2021-04-07 11:25:20,279:INFO:Loading precomputed pcm ...
2021-04-07 11:25:20,411:INFO:########## Finished iteration 10 ##########
2021-04-07 11:25:20,411:INFO:########## Iteration 11 ##########
2021-04-07 11:25:20,411:INFO:Loading datasets ...
2021-04-07 11:25:20,710:INFO:Test users: ['dorn17', 'dorn5']
2021-04-07 11:25:20,711:INFO:Features encoded: ['sex', 'clothing']
2021-04-07 11:25:20,711:INFO:Finding Cohorts ...
2021-04-07 11:25:20,712:INFO:Finding cohorts using: hsps
2021-04-07 11:25:20,714:INFO:Training Cohort models ...
2021-04-07 11:27:14,221:INFO:Cohort assignation ...
2021-04-07 11:27:14,227:INFO:Matching via hsps
2021-04-07 11:27:14,228:INFO:Cohort evaluation ...
2021-04-07 11:27:14,258:INFO:Baseline holistic ...
2021-04-07 11:28:29,447:INFO:Baseline pcm ...
2021-04-07 11:28:29,447:INFO:Loading precomputed pcm ...
2021-04-07 11:28:29,588:INFO:########## Finished iteration 11 ##########
2021-04-07 11:28:29,588:INFO:########## Iteration 12 ##########
2021-04-07 11:28:29,588:INFO:Loading datasets ...
2021-04-07 11:28:29,907:INFO:Test users: ['dorn17', 'dorn9']
2021-04-07 11:28:29,908:INFO:Features encoded: ['sex', 'clothing']
2021-04-07 11:28:29,908:INFO:Finding Cohorts ...
2021-04-07 11:28:29,908:INFO:Finding cohorts using: hsps
2021-04-07 11:28:29,910:INFO:Training Cohort models ...
2021-04-07 11:30:40,879:INFO:Cohort assignation ...
2021-04-07 11:30:40,879:INFO:Matching via hsps
2021-04-07 11:30:40,880:INFO:Cohort evaluation ...
2021-04-07 11:30:40,943:INFO:Baseline holistic ...
2021-04-07 11:31:56,358:INFO:Baseline pcm ...
2021-04-07 11:31:56,358:INFO:Loading precomputed pcm ...
2021-04-07 11:31:56,500:INFO:########## Finished iteration 12 ##########
2021-04-07 11:31:56,500:INFO:########## Iteration 13 ##########
2021-04-07 11:31:56,500:INFO:Loading datasets ...
2021-04-07 11:31:56,807:INFO:Test users: ['dorn13', 'dorn7']
2021-04-07 11:31:56,808:INFO:Features encoded: ['sex', 'clothing']
2021-04-07 11:31:56,808:INFO:Finding Cohorts ...
2021-04-07 11:31:56,808:INFO:Finding cohorts using: hsps
2021-04-07 11:31:56,811:INFO:Training Cohort models ...
2021-04-07 11:34:19,926:INFO:Cohort assignation ...
2021-04-07 11:34:19,926:INFO:Matching via hsps
2021-04-07 11:34:19,927:INFO:Cohort evaluation ...
2021-04-07 11:34:19,990:INFO:Baseline holistic ...
2021-04-07 11:36:08,145:INFO:Baseline pcm ...
2021-04-07 11:36:08,145:INFO:Loading precomputed pcm ...
2021-04-07 11:36:08,346:INFO:########## Finished iteration 13 ##########
2021-04-07 11:36:08,346:INFO:########## Iteration 14 ##########
2021-04-07 11:36:08,346:INFO:Loading datasets ...
2021-04-07 11:36:08,652:INFO:Test users: ['dorn10', 'dorn20']
2021-04-07 11:36:08,653:INFO:Features encoded: ['sex', 'clothing']
2021-04-07 11:36:08,653:INFO:Finding Cohorts ...
2021-04-07 11:36:08,654:INFO:Finding cohorts using: hsps
2021-04-07 11:36:08,656:INFO:Training Cohort models ...
2021-04-07 11:38:58,748:INFO:Cohort assignation ...
2021-04-07 11:38:58,748:INFO:Matching via hsps
2021-04-07 11:38:58,749:INFO:Cohort evaluation ...
2021-04-07 11:38:58,841:INFO:Baseline holistic ...
2021-04-07 11:40:47,261:INFO:Baseline pcm ...
2021-04-07 11:40:47,261:INFO:Loading precomputed pcm ...
2021-04-07 11:40:47,395:INFO:########## Finished iteration 14 ##########
2021-04-07 11:40:47,395:INFO:########## Iteration 15 ##########
2021-04-07 11:40:47,395:INFO:Loading datasets ...
2021-04-07 11:40:47,699:INFO:Test users: ['dorn18', 'dorn9']
2021-04-07 11:40:47,699:INFO:Features encoded: ['sex', 'clothing']
2021-04-07 11:40:47,699:INFO:Finding Cohorts ...
2021-04-07 11:40:47,701:INFO:Finding cohorts using: hsps
2021-04-07 11:40:47,703:INFO:Training Cohort models ...
2021-04-07 11:43:34,808:INFO:Cohort assignation ...
2021-04-07 11:43:34,808:INFO:Matching via hsps
2021-04-07 11:43:34,809:INFO:Cohort evaluation ...
2021-04-07 11:43:34,898:INFO:Baseline holistic ...
2021-04-07 11:45:04,620:INFO:Baseline pcm ...
2021-04-07 11:45:04,620:INFO:Loading precomputed pcm ...
2021-04-07 11:45:04,755:INFO:########## Finished iteration 15 ##########
2021-04-07 11:45:04,756:INFO:########## Iteration 16 ##########
2021-04-07 11:45:04,756:INFO:Loading datasets ...
2021-04-07 11:45:05,060:INFO:Test users: ['dorn9', 'dorn13']
2021-04-07 11:45:05,060:INFO:Features encoded: ['sex', 'clothing']
2021-04-07 11:45:05,060:INFO:Finding Cohorts ...
2021-04-07 11:45:05,062:INFO:Finding cohorts using: hsps
2021-04-07 11:45:05,064:INFO:Training Cohort models ...
2021-04-07 11:47:25,303:INFO:Cohort assignation ...
2021-04-07 11:47:25,303:INFO:Matching via hsps
2021-04-07 11:47:25,303:INFO:Cohort evaluation ...
2021-04-07 11:47:25,365:INFO:Baseline holistic ...
2021-04-07 11:49:11,578:INFO:Baseline pcm ...
2021-04-07 11:49:11,578:INFO:Loading precomputed pcm ...
2021-04-07 11:49:11,712:INFO:########## Finished iteration 16 ##########
2021-04-07 11:49:11,712:INFO:########## Iteration 17 ##########
2021-04-07 11:49:11,712:INFO:Loading datasets ...
2021-04-07 11:49:12,014:INFO:Test users: ['dorn9', 'dorn18']
2021-04-07 11:49:12,014:INFO:Features encoded: ['sex', 'clothing']
2021-04-07 11:49:12,014:INFO:Finding Cohorts ...
2021-04-07 11:49:12,015:INFO:Finding cohorts using: hsps
2021-04-07 11:49:12,018:INFO:Training Cohort models ...
2021-04-07 11:51:05,314:INFO:Cohort assignation ...
2021-04-07 11:51:05,314:INFO:Matching via hsps
2021-04-07 11:51:05,315:INFO:Cohort evaluation ...
2021-04-07 11:51:05,345:INFO:Baseline holistic ...
2021-04-07 11:52:51,390:INFO:Baseline pcm ...
2021-04-07 11:52:51,391:INFO:Loading precomputed pcm ...
2021-04-07 11:52:51,524:INFO:########## Finished iteration 17 ##########
2021-04-07 11:52:51,525:INFO:########## Iteration 18 ##########
2021-04-07 11:52:51,525:INFO:Loading datasets ...
2021-04-07 11:52:51,823:INFO:Test users: ['dorn7', 'dorn10']
2021-04-07 11:52:51,824:INFO:Features encoded: ['sex', 'clothing']
2021-04-07 11:52:51,824:INFO:Finding Cohorts ...
2021-04-07 11:52:51,824:INFO:Finding cohorts using: hsps
2021-04-07 11:52:51,826:INFO:Training Cohort models ...
2021-04-07 11:54:45,133:INFO:Cohort assignation ...
2021-04-07 11:54:45,133:INFO:Matching via hsps
2021-04-07 11:54:45,134:INFO:Cohort evaluation ...
2021-04-07 11:54:45,165:INFO:Baseline holistic ...
2021-04-07 11:55:59,956:INFO:Baseline pcm ...
2021-04-07 11:55:59,956:INFO:Loading precomputed pcm ...
2021-04-07 11:56:00,099:INFO:########## Finished iteration 18 ##########
2021-04-07 11:56:00,100:INFO:########## Iteration 19 ##########
2021-04-07 11:56:00,100:INFO:Loading datasets ...
2021-04-07 11:56:00,450:INFO:Test users: ['dorn3', 'dorn20']
2021-04-07 11:56:00,450:INFO:Features encoded: ['sex', 'clothing']
2021-04-07 11:56:00,450:INFO:Finding Cohorts ...
2021-04-07 11:56:00,451:INFO:Finding cohorts using: hsps
2021-04-07 11:56:00,453:INFO:Training Cohort models ...
2021-04-07 11:58:50,503:INFO:Cohort assignation ...
2021-04-07 11:58:50,503:INFO:Matching via hsps
2021-04-07 11:58:50,504:INFO:Cohort evaluation ...
2021-04-07 11:58:50,595:INFO:Baseline holistic ...
2021-04-07 12:00:05,018:INFO:Baseline pcm ...
2021-04-07 12:00:05,018:INFO:Loading precomputed pcm ...
2021-04-07 12:00:05,218:INFO:########## Finished iteration 19 ##########
2021-04-07 12:00:05,219:INFO:########## Iteration 20 ##########
2021-04-07 12:00:05,219:INFO:Loading datasets ...
2021-04-07 12:00:05,521:INFO:Test users: ['dorn7', 'dorn19']
2021-04-07 12:00:05,521:INFO:Features encoded: ['sex', 'clothing']
2021-04-07 12:00:05,521:INFO:Finding Cohorts ...
2021-04-07 12:00:05,523:INFO:Finding cohorts using: hsps
2021-04-07 12:00:05,525:INFO:Training Cohort models ...
2021-04-07 12:02:13,703:INFO:Cohort assignation ...
2021-04-07 12:02:13,703:INFO:Matching via hsps
2021-04-07 12:02:13,704:INFO:Cohort evaluation ...
2021-04-07 12:02:13,769:INFO:Baseline holistic ...
2021-04-07 12:03:44,662:INFO:Baseline pcm ...
2021-04-07 12:03:44,662:INFO:Loading precomputed pcm ...
2021-04-07 12:03:44,802:INFO:########## Finished iteration 20 ##########
2021-04-07 12:03:44,802:INFO:########## Iteration 21 ##########
2021-04-07 12:03:44,802:INFO:Loading datasets ...
2021-04-07 12:03:45,108:INFO:Test users: ['dorn9', 'dorn17']
2021-04-07 12:03:45,108:INFO:Features encoded: ['sex', 'clothing']
2021-04-07 12:03:45,108:INFO:Finding Cohorts ...
2021-04-07 12:03:45,109:INFO:Finding cohorts using: hsps
2021-04-07 12:03:45,111:INFO:Training Cohort models ...
2021-04-07 12:06:14,833:INFO:Cohort assignation ...
2021-04-07 12:06:14,839:INFO:Matching via hsps
2021-04-07 12:06:14,875:INFO:Cohort evaluation ...
2021-04-07 12:06:14,981:INFO:Baseline holistic ...
2021-04-07 12:08:05,245:INFO:Baseline pcm ...
2021-04-07 12:08:05,245:INFO:Loading precomputed pcm ...
2021-04-07 12:08:05,909:INFO:########## Finished iteration 21 ##########
2021-04-07 12:08:05,909:INFO:########## Iteration 22 ##########
2021-04-07 12:08:05,909:INFO:Loading datasets ...
2021-04-07 12:08:06,231:INFO:Test users: ['dorn13', 'dorn5']
2021-04-07 12:08:06,231:INFO:Features encoded: ['sex', 'clothing']
2021-04-07 12:08:06,231:INFO:Finding Cohorts ...
2021-04-07 12:08:06,233:INFO:Finding cohorts using: hsps
2021-04-07 12:08:06,235:INFO:Training Cohort models ...
2021-04-07 12:09:58,978:INFO:Cohort assignation ...
2021-04-07 12:09:58,978:INFO:Matching via hsps
2021-04-07 12:09:58,979:INFO:Cohort evaluation ...
2021-04-07 12:09:59,010:INFO:Baseline holistic ...
2021-04-07 12:11:28,943:INFO:Baseline pcm ...
2021-04-07 12:11:28,943:INFO:Loading precomputed pcm ...
2021-04-07 12:11:29,098:INFO:########## Finished iteration 22 ##########
2021-04-07 12:11:29,098:INFO:########## Iteration 23 ##########
2021-04-07 12:11:29,098:INFO:Loading datasets ...
2021-04-07 12:11:29,405:INFO:Test users: ['dorn10', 'dorn17']
2021-04-07 12:11:29,405:INFO:Features encoded: ['sex', 'clothing']
2021-04-07 12:11:29,405:INFO:Finding Cohorts ...
2021-04-07 12:11:29,406:INFO:Finding cohorts using: hsps
2021-04-07 12:11:29,407:INFO:Training Cohort models ...
2021-04-07 12:13:51,076:INFO:Cohort assignation ...
2021-04-07 12:13:51,076:INFO:Matching via hsps
2021-04-07 12:13:51,076:INFO:Cohort evaluation ...
2021-04-07 12:13:51,140:INFO:Baseline holistic ...
2021-04-07 12:15:38,941:INFO:Baseline pcm ...
2021-04-07 12:15:38,941:INFO:Loading precomputed pcm ...
2021-04-07 12:15:39,142:INFO:########## Finished iteration 23 ##########
2021-04-07 12:15:39,142:INFO:########## Iteration 24 ##########
2021-04-07 12:15:39,142:INFO:Loading datasets ...
2021-04-07 12:15:39,448:INFO:Test users: ['dorn13', 'dorn17']
2021-04-07 12:15:39,448:INFO:Features encoded: ['sex', 'clothing']
2021-04-07 12:15:39,448:INFO:Finding Cohorts ...
2021-04-07 12:15:39,449:INFO:Finding cohorts using: hsps
2021-04-07 12:15:39,451:INFO:Training Cohort models ...
2021-04-07 12:17:32,168:INFO:Cohort assignation ...
2021-04-07 12:17:32,169:INFO:Matching via hsps
2021-04-07 12:17:32,169:INFO:Cohort evaluation ...
2021-04-07 12:17:32,200:INFO:Baseline holistic ...
2021-04-07 12:19:18,873:INFO:Baseline pcm ...
2021-04-07 12:19:18,873:INFO:Loading precomputed pcm ...
2021-04-07 12:19:19,007:INFO:########## Finished iteration 24 ##########
2021-04-07 12:19:19,008:INFO:########## Iteration 25 ##########
2021-04-07 12:19:19,008:INFO:Loading datasets ...
2021-04-07 12:19:19,312:INFO:Test users: ['dorn13', 'dorn20']
2021-04-07 12:19:19,313:INFO:Features encoded: ['sex', 'clothing']
2021-04-07 12:19:19,313:INFO:Finding Cohorts ...
2021-04-07 12:19:19,313:INFO:Finding cohorts using: hsps
2021-04-07 12:19:19,315:INFO:Training Cohort models ...
2021-04-07 12:21:26,054:INFO:Cohort assignation ...
2021-04-07 12:21:26,054:INFO:Matching via hsps
2021-04-07 12:21:26,055:INFO:Cohort evaluation ...
2021-04-07 12:21:26,085:INFO:Baseline holistic ...
2021-04-07 12:22:56,183:INFO:Baseline pcm ...
2021-04-07 12:22:56,183:INFO:Loading precomputed pcm ...
2021-04-07 12:22:56,318:INFO:########## Finished iteration 25 ##########
2021-04-07 12:22:56,319:INFO:########## Iteration 26 ##########
2021-04-07 12:22:56,319:INFO:Loading datasets ...
2021-04-07 12:22:56,624:INFO:Test users: ['dorn10', 'dorn20']
2021-04-07 12:22:56,624:INFO:Features encoded: ['sex', 'clothing']
2021-04-07 12:22:56,624:INFO:Finding Cohorts ...
2021-04-07 12:22:56,625:INFO:Finding cohorts using: hsps
2021-04-07 12:22:56,627:INFO:Training Cohort models ...
2021-04-07 12:25:17,060:INFO:Cohort assignation ...
2021-04-07 12:25:17,060:INFO:Matching via hsps
2021-04-07 12:25:17,060:INFO:Cohort evaluation ...
2021-04-07 12:25:17,154:INFO:Baseline holistic ...
2021-04-07 12:26:48,623:INFO:Baseline pcm ...
2021-04-07 12:26:48,623:INFO:Loading precomputed pcm ...
2021-04-07 12:26:48,758:INFO:########## Finished iteration 26 ##########
2021-04-07 12:26:48,758:INFO:########## Iteration 27 ##########
2021-04-07 12:26:48,758:INFO:Loading datasets ...
2021-04-07 12:26:49,063:INFO:Test users: ['dorn19', 'dorn5']
2021-04-07 12:26:49,063:INFO:Features encoded: ['sex', 'clothing']
2021-04-07 12:26:49,063:INFO:Finding Cohorts ...
2021-04-07 12:26:49,064:INFO:Finding cohorts using: hsps
2021-04-07 12:26:49,066:INFO:Training Cohort models ...
2021-04-07 12:29:08,843:INFO:Cohort assignation ...
2021-04-07 12:29:08,843:INFO:Matching via hsps
2021-04-07 12:29:08,844:INFO:Cohort evaluation ...
2021-04-07 12:29:08,937:INFO:Baseline holistic ...
2021-04-07 12:30:21,489:INFO:Baseline pcm ...
2021-04-07 12:30:21,489:INFO:Loading precomputed pcm ...
2021-04-07 12:30:21,626:INFO:########## Finished iteration 27 ##########
2021-04-07 12:30:21,626:INFO:########## Iteration 28 ##########
2021-04-07 12:30:21,626:INFO:Loading datasets ...
2021-04-07 12:30:21,928:INFO:Test users: ['dorn9', 'dorn5']
2021-04-07 12:30:21,928:INFO:Features encoded: ['sex', 'clothing']
2021-04-07 12:30:21,928:INFO:Finding Cohorts ...
2021-04-07 12:30:21,929:INFO:Finding cohorts using: hsps
2021-04-07 12:30:21,931:INFO:Training Cohort models ...
2021-04-07 12:32:29,131:INFO:Cohort assignation ...
2021-04-07 12:32:29,131:INFO:Matching via hsps
2021-04-07 12:32:29,132:INFO:Cohort evaluation ...
2021-04-07 12:32:29,195:INFO:Baseline holistic ...
2021-04-07 12:33:59,278:INFO:Baseline pcm ...
2021-04-07 12:33:59,278:INFO:Loading precomputed pcm ...
2021-04-07 12:33:59,416:INFO:########## Finished iteration 28 ##########
2021-04-07 12:33:59,416:INFO:########## Iteration 29 ##########
2021-04-07 12:33:59,416:INFO:Loading datasets ...
2021-04-07 12:33:59,725:INFO:Test users: ['dorn13', 'dorn9']
2021-04-07 12:33:59,725:INFO:Features encoded: ['sex', 'clothing']
2021-04-07 12:33:59,725:INFO:Finding Cohorts ...
2021-04-07 12:33:59,726:INFO:Finding cohorts using: hsps
2021-04-07 12:33:59,727:INFO:Training Cohort models ...
2021-04-07 12:36:07,762:INFO:Cohort assignation ...
2021-04-07 12:36:07,762:INFO:Matching via hsps
2021-04-07 12:36:07,763:INFO:Cohort evaluation ...
2021-04-07 12:36:07,810:INFO:Baseline holistic ...
2021-04-07 12:37:54,988:INFO:Baseline pcm ...
2021-04-07 12:37:54,988:INFO:Loading precomputed pcm ...
2021-04-07 12:37:55,125:INFO:########## Finished iteration 29 ##########
2021-04-07 12:37:55,125:INFO:########## Iteration 30 ##########
2021-04-07 12:37:55,125:INFO:Loading datasets ...
2021-04-07 12:37:55,431:INFO:Test users: ['dorn13', 'dorn5']
2021-04-07 12:37:55,431:INFO:Features encoded: ['sex', 'clothing']
2021-04-07 12:37:55,431:INFO:Finding Cohorts ...
2021-04-07 12:37:55,432:INFO:Finding cohorts using: hsps
2021-04-07 12:37:55,434:INFO:Training Cohort models ...
2021-04-07 12:40:29,957:INFO:Cohort assignation ...
2021-04-07 12:40:29,957:INFO:Matching via hsps
2021-04-07 12:40:29,958:INFO:Cohort evaluation ...
2021-04-07 12:40:30,036:INFO:Baseline holistic ...
2021-04-07 12:42:17,271:INFO:Baseline pcm ...
2021-04-07 12:42:17,271:INFO:Loading precomputed pcm ...
2021-04-07 12:42:17,410:INFO:########## Finished iteration 30 ##########
2021-04-07 12:42:17,410:INFO:########## Iteration 31 ##########
2021-04-07 12:42:17,410:INFO:Loading datasets ...
2021-04-07 12:42:17,720:INFO:Test users: ['dorn3', 'dorn5']
2021-04-07 12:42:17,721:INFO:Features encoded: ['sex', 'clothing']
2021-04-07 12:42:17,721:INFO:Finding Cohorts ...
2021-04-07 12:42:17,722:INFO:Finding cohorts using: hsps
2021-04-07 12:42:17,724:INFO:Training Cohort models ...
2021-04-07 12:44:38,645:INFO:Cohort assignation ...
2021-04-07 12:44:38,645:INFO:Matching via hsps
2021-04-07 12:44:38,646:INFO:Cohort evaluation ...
2021-04-07 12:44:38,708:INFO:Baseline holistic ...
2021-04-07 12:46:07,612:INFO:Baseline pcm ...
2021-04-07 12:46:07,612:INFO:Loading precomputed pcm ...
2021-04-07 12:46:07,747:INFO:########## Finished iteration 31 ##########
2021-04-07 12:46:07,747:INFO:########## Iteration 32 ##########
2021-04-07 12:46:07,747:INFO:Loading datasets ...
2021-04-07 12:46:08,049:INFO:Test users: ['dorn19', 'dorn5']
2021-04-07 12:46:08,049:INFO:Features encoded: ['sex', 'clothing']
2021-04-07 12:46:08,050:INFO:Finding Cohorts ...
2021-04-07 12:46:08,050:INFO:Finding cohorts using: hsps
2021-04-07 12:46:08,053:INFO:Training Cohort models ...
2021-04-07 12:48:13,318:INFO:Cohort assignation ...
2021-04-07 12:48:13,318:INFO:Matching via hsps
2021-04-07 12:48:13,318:INFO:Cohort evaluation ...
2021-04-07 12:48:13,349:INFO:Baseline holistic ...
2021-04-07 12:49:26,042:INFO:Baseline pcm ...
2021-04-07 12:49:26,042:INFO:Loading precomputed pcm ...
2021-04-07 12:49:26,176:INFO:########## Finished iteration 32 ##########
2021-04-07 12:49:26,176:INFO:########## Iteration 33 ##########
2021-04-07 12:49:26,176:INFO:Loading datasets ...
2021-04-07 12:49:26,481:INFO:Test users: ['dorn5', 'dorn3']
2021-04-07 12:49:26,482:INFO:Features encoded: ['sex', 'clothing']
2021-04-07 12:49:26,482:INFO:Finding Cohorts ...
2021-04-07 12:49:26,482:INFO:Finding cohorts using: hsps
2021-04-07 12:49:26,484:INFO:Training Cohort models ...
2021-04-07 12:51:45,092:INFO:Cohort assignation ...
2021-04-07 12:51:45,092:INFO:Matching via hsps
2021-04-07 12:51:45,093:INFO:Cohort evaluation ...
2021-04-07 12:51:45,154:INFO:Baseline holistic ...
2021-04-07 12:53:29,681:INFO:Baseline pcm ...
2021-04-07 12:53:29,682:INFO:Loading precomputed pcm ...
2021-04-07 12:53:29,877:INFO:########## Finished iteration 33 ##########
2021-04-07 12:53:29,877:INFO:########## Iteration 34 ##########
2021-04-07 12:53:29,877:INFO:Loading datasets ...
2021-04-07 12:53:30,182:INFO:Test users: ['dorn9', 'dorn5']
2021-04-07 12:53:30,182:INFO:Features encoded: ['sex', 'clothing']
2021-04-07 12:53:30,183:INFO:Finding Cohorts ...
2021-04-07 12:53:30,183:INFO:Finding cohorts using: hsps
2021-04-07 12:53:30,186:INFO:Training Cohort models ...
2021-04-07 12:55:50,626:INFO:Cohort assignation ...
2021-04-07 12:55:50,627:INFO:Matching via hsps
2021-04-07 12:55:50,627:INFO:Cohort evaluation ...
2021-04-07 12:55:50,721:INFO:Baseline holistic ...
2021-04-07 12:57:36,468:INFO:Baseline pcm ...
2021-04-07 12:57:36,468:INFO:Loading precomputed pcm ...
2021-04-07 12:57:36,601:INFO:########## Finished iteration 34 ##########
2021-04-07 12:57:36,601:INFO:########## Iteration 35 ##########
2021-04-07 12:57:36,601:INFO:Loading datasets ...
2021-04-07 12:57:36,908:INFO:Test users: ['dorn9', 'dorn18']
2021-04-07 12:57:36,908:INFO:Features encoded: ['sex', 'clothing']
2021-04-07 12:57:36,908:INFO:Finding Cohorts ...
2021-04-07 12:57:36,909:INFO:Finding cohorts using: hsps
2021-04-07 12:57:36,912:INFO:Training Cohort models ...
2021-04-07 13:00:10,762:INFO:Cohort assignation ...
2021-04-07 13:00:10,762:INFO:Matching via hsps
2021-04-07 13:00:10,763:INFO:Cohort evaluation ...
2021-04-07 13:00:10,838:INFO:Baseline holistic ...
2021-04-07 13:01:40,428:INFO:Baseline pcm ...
2021-04-07 13:01:40,428:INFO:Loading precomputed pcm ...
2021-04-07 13:01:40,622:INFO:########## Finished iteration 35 ##########
2021-04-07 13:01:40,623:INFO:########## Iteration 36 ##########
2021-04-07 13:01:40,623:INFO:Loading datasets ...
2021-04-07 13:01:40,927:INFO:Test users: ['dorn17', 'dorn18']
2021-04-07 13:01:40,927:INFO:Features encoded: ['sex', 'clothing']
2021-04-07 13:01:40,927:INFO:Finding Cohorts ...
2021-04-07 13:01:40,928:INFO:Finding cohorts using: hsps
2021-04-07 13:01:40,931:INFO:Training Cohort models ...
2021-04-07 13:04:13,978:INFO:Cohort assignation ...
2021-04-07 13:04:13,978:INFO:Matching via hsps
2021-04-07 13:04:13,979:INFO:Cohort evaluation ...
2021-04-07 13:04:14,054:INFO:Baseline holistic ...
2021-04-07 13:05:43,068:INFO:Baseline pcm ...
2021-04-07 13:05:43,068:INFO:Loading precomputed pcm ...
2021-04-07 13:05:43,262:INFO:########## Finished iteration 36 ##########
2021-04-07 13:05:43,262:INFO:########## Iteration 37 ##########
2021-04-07 13:05:43,262:INFO:Loading datasets ...
2021-04-07 13:05:43,567:INFO:Test users: ['dorn17', 'dorn7']
2021-04-07 13:05:43,568:INFO:Features encoded: ['sex', 'clothing']
2021-04-07 13:05:43,568:INFO:Finding Cohorts ...
2021-04-07 13:05:43,569:INFO:Finding cohorts using: hsps
2021-04-07 13:05:43,571:INFO:Training Cohort models ...
2021-04-07 13:08:15,974:INFO:Cohort assignation ...
2021-04-07 13:08:15,974:INFO:Matching via hsps
2021-04-07 13:08:15,975:INFO:Cohort evaluation ...
2021-04-07 13:08:16,035:INFO:Baseline holistic ...
2021-04-07 13:09:45,312:INFO:Baseline pcm ...
2021-04-07 13:09:45,312:INFO:Loading precomputed pcm ...
2021-04-07 13:09:45,510:INFO:########## Finished iteration 37 ##########
2021-04-07 13:09:45,511:INFO:########## Iteration 38 ##########
2021-04-07 13:09:45,511:INFO:Loading datasets ...
2021-04-07 13:09:45,812:INFO:Test users: ['dorn7', 'dorn13']
2021-04-07 13:09:45,812:INFO:Features encoded: ['sex', 'clothing']
2021-04-07 13:09:45,813:INFO:Finding Cohorts ...
2021-04-07 13:09:45,814:INFO:Finding cohorts using: hsps
2021-04-07 13:09:45,816:INFO:Training Cohort models ...
2021-04-07 13:12:04,683:INFO:Cohort assignation ...
2021-04-07 13:12:04,683:INFO:Matching via hsps
2021-04-07 13:12:04,684:INFO:Cohort evaluation ...
2021-04-07 13:12:04,746:INFO:Baseline holistic ...
2021-04-07 13:13:51,354:INFO:Baseline pcm ...
2021-04-07 13:13:51,354:INFO:Loading precomputed pcm ...
2021-04-07 13:13:51,550:INFO:########## Finished iteration 38 ##########
2021-04-07 13:13:51,550:INFO:########## Iteration 39 ##########
2021-04-07 13:13:51,550:INFO:Loading datasets ...
2021-04-07 13:13:51,853:INFO:Test users: ['dorn9', 'dorn18']
2021-04-07 13:13:51,854:INFO:Features encoded: ['sex', 'clothing']
2021-04-07 13:13:51,854:INFO:Finding Cohorts ...
2021-04-07 13:13:51,855:INFO:Finding cohorts using: hsps
2021-04-07 13:13:51,857:INFO:Training Cohort models ...
2021-04-07 13:16:14,398:INFO:Cohort assignation ...
2021-04-07 13:16:14,398:INFO:Matching via hsps
2021-04-07 13:16:14,399:INFO:Cohort evaluation ...
2021-04-07 13:16:14,460:INFO:Baseline holistic ...
2021-04-07 13:17:29,657:INFO:Baseline pcm ...
2021-04-07 13:17:29,657:INFO:Loading precomputed pcm ...
2021-04-07 13:17:29,794:INFO:########## Finished iteration 39 ##########
2021-04-07 13:17:29,795:INFO:########## Iteration 40 ##########
2021-04-07 13:17:29,795:INFO:Loading datasets ...
2021-04-07 13:17:30,105:INFO:Test users: ['dorn5', 'dorn13']
2021-04-07 13:17:30,105:INFO:Features encoded: ['sex', 'clothing']
2021-04-07 13:17:30,105:INFO:Finding Cohorts ...
2021-04-07 13:17:30,106:INFO:Finding cohorts using: hsps
2021-04-07 13:17:30,108:INFO:Training Cohort models ...
2021-04-07 13:19:25,333:INFO:Cohort assignation ...
2021-04-07 13:19:25,333:INFO:Matching via hsps
2021-04-07 13:19:25,333:INFO:Cohort evaluation ...
2021-04-07 13:19:25,365:INFO:Baseline holistic ...
2021-04-07 13:21:14,395:INFO:Baseline pcm ...
2021-04-07 13:21:14,395:INFO:Loading precomputed pcm ...
2021-04-07 13:21:14,530:INFO:########## Finished iteration 40 ##########
2021-04-07 13:21:14,531:INFO:########## Iteration 41 ##########
2021-04-07 13:21:14,531:INFO:Loading datasets ...
2021-04-07 13:21:14,844:INFO:Test users: ['dorn13', 'dorn9']
2021-04-07 13:21:14,844:INFO:Features encoded: ['sex', 'clothing']
2021-04-07 13:21:14,844:INFO:Finding Cohorts ...
2021-04-07 13:21:14,845:INFO:Finding cohorts using: hsps
2021-04-07 13:21:14,847:INFO:Training Cohort models ...
2021-04-07 13:24:08,318:INFO:Cohort assignation ...
2021-04-07 13:24:08,318:INFO:Matching via hsps
2021-04-07 13:24:08,319:INFO:Cohort evaluation ...
2021-04-07 13:24:08,421:INFO:Baseline holistic ...
2021-04-07 13:25:52,236:INFO:Baseline pcm ...
2021-04-07 13:25:52,239:INFO:Loading precomputed pcm ...
2021-04-07 13:25:53,275:INFO:########## Finished iteration 41 ##########
2021-04-07 13:25:53,275:INFO:########## Iteration 42 ##########
2021-04-07 13:25:53,275:INFO:Loading datasets ...
2021-04-07 13:25:53,610:INFO:Test users: ['dorn20', 'dorn19']
2021-04-07 13:25:53,610:INFO:Features encoded: ['sex', 'clothing']
2021-04-07 13:25:53,610:INFO:Finding Cohorts ...
2021-04-07 13:25:53,642:INFO:Finding cohorts using: hsps
2021-04-07 13:25:53,645:INFO:Training Cohort models ...
2021-04-07 13:28:18,422:INFO:Cohort assignation ...
2021-04-07 13:28:18,422:INFO:Matching via hsps
2021-04-07 13:28:18,423:INFO:Cohort evaluation ...
2021-04-07 13:28:18,484:INFO:Baseline holistic ...
2021-04-07 13:29:33,829:INFO:Baseline pcm ...
2021-04-07 13:29:33,829:INFO:Loading precomputed pcm ...
2021-04-07 13:29:34,016:INFO:########## Finished iteration 42 ##########
2021-04-07 13:29:34,016:INFO:########## Iteration 43 ##########
2021-04-07 13:29:34,017:INFO:Loading datasets ...
2021-04-07 13:29:34,325:INFO:Test users: ['dorn3', 'dorn20']
2021-04-07 13:29:34,325:INFO:Features encoded: ['sex', 'clothing']
2021-04-07 13:29:34,325:INFO:Finding Cohorts ...
2021-04-07 13:29:34,326:INFO:Finding cohorts using: hsps
2021-04-07 13:29:34,328:INFO:Training Cohort models ...
2021-04-07 13:31:29,684:INFO:Cohort assignation ...
2021-04-07 13:31:29,684:INFO:Matching via hsps
2021-04-07 13:31:29,685:INFO:Cohort evaluation ...
2021-04-07 13:31:29,716:INFO:Baseline holistic ...
2021-04-07 13:32:44,800:INFO:Baseline pcm ...
2021-04-07 13:32:44,800:INFO:Loading precomputed pcm ...
2021-04-07 13:32:44,938:INFO:########## Finished iteration 43 ##########
2021-04-07 13:32:44,938:INFO:########## Iteration 44 ##########
2021-04-07 13:32:44,939:INFO:Loading datasets ...
2021-04-07 13:32:45,244:INFO:Test users: ['dorn9', 'dorn5']
2021-04-07 13:32:45,245:INFO:Features encoded: ['sex', 'clothing']
2021-04-07 13:32:45,245:INFO:Finding Cohorts ...
2021-04-07 13:32:45,245:INFO:Finding cohorts using: hsps
2021-04-07 13:32:45,247:INFO:Training Cohort models ...
2021-04-07 13:35:23,327:INFO:Cohort assignation ...
2021-04-07 13:35:23,327:INFO:Matching via hsps
2021-04-07 13:35:23,328:INFO:Cohort evaluation ...
2021-04-07 13:35:23,424:INFO:Baseline holistic ...
2021-04-07 13:37:28,260:INFO:Baseline pcm ...
2021-04-07 13:37:28,262:INFO:Loading precomputed pcm ...
2021-04-07 13:37:29,122:INFO:########## Finished iteration 44 ##########
2021-04-07 13:37:29,122:INFO:########## Iteration 45 ##########
2021-04-07 13:37:29,122:INFO:Loading datasets ...
2021-04-07 13:37:29,474:INFO:Test users: ['dorn9', 'dorn20']
2021-04-07 13:37:29,474:INFO:Features encoded: ['sex', 'clothing']
2021-04-07 13:37:29,474:INFO:Finding Cohorts ...
2021-04-07 13:37:29,486:INFO:Finding cohorts using: hsps
2021-04-07 13:37:29,488:INFO:Training Cohort models ...
2021-04-07 13:39:51,596:INFO:Cohort assignation ...
2021-04-07 13:39:51,596:INFO:Matching via hsps
2021-04-07 13:39:51,597:INFO:Cohort evaluation ...
2021-04-07 13:39:51,658:INFO:Baseline holistic ...
2021-04-07 13:41:38,686:INFO:Baseline pcm ...
2021-04-07 13:41:38,686:INFO:Loading precomputed pcm ...
2021-04-07 13:41:38,856:INFO:########## Finished iteration 45 ##########
2021-04-07 13:41:38,856:INFO:########## Iteration 46 ##########
2021-04-07 13:41:38,856:INFO:Loading datasets ...
2021-04-07 13:41:39,163:INFO:Test users: ['dorn19', 'dorn9']
2021-04-07 13:41:39,163:INFO:Features encoded: ['sex', 'clothing']
2021-04-07 13:41:39,163:INFO:Finding Cohorts ...
2021-04-07 13:41:39,164:INFO:Finding cohorts using: hsps
2021-04-07 13:41:39,166:INFO:Training Cohort models ...
2021-04-07 13:43:46,530:INFO:Cohort assignation ...
2021-04-07 13:43:46,530:INFO:Matching via hsps
2021-04-07 13:43:46,530:INFO:Cohort evaluation ...
2021-04-07 13:43:46,592:INFO:Baseline holistic ...
2021-04-07 13:45:00,000:INFO:Baseline pcm ...
2021-04-07 13:45:00,000:INFO:Loading precomputed pcm ...
2021-04-07 13:45:00,135:INFO:########## Finished iteration 46 ##########
2021-04-07 13:45:00,136:INFO:########## Iteration 47 ##########
2021-04-07 13:45:00,136:INFO:Loading datasets ...
2021-04-07 13:45:00,441:INFO:Test users: ['dorn3', 'dorn18']
2021-04-07 13:45:00,442:INFO:Features encoded: ['sex', 'clothing']
2021-04-07 13:45:00,442:INFO:Finding Cohorts ...
2021-04-07 13:45:00,442:INFO:Finding cohorts using: hsps
2021-04-07 13:45:00,445:INFO:Training Cohort models ...
2021-04-07 13:47:34,364:INFO:Cohort assignation ...
2021-04-07 13:47:34,364:INFO:Matching via hsps
2021-04-07 13:47:34,364:INFO:Cohort evaluation ...
2021-04-07 13:47:34,424:INFO:Baseline holistic ...
2021-04-07 13:49:03,776:INFO:Baseline pcm ...
2021-04-07 13:49:03,776:INFO:Loading precomputed pcm ...
2021-04-07 13:49:03,977:INFO:########## Finished iteration 47 ##########
2021-04-07 13:49:03,977:INFO:########## Iteration 48 ##########
2021-04-07 13:49:03,977:INFO:Loading datasets ...
2021-04-07 13:49:04,288:INFO:Test users: ['dorn19', 'dorn20']
2021-04-07 13:49:04,288:INFO:Features encoded: ['sex', 'clothing']
2021-04-07 13:49:04,288:INFO:Finding Cohorts ...
2021-04-07 13:49:04,290:INFO:Finding cohorts using: hsps
2021-04-07 13:49:04,292:INFO:Training Cohort models ...
2021-04-07 13:50:57,908:INFO:Cohort assignation ...
2021-04-07 13:50:57,908:INFO:Matching via hsps
2021-04-07 13:50:57,909:INFO:Cohort evaluation ...
2021-04-07 13:50:57,939:INFO:Baseline holistic ...
2021-04-07 13:52:11,460:INFO:Baseline pcm ...
2021-04-07 13:52:11,460:INFO:Loading precomputed pcm ...
2021-04-07 13:52:11,597:INFO:########## Finished iteration 48 ##########
2021-04-07 13:52:11,597:INFO:########## Iteration 49 ##########
2021-04-07 13:52:11,598:INFO:Loading datasets ...
2021-04-07 13:52:11,910:INFO:Test users: ['dorn18', 'dorn7']
2021-04-07 13:52:11,910:INFO:Features encoded: ['sex', 'clothing']
2021-04-07 13:52:11,910:INFO:Finding Cohorts ...
2021-04-07 13:52:11,910:INFO:Finding cohorts using: hsps
2021-04-07 13:52:11,912:INFO:Training Cohort models ...
2021-04-07 13:54:45,353:INFO:Cohort assignation ...
2021-04-07 13:54:45,354:INFO:Matching via hsps
2021-04-07 13:54:45,354:INFO:Cohort evaluation ...
2021-04-07 13:54:45,431:INFO:Baseline holistic ...
2021-04-07 13:56:30,652:INFO:Baseline pcm ...
2021-04-07 13:56:30,652:INFO:Loading precomputed pcm ...
2021-04-07 13:56:30,795:INFO:########## Finished iteration 49 ##########
2021-04-07 13:56:30,795:INFO:########## Iteration 50 ##########
2021-04-07 13:56:30,795:INFO:Loading datasets ...
2021-04-07 13:56:31,104:INFO:Test users: ['dorn3', 'dorn17']
2021-04-07 13:56:31,104:INFO:Features encoded: ['sex', 'clothing']
2021-04-07 13:56:31,104:INFO:Finding Cohorts ...
2021-04-07 13:56:31,105:INFO:Finding cohorts using: hsps
2021-04-07 13:56:31,107:INFO:Training Cohort models ...
2021-04-07 13:58:37,437:INFO:Cohort assignation ...
2021-04-07 13:58:37,437:INFO:Matching via hsps
2021-04-07 13:58:37,438:INFO:Cohort evaluation ...
2021-04-07 13:58:37,483:INFO:Baseline holistic ...
2021-04-07 13:59:50,509:INFO:Baseline pcm ...
2021-04-07 13:59:50,510:INFO:Loading precomputed pcm ...
2021-04-07 13:59:50,646:INFO:########## Finished iteration 50 ##########
2021-04-07 13:59:50,646:INFO:########## Iteration 51 ##########
2021-04-07 13:59:50,646:INFO:Loading datasets ...
2021-04-07 13:59:50,951:INFO:Test users: ['dorn18', 'dorn3']
2021-04-07 13:59:50,951:INFO:Features encoded: ['sex', 'clothing']
2021-04-07 13:59:50,952:INFO:Finding Cohorts ...
2021-04-07 13:59:50,952:INFO:Finding cohorts using: hsps
2021-04-07 13:59:50,954:INFO:Training Cohort models ...
2021-04-07 14:02:11,466:INFO:Cohort assignation ...
2021-04-07 14:02:11,466:INFO:Matching via hsps
2021-04-07 14:02:11,466:INFO:Cohort evaluation ...
2021-04-07 14:02:11,497:INFO:Baseline holistic ...
2021-04-07 14:03:56,499:INFO:Baseline pcm ...
2021-04-07 14:03:56,499:INFO:Loading precomputed pcm ...
2021-04-07 14:03:56,634:INFO:########## Finished iteration 51 ##########
2021-04-07 14:03:56,634:INFO:########## Iteration 52 ##########
2021-04-07 14:03:56,634:INFO:Loading datasets ...
2021-04-07 14:03:56,944:INFO:Test users: ['dorn7', 'dorn20']
2021-04-07 14:03:56,944:INFO:Features encoded: ['sex', 'clothing']
2021-04-07 14:03:56,944:INFO:Finding Cohorts ...
2021-04-07 14:03:56,945:INFO:Finding cohorts using: hsps
2021-04-07 14:03:56,948:INFO:Training Cohort models ...
2021-04-07 14:06:17,196:INFO:Cohort assignation ...
2021-04-07 14:06:17,197:INFO:Matching via hsps
2021-04-07 14:06:17,197:INFO:Cohort evaluation ...
2021-04-07 14:06:17,258:INFO:Baseline holistic ...
2021-04-07 14:08:02,898:INFO:Baseline pcm ...
2021-04-07 14:08:02,898:INFO:Loading precomputed pcm ...
2021-04-07 14:08:03,034:INFO:########## Finished iteration 52 ##########
2021-04-07 14:08:03,034:INFO:########## Iteration 53 ##########
2021-04-07 14:08:03,034:INFO:Loading datasets ...
2021-04-07 14:08:03,342:INFO:Test users: ['dorn19', 'dorn18']
2021-04-07 14:08:03,342:INFO:Features encoded: ['sex', 'clothing']
2021-04-07 14:08:03,342:INFO:Finding Cohorts ...
2021-04-07 14:08:03,343:INFO:Finding cohorts using: hsps
2021-04-07 14:08:03,345:INFO:Training Cohort models ...
2021-04-07 14:10:50,532:INFO:Cohort assignation ...
2021-04-07 14:10:50,532:INFO:Matching via hsps
2021-04-07 14:10:50,532:INFO:Cohort evaluation ...
2021-04-07 14:10:50,621:INFO:Baseline holistic ...
2021-04-07 14:12:35,940:INFO:Baseline pcm ...
2021-04-07 14:12:35,940:INFO:Loading precomputed pcm ...
2021-04-07 14:12:36,088:INFO:########## Finished iteration 53 ##########
2021-04-07 14:12:36,088:INFO:########## Iteration 54 ##########
2021-04-07 14:12:36,089:INFO:Loading datasets ...
2021-04-07 14:12:36,391:INFO:Test users: ['dorn10', 'dorn5']
2021-04-07 14:12:36,391:INFO:Features encoded: ['sex', 'clothing']
2021-04-07 14:12:36,391:INFO:Finding Cohorts ...
2021-04-07 14:12:36,393:INFO:Finding cohorts using: hsps
2021-04-07 14:12:36,395:INFO:Training Cohort models ...
2021-04-07 14:14:58,049:INFO:Cohort assignation ...
2021-04-07 14:14:58,049:INFO:Matching via hsps
2021-04-07 14:14:58,049:INFO:Cohort evaluation ...
2021-04-07 14:14:58,113:INFO:Baseline holistic ...
2021-04-07 14:16:12,738:INFO:Baseline pcm ...
2021-04-07 14:16:12,738:INFO:Loading precomputed pcm ...
2021-04-07 14:16:12,873:INFO:########## Finished iteration 54 ##########
2021-04-07 14:16:12,874:INFO:########## Iteration 55 ##########
2021-04-07 14:16:12,874:INFO:Loading datasets ...
2021-04-07 14:16:13,181:INFO:Test users: ['dorn20', 'dorn19']
2021-04-07 14:16:13,181:INFO:Features encoded: ['sex', 'clothing']
2021-04-07 14:16:13,181:INFO:Finding Cohorts ...
2021-04-07 14:16:13,182:INFO:Finding cohorts using: hsps
2021-04-07 14:16:13,185:INFO:Training Cohort models ...
2021-04-07 14:18:20,204:INFO:Cohort assignation ...
2021-04-07 14:18:20,204:INFO:Matching via hsps
2021-04-07 14:18:20,204:INFO:Cohort evaluation ...
2021-04-07 14:18:20,249:INFO:Baseline holistic ...
2021-04-07 14:20:06,533:INFO:Baseline pcm ...
2021-04-07 14:20:06,533:INFO:Loading precomputed pcm ...
2021-04-07 14:20:06,671:INFO:########## Finished iteration 55 ##########
2021-04-07 14:20:06,671:INFO:########## Iteration 56 ##########
2021-04-07 14:20:06,671:INFO:Loading datasets ...
2021-04-07 14:20:06,976:INFO:Test users: ['dorn19', 'dorn9']
2021-04-07 14:20:06,977:INFO:Features encoded: ['sex', 'clothing']
2021-04-07 14:20:06,977:INFO:Finding Cohorts ...
2021-04-07 14:20:06,977:INFO:Finding cohorts using: hsps
2021-04-07 14:20:06,979:INFO:Training Cohort models ...
2021-04-07 14:22:42,092:INFO:Cohort assignation ...
2021-04-07 14:22:42,092:INFO:Matching via hsps
2021-04-07 14:22:42,093:INFO:Cohort evaluation ...
2021-04-07 14:22:42,188:INFO:Baseline holistic ...
2021-04-07 14:23:55,480:INFO:Baseline pcm ...
2021-04-07 14:23:55,480:INFO:Loading precomputed pcm ...
2021-04-07 14:23:55,615:INFO:########## Finished iteration 56 ##########
2021-04-07 14:23:55,616:INFO:########## Iteration 57 ##########
2021-04-07 14:23:55,616:INFO:Loading datasets ...
2021-04-07 14:23:55,921:INFO:Test users: ['dorn9', 'dorn13']
2021-04-07 14:23:55,922:INFO:Features encoded: ['sex', 'clothing']
2021-04-07 14:23:55,922:INFO:Finding Cohorts ...
2021-04-07 14:23:55,923:INFO:Finding cohorts using: hsps
2021-04-07 14:23:55,925:INFO:Training Cohort models ...
2021-04-07 14:25:49,783:INFO:Cohort assignation ...
2021-04-07 14:25:49,783:INFO:Matching via hsps
2021-04-07 14:25:49,784:INFO:Cohort evaluation ...
2021-04-07 14:25:49,815:INFO:Baseline holistic ...
2021-04-07 14:27:20,430:INFO:Baseline pcm ...
2021-04-07 14:27:20,430:INFO:Loading precomputed pcm ...
2021-04-07 14:27:20,567:INFO:########## Finished iteration 57 ##########
2021-04-07 14:27:20,567:INFO:########## Iteration 58 ##########
2021-04-07 14:27:20,567:INFO:Loading datasets ...
2021-04-07 14:27:20,871:INFO:Test users: ['dorn7', 'dorn5']
2021-04-07 14:27:20,871:INFO:Features encoded: ['sex', 'clothing']
2021-04-07 14:27:20,871:INFO:Finding Cohorts ...
2021-04-07 14:27:20,872:INFO:Finding cohorts using: hsps
2021-04-07 14:27:20,874:INFO:Training Cohort models ...
2021-04-07 14:29:40,340:INFO:Cohort assignation ...
2021-04-07 14:29:40,340:INFO:Matching via hsps
2021-04-07 14:29:40,341:INFO:Cohort evaluation ...
2021-04-07 14:29:40,372:INFO:Baseline holistic ...
2021-04-07 14:31:26,669:INFO:Baseline pcm ...
2021-04-07 14:31:26,669:INFO:Loading precomputed pcm ...
2021-04-07 14:31:26,869:INFO:########## Finished iteration 58 ##########
2021-04-07 14:31:26,869:INFO:########## Iteration 59 ##########
2021-04-07 14:31:26,870:INFO:Loading datasets ...
2021-04-07 14:31:27,176:INFO:Test users: ['dorn20', 'dorn17']
2021-04-07 14:31:27,176:INFO:Features encoded: ['sex', 'clothing']
2021-04-07 14:31:27,176:INFO:Finding Cohorts ...
2021-04-07 14:31:27,177:INFO:Finding cohorts using: hsps
2021-04-07 14:31:27,180:INFO:Training Cohort models ...
2021-04-07 14:33:34,472:INFO:Cohort assignation ...
2021-04-07 14:33:34,472:INFO:Matching via hsps
2021-04-07 14:33:34,473:INFO:Cohort evaluation ...
2021-04-07 14:33:34,518:INFO:Baseline holistic ...
2021-04-07 14:34:48,414:INFO:Baseline pcm ...
2021-04-07 14:34:48,414:INFO:Loading precomputed pcm ...
2021-04-07 14:34:48,551:INFO:########## Finished iteration 59 ##########
2021-04-07 14:34:48,551:INFO:########## Iteration 60 ##########
2021-04-07 14:34:48,551:INFO:Loading datasets ...
2021-04-07 14:34:48,855:INFO:Test users: ['dorn19', 'dorn9']
2021-04-07 14:34:48,856:INFO:Features encoded: ['sex', 'clothing']
2021-04-07 14:34:48,856:INFO:Finding Cohorts ...
2021-04-07 14:34:48,856:INFO:Finding cohorts using: hsps
2021-04-07 14:34:48,859:INFO:Training Cohort models ...
2021-04-07 14:37:10,237:INFO:Cohort assignation ...
2021-04-07 14:37:10,237:INFO:Matching via hsps
2021-04-07 14:37:10,238:INFO:Cohort evaluation ...
2021-04-07 14:37:10,332:INFO:Baseline holistic ...
2021-04-07 14:38:40,217:INFO:Baseline pcm ...
2021-04-07 14:38:40,217:INFO:Loading precomputed pcm ...
2021-04-07 14:38:40,353:INFO:########## Finished iteration 60 ##########
2021-04-07 14:38:40,353:INFO:########## Iteration 61 ##########
2021-04-07 14:38:40,353:INFO:Loading datasets ...
2021-04-07 14:38:40,660:INFO:Test users: ['dorn3', 'dorn19']
2021-04-07 14:38:40,661:INFO:Features encoded: ['sex', 'clothing']
2021-04-07 14:38:40,661:INFO:Finding Cohorts ...
2021-04-07 14:38:40,662:INFO:Finding cohorts using: hsps
2021-04-07 14:38:40,664:INFO:Training Cohort models ...
2021-04-07 14:40:47,003:INFO:Cohort assignation ...
2021-04-07 14:40:47,003:INFO:Matching via hsps
2021-04-07 14:40:47,003:INFO:Cohort evaluation ...
2021-04-07 14:40:47,049:INFO:Baseline holistic ...
2021-04-07 14:41:59,602:INFO:Baseline pcm ...
2021-04-07 14:41:59,602:INFO:Loading precomputed pcm ...
2021-04-07 14:41:59,738:INFO:########## Finished iteration 61 ##########
2021-04-07 14:41:59,738:INFO:########## Iteration 62 ##########
2021-04-07 14:41:59,739:INFO:Loading datasets ...
2021-04-07 14:42:00,042:INFO:Test users: ['dorn3', 'dorn20']
2021-04-07 14:42:00,042:INFO:Features encoded: ['sex', 'clothing']
2021-04-07 14:42:00,042:INFO:Finding Cohorts ...
2021-04-07 14:42:00,043:INFO:Finding cohorts using: hsps
2021-04-07 14:42:00,045:INFO:Training Cohort models ...
2021-04-07 14:44:21,263:INFO:Cohort assignation ...
2021-04-07 14:44:21,263:INFO:Matching via hsps
2021-04-07 14:44:21,264:INFO:Cohort evaluation ...
2021-04-07 14:44:21,294:INFO:Baseline holistic ...
2021-04-07 14:46:07,542:INFO:Baseline pcm ...
2021-04-07 14:46:07,542:INFO:Loading precomputed pcm ...
2021-04-07 14:46:07,677:INFO:########## Finished iteration 62 ##########
2021-04-07 14:46:07,677:INFO:########## Iteration 63 ##########
2021-04-07 14:46:07,677:INFO:Loading datasets ...
2021-04-07 14:46:07,986:INFO:Test users: ['dorn17', 'dorn19']
2021-04-07 14:46:07,986:INFO:Features encoded: ['sex', 'clothing']
2021-04-07 14:46:07,986:INFO:Finding Cohorts ...
2021-04-07 14:46:07,987:INFO:Finding cohorts using: hsps
2021-04-07 14:46:07,989:INFO:Training Cohort models ...
2021-04-07 14:48:14,538:INFO:Cohort assignation ...
2021-04-07 14:48:14,538:INFO:Matching via hsps
2021-04-07 14:48:14,539:INFO:Cohort evaluation ...
2021-04-07 14:48:14,600:INFO:Baseline holistic ...
2021-04-07 14:49:44,275:INFO:Baseline pcm ...
2021-04-07 14:49:44,275:INFO:Loading precomputed pcm ...
2021-04-07 14:49:44,412:INFO:########## Finished iteration 63 ##########
2021-04-07 14:49:44,412:INFO:########## Iteration 64 ##########
2021-04-07 14:49:44,413:INFO:Loading datasets ...
2021-04-07 14:49:44,719:INFO:Test users: ['dorn18', 'dorn7']
2021-04-07 14:49:44,719:INFO:Features encoded: ['sex', 'clothing']
2021-04-07 14:49:44,719:INFO:Finding Cohorts ...
2021-04-07 14:49:44,720:INFO:Finding cohorts using: hsps
2021-04-07 14:49:44,722:INFO:Training Cohort models ...
2021-04-07 14:52:31,940:INFO:Cohort assignation ...
2021-04-07 14:52:31,940:INFO:Matching via hsps
2021-04-07 14:52:31,941:INFO:Cohort evaluation ...
2021-04-07 14:52:32,032:INFO:Baseline holistic ...
2021-04-07 14:54:17,722:INFO:Baseline pcm ...
2021-04-07 14:54:17,722:INFO:Loading precomputed pcm ...
2021-04-07 14:54:17,857:INFO:########## Finished iteration 64 ##########
2021-04-07 14:54:17,857:INFO:########## Iteration 65 ##########
2021-04-07 14:54:17,858:INFO:Loading datasets ...
2021-04-07 14:54:18,161:INFO:Test users: ['dorn9', 'dorn17']
2021-04-07 14:54:18,162:INFO:Features encoded: ['sex', 'clothing']
2021-04-07 14:54:18,162:INFO:Finding Cohorts ...
2021-04-07 14:54:18,163:INFO:Finding cohorts using: hsps
2021-04-07 14:54:18,166:INFO:Training Cohort models ...
2021-04-07 14:56:12,335:INFO:Cohort assignation ...
2021-04-07 14:56:12,335:INFO:Matching via hsps
2021-04-07 14:56:12,336:INFO:Cohort evaluation ...
2021-04-07 14:56:12,367:INFO:Baseline holistic ...
2021-04-07 14:57:59,318:INFO:Baseline pcm ...
2021-04-07 14:57:59,318:INFO:Loading precomputed pcm ...
2021-04-07 14:57:59,454:INFO:########## Finished iteration 65 ##########
2021-04-07 14:57:59,454:INFO:########## Iteration 66 ##########
2021-04-07 14:57:59,454:INFO:Loading datasets ...
2021-04-07 14:57:59,762:INFO:Test users: ['dorn18', 'dorn3']
2021-04-07 14:57:59,763:INFO:Features encoded: ['sex', 'clothing']
2021-04-07 14:57:59,763:INFO:Finding Cohorts ...
2021-04-07 14:57:59,763:INFO:Finding cohorts using: hsps
2021-04-07 14:57:59,765:INFO:Training Cohort models ...
2021-04-07 15:00:20,420:INFO:Cohort assignation ...
2021-04-07 15:00:20,420:INFO:Matching via hsps
2021-04-07 15:00:20,420:INFO:Cohort evaluation ...
2021-04-07 15:00:20,451:INFO:Baseline holistic ...
2021-04-07 15:01:33,403:INFO:Baseline pcm ...
2021-04-07 15:01:33,403:INFO:Loading precomputed pcm ...
2021-04-07 15:01:33,539:INFO:########## Finished iteration 66 ##########
2021-04-07 15:01:33,540:INFO:########## Iteration 67 ##########
2021-04-07 15:01:33,540:INFO:Loading datasets ...
2021-04-07 15:01:33,843:INFO:Test users: ['dorn7', 'dorn9']
2021-04-07 15:01:33,843:INFO:Features encoded: ['sex', 'clothing']
2021-04-07 15:01:33,844:INFO:Finding Cohorts ...
2021-04-07 15:01:33,845:INFO:Finding cohorts using: hsps
2021-04-07 15:01:33,847:INFO:Training Cohort models ...
2021-04-07 15:03:27,673:INFO:Cohort assignation ...
2021-04-07 15:03:27,673:INFO:Matching via hsps
2021-04-07 15:03:27,674:INFO:Cohort evaluation ...
2021-04-07 15:03:27,706:INFO:Baseline holistic ...
2021-04-07 15:05:14,211:INFO:Baseline pcm ...
2021-04-07 15:05:14,211:INFO:Loading precomputed pcm ...
2021-04-07 15:05:14,348:INFO:########## Finished iteration 67 ##########
2021-04-07 15:05:14,349:INFO:########## Iteration 68 ##########
2021-04-07 15:05:14,349:INFO:Loading datasets ...
2021-04-07 15:05:14,653:INFO:Test users: ['dorn18', 'dorn19']
2021-04-07 15:05:14,654:INFO:Features encoded: ['sex', 'clothing']
2021-04-07 15:05:14,654:INFO:Finding Cohorts ...
2021-04-07 15:05:14,654:INFO:Finding cohorts using: hsps
2021-04-07 15:05:14,656:INFO:Training Cohort models ...
2021-04-07 15:07:48,873:INFO:Cohort assignation ...
2021-04-07 15:07:48,873:INFO:Matching via hsps
2021-04-07 15:07:48,873:INFO:Cohort evaluation ...
2021-04-07 15:07:48,949:INFO:Baseline holistic ...
2021-04-07 15:09:18,048:INFO:Baseline pcm ...
2021-04-07 15:09:18,048:INFO:Loading precomputed pcm ...
2021-04-07 15:09:18,248:INFO:########## Finished iteration 68 ##########
2021-04-07 15:09:18,248:INFO:########## Iteration 69 ##########
2021-04-07 15:09:18,248:INFO:Loading datasets ...
2021-04-07 15:09:18,554:INFO:Test users: ['dorn9', 'dorn19']
2021-04-07 15:09:18,554:INFO:Features encoded: ['sex', 'clothing']
2021-04-07 15:09:18,554:INFO:Finding Cohorts ...
2021-04-07 15:09:18,556:INFO:Finding cohorts using: hsps
2021-04-07 15:09:18,558:INFO:Training Cohort models ...
2021-04-07 15:11:26,195:INFO:Cohort assignation ...
2021-04-07 15:11:26,195:INFO:Matching via hsps
2021-04-07 15:11:26,195:INFO:Cohort evaluation ...
2021-04-07 15:11:26,227:INFO:Baseline holistic ...
2021-04-07 15:12:39,526:INFO:Baseline pcm ...
2021-04-07 15:12:39,526:INFO:Loading precomputed pcm ...
2021-04-07 15:12:39,664:INFO:########## Finished iteration 69 ##########
2021-04-07 15:12:39,665:INFO:########## Iteration 70 ##########
2021-04-07 15:12:39,665:INFO:Loading datasets ...
2021-04-07 15:12:39,966:INFO:Test users: ['dorn17', 'dorn18']
2021-04-07 15:12:39,967:INFO:Features encoded: ['sex', 'clothing']
2021-04-07 15:12:39,967:INFO:Finding Cohorts ...
2021-04-07 15:12:39,967:INFO:Finding cohorts using: hsps
2021-04-07 15:12:39,970:INFO:Training Cohort models ...
2021-04-07 15:14:33,179:INFO:Cohort assignation ...
2021-04-07 15:14:33,179:INFO:Matching via hsps
2021-04-07 15:14:33,179:INFO:Cohort evaluation ...
2021-04-07 15:14:33,210:INFO:Baseline holistic ...
2021-04-07 15:16:03,070:INFO:Baseline pcm ...
2021-04-07 15:16:03,071:INFO:Loading precomputed pcm ...
2021-04-07 15:16:03,205:INFO:########## Finished iteration 70 ##########
2021-04-07 15:16:03,205:INFO:########## Iteration 71 ##########
2021-04-07 15:16:03,205:INFO:Loading datasets ...
2021-04-07 15:16:03,509:INFO:Test users: ['dorn7', 'dorn20']
2021-04-07 15:16:03,509:INFO:Features encoded: ['sex', 'clothing']
2021-04-07 15:16:03,509:INFO:Finding Cohorts ...
2021-04-07 15:16:03,510:INFO:Finding cohorts using: hsps
2021-04-07 15:16:03,511:INFO:Training Cohort models ...
2021-04-07 15:18:23,796:INFO:Cohort assignation ...
2021-04-07 15:18:23,796:INFO:Matching via hsps
2021-04-07 15:18:23,797:INFO:Cohort evaluation ...
2021-04-07 15:18:23,859:INFO:Baseline holistic ...
2021-04-07 15:20:09,892:INFO:Baseline pcm ...
2021-04-07 15:20:09,892:INFO:Loading precomputed pcm ...
2021-04-07 15:20:10,091:INFO:########## Finished iteration 71 ##########
2021-04-07 15:20:10,091:INFO:########## Iteration 72 ##########
2021-04-07 15:20:10,091:INFO:Loading datasets ...
2021-04-07 15:20:10,395:INFO:Test users: ['dorn9', 'dorn7']
2021-04-07 15:20:10,395:INFO:Features encoded: ['sex', 'clothing']
2021-04-07 15:20:10,395:INFO:Finding Cohorts ...
2021-04-07 15:20:10,396:INFO:Finding cohorts using: hsps
2021-04-07 15:20:10,398:INFO:Training Cohort models ...
2021-04-07 15:22:45,318:INFO:Cohort assignation ...
2021-04-07 15:22:45,318:INFO:Matching via hsps
2021-04-07 15:22:45,318:INFO:Cohort evaluation ...
2021-04-07 15:22:45,414:INFO:Baseline holistic ...
2021-04-07 15:24:15,175:INFO:Baseline pcm ...
2021-04-07 15:24:15,175:INFO:Loading precomputed pcm ...
2021-04-07 15:24:15,310:INFO:########## Finished iteration 72 ##########
2021-04-07 15:24:15,311:INFO:########## Iteration 73 ##########
2021-04-07 15:24:15,311:INFO:Loading datasets ...
2021-04-07 15:24:15,621:INFO:Test users: ['dorn3', 'dorn7']
2021-04-07 15:24:15,621:INFO:Features encoded: ['sex', 'clothing']
2021-04-07 15:24:15,621:INFO:Finding Cohorts ...
2021-04-07 15:24:15,622:INFO:Finding cohorts using: hsps
2021-04-07 15:24:15,625:INFO:Training Cohort models ...
2021-04-07 15:26:35,148:INFO:Cohort assignation ...
2021-04-07 15:26:35,148:INFO:Matching via hsps
2021-04-07 15:26:35,149:INFO:Cohort evaluation ...
2021-04-07 15:26:35,211:INFO:Baseline holistic ...
2021-04-07 15:27:47,608:INFO:Baseline pcm ...
2021-04-07 15:27:47,608:INFO:Loading precomputed pcm ...
2021-04-07 15:27:47,746:INFO:########## Finished iteration 73 ##########
2021-04-07 15:27:47,746:INFO:########## Iteration 74 ##########
2021-04-07 15:27:47,747:INFO:Loading datasets ...
2021-04-07 15:27:48,052:INFO:Test users: ['dorn20', 'dorn5']
2021-04-07 15:27:48,053:INFO:Features encoded: ['sex', 'clothing']
2021-04-07 15:27:48,053:INFO:Finding Cohorts ...
2021-04-07 15:27:48,054:INFO:Finding cohorts using: hsps
2021-04-07 15:27:48,056:INFO:Training Cohort models ...
2021-04-07 15:29:41,371:INFO:Cohort assignation ...
2021-04-07 15:29:41,371:INFO:Matching via hsps
2021-04-07 15:29:41,372:INFO:Cohort evaluation ...
2021-04-07 15:29:41,403:INFO:Baseline holistic ...
2021-04-07 15:30:55,364:INFO:Baseline pcm ...
2021-04-07 15:30:55,364:INFO:Loading precomputed pcm ...
2021-04-07 15:30:55,500:INFO:########## Finished iteration 74 ##########
2021-04-07 15:30:55,500:INFO:########## Iteration 75 ##########
2021-04-07 15:30:55,501:INFO:Loading datasets ...
2021-04-07 15:30:55,808:INFO:Test users: ['dorn18', 'dorn10']
2021-04-07 15:30:55,808:INFO:Features encoded: ['sex', 'clothing']
2021-04-07 15:30:55,808:INFO:Finding Cohorts ...
2021-04-07 15:30:55,809:INFO:Finding cohorts using: hsps
2021-04-07 15:30:55,810:INFO:Training Cohort models ...
2021-04-07 15:33:15,465:INFO:Cohort assignation ...
2021-04-07 15:33:15,465:INFO:Matching via hsps
2021-04-07 15:33:15,465:INFO:Cohort evaluation ...
2021-04-07 15:33:15,559:INFO:Baseline holistic ...
2021-04-07 15:35:03,521:INFO:Baseline pcm ...
2021-04-07 15:35:03,521:INFO:Loading precomputed pcm ...
2021-04-07 15:35:03,719:INFO:########## Finished iteration 75 ##########
2021-04-07 15:35:03,719:INFO:########## Iteration 76 ##########
2021-04-07 15:35:03,719:INFO:Loading datasets ...
2021-04-07 15:35:04,025:INFO:Test users: ['dorn10', 'dorn20']
2021-04-07 15:35:04,025:INFO:Features encoded: ['sex', 'clothing']
2021-04-07 15:35:04,025:INFO:Finding Cohorts ...
2021-04-07 15:35:04,026:INFO:Finding cohorts using: hsps
2021-04-07 15:35:04,028:INFO:Training Cohort models ...
2021-04-07 15:37:27,665:INFO:Cohort assignation ...
2021-04-07 15:37:27,665:INFO:Matching via hsps
2021-04-07 15:37:27,666:INFO:Cohort evaluation ...
2021-04-07 15:37:27,697:INFO:Baseline holistic ...
2021-04-07 15:38:59,812:INFO:Baseline pcm ...
2021-04-07 15:38:59,813:INFO:Loading precomputed pcm ...
2021-04-07 15:38:59,949:INFO:########## Finished iteration 76 ##########
2021-04-07 15:38:59,949:INFO:########## Iteration 77 ##########
2021-04-07 15:38:59,950:INFO:Loading datasets ...
2021-04-07 15:39:00,255:INFO:Test users: ['dorn19', 'dorn10']
2021-04-07 15:39:00,255:INFO:Features encoded: ['sex', 'clothing']
2021-04-07 15:39:00,255:INFO:Finding Cohorts ...
2021-04-07 15:39:00,256:INFO:Finding cohorts using: hsps
2021-04-07 15:39:00,258:INFO:Training Cohort models ...
2021-04-07 15:41:21,648:INFO:Cohort assignation ...
2021-04-07 15:41:21,648:INFO:Matching via hsps
2021-04-07 15:41:21,649:INFO:Cohort evaluation ...
2021-04-07 15:41:21,710:INFO:Baseline holistic ...
2021-04-07 15:42:36,357:INFO:Baseline pcm ...
2021-04-07 15:42:36,357:INFO:Loading precomputed pcm ...
2021-04-07 15:42:36,494:INFO:########## Finished iteration 77 ##########
2021-04-07 15:42:36,494:INFO:########## Iteration 78 ##########
2021-04-07 15:42:36,494:INFO:Loading datasets ...
2021-04-07 15:42:36,800:INFO:Test users: ['dorn10', 'dorn13']
2021-04-07 15:42:36,801:INFO:Features encoded: ['sex', 'clothing']
2021-04-07 15:42:36,801:INFO:Finding Cohorts ...
2021-04-07 15:42:36,802:INFO:Finding cohorts using: hsps
2021-04-07 15:42:36,804:INFO:Training Cohort models ...
2021-04-07 15:44:30,980:INFO:Cohort assignation ...
2021-04-07 15:44:30,980:INFO:Matching via hsps
2021-04-07 15:44:30,980:INFO:Cohort evaluation ...
2021-04-07 15:44:31,012:INFO:Baseline holistic ...
2021-04-07 15:46:02,607:INFO:Baseline pcm ...
2021-04-07 15:46:02,607:INFO:Loading precomputed pcm ...
2021-04-07 15:46:02,743:INFO:########## Finished iteration 78 ##########
2021-04-07 15:46:02,743:INFO:########## Iteration 79 ##########
2021-04-07 15:46:02,743:INFO:Loading datasets ...
2021-04-07 15:46:03,049:INFO:Test users: ['dorn13', 'dorn20']
2021-04-07 15:46:03,049:INFO:Features encoded: ['sex', 'clothing']
2021-04-07 15:46:03,050:INFO:Finding Cohorts ...
2021-04-07 15:46:03,050:INFO:Finding cohorts using: hsps
2021-04-07 15:46:03,052:INFO:Training Cohort models ...
2021-04-07 15:48:08,983:INFO:Cohort assignation ...
2021-04-07 15:48:08,983:INFO:Matching via hsps
2021-04-07 15:48:08,983:INFO:Cohort evaluation ...
2021-04-07 15:48:09,045:INFO:Baseline holistic ...
2021-04-07 15:49:55,286:INFO:Baseline pcm ...
2021-04-07 15:49:55,286:INFO:Loading precomputed pcm ...
2021-04-07 15:49:55,423:INFO:########## Finished iteration 79 ##########
2021-04-07 15:49:55,423:INFO:########## Iteration 80 ##########
2021-04-07 15:49:55,423:INFO:Loading datasets ...
2021-04-07 15:49:55,725:INFO:Test users: ['dorn18', 'dorn5']
2021-04-07 15:49:55,726:INFO:Features encoded: ['sex', 'clothing']
2021-04-07 15:49:55,726:INFO:Finding Cohorts ...
2021-04-07 15:49:55,726:INFO:Finding cohorts using: hsps
2021-04-07 15:49:55,728:INFO:Training Cohort models ...
2021-04-07 15:52:29,790:INFO:Cohort assignation ...
2021-04-07 15:52:29,790:INFO:Matching via hsps
2021-04-07 15:52:29,791:INFO:Cohort evaluation ...
2021-04-07 15:52:29,867:INFO:Baseline holistic ...
2021-04-07 15:53:42,617:INFO:Baseline pcm ...
2021-04-07 15:53:42,617:INFO:Loading precomputed pcm ...
2021-04-07 15:53:42,753:INFO:########## Finished iteration 80 ##########
2021-04-07 15:53:42,753:INFO:########## Iteration 81 ##########
2021-04-07 15:53:42,753:INFO:Loading datasets ...
2021-04-07 15:53:43,057:INFO:Test users: ['dorn20', 'dorn17']
2021-04-07 15:53:43,057:INFO:Features encoded: ['sex', 'clothing']
2021-04-07 15:53:43,057:INFO:Finding Cohorts ...
2021-04-07 15:53:43,058:INFO:Finding cohorts using: hsps
2021-04-07 15:53:43,061:INFO:Training Cohort models ...
2021-04-07 15:56:31,293:INFO:Cohort assignation ...
2021-04-07 15:56:31,293:INFO:Matching via hsps
2021-04-07 15:56:31,294:INFO:Cohort evaluation ...
2021-04-07 15:56:31,384:INFO:Baseline holistic ...
2021-04-07 15:57:47,805:INFO:Baseline pcm ...
2021-04-07 15:57:47,805:INFO:Loading precomputed pcm ...
2021-04-07 15:57:48,011:INFO:########## Finished iteration 81 ##########
2021-04-07 15:57:48,011:INFO:########## Iteration 82 ##########
2021-04-07 15:57:48,011:INFO:Loading datasets ...
2021-04-07 15:57:48,323:INFO:Test users: ['dorn17', 'dorn10']
2021-04-07 15:57:48,323:INFO:Features encoded: ['sex', 'clothing']
2021-04-07 15:57:48,323:INFO:Finding Cohorts ...
2021-04-07 15:57:48,325:INFO:Finding cohorts using: hsps
2021-04-07 15:57:48,328:INFO:Training Cohort models ...
2021-04-07 16:00:27,375:INFO:Cohort assignation ...
2021-04-07 16:00:27,375:INFO:Matching via hsps
2021-04-07 16:00:27,375:INFO:Cohort evaluation ...
2021-04-07 16:00:27,454:INFO:Baseline holistic ...
2021-04-07 16:02:18,315:INFO:Baseline pcm ...
2021-04-07 16:02:18,315:INFO:Loading precomputed pcm ...
2021-04-07 16:02:18,454:INFO:########## Finished iteration 82 ##########
2021-04-07 16:02:18,454:INFO:########## Iteration 83 ##########
2021-04-07 16:02:18,454:INFO:Loading datasets ...
2021-04-07 16:02:18,767:INFO:Test users: ['dorn18', 'dorn9']
2021-04-07 16:02:18,767:INFO:Features encoded: ['sex', 'clothing']
2021-04-07 16:02:18,767:INFO:Finding Cohorts ...
2021-04-07 16:02:18,769:INFO:Finding cohorts using: hsps
2021-04-07 16:02:18,771:INFO:Training Cohort models ...
2021-04-07 16:04:43,524:INFO:Cohort assignation ...
2021-04-07 16:04:43,524:INFO:Matching via hsps
2021-04-07 16:04:43,525:INFO:Cohort evaluation ...
2021-04-07 16:04:43,587:INFO:Baseline holistic ...
2021-04-07 16:06:23,012:INFO:Baseline pcm ...
2021-04-07 16:06:23,015:INFO:Loading precomputed pcm ...
2021-04-07 16:06:24,063:INFO:########## Finished iteration 83 ##########
2021-04-07 16:06:24,063:INFO:########## Iteration 84 ##########
2021-04-07 16:06:24,063:INFO:Loading datasets ...
2021-04-07 16:06:25,949:INFO:Test users: ['dorn5', 'dorn17']
2021-04-07 16:06:25,949:INFO:Features encoded: ['sex', 'clothing']
2021-04-07 16:06:25,951:INFO:Finding Cohorts ...
2021-04-07 16:06:25,965:INFO:Finding cohorts using: hsps
2021-04-07 16:06:25,968:INFO:Training Cohort models ...
2021-04-07 16:25:16,931:INFO:Cohort assignation ...
2021-04-07 16:25:16,932:INFO:Matching via hsps
2021-04-07 16:25:16,934:INFO:Cohort evaluation ...
2021-04-07 16:25:17,028:INFO:Baseline holistic ...
2021-04-07 16:26:47,517:INFO:Baseline pcm ...
2021-04-07 16:26:47,517:INFO:Loading precomputed pcm ...
2021-04-07 16:26:48,232:INFO:########## Finished iteration 84 ##########
2021-04-07 16:26:48,232:INFO:########## Iteration 85 ##########
2021-04-07 16:26:48,232:INFO:Loading datasets ...
2021-04-07 16:26:48,549:INFO:Test users: ['dorn19', 'dorn10']
2021-04-07 16:26:48,550:INFO:Features encoded: ['sex', 'clothing']
2021-04-07 16:26:48,550:INFO:Finding Cohorts ...
2021-04-07 16:26:48,551:INFO:Finding cohorts using: hsps
2021-04-07 16:26:48,553:INFO:Training Cohort models ...
2021-04-07 16:28:43,369:INFO:Cohort assignation ...
2021-04-07 16:28:43,369:INFO:Matching via hsps
2021-04-07 16:28:43,370:INFO:Cohort evaluation ...
2021-04-07 16:28:43,402:INFO:Baseline holistic ...
2021-04-07 16:30:14,938:INFO:Baseline pcm ...
2021-04-07 16:30:14,938:INFO:Loading precomputed pcm ...
2021-04-07 16:30:15,108:INFO:########## Finished iteration 85 ##########
2021-04-07 16:30:15,108:INFO:########## Iteration 86 ##########
2021-04-07 16:30:15,108:INFO:Loading datasets ...
2021-04-07 16:30:15,414:INFO:Test users: ['dorn17', 'dorn9']
2021-04-07 16:30:15,414:INFO:Features encoded: ['sex', 'clothing']
2021-04-07 16:30:15,414:INFO:Finding Cohorts ...
2021-04-07 16:30:15,415:INFO:Finding cohorts using: hsps
2021-04-07 16:30:15,416:INFO:Training Cohort models ...
2021-04-07 16:32:23,005:INFO:Cohort assignation ...
2021-04-07 16:32:23,005:INFO:Matching via hsps
2021-04-07 16:32:23,006:INFO:Cohort evaluation ...
2021-04-07 16:32:23,037:INFO:Baseline holistic ...
2021-04-07 16:33:36,632:INFO:Baseline pcm ...
2021-04-07 16:33:36,632:INFO:Loading precomputed pcm ...
2021-04-07 16:33:36,779:INFO:########## Finished iteration 86 ##########
2021-04-07 16:33:36,779:INFO:########## Iteration 87 ##########
2021-04-07 16:33:36,780:INFO:Loading datasets ...
2021-04-07 16:33:37,086:INFO:Test users: ['dorn7', 'dorn3']
2021-04-07 16:33:37,087:INFO:Features encoded: ['sex', 'clothing']
2021-04-07 16:33:37,087:INFO:Finding Cohorts ...
2021-04-07 16:33:37,087:INFO:Finding cohorts using: hsps
2021-04-07 16:33:37,090:INFO:Training Cohort models ...
2021-04-07 16:35:59,673:INFO:Cohort assignation ...
2021-04-07 16:35:59,673:INFO:Matching via hsps
2021-04-07 16:35:59,673:INFO:Cohort evaluation ...
2021-04-07 16:35:59,736:INFO:Baseline holistic ...
2021-04-07 16:37:30,769:INFO:Baseline pcm ...
2021-04-07 16:37:30,770:INFO:Loading precomputed pcm ...
2021-04-07 16:37:30,922:INFO:########## Finished iteration 87 ##########
2021-04-07 16:37:30,922:INFO:########## Iteration 88 ##########
2021-04-07 16:37:30,922:INFO:Loading datasets ...
2021-04-07 16:37:31,252:INFO:Test users: ['dorn10', 'dorn19']
2021-04-07 16:37:31,252:INFO:Features encoded: ['sex', 'clothing']
2021-04-07 16:37:31,252:INFO:Finding Cohorts ...
2021-04-07 16:37:31,253:INFO:Finding cohorts using: hsps
2021-04-07 16:37:31,256:INFO:Training Cohort models ...
2021-04-07 16:40:25,622:INFO:Cohort assignation ...
2021-04-07 16:40:25,622:INFO:Matching via hsps
2021-04-07 16:40:25,622:INFO:Cohort evaluation ...
2021-04-07 16:40:25,723:INFO:Baseline holistic ...
2021-04-07 16:42:18,092:INFO:Baseline pcm ...
2021-04-07 16:42:18,092:INFO:Loading precomputed pcm ...
2021-04-07 16:42:18,243:INFO:########## Finished iteration 88 ##########
2021-04-07 16:42:18,244:INFO:########## Iteration 89 ##########
2021-04-07 16:42:18,244:INFO:Loading datasets ...
2021-04-07 16:42:18,554:INFO:Test users: ['dorn13', 'dorn9']
2021-04-07 16:42:18,554:INFO:Features encoded: ['sex', 'clothing']
2021-04-07 16:42:18,554:INFO:Finding Cohorts ...
2021-04-07 16:42:18,556:INFO:Finding cohorts using: hsps
2021-04-07 16:42:18,558:INFO:Training Cohort models ...
2021-04-07 16:44:20,096:INFO:Cohort assignation ...
2021-04-07 16:44:20,111:INFO:Matching via hsps
2021-04-07 16:44:20,169:INFO:Cohort evaluation ...
2021-04-07 16:44:20,349:INFO:Baseline holistic ...
2021-04-07 16:45:42,487:INFO:Baseline pcm ...
2021-04-07 16:45:42,489:INFO:Loading precomputed pcm ...
2021-04-07 16:45:43,575:INFO:########## Finished iteration 89 ##########
2021-04-07 16:45:43,575:INFO:########## Iteration 90 ##########
2021-04-07 16:45:43,576:INFO:Loading datasets ...
2021-04-07 16:45:54,124:INFO:Test users: ['dorn3', 'dorn19']
2021-04-07 16:45:54,126:INFO:Features encoded: ['sex', 'clothing']
2021-04-07 16:45:54,130:INFO:Finding Cohorts ...
2021-04-07 16:45:54,133:INFO:Finding cohorts using: hsps
2021-04-07 16:45:54,137:INFO:Training Cohort models ...
2021-04-07 16:48:05,516:INFO:Cohort assignation ...
2021-04-07 16:48:05,516:INFO:Matching via hsps
2021-04-07 16:48:05,517:INFO:Cohort evaluation ...
2021-04-07 16:48:05,565:INFO:Baseline holistic ...
2021-04-07 16:49:51,787:INFO:Baseline pcm ...
2021-04-07 16:49:51,787:INFO:Loading precomputed pcm ...
2021-04-07 16:49:52,196:INFO:########## Finished iteration 90 ##########
2021-04-07 16:49:52,196:INFO:########## Iteration 91 ##########
2021-04-07 16:49:52,197:INFO:Loading datasets ...
2021-04-07 16:49:52,514:INFO:Test users: ['dorn3', 'dorn18']
2021-04-07 16:49:52,515:INFO:Features encoded: ['sex', 'clothing']
2021-04-07 16:49:52,515:INFO:Finding Cohorts ...
2021-04-07 16:49:52,515:INFO:Finding cohorts using: hsps
2021-04-07 16:49:52,518:INFO:Training Cohort models ...
2021-04-07 16:51:59,263:INFO:Cohort assignation ...
2021-04-07 16:51:59,263:INFO:Matching via hsps
2021-04-07 16:51:59,264:INFO:Cohort evaluation ...
2021-04-07 16:51:59,294:INFO:Baseline holistic ...
2021-04-07 16:53:28,456:INFO:Baseline pcm ...
2021-04-07 16:53:28,456:INFO:Loading precomputed pcm ...
2021-04-07 16:53:28,602:INFO:########## Finished iteration 91 ##########
2021-04-07 16:53:28,602:INFO:########## Iteration 92 ##########
2021-04-07 16:53:28,602:INFO:Loading datasets ...
2021-04-07 16:53:28,910:INFO:Test users: ['dorn20', 'dorn18']
2021-04-07 16:53:28,910:INFO:Features encoded: ['sex', 'clothing']
2021-04-07 16:53:28,910:INFO:Finding Cohorts ...
2021-04-07 16:53:28,911:INFO:Finding cohorts using: hsps
2021-04-07 16:53:28,913:INFO:Training Cohort models ...
2021-04-07 16:55:21,948:INFO:Cohort assignation ...
2021-04-07 16:55:21,948:INFO:Matching via hsps
2021-04-07 16:55:21,955:INFO:Cohort evaluation ...
2021-04-07 16:55:21,985:INFO:Baseline holistic ...
2021-04-07 16:56:52,295:INFO:Baseline pcm ...
2021-04-07 16:56:52,296:INFO:Loading precomputed pcm ...
2021-04-07 16:56:52,436:INFO:########## Finished iteration 92 ##########
2021-04-07 16:56:52,436:INFO:########## Iteration 93 ##########
2021-04-07 16:56:52,436:INFO:Loading datasets ...
2021-04-07 16:56:52,746:INFO:Test users: ['dorn9', 'dorn19']
2021-04-07 16:56:52,746:INFO:Features encoded: ['sex', 'clothing']
2021-04-07 16:56:52,746:INFO:Finding Cohorts ...
2021-04-07 16:56:52,746:INFO:Finding cohorts using: hsps
2021-04-07 16:56:52,748:INFO:Training Cohort models ...
2021-04-07 16:59:00,093:INFO:Cohort assignation ...
2021-04-07 16:59:00,093:INFO:Matching via hsps
2021-04-07 16:59:00,094:INFO:Cohort evaluation ...
2021-04-07 16:59:00,156:INFO:Baseline holistic ...
2021-04-07 17:00:13,440:INFO:Baseline pcm ...
2021-04-07 17:00:13,440:INFO:Loading precomputed pcm ...
2021-04-07 17:00:13,585:INFO:########## Finished iteration 93 ##########
2021-04-07 17:00:13,586:INFO:########## Iteration 94 ##########
2021-04-07 17:00:13,586:INFO:Loading datasets ...
2021-04-07 17:00:13,891:INFO:Test users: ['dorn17', 'dorn13']
2021-04-07 17:00:13,891:INFO:Features encoded: ['sex', 'clothing']
2021-04-07 17:00:13,891:INFO:Finding Cohorts ...
2021-04-07 17:00:13,892:INFO:Finding cohorts using: hsps
2021-04-07 17:00:13,894:INFO:Training Cohort models ...
2021-04-07 17:02:06,845:INFO:Cohort assignation ...
2021-04-07 17:02:06,845:INFO:Matching via hsps
2021-04-07 17:02:06,845:INFO:Cohort evaluation ...
2021-04-07 17:02:06,876:INFO:Baseline holistic ...
2021-04-07 17:03:36,460:INFO:Baseline pcm ...
2021-04-07 17:03:36,460:INFO:Loading precomputed pcm ...
2021-04-07 17:03:36,594:INFO:########## Finished iteration 94 ##########
2021-04-07 17:03:36,595:INFO:########## Iteration 95 ##########
2021-04-07 17:03:36,595:INFO:Loading datasets ...
2021-04-07 17:03:36,907:INFO:Test users: ['dorn10', 'dorn18']
2021-04-07 17:03:36,908:INFO:Features encoded: ['sex', 'clothing']
2021-04-07 17:03:36,908:INFO:Finding Cohorts ...
2021-04-07 17:03:36,908:INFO:Finding cohorts using: hsps
2021-04-07 17:03:36,910:INFO:Training Cohort models ...
2021-04-07 17:05:44,732:INFO:Cohort assignation ...
2021-04-07 17:05:44,732:INFO:Matching via hsps
2021-04-07 17:05:44,733:INFO:Cohort evaluation ...
2021-04-07 17:05:44,764:INFO:Baseline holistic ...
2021-04-07 17:07:15,814:INFO:Baseline pcm ...
2021-04-07 17:07:15,814:INFO:Loading precomputed pcm ...
2021-04-07 17:07:15,956:INFO:########## Finished iteration 95 ##########
2021-04-07 17:07:15,956:INFO:########## Iteration 96 ##########
2021-04-07 17:07:15,956:INFO:Loading datasets ...
2021-04-07 17:07:16,260:INFO:Test users: ['dorn10', 'dorn7']
2021-04-07 17:07:16,261:INFO:Features encoded: ['sex', 'clothing']
2021-04-07 17:07:16,261:INFO:Finding Cohorts ...
2021-04-07 17:07:16,261:INFO:Finding cohorts using: hsps
2021-04-07 17:07:16,263:INFO:Training Cohort models ...
2021-04-07 17:09:36,874:INFO:Cohort assignation ...
2021-04-07 17:09:36,874:INFO:Matching via hsps
2021-04-07 17:09:36,875:INFO:Cohort evaluation ...
2021-04-07 17:09:36,937:INFO:Baseline holistic ...
2021-04-07 17:10:51,224:INFO:Baseline pcm ...
2021-04-07 17:10:51,224:INFO:Loading precomputed pcm ...
2021-04-07 17:10:51,368:INFO:########## Finished iteration 96 ##########
2021-04-07 17:10:51,368:INFO:########## Iteration 97 ##########
2021-04-07 17:10:51,368:INFO:Loading datasets ...
2021-04-07 17:10:51,672:INFO:Test users: ['dorn7', 'dorn20']
2021-04-07 17:10:51,672:INFO:Features encoded: ['sex', 'clothing']
2021-04-07 17:10:51,672:INFO:Finding Cohorts ...
2021-04-07 17:10:51,673:INFO:Finding cohorts using: hsps
2021-04-07 17:10:51,675:INFO:Training Cohort models ...
2021-04-07 17:12:44,670:INFO:Cohort assignation ...
2021-04-07 17:12:44,670:INFO:Matching via hsps
2021-04-07 17:12:44,670:INFO:Cohort evaluation ...
2021-04-07 17:12:44,701:INFO:Baseline holistic ...
2021-04-07 17:14:14,535:INFO:Baseline pcm ...
2021-04-07 17:14:14,535:INFO:Loading precomputed pcm ...
2021-04-07 17:14:14,676:INFO:########## Finished iteration 97 ##########
2021-04-07 17:14:14,677:INFO:########## Iteration 98 ##########
2021-04-07 17:14:14,677:INFO:Loading datasets ...
2021-04-07 17:14:14,983:INFO:Test users: ['dorn9', 'dorn7']
2021-04-07 17:14:14,984:INFO:Features encoded: ['sex', 'clothing']
2021-04-07 17:14:14,984:INFO:Finding Cohorts ...
2021-04-07 17:14:14,984:INFO:Finding cohorts using: hsps
2021-04-07 17:14:14,986:INFO:Training Cohort models ...
2021-04-07 17:16:49,484:INFO:Cohort assignation ...
2021-04-07 17:16:49,484:INFO:Matching via hsps
2021-04-07 17:16:49,485:INFO:Cohort evaluation ...
2021-04-07 17:16:49,581:INFO:Baseline holistic ...
2021-04-07 17:18:19,149:INFO:Baseline pcm ...
2021-04-07 17:18:19,149:INFO:Loading precomputed pcm ...
2021-04-07 17:18:19,290:INFO:########## Finished iteration 98 ##########
2021-04-07 17:18:19,290:INFO:########## Iteration 99 ##########
2021-04-07 17:18:19,290:INFO:Loading datasets ...
2021-04-07 17:18:19,595:INFO:Test users: ['dorn5', 'dorn9']
2021-04-07 17:18:19,596:INFO:Features encoded: ['sex', 'clothing']
2021-04-07 17:18:19,596:INFO:Finding Cohorts ...
2021-04-07 17:18:19,597:INFO:Finding cohorts using: hsps
2021-04-07 17:18:19,599:INFO:Training Cohort models ...
2021-04-07 17:20:26,590:INFO:Cohort assignation ...
2021-04-07 17:20:26,590:INFO:Matching via hsps
2021-04-07 17:20:26,591:INFO:Cohort evaluation ...
2021-04-07 17:20:26,653:INFO:Baseline holistic ...
2021-04-07 17:22:13,055:INFO:Baseline pcm ...
2021-04-07 17:22:13,055:INFO:Loading precomputed pcm ...
2021-04-07 17:22:13,189:INFO:########## Finished iteration 99 ##########
