2021-04-08 10:09:59,816:INFO:########## Iteration 0 ##########
2021-04-08 10:09:59,816:INFO:Loading datasets ...
2021-04-08 10:10:00,088:WARNING:
DeepCTR-PyTorch version 0.2.6 detected. Your version is 0.2.3.
Use `pip install -U deepctr-torch` to upgrade.Changelog: https://github.com/shenweichen/DeepCTR-Torch/releases/tag/v0.2.6
2021-04-08 10:10:00,141:INFO:Test users: ['dorn18', 'dorn9']
2021-04-08 10:10:00,141:INFO:Features encoded: ['sex', 'clothing']
2021-04-08 10:10:00,141:INFO:Finding Cohorts ...
2021-04-08 10:10:00,141:INFO:Finding cohorts using: swls
2021-04-08 10:10:00,143:INFO:Training Cohort models ...
2021-04-08 10:12:24,268:INFO:Cohort assignation ...
2021-04-08 10:12:24,268:INFO:Matching via swls
2021-04-08 10:12:24,269:INFO:Cohort evaluation ...
2021-04-08 10:12:24,333:INFO:Baseline holistic ...
2021-04-08 10:13:56,307:INFO:Baseline pcm ...
2021-04-08 10:13:56,307:INFO:Loading precomputed pcm ...
2021-04-08 10:13:56,520:INFO:########## Finished iteration 0 ##########
2021-04-08 10:13:56,520:INFO:########## Iteration 1 ##########
2021-04-08 10:13:56,520:INFO:Loading datasets ...
2021-04-08 10:13:56,834:INFO:Test users: ['dorn14', 'dorn6']
2021-04-08 10:13:56,834:INFO:Features encoded: ['sex', 'clothing']
2021-04-08 10:13:56,834:INFO:Finding Cohorts ...
2021-04-08 10:13:56,835:INFO:Finding cohorts using: swls
2021-04-08 10:13:56,837:INFO:Training Cohort models ...
2021-04-08 10:16:37,287:INFO:Cohort assignation ...
2021-04-08 10:16:37,287:INFO:Matching via swls
2021-04-08 10:16:37,288:INFO:Cohort evaluation ...
2021-04-08 10:16:37,369:INFO:Baseline holistic ...
2021-04-08 10:18:28,717:INFO:Baseline pcm ...
2021-04-08 10:18:28,717:INFO:Loading precomputed pcm ...
2021-04-08 10:18:28,864:INFO:########## Finished iteration 1 ##########
2021-04-08 10:18:28,864:INFO:########## Iteration 2 ##########
2021-04-08 10:18:28,864:INFO:Loading datasets ...
2021-04-08 10:18:29,179:INFO:Test users: ['dorn7', 'dorn18']
2021-04-08 10:18:29,179:INFO:Features encoded: ['sex', 'clothing']
2021-04-08 10:18:29,179:INFO:Finding Cohorts ...
2021-04-08 10:18:29,180:INFO:Finding cohorts using: swls
2021-04-08 10:18:29,183:INFO:Training Cohort models ...
2021-04-08 10:20:53,609:INFO:Cohort assignation ...
2021-04-08 10:20:53,609:INFO:Matching via swls
2021-04-08 10:20:53,610:INFO:Cohort evaluation ...
2021-04-08 10:20:53,677:INFO:Baseline holistic ...
2021-04-08 10:22:08,676:INFO:Baseline pcm ...
2021-04-08 10:22:08,676:INFO:Loading precomputed pcm ...
2021-04-08 10:22:08,822:INFO:########## Finished iteration 2 ##########
2021-04-08 10:22:08,822:INFO:########## Iteration 3 ##########
2021-04-08 10:22:08,822:INFO:Loading datasets ...
2021-04-08 10:22:09,138:INFO:Test users: ['dorn6', 'dorn18']
2021-04-08 10:22:09,138:INFO:Features encoded: ['sex', 'clothing']
2021-04-08 10:22:09,138:INFO:Finding Cohorts ...
2021-04-08 10:22:09,139:INFO:Finding cohorts using: swls
2021-04-08 10:22:09,142:INFO:Training Cohort models ...
2021-04-08 10:24:33,707:INFO:Cohort assignation ...
2021-04-08 10:24:33,707:INFO:Matching via swls
2021-04-08 10:24:33,708:INFO:Cohort evaluation ...
2021-04-08 10:24:33,804:INFO:Baseline holistic ...
2021-04-08 10:25:48,892:INFO:Baseline pcm ...
2021-04-08 10:25:48,892:INFO:Loading precomputed pcm ...
2021-04-08 10:25:49,039:INFO:########## Finished iteration 3 ##########
2021-04-08 10:25:49,039:INFO:########## Iteration 4 ##########
2021-04-08 10:25:49,040:INFO:Loading datasets ...
2021-04-08 10:25:49,359:INFO:Test users: ['dorn6', 'dorn14']
2021-04-08 10:25:49,360:INFO:Features encoded: ['sex', 'clothing']
2021-04-08 10:25:49,360:INFO:Finding Cohorts ...
2021-04-08 10:25:49,361:INFO:Finding cohorts using: swls
2021-04-08 10:25:49,363:INFO:Training Cohort models ...
2021-04-08 10:28:16,154:INFO:Cohort assignation ...
2021-04-08 10:28:16,154:INFO:Matching via swls
2021-04-08 10:28:16,155:INFO:Cohort evaluation ...
2021-04-08 10:28:16,219:INFO:Baseline holistic ...
2021-04-08 10:29:49,460:INFO:Baseline pcm ...
2021-04-08 10:29:49,460:INFO:Loading precomputed pcm ...
2021-04-08 10:29:49,611:INFO:########## Finished iteration 4 ##########
2021-04-08 10:29:49,611:INFO:########## Iteration 5 ##########
2021-04-08 10:29:49,611:INFO:Loading datasets ...
2021-04-08 10:29:49,920:INFO:Test users: ['dorn18', 'dorn14']
2021-04-08 10:29:49,920:INFO:Features encoded: ['sex', 'clothing']
2021-04-08 10:29:49,920:INFO:Finding Cohorts ...
2021-04-08 10:29:49,921:INFO:Finding cohorts using: swls
2021-04-08 10:29:49,924:INFO:Training Cohort models ...
2021-04-08 10:32:29,535:INFO:Cohort assignation ...
2021-04-08 10:32:29,535:INFO:Matching via swls
2021-04-08 10:32:29,535:INFO:Cohort evaluation ...
2021-04-08 10:32:29,614:INFO:Baseline holistic ...
2021-04-08 10:34:03,087:INFO:Baseline pcm ...
2021-04-08 10:34:03,087:INFO:Loading precomputed pcm ...
2021-04-08 10:34:03,302:INFO:########## Finished iteration 5 ##########
2021-04-08 10:34:03,302:INFO:########## Iteration 6 ##########
2021-04-08 10:34:03,303:INFO:Loading datasets ...
2021-04-08 10:34:03,620:INFO:Test users: ['dorn15', 'dorn9']
2021-04-08 10:34:03,620:INFO:Features encoded: ['sex', 'clothing']
2021-04-08 10:34:03,620:INFO:Finding Cohorts ...
2021-04-08 10:34:03,622:INFO:Finding cohorts using: swls
2021-04-08 10:34:03,624:INFO:Training Cohort models ...
2021-04-08 10:36:14,683:INFO:Cohort assignation ...
2021-04-08 10:36:14,683:INFO:Matching via swls
2021-04-08 10:36:14,683:INFO:Cohort evaluation ...
2021-04-08 10:36:14,732:INFO:Baseline holistic ...
2021-04-08 10:38:05,008:INFO:Baseline pcm ...
2021-04-08 10:38:05,008:INFO:Loading precomputed pcm ...
2021-04-08 10:38:05,153:INFO:########## Finished iteration 6 ##########
2021-04-08 10:38:05,153:INFO:########## Iteration 7 ##########
2021-04-08 10:38:05,153:INFO:Loading datasets ...
2021-04-08 10:38:05,463:INFO:Test users: ['dorn14', 'dorn9']
2021-04-08 10:38:05,464:INFO:Features encoded: ['sex', 'clothing']
2021-04-08 10:38:05,464:INFO:Finding Cohorts ...
2021-04-08 10:38:05,465:INFO:Finding cohorts using: swls
2021-04-08 10:38:05,467:INFO:Training Cohort models ...
2021-04-08 10:40:17,567:INFO:Cohort assignation ...
2021-04-08 10:40:17,567:INFO:Matching via swls
2021-04-08 10:40:17,568:INFO:Cohort evaluation ...
2021-04-08 10:40:17,615:INFO:Baseline holistic ...
2021-04-08 10:41:52,005:INFO:Baseline pcm ...
2021-04-08 10:41:52,006:INFO:Loading precomputed pcm ...
2021-04-08 10:41:52,155:INFO:########## Finished iteration 7 ##########
2021-04-08 10:41:52,156:INFO:########## Iteration 8 ##########
2021-04-08 10:41:52,156:INFO:Loading datasets ...
2021-04-08 10:41:52,471:INFO:Test users: ['dorn17', 'dorn20']
2021-04-08 10:41:52,472:INFO:Features encoded: ['sex', 'clothing']
2021-04-08 10:41:52,472:INFO:Finding Cohorts ...
2021-04-08 10:41:52,473:INFO:Finding cohorts using: swls
2021-04-08 10:41:52,475:INFO:Training Cohort models ...
2021-04-08 10:44:31,303:INFO:Cohort assignation ...
2021-04-08 10:44:31,303:INFO:Matching via swls
2021-04-08 10:44:31,304:INFO:Cohort evaluation ...
2021-04-08 10:44:31,381:INFO:Baseline holistic ...
2021-04-08 10:46:21,149:INFO:Baseline pcm ...
2021-04-08 10:46:21,150:INFO:Loading precomputed pcm ...
2021-04-08 10:46:21,295:INFO:########## Finished iteration 8 ##########
2021-04-08 10:46:21,295:INFO:########## Iteration 9 ##########
2021-04-08 10:46:21,295:INFO:Loading datasets ...
2021-04-08 10:46:21,609:INFO:Test users: ['dorn12', 'dorn18']
2021-04-08 10:46:21,610:INFO:Features encoded: ['sex', 'clothing']
2021-04-08 10:46:21,610:INFO:Finding Cohorts ...
2021-04-08 10:46:21,611:INFO:Finding cohorts using: swls
2021-04-08 10:46:21,613:INFO:Training Cohort models ...
2021-04-08 10:48:59,514:INFO:Cohort assignation ...
2021-04-08 10:48:59,515:INFO:Matching via swls
2021-04-08 10:48:59,515:INFO:Cohort evaluation ...
2021-04-08 10:48:59,608:INFO:Baseline holistic ...
2021-04-08 10:50:14,998:INFO:Baseline pcm ...
2021-04-08 10:50:14,998:INFO:Loading precomputed pcm ...
2021-04-08 10:50:15,142:INFO:########## Finished iteration 9 ##########
2021-04-08 10:50:15,142:INFO:########## Iteration 10 ##########
2021-04-08 10:50:15,142:INFO:Loading datasets ...
2021-04-08 10:50:15,460:INFO:Test users: ['dorn18', 'dorn20']
2021-04-08 10:50:15,460:INFO:Features encoded: ['sex', 'clothing']
2021-04-08 10:50:15,460:INFO:Finding Cohorts ...
2021-04-08 10:50:15,462:INFO:Finding cohorts using: swls
2021-04-08 10:50:15,464:INFO:Training Cohort models ...
2021-04-08 10:52:53,550:INFO:Cohort assignation ...
2021-04-08 10:52:53,550:INFO:Matching via swls
2021-04-08 10:52:53,551:INFO:Cohort evaluation ...
2021-04-08 10:52:53,613:INFO:Baseline holistic ...
2021-04-08 10:54:43,460:INFO:Baseline pcm ...
2021-04-08 10:54:43,460:INFO:Loading precomputed pcm ...
2021-04-08 10:54:43,604:INFO:########## Finished iteration 10 ##########
2021-04-08 10:54:43,604:INFO:########## Iteration 11 ##########
2021-04-08 10:54:43,604:INFO:Loading datasets ...
2021-04-08 10:54:43,916:INFO:Test users: ['dorn5', 'dorn12']
2021-04-08 10:54:43,916:INFO:Features encoded: ['sex', 'clothing']
2021-04-08 10:54:43,916:INFO:Finding Cohorts ...
2021-04-08 10:54:43,917:INFO:Finding cohorts using: swls
2021-04-08 10:54:43,919:INFO:Training Cohort models ...
2021-04-08 10:56:39,823:INFO:Cohort assignation ...
2021-04-08 10:56:39,823:INFO:Matching via swls
2021-04-08 10:56:39,823:INFO:Cohort evaluation ...
2021-04-08 10:56:39,858:INFO:Baseline holistic ...
2021-04-08 10:58:12,818:INFO:Baseline pcm ...
2021-04-08 10:58:12,818:INFO:Loading precomputed pcm ...
2021-04-08 10:58:12,965:INFO:########## Finished iteration 11 ##########
2021-04-08 10:58:12,965:INFO:########## Iteration 12 ##########
2021-04-08 10:58:12,965:INFO:Loading datasets ...
2021-04-08 10:58:13,281:INFO:Test users: ['dorn6', 'dorn14']
2021-04-08 10:58:13,281:INFO:Features encoded: ['sex', 'clothing']
2021-04-08 10:58:13,281:INFO:Finding Cohorts ...
2021-04-08 10:58:13,282:INFO:Finding cohorts using: swls
2021-04-08 10:58:13,284:INFO:Training Cohort models ...
2021-04-08 11:00:52,435:INFO:Cohort assignation ...
2021-04-08 11:00:52,435:INFO:Matching via swls
2021-04-08 11:00:52,435:INFO:Cohort evaluation ...
2021-04-08 11:00:52,514:INFO:Baseline holistic ...
2021-04-08 11:02:26,269:INFO:Baseline pcm ...
2021-04-08 11:02:26,269:INFO:Loading precomputed pcm ...
2021-04-08 11:02:26,480:INFO:########## Finished iteration 12 ##########
2021-04-08 11:02:26,480:INFO:########## Iteration 13 ##########
2021-04-08 11:02:26,480:INFO:Loading datasets ...
2021-04-08 11:02:26,795:INFO:Test users: ['dorn15', 'dorn17']
2021-04-08 11:02:26,795:INFO:Features encoded: ['sex', 'clothing']
2021-04-08 11:02:26,795:INFO:Finding Cohorts ...
2021-04-08 11:02:26,796:INFO:Finding cohorts using: swls
2021-04-08 11:02:26,799:INFO:Training Cohort models ...
2021-04-08 11:04:37,335:INFO:Cohort assignation ...
2021-04-08 11:04:37,335:INFO:Matching via swls
2021-04-08 11:04:37,335:INFO:Cohort evaluation ...
2021-04-08 11:04:37,399:INFO:Baseline holistic ...
2021-04-08 11:05:53,175:INFO:Baseline pcm ...
2021-04-08 11:05:53,175:INFO:Loading precomputed pcm ...
2021-04-08 11:05:53,317:INFO:########## Finished iteration 13 ##########
2021-04-08 11:05:53,317:INFO:########## Iteration 14 ##########
2021-04-08 11:05:53,317:INFO:Loading datasets ...
2021-04-08 11:05:53,630:INFO:Test users: ['dorn6', 'dorn5']
2021-04-08 11:05:53,630:INFO:Features encoded: ['sex', 'clothing']
2021-04-08 11:05:53,630:INFO:Finding Cohorts ...
2021-04-08 11:05:53,631:INFO:Finding cohorts using: swls
2021-04-08 11:05:53,633:INFO:Training Cohort models ...
2021-04-08 11:07:49,654:INFO:Cohort assignation ...
2021-04-08 11:07:49,654:INFO:Matching via swls
2021-04-08 11:07:49,655:INFO:Cohort evaluation ...
2021-04-08 11:07:49,686:INFO:Baseline holistic ...
2021-04-08 11:09:04,486:INFO:Baseline pcm ...
2021-04-08 11:09:04,486:INFO:Loading precomputed pcm ...
2021-04-08 11:09:04,632:INFO:########## Finished iteration 14 ##########
2021-04-08 11:09:04,632:INFO:########## Iteration 15 ##########
2021-04-08 11:09:04,632:INFO:Loading datasets ...
2021-04-08 11:09:04,949:INFO:Test users: ['dorn18', 'dorn7']
2021-04-08 11:09:04,949:INFO:Features encoded: ['sex', 'clothing']
2021-04-08 11:09:04,949:INFO:Finding Cohorts ...
2021-04-08 11:09:04,949:INFO:Finding cohorts using: swls
2021-04-08 11:09:04,952:INFO:Training Cohort models ...
2021-04-08 11:11:14,387:INFO:Cohort assignation ...
2021-04-08 11:11:14,387:INFO:Matching via swls
2021-04-08 11:11:14,388:INFO:Cohort evaluation ...
2021-04-08 11:11:14,435:INFO:Baseline holistic ...
2021-04-08 11:13:03,585:INFO:Baseline pcm ...
2021-04-08 11:13:03,585:INFO:Loading precomputed pcm ...
2021-04-08 11:13:03,739:INFO:########## Finished iteration 15 ##########
2021-04-08 11:13:03,739:INFO:########## Iteration 16 ##########
2021-04-08 11:13:03,739:INFO:Loading datasets ...
2021-04-08 11:13:04,057:INFO:Test users: ['dorn14', 'dorn20']
2021-04-08 11:13:04,057:INFO:Features encoded: ['sex', 'clothing']
2021-04-08 11:13:04,057:INFO:Finding Cohorts ...
2021-04-08 11:13:04,058:INFO:Finding cohorts using: swls
2021-04-08 11:13:04,060:INFO:Training Cohort models ...
2021-04-08 11:15:17,039:INFO:Cohort assignation ...
2021-04-08 11:15:17,039:INFO:Matching via swls
2021-04-08 11:15:17,039:INFO:Cohort evaluation ...
2021-04-08 11:15:17,088:INFO:Baseline holistic ...
2021-04-08 11:16:52,386:INFO:Baseline pcm ...
2021-04-08 11:16:52,386:INFO:Loading precomputed pcm ...
2021-04-08 11:16:52,535:INFO:########## Finished iteration 16 ##########
2021-04-08 11:16:52,536:INFO:########## Iteration 17 ##########
2021-04-08 11:16:52,536:INFO:Loading datasets ...
2021-04-08 11:16:52,854:INFO:Test users: ['dorn7', 'dorn9']
2021-04-08 11:16:52,854:INFO:Features encoded: ['sex', 'clothing']
2021-04-08 11:16:52,854:INFO:Finding Cohorts ...
2021-04-08 11:16:52,855:INFO:Finding cohorts using: swls
2021-04-08 11:16:52,857:INFO:Training Cohort models ...
2021-04-08 11:19:04,704:INFO:Cohort assignation ...
2021-04-08 11:19:04,704:INFO:Matching via swls
2021-04-08 11:19:04,704:INFO:Cohort evaluation ...
2021-04-08 11:19:04,753:INFO:Baseline holistic ...
2021-04-08 11:20:38,319:INFO:Baseline pcm ...
2021-04-08 11:20:38,319:INFO:Loading precomputed pcm ...
2021-04-08 11:20:38,463:INFO:########## Finished iteration 17 ##########
2021-04-08 11:20:38,463:INFO:########## Iteration 18 ##########
2021-04-08 11:20:38,463:INFO:Loading datasets ...
2021-04-08 11:20:38,777:INFO:Test users: ['dorn17', 'dorn18']
2021-04-08 11:20:38,778:INFO:Features encoded: ['sex', 'clothing']
2021-04-08 11:20:38,778:INFO:Finding Cohorts ...
2021-04-08 11:20:38,779:INFO:Finding cohorts using: swls
2021-04-08 11:20:38,781:INFO:Training Cohort models ...
2021-04-08 11:23:30,926:INFO:Cohort assignation ...
2021-04-08 11:23:30,926:INFO:Matching via swls
2021-04-08 11:23:30,927:INFO:Cohort evaluation ...
2021-04-08 11:23:31,022:INFO:Baseline holistic ...
2021-04-08 11:24:46,003:INFO:Baseline pcm ...
2021-04-08 11:24:46,003:INFO:Loading precomputed pcm ...
2021-04-08 11:24:46,213:INFO:########## Finished iteration 18 ##########
2021-04-08 11:24:46,213:INFO:########## Iteration 19 ##########
2021-04-08 11:24:46,213:INFO:Loading datasets ...
2021-04-08 11:24:46,522:INFO:Test users: ['dorn9', 'dorn7']
2021-04-08 11:24:46,523:INFO:Features encoded: ['sex', 'clothing']
2021-04-08 11:24:46,523:INFO:Finding Cohorts ...
2021-04-08 11:24:46,524:INFO:Finding cohorts using: swls
2021-04-08 11:24:46,527:INFO:Training Cohort models ...
2021-04-08 11:27:10,458:INFO:Cohort assignation ...
2021-04-08 11:27:10,458:INFO:Matching via swls
2021-04-08 11:27:10,459:INFO:Cohort evaluation ...
2021-04-08 11:27:10,522:INFO:Baseline holistic ...
2021-04-08 11:28:43,474:INFO:Baseline pcm ...
2021-04-08 11:28:43,474:INFO:Loading precomputed pcm ...
2021-04-08 11:28:43,617:INFO:########## Finished iteration 19 ##########
2021-04-08 11:28:43,617:INFO:########## Iteration 20 ##########
2021-04-08 11:28:43,617:INFO:Loading datasets ...
2021-04-08 11:28:43,931:INFO:Test users: ['dorn17', 'dorn14']
2021-04-08 11:28:43,931:INFO:Features encoded: ['sex', 'clothing']
2021-04-08 11:28:43,931:INFO:Finding Cohorts ...
2021-04-08 11:28:43,932:INFO:Finding cohorts using: swls
2021-04-08 11:28:43,935:INFO:Training Cohort models ...
2021-04-08 11:31:22,846:INFO:Cohort assignation ...
2021-04-08 11:31:22,846:INFO:Matching via swls
2021-04-08 11:31:22,846:INFO:Cohort evaluation ...
2021-04-08 11:31:22,911:INFO:Baseline holistic ...
2021-04-08 11:33:13,918:INFO:Baseline pcm ...
2021-04-08 11:33:13,918:INFO:Loading precomputed pcm ...
2021-04-08 11:33:14,065:INFO:########## Finished iteration 20 ##########
2021-04-08 11:33:14,065:INFO:########## Iteration 21 ##########
2021-04-08 11:33:14,065:INFO:Loading datasets ...
2021-04-08 11:33:14,382:INFO:Test users: ['dorn14', 'dorn6']
2021-04-08 11:33:14,382:INFO:Features encoded: ['sex', 'clothing']
2021-04-08 11:33:14,382:INFO:Finding Cohorts ...
2021-04-08 11:33:14,384:INFO:Finding cohorts using: swls
2021-04-08 11:33:14,386:INFO:Training Cohort models ...
2021-04-08 11:35:13,294:INFO:Cohort assignation ...
2021-04-08 11:35:13,294:INFO:Matching via swls
2021-04-08 11:35:13,295:INFO:Cohort evaluation ...
2021-04-08 11:35:13,327:INFO:Baseline holistic ...
2021-04-08 11:37:04,644:INFO:Baseline pcm ...
2021-04-08 11:37:04,644:INFO:Loading precomputed pcm ...
2021-04-08 11:37:04,787:INFO:########## Finished iteration 21 ##########
2021-04-08 11:37:04,788:INFO:########## Iteration 22 ##########
2021-04-08 11:37:04,788:INFO:Loading datasets ...
2021-04-08 11:37:05,108:INFO:Test users: ['dorn15', 'dorn12']
2021-04-08 11:37:05,108:INFO:Features encoded: ['sex', 'clothing']
2021-04-08 11:37:05,109:INFO:Finding Cohorts ...
2021-04-08 11:37:05,109:INFO:Finding cohorts using: swls
2021-04-08 11:37:05,111:INFO:Training Cohort models ...
2021-04-08 11:39:44,389:INFO:Cohort assignation ...
2021-04-08 11:39:44,389:INFO:Matching via swls
2021-04-08 11:39:44,390:INFO:Cohort evaluation ...
2021-04-08 11:39:44,469:INFO:Baseline holistic ...
2021-04-08 11:40:59,918:INFO:Baseline pcm ...
2021-04-08 11:40:59,918:INFO:Loading precomputed pcm ...
2021-04-08 11:41:00,063:INFO:########## Finished iteration 22 ##########
2021-04-08 11:41:00,063:INFO:########## Iteration 23 ##########
2021-04-08 11:41:00,063:INFO:Loading datasets ...
2021-04-08 11:41:00,381:INFO:Test users: ['dorn18', 'dorn6']
2021-04-08 11:41:00,381:INFO:Features encoded: ['sex', 'clothing']
2021-04-08 11:41:00,382:INFO:Finding Cohorts ...
2021-04-08 11:41:00,383:INFO:Finding cohorts using: swls
2021-04-08 11:41:00,385:INFO:Training Cohort models ...
2021-04-08 11:43:24,805:INFO:Cohort assignation ...
2021-04-08 11:43:24,805:INFO:Matching via swls
2021-04-08 11:43:24,806:INFO:Cohort evaluation ...
2021-04-08 11:43:24,838:INFO:Baseline holistic ...
2021-04-08 11:45:14,156:INFO:Baseline pcm ...
2021-04-08 11:45:14,157:INFO:Loading precomputed pcm ...
2021-04-08 11:45:14,301:INFO:########## Finished iteration 23 ##########
2021-04-08 11:45:14,301:INFO:########## Iteration 24 ##########
2021-04-08 11:45:14,301:INFO:Loading datasets ...
2021-04-08 11:45:14,612:INFO:Test users: ['dorn15', 'dorn6']
2021-04-08 11:45:14,613:INFO:Features encoded: ['sex', 'clothing']
2021-04-08 11:45:14,613:INFO:Finding Cohorts ...
2021-04-08 11:45:14,614:INFO:Finding cohorts using: swls
2021-04-08 11:45:14,616:INFO:Training Cohort models ...
2021-04-08 11:47:39,367:INFO:Cohort assignation ...
2021-04-08 11:47:39,367:INFO:Matching via swls
2021-04-08 11:47:39,368:INFO:Cohort evaluation ...
2021-04-08 11:47:39,432:INFO:Baseline holistic ...
2021-04-08 11:49:28,569:INFO:Baseline pcm ...
2021-04-08 11:49:28,569:INFO:Loading precomputed pcm ...
2021-04-08 11:49:28,778:INFO:########## Finished iteration 24 ##########
2021-04-08 11:49:28,778:INFO:########## Iteration 25 ##########
2021-04-08 11:49:28,778:INFO:Loading datasets ...
2021-04-08 11:49:29,095:INFO:Test users: ['dorn20', 'dorn7']
2021-04-08 11:49:29,095:INFO:Features encoded: ['sex', 'clothing']
2021-04-08 11:49:29,095:INFO:Finding Cohorts ...
2021-04-08 11:49:29,096:INFO:Finding cohorts using: swls
2021-04-08 11:49:29,099:INFO:Training Cohort models ...
2021-04-08 11:51:53,648:INFO:Cohort assignation ...
2021-04-08 11:51:53,648:INFO:Matching via swls
2021-04-08 11:51:53,649:INFO:Cohort evaluation ...
2021-04-08 11:51:53,717:INFO:Baseline holistic ...
2021-04-08 11:53:26,120:INFO:Baseline pcm ...
2021-04-08 11:53:26,120:INFO:Loading precomputed pcm ...
2021-04-08 11:53:26,268:INFO:########## Finished iteration 25 ##########
2021-04-08 11:53:26,268:INFO:########## Iteration 26 ##########
2021-04-08 11:53:26,268:INFO:Loading datasets ...
2021-04-08 11:53:26,587:INFO:Test users: ['dorn6', 'dorn7']
2021-04-08 11:53:26,587:INFO:Features encoded: ['sex', 'clothing']
2021-04-08 11:53:26,588:INFO:Finding Cohorts ...
2021-04-08 11:53:26,589:INFO:Finding cohorts using: swls
2021-04-08 11:53:26,591:INFO:Training Cohort models ...
2021-04-08 11:55:36,788:INFO:Cohort assignation ...
2021-04-08 11:55:36,788:INFO:Matching via swls
2021-04-08 11:55:36,796:INFO:Cohort evaluation ...
2021-04-08 11:55:36,844:INFO:Baseline holistic ...
2021-04-08 11:57:08,412:INFO:Baseline pcm ...
2021-04-08 11:57:08,412:INFO:Loading precomputed pcm ...
2021-04-08 11:57:08,559:INFO:########## Finished iteration 26 ##########
2021-04-08 11:57:08,560:INFO:########## Iteration 27 ##########
2021-04-08 11:57:08,560:INFO:Loading datasets ...
2021-04-08 11:57:08,876:INFO:Test users: ['dorn15', 'dorn5']
2021-04-08 11:57:08,876:INFO:Features encoded: ['sex', 'clothing']
2021-04-08 11:57:08,876:INFO:Finding Cohorts ...
2021-04-08 11:57:08,877:INFO:Finding cohorts using: swls
2021-04-08 11:57:08,879:INFO:Training Cohort models ...
2021-04-08 11:59:32,831:INFO:Cohort assignation ...
2021-04-08 11:59:32,831:INFO:Matching via swls
2021-04-08 11:59:32,832:INFO:Cohort evaluation ...
2021-04-08 11:59:32,896:INFO:Baseline holistic ...
2021-04-08 12:00:48,224:INFO:Baseline pcm ...
2021-04-08 12:00:48,224:INFO:Loading precomputed pcm ...
2021-04-08 12:00:48,369:INFO:########## Finished iteration 27 ##########
2021-04-08 12:00:48,369:INFO:########## Iteration 28 ##########
2021-04-08 12:00:48,370:INFO:Loading datasets ...
2021-04-08 12:00:48,690:INFO:Test users: ['dorn14', 'dorn12']
2021-04-08 12:00:48,690:INFO:Features encoded: ['sex', 'clothing']
2021-04-08 12:00:48,690:INFO:Finding Cohorts ...
2021-04-08 12:00:48,691:INFO:Finding cohorts using: swls
2021-04-08 12:00:48,694:INFO:Training Cohort models ...
2021-04-08 12:03:43,225:INFO:Cohort assignation ...
2021-04-08 12:03:43,225:INFO:Matching via swls
2021-04-08 12:03:43,226:INFO:Cohort evaluation ...
2021-04-08 12:03:43,320:INFO:Baseline holistic ...
2021-04-08 12:05:34,624:INFO:Baseline pcm ...
2021-04-08 12:05:34,624:INFO:Loading precomputed pcm ...
2021-04-08 12:05:34,769:INFO:########## Finished iteration 28 ##########
2021-04-08 12:05:34,769:INFO:########## Iteration 29 ##########
2021-04-08 12:05:34,769:INFO:Loading datasets ...
2021-04-08 12:05:35,088:INFO:Test users: ['dorn15', 'dorn7']
2021-04-08 12:05:35,088:INFO:Features encoded: ['sex', 'clothing']
2021-04-08 12:05:35,088:INFO:Finding Cohorts ...
2021-04-08 12:05:35,090:INFO:Finding cohorts using: swls
2021-04-08 12:05:35,093:INFO:Training Cohort models ...
2021-04-08 12:08:13,922:INFO:Cohort assignation ...
2021-04-08 12:08:13,922:INFO:Matching via swls
2021-04-08 12:08:13,923:INFO:Cohort evaluation ...
2021-04-08 12:08:14,084:INFO:Baseline holistic ...
2021-04-08 12:10:03,449:INFO:Baseline pcm ...
2021-04-08 12:10:03,449:INFO:Loading precomputed pcm ...
2021-04-08 12:10:03,596:INFO:########## Finished iteration 29 ##########
2021-04-08 12:10:03,596:INFO:########## Iteration 30 ##########
2021-04-08 12:10:03,596:INFO:Loading datasets ...
2021-04-08 12:10:03,910:INFO:Test users: ['dorn20', 'dorn5']
2021-04-08 12:10:03,910:INFO:Features encoded: ['sex', 'clothing']
2021-04-08 12:10:03,910:INFO:Finding Cohorts ...
2021-04-08 12:10:03,911:INFO:Finding cohorts using: swls
2021-04-08 12:10:03,914:INFO:Training Cohort models ...
2021-04-08 12:12:15,231:INFO:Cohort assignation ...
2021-04-08 12:12:15,232:INFO:Matching via swls
2021-04-08 12:12:15,232:INFO:Cohort evaluation ...
2021-04-08 12:12:15,281:INFO:Baseline holistic ...
2021-04-08 12:14:05,833:INFO:Baseline pcm ...
2021-04-08 12:14:05,833:INFO:Loading precomputed pcm ...
2021-04-08 12:14:05,979:INFO:########## Finished iteration 30 ##########
2021-04-08 12:14:05,979:INFO:########## Iteration 31 ##########
2021-04-08 12:14:05,979:INFO:Loading datasets ...
2021-04-08 12:14:06,292:INFO:Test users: ['dorn9', 'dorn12']
2021-04-08 12:14:06,292:INFO:Features encoded: ['sex', 'clothing']
2021-04-08 12:14:06,292:INFO:Finding Cohorts ...
2021-04-08 12:14:06,293:INFO:Finding cohorts using: swls
2021-04-08 12:14:06,295:INFO:Training Cohort models ...
2021-04-08 12:16:31,640:INFO:Cohort assignation ...
2021-04-08 12:16:31,640:INFO:Matching via swls
2021-04-08 12:16:31,648:INFO:Cohort evaluation ...
2021-04-08 12:16:31,711:INFO:Baseline holistic ...
2021-04-08 12:18:22,552:INFO:Baseline pcm ...
2021-04-08 12:18:22,552:INFO:Loading precomputed pcm ...
2021-04-08 12:18:22,699:INFO:########## Finished iteration 31 ##########
2021-04-08 12:18:22,699:INFO:########## Iteration 32 ##########
2021-04-08 12:18:22,700:INFO:Loading datasets ...
2021-04-08 12:18:23,016:INFO:Test users: ['dorn15', 'dorn5']
2021-04-08 12:18:23,017:INFO:Features encoded: ['sex', 'clothing']
2021-04-08 12:18:23,017:INFO:Finding Cohorts ...
2021-04-08 12:18:23,018:INFO:Finding cohorts using: swls
2021-04-08 12:18:23,020:INFO:Training Cohort models ...
2021-04-08 12:20:33,918:INFO:Cohort assignation ...
2021-04-08 12:20:33,918:INFO:Matching via swls
2021-04-08 12:20:33,919:INFO:Cohort evaluation ...
2021-04-08 12:20:33,983:INFO:Baseline holistic ...
2021-04-08 12:22:23,895:INFO:Baseline pcm ...
2021-04-08 12:22:23,895:INFO:Loading precomputed pcm ...
2021-04-08 12:22:24,040:INFO:########## Finished iteration 32 ##########
2021-04-08 12:22:24,040:INFO:########## Iteration 33 ##########
2021-04-08 12:22:24,040:INFO:Loading datasets ...
2021-04-08 12:22:24,361:INFO:Test users: ['dorn12', 'dorn9']
2021-04-08 12:22:24,361:INFO:Features encoded: ['sex', 'clothing']
2021-04-08 12:22:24,361:INFO:Finding Cohorts ...
2021-04-08 12:22:24,362:INFO:Finding cohorts using: swls
2021-04-08 12:22:24,364:INFO:Training Cohort models ...
2021-04-08 12:25:03,968:INFO:Cohort assignation ...
2021-04-08 12:25:03,968:INFO:Matching via swls
2021-04-08 12:25:03,968:INFO:Cohort evaluation ...
2021-04-08 12:25:04,031:INFO:Baseline holistic ...
2021-04-08 12:26:37,190:INFO:Baseline pcm ...
2021-04-08 12:26:37,190:INFO:Loading precomputed pcm ...
2021-04-08 12:26:37,402:INFO:########## Finished iteration 33 ##########
2021-04-08 12:26:37,402:INFO:########## Iteration 34 ##########
2021-04-08 12:26:37,402:INFO:Loading datasets ...
2021-04-08 12:26:37,714:INFO:Test users: ['dorn14', 'dorn12']
2021-04-08 12:26:37,714:INFO:Features encoded: ['sex', 'clothing']
2021-04-08 12:26:37,714:INFO:Finding Cohorts ...
2021-04-08 12:26:37,715:INFO:Finding cohorts using: swls
2021-04-08 12:26:37,718:INFO:Training Cohort models ...
2021-04-08 12:29:04,033:INFO:Cohort assignation ...
2021-04-08 12:29:04,034:INFO:Matching via swls
2021-04-08 12:29:04,034:INFO:Cohort evaluation ...
2021-04-08 12:29:04,098:INFO:Baseline holistic ...
2021-04-08 12:30:20,984:INFO:Baseline pcm ...
2021-04-08 12:30:20,984:INFO:Loading precomputed pcm ...
2021-04-08 12:30:21,129:INFO:########## Finished iteration 34 ##########
2021-04-08 12:30:21,130:INFO:########## Iteration 35 ##########
2021-04-08 12:30:21,130:INFO:Loading datasets ...
2021-04-08 12:30:21,447:INFO:Test users: ['dorn7', 'dorn9']
2021-04-08 12:30:21,447:INFO:Features encoded: ['sex', 'clothing']
2021-04-08 12:30:21,447:INFO:Finding Cohorts ...
2021-04-08 12:30:21,448:INFO:Finding cohorts using: swls
2021-04-08 12:30:21,451:INFO:Training Cohort models ...
2021-04-08 12:32:18,258:INFO:Cohort assignation ...
2021-04-08 12:32:18,259:INFO:Matching via swls
2021-04-08 12:32:18,259:INFO:Cohort evaluation ...
2021-04-08 12:32:18,291:INFO:Baseline holistic ...
2021-04-08 12:34:08,778:INFO:Baseline pcm ...
2021-04-08 12:34:08,778:INFO:Loading precomputed pcm ...
2021-04-08 12:34:08,924:INFO:########## Finished iteration 35 ##########
2021-04-08 12:34:08,925:INFO:########## Iteration 36 ##########
2021-04-08 12:34:08,925:INFO:Loading datasets ...
2021-04-08 12:34:09,239:INFO:Test users: ['dorn5', 'dorn18']
2021-04-08 12:34:09,239:INFO:Features encoded: ['sex', 'clothing']
2021-04-08 12:34:09,239:INFO:Finding Cohorts ...
2021-04-08 12:34:09,240:INFO:Finding cohorts using: swls
2021-04-08 12:34:09,242:INFO:Training Cohort models ...
2021-04-08 12:36:32,777:INFO:Cohort assignation ...
2021-04-08 12:36:32,777:INFO:Matching via swls
2021-04-08 12:36:32,778:INFO:Cohort evaluation ...
2021-04-08 12:36:32,842:INFO:Baseline holistic ...
2021-04-08 12:38:22,222:INFO:Baseline pcm ...
2021-04-08 12:38:22,222:INFO:Loading precomputed pcm ...
2021-04-08 12:38:22,436:INFO:########## Finished iteration 36 ##########
2021-04-08 12:38:22,436:INFO:########## Iteration 37 ##########
2021-04-08 12:38:22,436:INFO:Loading datasets ...
2021-04-08 12:38:22,752:INFO:Test users: ['dorn20', 'dorn17']
2021-04-08 12:38:22,752:INFO:Features encoded: ['sex', 'clothing']
2021-04-08 12:38:22,753:INFO:Finding Cohorts ...
2021-04-08 12:38:22,754:INFO:Finding cohorts using: swls
2021-04-08 12:38:22,756:INFO:Training Cohort models ...
2021-04-08 12:41:01,439:INFO:Cohort assignation ...
2021-04-08 12:41:01,439:INFO:Matching via swls
2021-04-08 12:41:01,440:INFO:Cohort evaluation ...
2021-04-08 12:41:01,526:INFO:Baseline holistic ...
2021-04-08 12:42:17,716:INFO:Baseline pcm ...
2021-04-08 12:42:17,716:INFO:Loading precomputed pcm ...
2021-04-08 12:42:17,861:INFO:########## Finished iteration 37 ##########
2021-04-08 12:42:17,862:INFO:########## Iteration 38 ##########
2021-04-08 12:42:17,862:INFO:Loading datasets ...
2021-04-08 12:42:18,173:INFO:Test users: ['dorn17', 'dorn20']
2021-04-08 12:42:18,174:INFO:Features encoded: ['sex', 'clothing']
2021-04-08 12:42:18,174:INFO:Finding Cohorts ...
2021-04-08 12:42:18,175:INFO:Finding cohorts using: swls
2021-04-08 12:42:18,178:INFO:Training Cohort models ...
2021-04-08 12:44:43,614:INFO:Cohort assignation ...
2021-04-08 12:44:43,614:INFO:Matching via swls
2021-04-08 12:44:43,615:INFO:Cohort evaluation ...
2021-04-08 12:44:43,677:INFO:Baseline holistic ...
2021-04-08 12:46:34,121:INFO:Baseline pcm ...
2021-04-08 12:46:34,121:INFO:Loading precomputed pcm ...
2021-04-08 12:46:34,266:INFO:########## Finished iteration 38 ##########
2021-04-08 12:46:34,267:INFO:########## Iteration 39 ##########
2021-04-08 12:46:34,267:INFO:Loading datasets ...
2021-04-08 12:46:34,582:INFO:Test users: ['dorn14', 'dorn9']
2021-04-08 12:46:34,582:INFO:Features encoded: ['sex', 'clothing']
2021-04-08 12:46:34,582:INFO:Finding Cohorts ...
2021-04-08 12:46:34,583:INFO:Finding cohorts using: swls
2021-04-08 12:46:34,585:INFO:Training Cohort models ...
2021-04-08 12:49:30,292:INFO:Cohort assignation ...
2021-04-08 12:49:30,292:INFO:Matching via swls
2021-04-08 12:49:30,293:INFO:Cohort evaluation ...
2021-04-08 12:49:30,390:INFO:Baseline holistic ...
2021-04-08 12:51:21,696:INFO:Baseline pcm ...
2021-04-08 12:51:21,696:INFO:Loading precomputed pcm ...
2021-04-08 12:51:21,843:INFO:########## Finished iteration 39 ##########
2021-04-08 12:51:21,843:INFO:########## Iteration 40 ##########
2021-04-08 12:51:21,843:INFO:Loading datasets ...
2021-04-08 12:51:22,160:INFO:Test users: ['dorn12', 'dorn15']
2021-04-08 12:51:22,160:INFO:Features encoded: ['sex', 'clothing']
2021-04-08 12:51:22,160:INFO:Finding Cohorts ...
2021-04-08 12:51:22,162:INFO:Finding cohorts using: swls
2021-04-08 12:51:22,165:INFO:Training Cohort models ...
2021-04-08 12:54:01,644:INFO:Cohort assignation ...
2021-04-08 12:54:01,644:INFO:Matching via swls
2021-04-08 12:54:01,645:INFO:Cohort evaluation ...
2021-04-08 12:54:01,724:INFO:Baseline holistic ...
2021-04-08 12:55:51,595:INFO:Baseline pcm ...
2021-04-08 12:55:51,595:INFO:Loading precomputed pcm ...
2021-04-08 12:55:51,740:INFO:########## Finished iteration 40 ##########
2021-04-08 12:55:51,740:INFO:########## Iteration 41 ##########
2021-04-08 12:55:51,740:INFO:Loading datasets ...
2021-04-08 12:55:52,052:INFO:Test users: ['dorn20', 'dorn14']
2021-04-08 12:55:52,053:INFO:Features encoded: ['sex', 'clothing']
2021-04-08 12:55:52,053:INFO:Finding Cohorts ...
2021-04-08 12:55:52,054:INFO:Finding cohorts using: swls
2021-04-08 12:55:52,057:INFO:Training Cohort models ...
2021-04-08 12:58:04,499:INFO:Cohort assignation ...
2021-04-08 12:58:04,499:INFO:Matching via swls
2021-04-08 12:58:04,500:INFO:Cohort evaluation ...
2021-04-08 12:58:04,548:INFO:Baseline holistic ...
2021-04-08 12:59:55,562:INFO:Baseline pcm ...
2021-04-08 12:59:55,562:INFO:Loading precomputed pcm ...
2021-04-08 12:59:55,710:INFO:########## Finished iteration 41 ##########
2021-04-08 12:59:55,710:INFO:########## Iteration 42 ##########
2021-04-08 12:59:55,710:INFO:Loading datasets ...
2021-04-08 12:59:56,029:INFO:Test users: ['dorn7', 'dorn15']
2021-04-08 12:59:56,029:INFO:Features encoded: ['sex', 'clothing']
2021-04-08 12:59:56,029:INFO:Finding Cohorts ...
2021-04-08 12:59:56,030:INFO:Finding cohorts using: swls
2021-04-08 12:59:56,032:INFO:Training Cohort models ...
2021-04-08 13:02:18,505:INFO:Cohort assignation ...
2021-04-08 13:02:18,505:INFO:Matching via swls
2021-04-08 13:02:18,506:INFO:Cohort evaluation ...
2021-04-08 13:02:18,538:INFO:Baseline holistic ...
2021-04-08 13:04:07,478:INFO:Baseline pcm ...
2021-04-08 13:04:07,478:INFO:Loading precomputed pcm ...
2021-04-08 13:04:07,689:INFO:########## Finished iteration 42 ##########
2021-04-08 13:04:07,689:INFO:########## Iteration 43 ##########
2021-04-08 13:04:07,690:INFO:Loading datasets ...
2021-04-08 13:04:08,005:INFO:Test users: ['dorn12', 'dorn6']
2021-04-08 13:04:08,005:INFO:Features encoded: ['sex', 'clothing']
2021-04-08 13:04:08,006:INFO:Finding Cohorts ...
2021-04-08 13:04:08,006:INFO:Finding cohorts using: swls
2021-04-08 13:04:08,009:INFO:Training Cohort models ...
2021-04-08 13:07:00,754:INFO:Cohort assignation ...
2021-04-08 13:07:00,754:INFO:Matching via swls
2021-04-08 13:07:00,755:INFO:Cohort evaluation ...
2021-04-08 13:07:00,848:INFO:Baseline holistic ...
2021-04-08 13:08:33,057:INFO:Baseline pcm ...
2021-04-08 13:08:33,057:INFO:Loading precomputed pcm ...
2021-04-08 13:08:33,203:INFO:########## Finished iteration 43 ##########
2021-04-08 13:08:33,203:INFO:########## Iteration 44 ##########
2021-04-08 13:08:33,203:INFO:Loading datasets ...
2021-04-08 13:08:33,519:INFO:Test users: ['dorn7', 'dorn5']
2021-04-08 13:08:33,519:INFO:Features encoded: ['sex', 'clothing']
2021-04-08 13:08:33,519:INFO:Finding Cohorts ...
2021-04-08 13:08:33,520:INFO:Finding cohorts using: swls
2021-04-08 13:08:33,523:INFO:Training Cohort models ...
2021-04-08 13:10:56,594:INFO:Cohort assignation ...
2021-04-08 13:10:56,594:INFO:Matching via swls
2021-04-08 13:10:56,594:INFO:Cohort evaluation ...
2021-04-08 13:10:56,659:INFO:Baseline holistic ...
2021-04-08 13:12:45,492:INFO:Baseline pcm ...
2021-04-08 13:12:45,492:INFO:Loading precomputed pcm ...
2021-04-08 13:12:45,636:INFO:########## Finished iteration 44 ##########
2021-04-08 13:12:45,636:INFO:########## Iteration 45 ##########
2021-04-08 13:12:45,636:INFO:Loading datasets ...
2021-04-08 13:12:45,951:INFO:Test users: ['dorn7', 'dorn6']
2021-04-08 13:12:45,951:INFO:Features encoded: ['sex', 'clothing']
2021-04-08 13:12:45,952:INFO:Finding Cohorts ...
2021-04-08 13:12:45,953:INFO:Finding cohorts using: swls
2021-04-08 13:12:45,955:INFO:Training Cohort models ...
2021-04-08 13:15:10,301:INFO:Cohort assignation ...
2021-04-08 13:15:10,301:INFO:Matching via swls
2021-04-08 13:15:10,302:INFO:Cohort evaluation ...
2021-04-08 13:15:10,366:INFO:Baseline holistic ...
2021-04-08 13:16:41,751:INFO:Baseline pcm ...
2021-04-08 13:16:41,751:INFO:Loading precomputed pcm ...
2021-04-08 13:16:41,898:INFO:########## Finished iteration 45 ##########
2021-04-08 13:16:41,898:INFO:########## Iteration 46 ##########
2021-04-08 13:16:41,898:INFO:Loading datasets ...
2021-04-08 13:16:42,212:INFO:Test users: ['dorn14', 'dorn7']
2021-04-08 13:16:42,212:INFO:Features encoded: ['sex', 'clothing']
2021-04-08 13:16:42,212:INFO:Finding Cohorts ...
2021-04-08 13:16:42,213:INFO:Finding cohorts using: swls
2021-04-08 13:16:42,216:INFO:Training Cohort models ...
2021-04-08 13:18:52,959:INFO:Cohort assignation ...
2021-04-08 13:18:52,960:INFO:Matching via swls
2021-04-08 13:18:52,960:INFO:Cohort evaluation ...
2021-04-08 13:18:52,992:INFO:Baseline holistic ...
2021-04-08 13:20:26,247:INFO:Baseline pcm ...
2021-04-08 13:20:26,247:INFO:Loading precomputed pcm ...
2021-04-08 13:20:26,391:INFO:########## Finished iteration 46 ##########
2021-04-08 13:20:26,391:INFO:########## Iteration 47 ##########
2021-04-08 13:20:26,392:INFO:Loading datasets ...
2021-04-08 13:20:26,704:INFO:Test users: ['dorn9', 'dorn18']
2021-04-08 13:20:26,705:INFO:Features encoded: ['sex', 'clothing']
2021-04-08 13:20:26,705:INFO:Finding Cohorts ...
2021-04-08 13:20:26,705:INFO:Finding cohorts using: swls
2021-04-08 13:20:26,708:INFO:Training Cohort models ...
2021-04-08 13:22:51,441:INFO:Cohort assignation ...
2021-04-08 13:22:51,441:INFO:Matching via swls
2021-04-08 13:22:51,442:INFO:Cohort evaluation ...
2021-04-08 13:22:51,536:INFO:Baseline holistic ...
2021-04-08 13:24:42,017:INFO:Baseline pcm ...
2021-04-08 13:24:42,017:INFO:Loading precomputed pcm ...
2021-04-08 13:24:42,229:INFO:########## Finished iteration 47 ##########
2021-04-08 13:24:42,229:INFO:########## Iteration 48 ##########
2021-04-08 13:24:42,229:INFO:Loading datasets ...
2021-04-08 13:24:42,543:INFO:Test users: ['dorn15', 'dorn7']
2021-04-08 13:24:42,543:INFO:Features encoded: ['sex', 'clothing']
2021-04-08 13:24:42,543:INFO:Finding Cohorts ...
2021-04-08 13:24:42,544:INFO:Finding cohorts using: swls
2021-04-08 13:24:42,547:INFO:Training Cohort models ...
2021-04-08 13:27:35,950:INFO:Cohort assignation ...
2021-04-08 13:27:35,950:INFO:Matching via swls
2021-04-08 13:27:35,951:INFO:Cohort evaluation ...
2021-04-08 13:27:36,048:INFO:Baseline holistic ...
2021-04-08 13:29:26,432:INFO:Baseline pcm ...
2021-04-08 13:29:26,432:INFO:Loading precomputed pcm ...
2021-04-08 13:29:26,579:INFO:########## Finished iteration 48 ##########
2021-04-08 13:29:26,579:INFO:########## Iteration 49 ##########
2021-04-08 13:29:26,579:INFO:Loading datasets ...
2021-04-08 13:29:26,904:INFO:Test users: ['dorn18', 'dorn17']
2021-04-08 13:29:26,904:INFO:Features encoded: ['sex', 'clothing']
2021-04-08 13:29:26,904:INFO:Finding Cohorts ...
2021-04-08 13:29:26,906:INFO:Finding cohorts using: swls
2021-04-08 13:29:26,908:INFO:Training Cohort models ...
2021-04-08 13:31:51,359:INFO:Cohort assignation ...
2021-04-08 13:31:51,359:INFO:Matching via swls
2021-04-08 13:31:51,359:INFO:Cohort evaluation ...
2021-04-08 13:31:51,422:INFO:Baseline holistic ...
2021-04-08 13:33:24,067:INFO:Baseline pcm ...
2021-04-08 13:33:24,067:INFO:Loading precomputed pcm ...
2021-04-08 13:33:24,211:INFO:########## Finished iteration 49 ##########
2021-04-08 13:33:24,211:INFO:########## Iteration 50 ##########
2021-04-08 13:33:24,211:INFO:Loading datasets ...
2021-04-08 13:33:24,530:INFO:Test users: ['dorn12', 'dorn18']
2021-04-08 13:33:24,530:INFO:Features encoded: ['sex', 'clothing']
2021-04-08 13:33:24,530:INFO:Finding Cohorts ...
2021-04-08 13:33:24,531:INFO:Finding cohorts using: swls
2021-04-08 13:33:24,534:INFO:Training Cohort models ...
2021-04-08 13:35:48,623:INFO:Cohort assignation ...
2021-04-08 13:35:48,623:INFO:Matching via swls
2021-04-08 13:35:48,624:INFO:Cohort evaluation ...
2021-04-08 13:35:48,694:INFO:Baseline holistic ...
2021-04-08 13:37:38,563:INFO:Baseline pcm ...
2021-04-08 13:37:38,563:INFO:Loading precomputed pcm ...
2021-04-08 13:37:38,710:INFO:########## Finished iteration 50 ##########
2021-04-08 13:37:38,710:INFO:########## Iteration 51 ##########
2021-04-08 13:37:38,711:INFO:Loading datasets ...
2021-04-08 13:37:39,028:INFO:Test users: ['dorn18', 'dorn9']
2021-04-08 13:37:39,028:INFO:Features encoded: ['sex', 'clothing']
2021-04-08 13:37:39,028:INFO:Finding Cohorts ...
2021-04-08 13:37:39,029:INFO:Finding cohorts using: swls
2021-04-08 13:37:39,032:INFO:Training Cohort models ...
2021-04-08 13:39:35,755:INFO:Cohort assignation ...
2021-04-08 13:39:35,755:INFO:Matching via swls
2021-04-08 13:39:35,756:INFO:Cohort evaluation ...
2021-04-08 13:39:35,788:INFO:Baseline holistic ...
2021-04-08 13:41:08,933:INFO:Baseline pcm ...
2021-04-08 13:41:08,934:INFO:Loading precomputed pcm ...
2021-04-08 13:41:09,078:INFO:########## Finished iteration 51 ##########
2021-04-08 13:41:09,078:INFO:########## Iteration 52 ##########
2021-04-08 13:41:09,078:INFO:Loading datasets ...
2021-04-08 13:41:09,393:INFO:Test users: ['dorn17', 'dorn7']
2021-04-08 13:41:09,394:INFO:Features encoded: ['sex', 'clothing']
2021-04-08 13:41:09,394:INFO:Finding Cohorts ...
2021-04-08 13:41:09,394:INFO:Finding cohorts using: swls
2021-04-08 13:41:09,396:INFO:Training Cohort models ...
2021-04-08 13:43:19,792:INFO:Cohort assignation ...
2021-04-08 13:43:19,792:INFO:Matching via swls
2021-04-08 13:43:19,792:INFO:Cohort evaluation ...
2021-04-08 13:43:19,856:INFO:Baseline holistic ...
2021-04-08 13:44:35,023:INFO:Baseline pcm ...
2021-04-08 13:44:35,023:INFO:Loading precomputed pcm ...
2021-04-08 13:44:35,167:INFO:########## Finished iteration 52 ##########
2021-04-08 13:44:35,167:INFO:########## Iteration 53 ##########
2021-04-08 13:44:35,167:INFO:Loading datasets ...
2021-04-08 13:44:35,481:INFO:Test users: ['dorn15', 'dorn18']
2021-04-08 13:44:35,481:INFO:Features encoded: ['sex', 'clothing']
2021-04-08 13:44:35,481:INFO:Finding Cohorts ...
2021-04-08 13:44:35,482:INFO:Finding cohorts using: swls
2021-04-08 13:44:35,484:INFO:Training Cohort models ...
2021-04-08 13:47:13,931:INFO:Cohort assignation ...
2021-04-08 13:47:13,931:INFO:Matching via swls
2021-04-08 13:47:13,931:INFO:Cohort evaluation ...
2021-04-08 13:47:14,009:INFO:Baseline holistic ...
2021-04-08 13:48:46,148:INFO:Baseline pcm ...
2021-04-08 13:48:46,148:INFO:Loading precomputed pcm ...
2021-04-08 13:48:46,358:INFO:########## Finished iteration 53 ##########
2021-04-08 13:48:46,358:INFO:########## Iteration 54 ##########
2021-04-08 13:48:46,358:INFO:Loading datasets ...
2021-04-08 13:48:46,675:INFO:Test users: ['dorn20', 'dorn12']
2021-04-08 13:48:46,675:INFO:Features encoded: ['sex', 'clothing']
2021-04-08 13:48:46,675:INFO:Finding Cohorts ...
2021-04-08 13:48:46,677:INFO:Finding cohorts using: swls
2021-04-08 13:48:46,679:INFO:Training Cohort models ...
2021-04-08 13:51:39,113:INFO:Cohort assignation ...
2021-04-08 13:51:39,113:INFO:Matching via swls
2021-04-08 13:51:39,114:INFO:Cohort evaluation ...
2021-04-08 13:51:39,206:INFO:Baseline holistic ...
2021-04-08 13:53:18,517:INFO:Baseline pcm ...
2021-04-08 13:53:18,517:INFO:Loading precomputed pcm ...
2021-04-08 13:53:18,660:INFO:########## Finished iteration 54 ##########
2021-04-08 13:53:18,660:INFO:########## Iteration 55 ##########
2021-04-08 13:53:18,660:INFO:Loading datasets ...
2021-04-08 13:53:18,978:INFO:Test users: ['dorn7', 'dorn15']
2021-04-08 13:53:18,978:INFO:Features encoded: ['sex', 'clothing']
2021-04-08 13:53:18,978:INFO:Finding Cohorts ...
2021-04-08 13:53:18,980:INFO:Finding cohorts using: swls
2021-04-08 13:53:18,983:INFO:Training Cohort models ...
2021-04-08 13:55:14,900:INFO:Cohort assignation ...
2021-04-08 13:55:14,900:INFO:Matching via swls
2021-04-08 13:55:14,901:INFO:Cohort evaluation ...
2021-04-08 13:55:14,933:INFO:Baseline holistic ...
2021-04-08 13:56:30,147:INFO:Baseline pcm ...
2021-04-08 13:56:30,147:INFO:Loading precomputed pcm ...
2021-04-08 13:56:30,292:INFO:########## Finished iteration 55 ##########
2021-04-08 13:56:30,293:INFO:########## Iteration 56 ##########
2021-04-08 13:56:30,293:INFO:Loading datasets ...
2021-04-08 13:56:30,606:INFO:Test users: ['dorn14', 'dorn7']
2021-04-08 13:56:30,606:INFO:Features encoded: ['sex', 'clothing']
2021-04-08 13:56:30,606:INFO:Finding Cohorts ...
2021-04-08 13:56:30,607:INFO:Finding cohorts using: swls
2021-04-08 13:56:30,609:INFO:Training Cohort models ...
2021-04-08 13:58:53,782:INFO:Cohort assignation ...
2021-04-08 13:58:53,782:INFO:Matching via swls
2021-04-08 13:58:53,783:INFO:Cohort evaluation ...
2021-04-08 13:58:53,816:INFO:Baseline holistic ...
2021-04-08 14:00:44,049:INFO:Baseline pcm ...
2021-04-08 14:00:44,049:INFO:Loading precomputed pcm ...
2021-04-08 14:00:44,262:INFO:########## Finished iteration 56 ##########
2021-04-08 14:00:44,262:INFO:########## Iteration 57 ##########
2021-04-08 14:00:44,262:INFO:Loading datasets ...
2021-04-08 14:00:44,575:INFO:Test users: ['dorn7', 'dorn15']
2021-04-08 14:00:44,575:INFO:Features encoded: ['sex', 'clothing']
2021-04-08 14:00:44,575:INFO:Finding Cohorts ...
2021-04-08 14:00:44,576:INFO:Finding cohorts using: swls
2021-04-08 14:00:44,579:INFO:Training Cohort models ...
2021-04-08 14:02:40,296:INFO:Cohort assignation ...
2021-04-08 14:02:40,296:INFO:Matching via swls
2021-04-08 14:02:40,297:INFO:Cohort evaluation ...
2021-04-08 14:02:40,330:INFO:Baseline holistic ...
2021-04-08 14:04:29,424:INFO:Baseline pcm ...
2021-04-08 14:04:29,424:INFO:Loading precomputed pcm ...
2021-04-08 14:04:29,567:INFO:########## Finished iteration 57 ##########
2021-04-08 14:04:29,568:INFO:########## Iteration 58 ##########
2021-04-08 14:04:29,568:INFO:Loading datasets ...
2021-04-08 14:04:29,883:INFO:Test users: ['dorn17', 'dorn5']
2021-04-08 14:04:29,883:INFO:Features encoded: ['sex', 'clothing']
2021-04-08 14:04:29,884:INFO:Finding Cohorts ...
2021-04-08 14:04:29,884:INFO:Finding cohorts using: swls
2021-04-08 14:04:29,886:INFO:Training Cohort models ...
2021-04-08 14:06:53,309:INFO:Cohort assignation ...
2021-04-08 14:06:53,309:INFO:Matching via swls
2021-04-08 14:06:53,310:INFO:Cohort evaluation ...
2021-04-08 14:06:53,374:INFO:Baseline holistic ...
2021-04-08 14:08:25,996:INFO:Baseline pcm ...
2021-04-08 14:08:25,996:INFO:Loading precomputed pcm ...
2021-04-08 14:08:26,141:INFO:########## Finished iteration 58 ##########
2021-04-08 14:08:26,142:INFO:########## Iteration 59 ##########
2021-04-08 14:08:26,142:INFO:Loading datasets ...
2021-04-08 14:08:26,454:INFO:Test users: ['dorn5', 'dorn20']
2021-04-08 14:08:26,454:INFO:Features encoded: ['sex', 'clothing']
2021-04-08 14:08:26,454:INFO:Finding Cohorts ...
2021-04-08 14:08:26,455:INFO:Finding cohorts using: swls
2021-04-08 14:08:26,458:INFO:Training Cohort models ...
2021-04-08 14:10:50,677:INFO:Cohort assignation ...
2021-04-08 14:10:50,677:INFO:Matching via swls
2021-04-08 14:10:50,678:INFO:Cohort evaluation ...
2021-04-08 14:10:50,739:INFO:Baseline holistic ...
2021-04-08 14:12:23,847:INFO:Baseline pcm ...
2021-04-08 14:12:23,847:INFO:Loading precomputed pcm ...
2021-04-08 14:12:23,989:INFO:########## Finished iteration 59 ##########
2021-04-08 14:12:23,989:INFO:########## Iteration 60 ##########
2021-04-08 14:12:23,989:INFO:Loading datasets ...
2021-04-08 14:12:24,308:INFO:Test users: ['dorn14', 'dorn7']
2021-04-08 14:12:24,309:INFO:Features encoded: ['sex', 'clothing']
2021-04-08 14:12:24,309:INFO:Finding Cohorts ...
2021-04-08 14:12:24,310:INFO:Finding cohorts using: swls
2021-04-08 14:12:24,312:INFO:Training Cohort models ...
2021-04-08 14:14:48,224:INFO:Cohort assignation ...
2021-04-08 14:14:48,224:INFO:Matching via swls
2021-04-08 14:14:48,225:INFO:Cohort evaluation ...
2021-04-08 14:14:48,257:INFO:Baseline holistic ...
2021-04-08 14:16:04,272:INFO:Baseline pcm ...
2021-04-08 14:16:04,272:INFO:Loading precomputed pcm ...
2021-04-08 14:16:04,417:INFO:########## Finished iteration 60 ##########
2021-04-08 14:16:04,418:INFO:########## Iteration 61 ##########
2021-04-08 14:16:04,418:INFO:Loading datasets ...
2021-04-08 14:16:04,732:INFO:Test users: ['dorn9', 'dorn14']
2021-04-08 14:16:04,733:INFO:Features encoded: ['sex', 'clothing']
2021-04-08 14:16:04,733:INFO:Finding Cohorts ...
2021-04-08 14:16:04,734:INFO:Finding cohorts using: swls
2021-04-08 14:16:04,736:INFO:Training Cohort models ...
2021-04-08 14:18:03,048:INFO:Cohort assignation ...
2021-04-08 14:18:03,048:INFO:Matching via swls
2021-04-08 14:18:03,048:INFO:Cohort evaluation ...
2021-04-08 14:18:03,081:INFO:Baseline holistic ...
2021-04-08 14:19:55,137:INFO:Baseline pcm ...
2021-04-08 14:19:55,137:INFO:Loading precomputed pcm ...
2021-04-08 14:19:55,283:INFO:########## Finished iteration 61 ##########
2021-04-08 14:19:55,283:INFO:########## Iteration 62 ##########
2021-04-08 14:19:55,283:INFO:Loading datasets ...
2021-04-08 14:19:55,594:INFO:Test users: ['dorn12', 'dorn7']
2021-04-08 14:19:55,594:INFO:Features encoded: ['sex', 'clothing']
2021-04-08 14:19:55,594:INFO:Finding Cohorts ...
2021-04-08 14:19:55,595:INFO:Finding cohorts using: swls
2021-04-08 14:19:55,597:INFO:Training Cohort models ...
2021-04-08 14:22:19,429:INFO:Cohort assignation ...
2021-04-08 14:22:19,429:INFO:Matching via swls
2021-04-08 14:22:19,430:INFO:Cohort evaluation ...
2021-04-08 14:22:19,493:INFO:Baseline holistic ...
2021-04-08 14:23:34,306:INFO:Baseline pcm ...
2021-04-08 14:23:34,306:INFO:Loading precomputed pcm ...
2021-04-08 14:23:34,449:INFO:########## Finished iteration 62 ##########
2021-04-08 14:23:34,449:INFO:########## Iteration 63 ##########
2021-04-08 14:23:34,449:INFO:Loading datasets ...
2021-04-08 14:23:34,766:INFO:Test users: ['dorn5', 'dorn15']
2021-04-08 14:23:34,766:INFO:Features encoded: ['sex', 'clothing']
2021-04-08 14:23:34,766:INFO:Finding Cohorts ...
2021-04-08 14:23:34,767:INFO:Finding cohorts using: swls
2021-04-08 14:23:34,770:INFO:Training Cohort models ...
2021-04-08 14:26:13,157:INFO:Cohort assignation ...
2021-04-08 14:26:13,158:INFO:Matching via swls
2021-04-08 14:26:13,158:INFO:Cohort evaluation ...
2021-04-08 14:26:13,254:INFO:Baseline holistic ...
2021-04-08 14:28:02,313:INFO:Baseline pcm ...
2021-04-08 14:28:02,313:INFO:Loading precomputed pcm ...
2021-04-08 14:28:02,458:INFO:########## Finished iteration 63 ##########
2021-04-08 14:28:02,458:INFO:########## Iteration 64 ##########
2021-04-08 14:28:02,458:INFO:Loading datasets ...
2021-04-08 14:28:02,769:INFO:Test users: ['dorn18', 'dorn17']
2021-04-08 14:28:02,769:INFO:Features encoded: ['sex', 'clothing']
2021-04-08 14:28:02,769:INFO:Finding Cohorts ...
2021-04-08 14:28:02,770:INFO:Finding cohorts using: swls
2021-04-08 14:28:02,773:INFO:Training Cohort models ...
2021-04-08 14:30:40,814:INFO:Cohort assignation ...
2021-04-08 14:30:40,814:INFO:Matching via swls
2021-04-08 14:30:40,815:INFO:Cohort evaluation ...
2021-04-08 14:30:40,893:INFO:Baseline holistic ...
2021-04-08 14:32:12,862:INFO:Baseline pcm ...
2021-04-08 14:32:12,862:INFO:Loading precomputed pcm ...
2021-04-08 14:32:13,073:INFO:########## Finished iteration 64 ##########
2021-04-08 14:32:13,073:INFO:########## Iteration 65 ##########
2021-04-08 14:32:13,073:INFO:Loading datasets ...
2021-04-08 14:32:13,388:INFO:Test users: ['dorn14', 'dorn6']
2021-04-08 14:32:13,388:INFO:Features encoded: ['sex', 'clothing']
2021-04-08 14:32:13,388:INFO:Finding Cohorts ...
2021-04-08 14:32:13,389:INFO:Finding cohorts using: swls
2021-04-08 14:32:13,392:INFO:Training Cohort models ...
2021-04-08 14:34:25,351:INFO:Cohort assignation ...
2021-04-08 14:34:25,351:INFO:Matching via swls
2021-04-08 14:34:25,352:INFO:Cohort evaluation ...
2021-04-08 14:34:25,406:INFO:Baseline holistic ...
2021-04-08 14:35:59,276:INFO:Baseline pcm ...
2021-04-08 14:35:59,276:INFO:Loading precomputed pcm ...
2021-04-08 14:35:59,418:INFO:########## Finished iteration 65 ##########
2021-04-08 14:35:59,419:INFO:########## Iteration 66 ##########
2021-04-08 14:35:59,419:INFO:Loading datasets ...
2021-04-08 14:35:59,733:INFO:Test users: ['dorn18', 'dorn9']
2021-04-08 14:35:59,734:INFO:Features encoded: ['sex', 'clothing']
2021-04-08 14:35:59,734:INFO:Finding Cohorts ...
2021-04-08 14:35:59,734:INFO:Finding cohorts using: swls
2021-04-08 14:35:59,737:INFO:Training Cohort models ...
2021-04-08 14:38:10,137:INFO:Cohort assignation ...
2021-04-08 14:38:10,137:INFO:Matching via swls
2021-04-08 14:38:10,138:INFO:Cohort evaluation ...
2021-04-08 14:38:10,201:INFO:Baseline holistic ...
2021-04-08 14:40:00,257:INFO:Baseline pcm ...
2021-04-08 14:40:00,257:INFO:Loading precomputed pcm ...
2021-04-08 14:40:00,401:INFO:########## Finished iteration 66 ##########
2021-04-08 14:40:00,401:INFO:########## Iteration 67 ##########
2021-04-08 14:40:00,401:INFO:Loading datasets ...
2021-04-08 14:40:00,717:INFO:Test users: ['dorn17', 'dorn14']
2021-04-08 14:40:00,717:INFO:Features encoded: ['sex', 'clothing']
2021-04-08 14:40:00,717:INFO:Finding Cohorts ...
2021-04-08 14:40:00,718:INFO:Finding cohorts using: swls
2021-04-08 14:40:00,720:INFO:Training Cohort models ...
2021-04-08 14:42:54,553:INFO:Cohort assignation ...
2021-04-08 14:42:54,553:INFO:Matching via swls
2021-04-08 14:42:54,554:INFO:Cohort evaluation ...
2021-04-08 14:42:54,649:INFO:Baseline holistic ...
2021-04-08 14:44:11,081:INFO:Baseline pcm ...
2021-04-08 14:44:11,081:INFO:Loading precomputed pcm ...
2021-04-08 14:44:11,291:INFO:########## Finished iteration 67 ##########
2021-04-08 14:44:11,291:INFO:########## Iteration 68 ##########
2021-04-08 14:44:11,291:INFO:Loading datasets ...
2021-04-08 14:44:11,610:INFO:Test users: ['dorn9', 'dorn15']
2021-04-08 14:44:11,610:INFO:Features encoded: ['sex', 'clothing']
2021-04-08 14:44:11,610:INFO:Finding Cohorts ...
2021-04-08 14:44:11,612:INFO:Finding cohorts using: swls
2021-04-08 14:44:11,614:INFO:Training Cohort models ...
2021-04-08 14:46:37,354:INFO:Cohort assignation ...
2021-04-08 14:46:37,354:INFO:Matching via swls
2021-04-08 14:46:37,355:INFO:Cohort evaluation ...
2021-04-08 14:46:37,431:INFO:Baseline holistic ...
2021-04-08 14:48:27,804:INFO:Baseline pcm ...
2021-04-08 14:48:27,804:INFO:Loading precomputed pcm ...
2021-04-08 14:48:28,013:INFO:########## Finished iteration 68 ##########
2021-04-08 14:48:28,014:INFO:########## Iteration 69 ##########
2021-04-08 14:48:28,014:INFO:Loading datasets ...
2021-04-08 14:48:28,326:INFO:Test users: ['dorn14', 'dorn15']
2021-04-08 14:48:28,327:INFO:Features encoded: ['sex', 'clothing']
2021-04-08 14:48:28,327:INFO:Finding Cohorts ...
2021-04-08 14:48:28,328:INFO:Finding cohorts using: swls
2021-04-08 14:48:28,330:INFO:Training Cohort models ...
2021-04-08 14:50:55,248:INFO:Cohort assignation ...
2021-04-08 14:50:55,248:INFO:Matching via swls
2021-04-08 14:50:55,248:INFO:Cohort evaluation ...
2021-04-08 14:50:55,345:INFO:Baseline holistic ...
2021-04-08 14:52:45,790:INFO:Baseline pcm ...
2021-04-08 14:52:45,790:INFO:Loading precomputed pcm ...
2021-04-08 14:52:45,941:INFO:########## Finished iteration 69 ##########
2021-04-08 14:52:45,942:INFO:########## Iteration 70 ##########
2021-04-08 14:52:45,942:INFO:Loading datasets ...
2021-04-08 14:52:46,262:INFO:Test users: ['dorn20', 'dorn18']
2021-04-08 14:52:46,262:INFO:Features encoded: ['sex', 'clothing']
2021-04-08 14:52:46,262:INFO:Finding Cohorts ...
2021-04-08 14:52:46,263:INFO:Finding cohorts using: swls
2021-04-08 14:52:46,266:INFO:Training Cohort models ...
2021-04-08 14:54:56,215:INFO:Cohort assignation ...
2021-04-08 14:54:56,215:INFO:Matching via swls
2021-04-08 14:54:56,215:INFO:Cohort evaluation ...
2021-04-08 14:54:56,278:INFO:Baseline holistic ...
2021-04-08 14:56:28,924:INFO:Baseline pcm ...
2021-04-08 14:56:28,924:INFO:Loading precomputed pcm ...
2021-04-08 14:56:29,072:INFO:########## Finished iteration 70 ##########
2021-04-08 14:56:29,072:INFO:########## Iteration 71 ##########
2021-04-08 14:56:29,072:INFO:Loading datasets ...
2021-04-08 14:56:29,384:INFO:Test users: ['dorn17', 'dorn6']
2021-04-08 14:56:29,385:INFO:Features encoded: ['sex', 'clothing']
2021-04-08 14:56:29,385:INFO:Finding Cohorts ...
2021-04-08 14:56:29,386:INFO:Finding cohorts using: swls
2021-04-08 14:56:29,388:INFO:Training Cohort models ...
2021-04-08 14:58:25,248:INFO:Cohort assignation ...
2021-04-08 14:58:25,248:INFO:Matching via swls
2021-04-08 14:58:25,249:INFO:Cohort evaluation ...
2021-04-08 14:58:25,280:INFO:Baseline holistic ...
2021-04-08 15:00:13,929:INFO:Baseline pcm ...
2021-04-08 15:00:13,929:INFO:Loading precomputed pcm ...
2021-04-08 15:00:14,071:INFO:########## Finished iteration 71 ##########
2021-04-08 15:00:14,072:INFO:########## Iteration 72 ##########
2021-04-08 15:00:14,072:INFO:Loading datasets ...
2021-04-08 15:00:14,391:INFO:Test users: ['dorn14', 'dorn17']
2021-04-08 15:00:14,391:INFO:Features encoded: ['sex', 'clothing']
2021-04-08 15:00:14,391:INFO:Finding Cohorts ...
2021-04-08 15:00:14,391:INFO:Finding cohorts using: swls
2021-04-08 15:00:14,393:INFO:Training Cohort models ...
2021-04-08 15:02:11,825:INFO:Cohort assignation ...
2021-04-08 15:02:11,825:INFO:Matching via swls
2021-04-08 15:02:11,825:INFO:Cohort evaluation ...
2021-04-08 15:02:11,858:INFO:Baseline holistic ...
2021-04-08 15:04:03,363:INFO:Baseline pcm ...
2021-04-08 15:04:03,363:INFO:Loading precomputed pcm ...
2021-04-08 15:04:03,505:INFO:########## Finished iteration 72 ##########
2021-04-08 15:04:03,505:INFO:########## Iteration 73 ##########
2021-04-08 15:04:03,505:INFO:Loading datasets ...
2021-04-08 15:04:03,819:INFO:Test users: ['dorn12', 'dorn17']
2021-04-08 15:04:03,819:INFO:Features encoded: ['sex', 'clothing']
2021-04-08 15:04:03,819:INFO:Finding Cohorts ...
2021-04-08 15:04:03,820:INFO:Finding cohorts using: swls
2021-04-08 15:04:03,822:INFO:Training Cohort models ...
2021-04-08 15:06:13,900:INFO:Cohort assignation ...
2021-04-08 15:06:13,900:INFO:Matching via swls
2021-04-08 15:06:13,901:INFO:Cohort evaluation ...
2021-04-08 15:06:13,948:INFO:Baseline holistic ...
2021-04-08 15:07:29,597:INFO:Baseline pcm ...
2021-04-08 15:07:29,598:INFO:Loading precomputed pcm ...
2021-04-08 15:07:29,741:INFO:########## Finished iteration 73 ##########
2021-04-08 15:07:29,741:INFO:########## Iteration 74 ##########
2021-04-08 15:07:29,741:INFO:Loading datasets ...
2021-04-08 15:07:30,055:INFO:Test users: ['dorn5', 'dorn12']
2021-04-08 15:07:30,055:INFO:Features encoded: ['sex', 'clothing']
2021-04-08 15:07:30,055:INFO:Finding Cohorts ...
2021-04-08 15:07:30,056:INFO:Finding cohorts using: swls
2021-04-08 15:07:30,059:INFO:Training Cohort models ...
2021-04-08 15:09:39,783:INFO:Cohort assignation ...
2021-04-08 15:09:39,783:INFO:Matching via swls
2021-04-08 15:09:39,784:INFO:Cohort evaluation ...
2021-04-08 15:09:39,832:INFO:Baseline holistic ...
2021-04-08 15:10:55,190:INFO:Baseline pcm ...
2021-04-08 15:10:55,190:INFO:Loading precomputed pcm ...
2021-04-08 15:10:55,339:INFO:########## Finished iteration 74 ##########
2021-04-08 15:10:55,339:INFO:########## Iteration 75 ##########
2021-04-08 15:10:55,339:INFO:Loading datasets ...
2021-04-08 15:10:55,660:INFO:Test users: ['dorn18', 'dorn6']
2021-04-08 15:10:55,660:INFO:Features encoded: ['sex', 'clothing']
2021-04-08 15:10:55,660:INFO:Finding Cohorts ...
2021-04-08 15:10:55,661:INFO:Finding cohorts using: swls
2021-04-08 15:10:55,663:INFO:Training Cohort models ...
2021-04-08 15:13:19,045:INFO:Cohort assignation ...
2021-04-08 15:13:19,045:INFO:Matching via swls
2021-04-08 15:13:19,046:INFO:Cohort evaluation ...
2021-04-08 15:13:19,107:INFO:Baseline holistic ...
2021-04-08 15:14:50,886:INFO:Baseline pcm ...
2021-04-08 15:14:50,886:INFO:Loading precomputed pcm ...
2021-04-08 15:14:51,030:INFO:########## Finished iteration 75 ##########
2021-04-08 15:14:51,030:INFO:########## Iteration 76 ##########
2021-04-08 15:14:51,030:INFO:Loading datasets ...
2021-04-08 15:14:51,342:INFO:Test users: ['dorn5', 'dorn7']
2021-04-08 15:14:51,343:INFO:Features encoded: ['sex', 'clothing']
2021-04-08 15:14:51,343:INFO:Finding Cohorts ...
2021-04-08 15:14:51,344:INFO:Finding cohorts using: swls
2021-04-08 15:14:51,346:INFO:Training Cohort models ...
2021-04-08 15:17:28,811:INFO:Cohort assignation ...
2021-04-08 15:17:28,811:INFO:Matching via swls
2021-04-08 15:17:28,812:INFO:Cohort evaluation ...
2021-04-08 15:17:28,908:INFO:Baseline holistic ...
2021-04-08 15:19:00,678:INFO:Baseline pcm ...
2021-04-08 15:19:00,678:INFO:Loading precomputed pcm ...
2021-04-08 15:19:00,824:INFO:########## Finished iteration 76 ##########
2021-04-08 15:19:00,824:INFO:########## Iteration 77 ##########
2021-04-08 15:19:00,825:INFO:Loading datasets ...
2021-04-08 15:19:01,135:INFO:Test users: ['dorn14', 'dorn6']
2021-04-08 15:19:01,135:INFO:Features encoded: ['sex', 'clothing']
2021-04-08 15:19:01,136:INFO:Finding Cohorts ...
2021-04-08 15:19:01,137:INFO:Finding cohorts using: swls
2021-04-08 15:19:01,140:INFO:Training Cohort models ...
2021-04-08 15:21:26,954:INFO:Cohort assignation ...
2021-04-08 15:21:26,954:INFO:Matching via swls
2021-04-08 15:21:26,954:INFO:Cohort evaluation ...
2021-04-08 15:21:27,019:INFO:Baseline holistic ...
2021-04-08 15:22:43,512:INFO:Baseline pcm ...
2021-04-08 15:22:43,512:INFO:Loading precomputed pcm ...
2021-04-08 15:22:43,656:INFO:########## Finished iteration 77 ##########
2021-04-08 15:22:43,656:INFO:########## Iteration 78 ##########
2021-04-08 15:22:43,656:INFO:Loading datasets ...
2021-04-08 15:22:43,970:INFO:Test users: ['dorn6', 'dorn20']
2021-04-08 15:22:43,971:INFO:Features encoded: ['sex', 'clothing']
2021-04-08 15:22:43,971:INFO:Finding Cohorts ...
2021-04-08 15:22:43,972:INFO:Finding cohorts using: swls
2021-04-08 15:22:43,974:INFO:Training Cohort models ...
2021-04-08 15:24:40,119:INFO:Cohort assignation ...
2021-04-08 15:24:40,119:INFO:Matching via swls
2021-04-08 15:24:40,120:INFO:Cohort evaluation ...
2021-04-08 15:24:40,152:INFO:Baseline holistic ...
2021-04-08 15:25:55,687:INFO:Baseline pcm ...
2021-04-08 15:25:55,687:INFO:Loading precomputed pcm ...
2021-04-08 15:25:55,831:INFO:########## Finished iteration 78 ##########
2021-04-08 15:25:55,831:INFO:########## Iteration 79 ##########
2021-04-08 15:25:55,832:INFO:Loading datasets ...
2021-04-08 15:25:56,149:INFO:Test users: ['dorn20', 'dorn7']
2021-04-08 15:25:56,150:INFO:Features encoded: ['sex', 'clothing']
2021-04-08 15:25:56,150:INFO:Finding Cohorts ...
2021-04-08 15:25:56,150:INFO:Finding cohorts using: swls
2021-04-08 15:25:56,152:INFO:Training Cohort models ...
2021-04-08 15:28:20,042:INFO:Cohort assignation ...
2021-04-08 15:28:20,042:INFO:Matching via swls
2021-04-08 15:28:20,043:INFO:Cohort evaluation ...
2021-04-08 15:28:20,107:INFO:Baseline holistic ...
2021-04-08 15:30:09,336:INFO:Baseline pcm ...
2021-04-08 15:30:09,336:INFO:Loading precomputed pcm ...
2021-04-08 15:30:09,555:INFO:########## Finished iteration 79 ##########
2021-04-08 15:30:09,555:INFO:########## Iteration 80 ##########
2021-04-08 15:30:09,555:INFO:Loading datasets ...
2021-04-08 15:30:09,869:INFO:Test users: ['dorn18', 'dorn12']
2021-04-08 15:30:09,869:INFO:Features encoded: ['sex', 'clothing']
2021-04-08 15:30:09,870:INFO:Finding Cohorts ...
2021-04-08 15:30:09,871:INFO:Finding cohorts using: swls
2021-04-08 15:30:09,873:INFO:Training Cohort models ...
2021-04-08 15:32:05,848:INFO:Cohort assignation ...
2021-04-08 15:32:05,848:INFO:Matching via swls
2021-04-08 15:32:05,848:INFO:Cohort evaluation ...
2021-04-08 15:32:05,880:INFO:Baseline holistic ...
2021-04-08 15:33:21,516:INFO:Baseline pcm ...
2021-04-08 15:33:21,516:INFO:Loading precomputed pcm ...
2021-04-08 15:33:21,660:INFO:########## Finished iteration 80 ##########
2021-04-08 15:33:21,660:INFO:########## Iteration 81 ##########
2021-04-08 15:33:21,660:INFO:Loading datasets ...
2021-04-08 15:33:21,972:INFO:Test users: ['dorn7', 'dorn5']
2021-04-08 15:33:21,973:INFO:Features encoded: ['sex', 'clothing']
2021-04-08 15:33:21,973:INFO:Finding Cohorts ...
2021-04-08 15:33:21,973:INFO:Finding cohorts using: swls
2021-04-08 15:33:21,975:INFO:Training Cohort models ...
2021-04-08 15:35:43,024:INFO:Cohort assignation ...
2021-04-08 15:35:43,024:INFO:Matching via swls
2021-04-08 15:35:43,025:INFO:Cohort evaluation ...
2021-04-08 15:35:43,058:INFO:Baseline holistic ...
2021-04-08 15:37:31,762:INFO:Baseline pcm ...
2021-04-08 15:37:31,762:INFO:Loading precomputed pcm ...
2021-04-08 15:37:31,973:INFO:########## Finished iteration 81 ##########
2021-04-08 15:37:31,973:INFO:########## Iteration 82 ##########
2021-04-08 15:37:31,973:INFO:Loading datasets ...
2021-04-08 15:37:32,286:INFO:Test users: ['dorn20', 'dorn18']
2021-04-08 15:37:32,286:INFO:Features encoded: ['sex', 'clothing']
2021-04-08 15:37:32,287:INFO:Finding Cohorts ...
2021-04-08 15:37:32,288:INFO:Finding cohorts using: swls
2021-04-08 15:37:32,290:INFO:Training Cohort models ...
2021-04-08 15:39:41,988:INFO:Cohort assignation ...
2021-04-08 15:39:41,988:INFO:Matching via swls
2021-04-08 15:39:41,988:INFO:Cohort evaluation ...
2021-04-08 15:39:42,020:INFO:Baseline holistic ...
2021-04-08 15:40:57,597:INFO:Baseline pcm ...
2021-04-08 15:40:57,597:INFO:Loading precomputed pcm ...
2021-04-08 15:40:57,745:INFO:########## Finished iteration 82 ##########
2021-04-08 15:40:57,746:INFO:########## Iteration 83 ##########
2021-04-08 15:40:57,746:INFO:Loading datasets ...
2021-04-08 15:40:58,055:INFO:Test users: ['dorn18', 'dorn7']
2021-04-08 15:40:58,055:INFO:Features encoded: ['sex', 'clothing']
2021-04-08 15:40:58,055:INFO:Finding Cohorts ...
2021-04-08 15:40:58,056:INFO:Finding cohorts using: swls
2021-04-08 15:40:58,058:INFO:Training Cohort models ...
2021-04-08 15:43:07,374:INFO:Cohort assignation ...
2021-04-08 15:43:07,374:INFO:Matching via swls
2021-04-08 15:43:07,374:INFO:Cohort evaluation ...
2021-04-08 15:43:07,425:INFO:Baseline holistic ...
2021-04-08 15:44:56,027:INFO:Baseline pcm ...
2021-04-08 15:44:56,027:INFO:Loading precomputed pcm ...
2021-04-08 15:44:56,174:INFO:########## Finished iteration 83 ##########
2021-04-08 15:44:56,174:INFO:########## Iteration 84 ##########
2021-04-08 15:44:56,174:INFO:Loading datasets ...
2021-04-08 15:44:56,495:INFO:Test users: ['dorn5', 'dorn6']
2021-04-08 15:44:56,495:INFO:Features encoded: ['sex', 'clothing']
2021-04-08 15:44:56,496:INFO:Finding Cohorts ...
2021-04-08 15:44:56,496:INFO:Finding cohorts using: swls
2021-04-08 15:44:56,498:INFO:Training Cohort models ...
2021-04-08 15:47:20,601:INFO:Cohort assignation ...
2021-04-08 15:47:20,601:INFO:Matching via swls
2021-04-08 15:47:20,603:INFO:Cohort evaluation ...
2021-04-08 15:47:20,665:INFO:Baseline holistic ...
2021-04-08 15:48:35,020:INFO:Baseline pcm ...
2021-04-08 15:48:35,020:INFO:Loading precomputed pcm ...
2021-04-08 15:48:35,167:INFO:########## Finished iteration 84 ##########
2021-04-08 15:48:35,167:INFO:########## Iteration 85 ##########
2021-04-08 15:48:35,167:INFO:Loading datasets ...
2021-04-08 15:48:35,486:INFO:Test users: ['dorn14', 'dorn18']
2021-04-08 15:48:35,486:INFO:Features encoded: ['sex', 'clothing']
2021-04-08 15:48:35,486:INFO:Finding Cohorts ...
2021-04-08 15:48:35,487:INFO:Finding cohorts using: swls
2021-04-08 15:48:35,490:INFO:Training Cohort models ...
2021-04-08 15:51:01,117:INFO:Cohort assignation ...
2021-04-08 15:51:01,117:INFO:Matching via swls
2021-04-08 15:51:01,118:INFO:Cohort evaluation ...
2021-04-08 15:51:01,182:INFO:Baseline holistic ...
2021-04-08 15:52:34,659:INFO:Baseline pcm ...
2021-04-08 15:52:34,659:INFO:Loading precomputed pcm ...
2021-04-08 15:52:34,806:INFO:########## Finished iteration 85 ##########
2021-04-08 15:52:34,806:INFO:########## Iteration 86 ##########
2021-04-08 15:52:34,806:INFO:Loading datasets ...
2021-04-08 15:52:35,122:INFO:Test users: ['dorn5', 'dorn14']
2021-04-08 15:52:35,122:INFO:Features encoded: ['sex', 'clothing']
2021-04-08 15:52:35,123:INFO:Finding Cohorts ...
2021-04-08 15:52:35,123:INFO:Finding cohorts using: swls
2021-04-08 15:52:35,126:INFO:Training Cohort models ...
2021-04-08 15:54:58,560:INFO:Cohort assignation ...
2021-04-08 15:54:58,560:INFO:Matching via swls
2021-04-08 15:54:58,561:INFO:Cohort evaluation ...
2021-04-08 15:54:58,593:INFO:Baseline holistic ...
2021-04-08 15:56:49,248:INFO:Baseline pcm ...
2021-04-08 15:56:49,248:INFO:Loading precomputed pcm ...
2021-04-08 15:56:49,456:INFO:########## Finished iteration 86 ##########
2021-04-08 15:56:49,456:INFO:########## Iteration 87 ##########
2021-04-08 15:56:49,456:INFO:Loading datasets ...
2021-04-08 15:56:49,770:INFO:Test users: ['dorn17', 'dorn9']
2021-04-08 15:56:49,770:INFO:Features encoded: ['sex', 'clothing']
2021-04-08 15:56:49,770:INFO:Finding Cohorts ...
2021-04-08 15:56:49,771:INFO:Finding cohorts using: swls
2021-04-08 15:56:49,774:INFO:Training Cohort models ...
2021-04-08 15:59:43,070:INFO:Cohort assignation ...
2021-04-08 15:59:43,070:INFO:Matching via swls
2021-04-08 15:59:43,070:INFO:Cohort evaluation ...
2021-04-08 15:59:43,164:INFO:Baseline holistic ...
2021-04-08 16:00:59,146:INFO:Baseline pcm ...
2021-04-08 16:00:59,146:INFO:Loading precomputed pcm ...
2021-04-08 16:00:59,354:INFO:########## Finished iteration 87 ##########
2021-04-08 16:00:59,354:INFO:########## Iteration 88 ##########
2021-04-08 16:00:59,355:INFO:Loading datasets ...
2021-04-08 16:00:59,673:INFO:Test users: ['dorn20', 'dorn14']
2021-04-08 16:00:59,673:INFO:Features encoded: ['sex', 'clothing']
2021-04-08 16:00:59,673:INFO:Finding Cohorts ...
2021-04-08 16:00:59,675:INFO:Finding cohorts using: swls
2021-04-08 16:00:59,678:INFO:Training Cohort models ...
2021-04-08 16:03:39,515:INFO:Cohort assignation ...
2021-04-08 16:03:39,515:INFO:Matching via swls
2021-04-08 16:03:39,516:INFO:Cohort evaluation ...
2021-04-08 16:03:39,596:INFO:Baseline holistic ...
2021-04-08 16:05:30,696:INFO:Baseline pcm ...
2021-04-08 16:05:30,696:INFO:Loading precomputed pcm ...
2021-04-08 16:05:30,839:INFO:########## Finished iteration 88 ##########
2021-04-08 16:05:30,839:INFO:########## Iteration 89 ##########
2021-04-08 16:05:30,839:INFO:Loading datasets ...
2021-04-08 16:05:31,152:INFO:Test users: ['dorn15', 'dorn7']
2021-04-08 16:05:31,152:INFO:Features encoded: ['sex', 'clothing']
2021-04-08 16:05:31,152:INFO:Finding Cohorts ...
2021-04-08 16:05:31,154:INFO:Finding cohorts using: swls
2021-04-08 16:05:31,156:INFO:Training Cohort models ...
2021-04-08 16:07:56,249:INFO:Cohort assignation ...
2021-04-08 16:07:56,249:INFO:Matching via swls
2021-04-08 16:07:56,250:INFO:Cohort evaluation ...
2021-04-08 16:07:56,345:INFO:Baseline holistic ...
2021-04-08 16:09:45,143:INFO:Baseline pcm ...
2021-04-08 16:09:45,143:INFO:Loading precomputed pcm ...
2021-04-08 16:09:45,292:INFO:########## Finished iteration 89 ##########
2021-04-08 16:09:45,292:INFO:########## Iteration 90 ##########
2021-04-08 16:09:45,292:INFO:Loading datasets ...
2021-04-08 16:09:45,606:INFO:Test users: ['dorn9', 'dorn15']
2021-04-08 16:09:45,606:INFO:Features encoded: ['sex', 'clothing']
2021-04-08 16:09:45,606:INFO:Finding Cohorts ...
2021-04-08 16:09:45,607:INFO:Finding cohorts using: swls
2021-04-08 16:09:45,610:INFO:Training Cohort models ...
2021-04-08 16:11:56,806:INFO:Cohort assignation ...
2021-04-08 16:11:56,806:INFO:Matching via swls
2021-04-08 16:11:56,807:INFO:Cohort evaluation ...
2021-04-08 16:11:56,855:INFO:Baseline holistic ...
2021-04-08 16:13:30,307:INFO:Baseline pcm ...
2021-04-08 16:13:30,307:INFO:Loading precomputed pcm ...
2021-04-08 16:13:30,452:INFO:########## Finished iteration 90 ##########
2021-04-08 16:13:30,452:INFO:########## Iteration 91 ##########
2021-04-08 16:13:30,453:INFO:Loading datasets ...
2021-04-08 16:13:30,769:INFO:Test users: ['dorn12', 'dorn9']
2021-04-08 16:13:30,769:INFO:Features encoded: ['sex', 'clothing']
2021-04-08 16:13:30,769:INFO:Finding Cohorts ...
2021-04-08 16:13:30,770:INFO:Finding cohorts using: swls
2021-04-08 16:13:30,772:INFO:Training Cohort models ...
2021-04-08 16:15:41,421:INFO:Cohort assignation ...
2021-04-08 16:15:41,421:INFO:Matching via swls
2021-04-08 16:15:41,421:INFO:Cohort evaluation ...
2021-04-08 16:15:41,486:INFO:Baseline holistic ...
2021-04-08 16:17:14,954:INFO:Baseline pcm ...
2021-04-08 16:17:14,954:INFO:Loading precomputed pcm ...
2021-04-08 16:17:15,099:INFO:########## Finished iteration 91 ##########
2021-04-08 16:17:15,099:INFO:########## Iteration 92 ##########
2021-04-08 16:17:15,099:INFO:Loading datasets ...
2021-04-08 16:17:15,416:INFO:Test users: ['dorn5', 'dorn18']
2021-04-08 16:17:15,416:INFO:Features encoded: ['sex', 'clothing']
2021-04-08 16:17:15,417:INFO:Finding Cohorts ...
2021-04-08 16:17:15,417:INFO:Finding cohorts using: swls
2021-04-08 16:17:15,420:INFO:Training Cohort models ...
2021-04-08 16:19:24,760:INFO:Cohort assignation ...
2021-04-08 16:19:24,760:INFO:Matching via swls
2021-04-08 16:19:24,760:INFO:Cohort evaluation ...
2021-04-08 16:19:24,809:INFO:Baseline holistic ...
2021-04-08 16:20:39,727:INFO:Baseline pcm ...
2021-04-08 16:20:39,728:INFO:Loading precomputed pcm ...
2021-04-08 16:20:39,871:INFO:########## Finished iteration 92 ##########
2021-04-08 16:20:39,871:INFO:########## Iteration 93 ##########
2021-04-08 16:20:39,871:INFO:Loading datasets ...
2021-04-08 16:20:40,184:INFO:Test users: ['dorn7', 'dorn14']
2021-04-08 16:20:40,185:INFO:Features encoded: ['sex', 'clothing']
2021-04-08 16:20:40,185:INFO:Finding Cohorts ...
2021-04-08 16:20:40,185:INFO:Finding cohorts using: swls
2021-04-08 16:20:40,188:INFO:Training Cohort models ...
2021-04-08 16:23:19,989:INFO:Cohort assignation ...
2021-04-08 16:23:19,989:INFO:Matching via swls
2021-04-08 16:23:19,989:INFO:Cohort evaluation ...
2021-04-08 16:23:20,085:INFO:Baseline holistic ...
2021-04-08 16:24:52,970:INFO:Baseline pcm ...
2021-04-08 16:24:52,970:INFO:Loading precomputed pcm ...
2021-04-08 16:24:53,113:INFO:########## Finished iteration 93 ##########
2021-04-08 16:24:53,113:INFO:########## Iteration 94 ##########
2021-04-08 16:24:53,114:INFO:Loading datasets ...
2021-04-08 16:24:53,428:INFO:Test users: ['dorn6', 'dorn20']
2021-04-08 16:24:53,428:INFO:Features encoded: ['sex', 'clothing']
2021-04-08 16:24:53,428:INFO:Finding Cohorts ...
2021-04-08 16:24:53,429:INFO:Finding cohorts using: swls
2021-04-08 16:24:53,432:INFO:Training Cohort models ...
2021-04-08 16:27:17,288:INFO:Cohort assignation ...
2021-04-08 16:27:17,288:INFO:Matching via swls
2021-04-08 16:27:17,289:INFO:Cohort evaluation ...
2021-04-08 16:27:17,381:INFO:Baseline holistic ...
2021-04-08 16:28:32,606:INFO:Baseline pcm ...
2021-04-08 16:28:32,606:INFO:Loading precomputed pcm ...
2021-04-08 16:28:32,750:INFO:########## Finished iteration 94 ##########
2021-04-08 16:28:32,750:INFO:########## Iteration 95 ##########
2021-04-08 16:28:32,750:INFO:Loading datasets ...
2021-04-08 16:28:33,064:INFO:Test users: ['dorn6', 'dorn18']
2021-04-08 16:28:33,065:INFO:Features encoded: ['sex', 'clothing']
2021-04-08 16:28:33,065:INFO:Finding Cohorts ...
2021-04-08 16:28:33,066:INFO:Finding cohorts using: swls
2021-04-08 16:28:33,068:INFO:Training Cohort models ...
2021-04-08 16:31:10,877:INFO:Cohort assignation ...
2021-04-08 16:31:10,877:INFO:Matching via swls
2021-04-08 16:31:10,877:INFO:Cohort evaluation ...
2021-04-08 16:31:10,940:INFO:Baseline holistic ...
2021-04-08 16:32:42,279:INFO:Baseline pcm ...
2021-04-08 16:32:42,279:INFO:Loading precomputed pcm ...
2021-04-08 16:32:42,495:INFO:########## Finished iteration 95 ##########
2021-04-08 16:32:42,495:INFO:########## Iteration 96 ##########
2021-04-08 16:32:42,495:INFO:Loading datasets ...
2021-04-08 16:32:42,813:INFO:Test users: ['dorn20', 'dorn17']
2021-04-08 16:32:42,813:INFO:Features encoded: ['sex', 'clothing']
2021-04-08 16:32:42,813:INFO:Finding Cohorts ...
2021-04-08 16:32:42,814:INFO:Finding cohorts using: swls
2021-04-08 16:32:42,817:INFO:Training Cohort models ...
2021-04-08 16:35:07,393:INFO:Cohort assignation ...
2021-04-08 16:35:07,393:INFO:Matching via swls
2021-04-08 16:35:07,394:INFO:Cohort evaluation ...
2021-04-08 16:35:07,456:INFO:Baseline holistic ...
2021-04-08 16:36:57,292:INFO:Baseline pcm ...
2021-04-08 16:36:57,292:INFO:Loading precomputed pcm ...
2021-04-08 16:36:57,439:INFO:########## Finished iteration 96 ##########
2021-04-08 16:36:57,439:INFO:########## Iteration 97 ##########
2021-04-08 16:36:57,439:INFO:Loading datasets ...
2021-04-08 16:36:57,753:INFO:Test users: ['dorn17', 'dorn7']
2021-04-08 16:36:57,754:INFO:Features encoded: ['sex', 'clothing']
2021-04-08 16:36:57,754:INFO:Finding Cohorts ...
2021-04-08 16:36:57,755:INFO:Finding cohorts using: swls
2021-04-08 16:36:57,757:INFO:Training Cohort models ...
2021-04-08 16:39:20,795:INFO:Cohort assignation ...
2021-04-08 16:39:20,795:INFO:Matching via swls
2021-04-08 16:39:20,796:INFO:Cohort evaluation ...
2021-04-08 16:39:20,859:INFO:Baseline holistic ...
2021-04-08 16:41:09,655:INFO:Baseline pcm ...
2021-04-08 16:41:09,655:INFO:Loading precomputed pcm ...
2021-04-08 16:41:09,800:INFO:########## Finished iteration 97 ##########
2021-04-08 16:41:09,800:INFO:########## Iteration 98 ##########
2021-04-08 16:41:09,800:INFO:Loading datasets ...
2021-04-08 16:41:10,118:INFO:Test users: ['dorn7', 'dorn17']
2021-04-08 16:41:10,118:INFO:Features encoded: ['sex', 'clothing']
2021-04-08 16:41:10,118:INFO:Finding Cohorts ...
2021-04-08 16:41:10,119:INFO:Finding cohorts using: swls
2021-04-08 16:41:10,121:INFO:Training Cohort models ...
2021-04-08 16:43:20,074:INFO:Cohort assignation ...
2021-04-08 16:43:20,074:INFO:Matching via swls
2021-04-08 16:43:20,075:INFO:Cohort evaluation ...
2021-04-08 16:43:20,146:INFO:Baseline holistic ...
2021-04-08 16:44:49,927:INFO:Baseline pcm ...
2021-04-08 16:44:49,927:INFO:Loading precomputed pcm ...
2021-04-08 16:44:50,068:INFO:########## Finished iteration 98 ##########
2021-04-08 16:44:50,068:INFO:########## Iteration 99 ##########
2021-04-08 16:44:50,068:INFO:Loading datasets ...
2021-04-08 16:44:50,371:INFO:Test users: ['dorn12', 'dorn7']
2021-04-08 16:44:50,372:INFO:Features encoded: ['sex', 'clothing']
2021-04-08 16:44:50,372:INFO:Finding Cohorts ...
2021-04-08 16:44:50,372:INFO:Finding cohorts using: swls
2021-04-08 16:44:50,375:INFO:Training Cohort models ...
2021-04-08 16:46:41,941:INFO:Cohort assignation ...
2021-04-08 16:46:41,941:INFO:Matching via swls
2021-04-08 16:46:41,941:INFO:Cohort evaluation ...
2021-04-08 16:46:41,973:INFO:Baseline holistic ...
2021-04-08 16:48:10,686:INFO:Baseline pcm ...
2021-04-08 16:48:10,686:INFO:Loading precomputed pcm ...
2021-04-08 16:48:10,825:INFO:########## Finished iteration 99 ##########
