2021-04-07 20:09:47,878:INFO:########## Iteration 0 ##########
2021-04-07 20:09:47,878:INFO:Loading datasets ...
2021-04-07 20:09:48,176:WARNING:
DeepCTR-PyTorch version 0.2.6 detected. Your version is 0.2.3.
Use `pip install -U deepctr-torch` to upgrade.Changelog: https://github.com/shenweichen/DeepCTR-Torch/releases/tag/v0.2.6
2021-04-07 20:09:48,230:INFO:Test users: ['dorn19', 'dorn4', 'dorn14', 'dorn17']
2021-04-07 20:09:48,230:INFO:Features encoded: ['subtleties_awareness', 'overwhelemed_awareness', 'stimuli_awareness', 'sex', 'clothing']
2021-04-07 20:09:48,230:INFO:Finding Cohorts ...
2021-04-07 20:09:48,230:INFO:Finding cohorts using: sex
2021-04-07 20:09:48,232:INFO:Training Cohort models ...
2021-04-07 20:12:46,564:INFO:Cohort assignation ...
2021-04-07 20:12:46,564:INFO:Matching via sex
2021-04-07 20:12:46,565:INFO:Cohort evaluation ...
2021-04-07 20:12:46,657:INFO:Baseline holistic ...
2021-04-07 20:14:55,244:INFO:Baseline pcm ...
2021-04-07 20:14:55,244:INFO:Loading precomputed pcm ...
2021-04-07 20:14:55,385:INFO:########## Finished iteration 0 ##########
2021-04-07 20:14:55,385:INFO:########## Iteration 1 ##########
2021-04-07 20:14:55,385:INFO:Loading datasets ...
2021-04-07 20:14:55,735:INFO:Test users: ['dorn19', 'dorn1', 'dorn5', 'dorn4']
2021-04-07 20:14:55,735:INFO:Features encoded: ['subtleties_awareness', 'overwhelemed_awareness', 'stimuli_awareness', 'sex', 'clothing']
2021-04-07 20:14:55,735:INFO:Finding Cohorts ...
2021-04-07 20:14:55,736:INFO:Finding cohorts using: sex
2021-04-07 20:14:55,738:INFO:Training Cohort models ...
2021-04-07 20:18:13,626:INFO:Cohort assignation ...
2021-04-07 20:18:13,626:INFO:Matching via sex
2021-04-07 20:18:13,627:INFO:Cohort evaluation ...
2021-04-07 20:18:13,786:INFO:Baseline holistic ...
2021-04-07 20:20:23,834:INFO:Baseline pcm ...
2021-04-07 20:20:23,834:INFO:Loading precomputed pcm ...
2021-04-07 20:20:24,036:INFO:########## Finished iteration 1 ##########
2021-04-07 20:20:24,036:INFO:########## Iteration 2 ##########
2021-04-07 20:20:24,036:INFO:Loading datasets ...
2021-04-07 20:20:24,384:INFO:Test users: ['dorn19', 'dorn1', 'dorn9', 'dorn11']
2021-04-07 20:20:24,384:INFO:Features encoded: ['subtleties_awareness', 'overwhelemed_awareness', 'stimuli_awareness', 'sex', 'clothing']
2021-04-07 20:20:24,384:INFO:Finding Cohorts ...
2021-04-07 20:20:24,385:INFO:Finding cohorts using: sex
2021-04-07 20:20:24,388:INFO:Training Cohort models ...
2021-04-07 20:23:27,241:INFO:Cohort assignation ...
2021-04-07 20:23:27,241:INFO:Matching via sex
2021-04-07 20:23:27,242:INFO:Cohort evaluation ...
2021-04-07 20:23:27,338:INFO:Baseline holistic ...
2021-04-07 20:26:02,961:INFO:Baseline pcm ...
2021-04-07 20:26:02,961:INFO:Loading precomputed pcm ...
2021-04-07 20:26:03,163:INFO:########## Finished iteration 2 ##########
2021-04-07 20:26:03,163:INFO:########## Iteration 3 ##########
2021-04-07 20:26:03,163:INFO:Loading datasets ...
2021-04-07 20:26:03,510:INFO:Test users: ['dorn17', 'dorn18', 'dorn3', 'dorn11']
2021-04-07 20:26:03,510:INFO:Features encoded: ['subtleties_awareness', 'overwhelemed_awareness', 'stimuli_awareness', 'sex', 'clothing']
2021-04-07 20:26:03,510:INFO:Finding Cohorts ...
2021-04-07 20:26:03,511:INFO:Finding cohorts using: sex
2021-04-07 20:26:03,514:INFO:Training Cohort models ...
2021-04-07 20:29:07,066:INFO:Cohort assignation ...
2021-04-07 20:29:07,066:INFO:Matching via sex
2021-04-07 20:29:07,067:INFO:Cohort evaluation ...
2021-04-07 20:29:07,224:INFO:Baseline holistic ...
2021-04-07 20:30:55,355:INFO:Baseline pcm ...
2021-04-07 20:30:55,355:INFO:Loading precomputed pcm ...
2021-04-07 20:30:55,492:INFO:########## Finished iteration 3 ##########
2021-04-07 20:30:55,492:INFO:########## Iteration 4 ##########
2021-04-07 20:30:55,492:INFO:Loading datasets ...
2021-04-07 20:30:55,842:INFO:Test users: ['dorn2', 'dorn4', 'dorn7', 'dorn3']
2021-04-07 20:30:55,842:INFO:Features encoded: ['subtleties_awareness', 'overwhelemed_awareness', 'stimuli_awareness', 'sex', 'clothing']
2021-04-07 20:30:55,842:INFO:Finding Cohorts ...
2021-04-07 20:30:55,843:INFO:Finding cohorts using: sex
2021-04-07 20:30:55,846:INFO:Training Cohort models ...
2021-04-07 20:33:40,491:INFO:Cohort assignation ...
2021-04-07 20:33:40,491:INFO:Matching via sex
2021-04-07 20:33:40,492:INFO:Cohort evaluation ...
2021-04-07 20:33:40,586:INFO:Baseline holistic ...
2021-04-07 20:36:14,089:INFO:Baseline pcm ...
2021-04-07 20:36:14,089:INFO:Loading precomputed pcm ...
2021-04-07 20:36:14,228:INFO:########## Finished iteration 4 ##########
2021-04-07 20:36:14,228:INFO:########## Iteration 5 ##########
2021-04-07 20:36:14,228:INFO:Loading datasets ...
2021-04-07 20:36:14,575:INFO:Test users: ['dorn9', 'dorn8', 'dorn17', 'dorn11']
2021-04-07 20:36:14,575:INFO:Features encoded: ['subtleties_awareness', 'overwhelemed_awareness', 'stimuli_awareness', 'sex', 'clothing']
2021-04-07 20:36:14,575:INFO:Finding Cohorts ...
2021-04-07 20:36:14,576:INFO:Finding cohorts using: sex
2021-04-07 20:36:14,578:INFO:Training Cohort models ...
2021-04-07 20:38:44,814:INFO:Cohort assignation ...
2021-04-07 20:38:44,814:INFO:Matching via sex
2021-04-07 20:38:44,815:INFO:Cohort evaluation ...
2021-04-07 20:38:44,877:INFO:Baseline holistic ...
2021-04-07 20:41:19,383:INFO:Baseline pcm ...
2021-04-07 20:41:19,383:INFO:Loading precomputed pcm ...
2021-04-07 20:41:19,522:INFO:########## Finished iteration 5 ##########
2021-04-07 20:41:19,522:INFO:########## Iteration 6 ##########
2021-04-07 20:41:19,522:INFO:Loading datasets ...
2021-04-07 20:41:19,872:INFO:Test users: ['dorn18', 'dorn15', 'dorn9', 'dorn3']
2021-04-07 20:41:19,872:INFO:Features encoded: ['subtleties_awareness', 'overwhelemed_awareness', 'stimuli_awareness', 'sex', 'clothing']
2021-04-07 20:41:19,872:INFO:Finding Cohorts ...
2021-04-07 20:41:19,873:INFO:Finding cohorts using: sex
2021-04-07 20:41:19,875:INFO:Training Cohort models ...
2021-04-07 20:44:40,303:INFO:Cohort assignation ...
2021-04-07 20:44:40,303:INFO:Matching via sex
2021-04-07 20:44:40,304:INFO:Cohort evaluation ...
2021-04-07 20:44:40,485:INFO:Baseline holistic ...
2021-04-07 20:47:14,143:INFO:Baseline pcm ...
2021-04-07 20:47:14,143:INFO:Loading precomputed pcm ...
2021-04-07 20:47:14,281:INFO:########## Finished iteration 6 ##########
2021-04-07 20:47:14,281:INFO:########## Iteration 7 ##########
2021-04-07 20:47:14,282:INFO:Loading datasets ...
2021-04-07 20:47:14,636:INFO:Test users: ['dorn13', 'dorn17', 'dorn2', 'dorn14']
2021-04-07 20:47:14,636:INFO:Features encoded: ['subtleties_awareness', 'overwhelemed_awareness', 'stimuli_awareness', 'sex', 'clothing']
2021-04-07 20:47:14,636:INFO:Finding Cohorts ...
2021-04-07 20:47:14,637:INFO:Finding cohorts using: sex
2021-04-07 20:47:14,640:INFO:Training Cohort models ...
2021-04-07 20:50:03,607:INFO:Cohort assignation ...
2021-04-07 20:50:03,607:INFO:Matching via sex
2021-04-07 20:50:03,608:INFO:Cohort evaluation ...
2021-04-07 20:50:03,719:INFO:Baseline holistic ...
2021-04-07 20:52:18,103:INFO:Baseline pcm ...
2021-04-07 20:52:18,104:INFO:Loading precomputed pcm ...
2021-04-07 20:52:18,241:INFO:########## Finished iteration 7 ##########
2021-04-07 20:52:18,241:INFO:########## Iteration 8 ##########
2021-04-07 20:52:18,241:INFO:Loading datasets ...
2021-04-07 20:52:18,593:INFO:Test users: ['dorn14', 'dorn4', 'dorn11', 'dorn7']
2021-04-07 20:52:18,593:INFO:Features encoded: ['subtleties_awareness', 'overwhelemed_awareness', 'stimuli_awareness', 'sex', 'clothing']
2021-04-07 20:52:18,593:INFO:Finding Cohorts ...
2021-04-07 20:52:18,594:INFO:Finding cohorts using: sex
2021-04-07 20:52:18,596:INFO:Training Cohort models ...
2021-04-07 20:55:22,681:INFO:Cohort assignation ...
2021-04-07 20:55:22,681:INFO:Matching via sex
2021-04-07 20:55:22,682:INFO:Cohort evaluation ...
2021-04-07 20:55:22,809:INFO:Baseline holistic ...
2021-04-07 20:57:58,752:INFO:Baseline pcm ...
2021-04-07 20:57:58,752:INFO:Loading precomputed pcm ...
2021-04-07 20:57:58,890:INFO:########## Finished iteration 8 ##########
2021-04-07 20:57:58,891:INFO:########## Iteration 9 ##########
2021-04-07 20:57:58,891:INFO:Loading datasets ...
2021-04-07 20:57:59,241:INFO:Test users: ['dorn14', 'dorn12', 'dorn3', 'dorn19']
2021-04-07 20:57:59,242:INFO:Features encoded: ['subtleties_awareness', 'overwhelemed_awareness', 'stimuli_awareness', 'sex', 'clothing']
2021-04-07 20:57:59,242:INFO:Finding Cohorts ...
2021-04-07 20:57:59,243:INFO:Finding cohorts using: sex
2021-04-07 20:57:59,245:INFO:Training Cohort models ...
2021-04-07 21:01:36,277:INFO:Cohort assignation ...
2021-04-07 21:01:36,277:INFO:Matching via sex
2021-04-07 21:01:36,278:INFO:Cohort evaluation ...
2021-04-07 21:01:36,467:INFO:Baseline holistic ...
2021-04-07 21:03:48,915:INFO:Baseline pcm ...
2021-04-07 21:03:48,915:INFO:Loading precomputed pcm ...
2021-04-07 21:03:49,050:INFO:########## Finished iteration 9 ##########
2021-04-07 21:03:49,050:INFO:########## Iteration 10 ##########
2021-04-07 21:03:49,050:INFO:Loading datasets ...
2021-04-07 21:03:49,401:INFO:Test users: ['dorn10', 'dorn6', 'dorn15', 'dorn5']
2021-04-07 21:03:49,401:INFO:Features encoded: ['subtleties_awareness', 'overwhelemed_awareness', 'stimuli_awareness', 'sex', 'clothing']
2021-04-07 21:03:49,401:INFO:Finding Cohorts ...
2021-04-07 21:03:49,402:INFO:Finding cohorts using: sex
2021-04-07 21:03:49,404:INFO:Training Cohort models ...
2021-04-07 21:06:19,435:INFO:Cohort assignation ...
2021-04-07 21:06:19,435:INFO:Matching via sex
2021-04-07 21:06:19,436:INFO:Cohort evaluation ...
2021-04-07 21:06:19,499:INFO:Baseline holistic ...
2021-04-07 21:08:32,021:INFO:Baseline pcm ...
2021-04-07 21:08:32,021:INFO:Loading precomputed pcm ...
2021-04-07 21:08:32,158:INFO:########## Finished iteration 10 ##########
2021-04-07 21:08:32,158:INFO:########## Iteration 11 ##########
2021-04-07 21:08:32,158:INFO:Loading datasets ...
2021-04-07 21:08:32,506:INFO:Test users: ['dorn10', 'dorn6', 'dorn18', 'dorn17']
2021-04-07 21:08:32,506:INFO:Features encoded: ['subtleties_awareness', 'overwhelemed_awareness', 'stimuli_awareness', 'sex', 'clothing']
2021-04-07 21:08:32,507:INFO:Finding Cohorts ...
2021-04-07 21:08:32,507:INFO:Finding cohorts using: sex
2021-04-07 21:08:32,509:INFO:Training Cohort models ...
2021-04-07 21:11:33,880:INFO:Cohort assignation ...
2021-04-07 21:11:33,880:INFO:Matching via sex
2021-04-07 21:11:33,881:INFO:Cohort evaluation ...
2021-04-07 21:11:34,005:INFO:Baseline holistic ...
2021-04-07 21:13:44,913:INFO:Baseline pcm ...
2021-04-07 21:13:44,913:INFO:Loading precomputed pcm ...
2021-04-07 21:13:45,050:INFO:########## Finished iteration 11 ##########
2021-04-07 21:13:45,050:INFO:########## Iteration 12 ##########
2021-04-07 21:13:45,050:INFO:Loading datasets ...
2021-04-07 21:13:45,399:INFO:Test users: ['dorn8', 'dorn7', 'dorn1', 'dorn5']
2021-04-07 21:13:45,399:INFO:Features encoded: ['subtleties_awareness', 'overwhelemed_awareness', 'stimuli_awareness', 'sex', 'clothing']
2021-04-07 21:13:45,399:INFO:Finding Cohorts ...
2021-04-07 21:13:45,400:INFO:Finding cohorts using: sex
2021-04-07 21:13:45,403:INFO:Training Cohort models ...
2021-04-07 21:16:46,977:INFO:Cohort assignation ...
2021-04-07 21:16:46,977:INFO:Matching via sex
2021-04-07 21:16:46,978:INFO:Cohort evaluation ...
2021-04-07 21:16:47,104:INFO:Baseline holistic ...
2021-04-07 21:19:20,255:INFO:Baseline pcm ...
2021-04-07 21:19:20,255:INFO:Loading precomputed pcm ...
2021-04-07 21:19:20,391:INFO:########## Finished iteration 12 ##########
2021-04-07 21:19:20,391:INFO:########## Iteration 13 ##########
2021-04-07 21:19:20,392:INFO:Loading datasets ...
2021-04-07 21:19:20,742:INFO:Test users: ['dorn3', 'dorn11', 'dorn4', 'dorn7']
2021-04-07 21:19:20,742:INFO:Features encoded: ['subtleties_awareness', 'overwhelemed_awareness', 'stimuli_awareness', 'sex', 'clothing']
2021-04-07 21:19:20,742:INFO:Finding Cohorts ...
2021-04-07 21:19:20,743:INFO:Finding cohorts using: sex
2021-04-07 21:19:20,745:INFO:Training Cohort models ...
2021-04-07 21:22:23,785:INFO:Cohort assignation ...
2021-04-07 21:22:23,785:INFO:Matching via sex
2021-04-07 21:22:23,786:INFO:Cohort evaluation ...
2021-04-07 21:22:23,942:INFO:Baseline holistic ...
2021-04-07 21:24:58,081:INFO:Baseline pcm ...
2021-04-07 21:24:58,081:INFO:Loading precomputed pcm ...
2021-04-07 21:24:58,283:INFO:########## Finished iteration 13 ##########
2021-04-07 21:24:58,283:INFO:########## Iteration 14 ##########
2021-04-07 21:24:58,283:INFO:Loading datasets ...
2021-04-07 21:24:58,626:INFO:Test users: ['dorn17', 'dorn6', 'dorn12', 'dorn14']
2021-04-07 21:24:58,626:INFO:Features encoded: ['subtleties_awareness', 'overwhelemed_awareness', 'stimuli_awareness', 'sex', 'clothing']
2021-04-07 21:24:58,626:INFO:Finding Cohorts ...
2021-04-07 21:24:58,627:INFO:Finding cohorts using: sex
2021-04-07 21:24:58,629:INFO:Training Cohort models ...
2021-04-07 21:28:34,505:INFO:Cohort assignation ...
2021-04-07 21:28:34,505:INFO:Matching via sex
2021-04-07 21:28:34,506:INFO:Cohort evaluation ...
2021-04-07 21:28:34,692:INFO:Baseline holistic ...
2021-04-07 21:30:47,138:INFO:Baseline pcm ...
2021-04-07 21:30:47,138:INFO:Loading precomputed pcm ...
2021-04-07 21:30:47,274:INFO:########## Finished iteration 14 ##########
2021-04-07 21:30:47,275:INFO:########## Iteration 15 ##########
2021-04-07 21:30:47,275:INFO:Loading datasets ...
2021-04-07 21:30:47,619:INFO:Test users: ['dorn20', 'dorn11', 'dorn3', 'dorn16']
2021-04-07 21:30:47,619:INFO:Features encoded: ['subtleties_awareness', 'overwhelemed_awareness', 'stimuli_awareness', 'sex', 'clothing']
2021-04-07 21:30:47,619:INFO:Finding Cohorts ...
2021-04-07 21:30:47,621:INFO:Finding cohorts using: sex
2021-04-07 21:30:47,623:INFO:Training Cohort models ...
2021-04-07 21:33:49,700:INFO:Cohort assignation ...
2021-04-07 21:33:49,700:INFO:Matching via sex
2021-04-07 21:33:49,701:INFO:Cohort evaluation ...
2021-04-07 21:33:49,796:INFO:Baseline holistic ...
2021-04-07 21:36:23,939:INFO:Baseline pcm ...
2021-04-07 21:36:23,939:INFO:Loading precomputed pcm ...
2021-04-07 21:36:24,139:INFO:########## Finished iteration 15 ##########
2021-04-07 21:36:24,139:INFO:########## Iteration 16 ##########
2021-04-07 21:36:24,139:INFO:Loading datasets ...
2021-04-07 21:36:24,481:INFO:Test users: ['dorn17', 'dorn7', 'dorn2', 'dorn9']
2021-04-07 21:36:24,481:INFO:Features encoded: ['subtleties_awareness', 'overwhelemed_awareness', 'stimuli_awareness', 'sex', 'clothing']
2021-04-07 21:36:24,481:INFO:Finding Cohorts ...
2021-04-07 21:36:24,482:INFO:Finding cohorts using: sex
2021-04-07 21:36:24,485:INFO:Training Cohort models ...
2021-04-07 21:39:44,673:INFO:Cohort assignation ...
2021-04-07 21:39:44,673:INFO:Matching via sex
2021-04-07 21:39:44,674:INFO:Cohort evaluation ...
2021-04-07 21:39:44,844:INFO:Baseline holistic ...
2021-04-07 21:41:35,390:INFO:Baseline pcm ...
2021-04-07 21:41:35,390:INFO:Loading precomputed pcm ...
2021-04-07 21:41:35,527:INFO:########## Finished iteration 16 ##########
2021-04-07 21:41:35,527:INFO:########## Iteration 17 ##########
2021-04-07 21:41:35,527:INFO:Loading datasets ...
2021-04-07 21:41:35,875:INFO:Test users: ['dorn1', 'dorn7', 'dorn14', 'dorn2']
2021-04-07 21:41:35,876:INFO:Features encoded: ['subtleties_awareness', 'overwhelemed_awareness', 'stimuli_awareness', 'sex', 'clothing']
2021-04-07 21:41:35,876:INFO:Finding Cohorts ...
2021-04-07 21:41:35,877:INFO:Finding cohorts using: sex
2021-04-07 21:41:35,879:INFO:Training Cohort models ...
2021-04-07 21:44:37,362:INFO:Cohort assignation ...
2021-04-07 21:44:37,362:INFO:Matching via sex
2021-04-07 21:44:37,363:INFO:Cohort evaluation ...
2021-04-07 21:44:37,457:INFO:Baseline holistic ...
2021-04-07 21:46:48,913:INFO:Baseline pcm ...
2021-04-07 21:46:48,913:INFO:Loading precomputed pcm ...
2021-04-07 21:46:49,051:INFO:########## Finished iteration 17 ##########
2021-04-07 21:46:49,051:INFO:########## Iteration 18 ##########
2021-04-07 21:46:49,051:INFO:Loading datasets ...
2021-04-07 21:46:49,396:INFO:Test users: ['dorn5', 'dorn6', 'dorn9', 'dorn3']
2021-04-07 21:46:49,397:INFO:Features encoded: ['subtleties_awareness', 'overwhelemed_awareness', 'stimuli_awareness', 'sex', 'clothing']
2021-04-07 21:46:49,397:INFO:Finding Cohorts ...
2021-04-07 21:46:49,398:INFO:Finding cohorts using: sex
2021-04-07 21:46:49,400:INFO:Training Cohort models ...
2021-04-07 21:50:08,834:INFO:Cohort assignation ...
2021-04-07 21:50:08,834:INFO:Matching via sex
2021-04-07 21:50:08,835:INFO:Cohort evaluation ...
2021-04-07 21:50:09,006:INFO:Baseline holistic ...
2021-04-07 21:52:42,147:INFO:Baseline pcm ...
2021-04-07 21:52:42,147:INFO:Loading precomputed pcm ...
2021-04-07 21:52:42,282:INFO:########## Finished iteration 18 ##########
2021-04-07 21:52:42,283:INFO:########## Iteration 19 ##########
2021-04-07 21:52:42,283:INFO:Loading datasets ...
2021-04-07 21:52:42,628:INFO:Test users: ['dorn7', 'dorn4', 'dorn5', 'dorn15']
2021-04-07 21:52:42,628:INFO:Features encoded: ['subtleties_awareness', 'overwhelemed_awareness', 'stimuli_awareness', 'sex', 'clothing']
2021-04-07 21:52:42,628:INFO:Finding Cohorts ...
2021-04-07 21:52:42,629:INFO:Finding cohorts using: sex
2021-04-07 21:52:42,632:INFO:Training Cohort models ...
2021-04-07 21:55:27,013:INFO:Cohort assignation ...
2021-04-07 21:55:27,013:INFO:Matching via sex
2021-04-07 21:55:27,014:INFO:Cohort evaluation ...
2021-04-07 21:55:27,093:INFO:Baseline holistic ...
2021-04-07 21:57:38,857:INFO:Baseline pcm ...
2021-04-07 21:57:38,858:INFO:Loading precomputed pcm ...
2021-04-07 21:57:38,992:INFO:########## Finished iteration 19 ##########
2021-04-07 21:57:38,993:INFO:########## Iteration 20 ##########
2021-04-07 21:57:38,993:INFO:Loading datasets ...
2021-04-07 21:57:39,342:INFO:Test users: ['dorn18', 'dorn20', 'dorn17', 'dorn5']
2021-04-07 21:57:39,342:INFO:Features encoded: ['subtleties_awareness', 'overwhelemed_awareness', 'stimuli_awareness', 'sex', 'clothing']
2021-04-07 21:57:39,342:INFO:Finding Cohorts ...
2021-04-07 21:57:39,343:INFO:Finding cohorts using: sex
2021-04-07 21:57:39,345:INFO:Training Cohort models ...
2021-04-07 22:00:41,086:INFO:Cohort assignation ...
2021-04-07 22:00:41,086:INFO:Matching via sex
2021-04-07 22:00:41,087:INFO:Cohort evaluation ...
2021-04-07 22:00:41,209:INFO:Baseline holistic ...
2021-04-07 22:03:14,262:INFO:Baseline pcm ...
2021-04-07 22:03:14,262:INFO:Loading precomputed pcm ...
2021-04-07 22:03:14,398:INFO:########## Finished iteration 20 ##########
2021-04-07 22:03:14,398:INFO:########## Iteration 21 ##########
2021-04-07 22:03:14,398:INFO:Loading datasets ...
2021-04-07 22:03:14,747:INFO:Test users: ['dorn17', 'dorn3', 'dorn4', 'dorn5']
2021-04-07 22:03:14,747:INFO:Features encoded: ['subtleties_awareness', 'overwhelemed_awareness', 'stimuli_awareness', 'sex', 'clothing']
2021-04-07 22:03:14,747:INFO:Finding Cohorts ...
2021-04-07 22:03:14,748:INFO:Finding cohorts using: sex
2021-04-07 22:03:14,751:INFO:Training Cohort models ...
2021-04-07 22:06:48,899:INFO:Cohort assignation ...
2021-04-07 22:06:48,899:INFO:Matching via sex
2021-04-07 22:06:48,900:INFO:Cohort evaluation ...
2021-04-07 22:06:49,089:INFO:Baseline holistic ...
2021-04-07 22:09:22,776:INFO:Baseline pcm ...
2021-04-07 22:09:22,776:INFO:Loading precomputed pcm ...
2021-04-07 22:09:22,911:INFO:########## Finished iteration 21 ##########
2021-04-07 22:09:22,911:INFO:########## Iteration 22 ##########
2021-04-07 22:09:22,911:INFO:Loading datasets ...
2021-04-07 22:09:23,260:INFO:Test users: ['dorn5', 'dorn3', 'dorn16', 'dorn10']
2021-04-07 22:09:23,260:INFO:Features encoded: ['subtleties_awareness', 'overwhelemed_awareness', 'stimuli_awareness', 'sex', 'clothing']
2021-04-07 22:09:23,260:INFO:Finding Cohorts ...
2021-04-07 22:09:23,262:INFO:Finding cohorts using: sex
2021-04-07 22:09:23,264:INFO:Training Cohort models ...
2021-04-07 22:12:45,432:INFO:Cohort assignation ...
2021-04-07 22:12:45,432:INFO:Matching via sex
2021-04-07 22:12:45,433:INFO:Cohort evaluation ...
2021-04-07 22:12:45,609:INFO:Baseline holistic ...
2021-04-07 22:14:57,852:INFO:Baseline pcm ...
2021-04-07 22:14:57,852:INFO:Loading precomputed pcm ...
2021-04-07 22:14:57,989:INFO:########## Finished iteration 22 ##########
2021-04-07 22:14:57,989:INFO:########## Iteration 23 ##########
2021-04-07 22:14:57,989:INFO:Loading datasets ...
2021-04-07 22:14:58,339:INFO:Test users: ['dorn10', 'dorn20', 'dorn1', 'dorn12']
2021-04-07 22:14:58,339:INFO:Features encoded: ['subtleties_awareness', 'overwhelemed_awareness', 'stimuli_awareness', 'sex', 'clothing']
2021-04-07 22:14:58,339:INFO:Finding Cohorts ...
2021-04-07 22:14:58,340:INFO:Finding cohorts using: sex
2021-04-07 22:14:58,343:INFO:Training Cohort models ...
2021-04-07 22:18:03,179:INFO:Cohort assignation ...
2021-04-07 22:18:03,179:INFO:Matching via sex
2021-04-07 22:18:03,180:INFO:Cohort evaluation ...
2021-04-07 22:18:03,309:INFO:Baseline holistic ...
2021-04-07 22:20:39,035:INFO:Baseline pcm ...
2021-04-07 22:20:39,035:INFO:Loading precomputed pcm ...
2021-04-07 22:20:39,171:INFO:########## Finished iteration 23 ##########
2021-04-07 22:20:39,171:INFO:########## Iteration 24 ##########
2021-04-07 22:20:39,172:INFO:Loading datasets ...
2021-04-07 22:20:39,523:INFO:Test users: ['dorn6', 'dorn3', 'dorn7', 'dorn18']
2021-04-07 22:20:39,523:INFO:Features encoded: ['subtleties_awareness', 'overwhelemed_awareness', 'stimuli_awareness', 'sex', 'clothing']
2021-04-07 22:20:39,523:INFO:Finding Cohorts ...
2021-04-07 22:20:39,524:INFO:Finding cohorts using: sex
2021-04-07 22:20:39,527:INFO:Training Cohort models ...
2021-04-07 22:23:55,864:INFO:Cohort assignation ...
2021-04-07 22:23:55,864:INFO:Matching via sex
2021-04-07 22:23:55,865:INFO:Cohort evaluation ...
2021-04-07 22:23:56,020:INFO:Baseline holistic ...
2021-04-07 22:26:28,836:INFO:Baseline pcm ...
2021-04-07 22:26:28,837:INFO:Loading precomputed pcm ...
2021-04-07 22:26:28,972:INFO:########## Finished iteration 24 ##########
2021-04-07 22:26:28,972:INFO:########## Iteration 25 ##########
2021-04-07 22:26:28,972:INFO:Loading datasets ...
2021-04-07 22:26:29,319:INFO:Test users: ['dorn11', 'dorn14', 'dorn5', 'dorn10']
2021-04-07 22:26:29,319:INFO:Features encoded: ['subtleties_awareness', 'overwhelemed_awareness', 'stimuli_awareness', 'sex', 'clothing']
2021-04-07 22:26:29,319:INFO:Finding Cohorts ...
2021-04-07 22:26:29,321:INFO:Finding cohorts using: sex
2021-04-07 22:26:29,323:INFO:Training Cohort models ...
2021-04-07 22:30:07,920:INFO:Cohort assignation ...
2021-04-07 22:30:07,920:INFO:Matching via sex
2021-04-07 22:30:07,921:INFO:Cohort evaluation ...
2021-04-07 22:30:08,112:INFO:Baseline holistic ...
2021-04-07 22:32:20,703:INFO:Baseline pcm ...
2021-04-07 22:32:20,703:INFO:Loading precomputed pcm ...
2021-04-07 22:32:20,838:INFO:########## Finished iteration 25 ##########
2021-04-07 22:32:20,839:INFO:########## Iteration 26 ##########
2021-04-07 22:32:20,839:INFO:Loading datasets ...
2021-04-07 22:32:21,186:INFO:Test users: ['dorn16', 'dorn6', 'dorn1', 'dorn12']
2021-04-07 22:32:21,186:INFO:Features encoded: ['subtleties_awareness', 'overwhelemed_awareness', 'stimuli_awareness', 'sex', 'clothing']
2021-04-07 22:32:21,186:INFO:Finding Cohorts ...
2021-04-07 22:32:21,188:INFO:Finding cohorts using: sex
2021-04-07 22:32:21,190:INFO:Training Cohort models ...
2021-04-07 22:35:10,215:INFO:Cohort assignation ...
2021-04-07 22:35:10,215:INFO:Matching via sex
2021-04-07 22:35:10,216:INFO:Cohort evaluation ...
2021-04-07 22:35:10,329:INFO:Baseline holistic ...
2021-04-07 22:37:46,375:INFO:Baseline pcm ...
2021-04-07 22:37:46,375:INFO:Loading precomputed pcm ...
2021-04-07 22:37:46,510:INFO:########## Finished iteration 26 ##########
2021-04-07 22:37:46,510:INFO:########## Iteration 27 ##########
2021-04-07 22:37:46,510:INFO:Loading datasets ...
2021-04-07 22:37:46,860:INFO:Test users: ['dorn17', 'dorn2', 'dorn14', 'dorn8']
2021-04-07 22:37:46,860:INFO:Features encoded: ['subtleties_awareness', 'overwhelemed_awareness', 'stimuli_awareness', 'sex', 'clothing']
2021-04-07 22:37:46,860:INFO:Finding Cohorts ...
2021-04-07 22:37:46,861:INFO:Finding cohorts using: sex
2021-04-07 22:37:46,863:INFO:Training Cohort models ...
2021-04-07 22:40:33,088:INFO:Cohort assignation ...
2021-04-07 22:40:33,088:INFO:Matching via sex
2021-04-07 22:40:33,089:INFO:Cohort evaluation ...
2021-04-07 22:40:33,166:INFO:Baseline holistic ...
2021-04-07 22:42:24,346:INFO:Baseline pcm ...
2021-04-07 22:42:24,346:INFO:Loading precomputed pcm ...
2021-04-07 22:42:24,481:INFO:########## Finished iteration 27 ##########
2021-04-07 22:42:24,482:INFO:########## Iteration 28 ##########
2021-04-07 22:42:24,482:INFO:Loading datasets ...
2021-04-07 22:42:24,826:INFO:Test users: ['dorn8', 'dorn19', 'dorn15', 'dorn16']
2021-04-07 22:42:24,826:INFO:Features encoded: ['subtleties_awareness', 'overwhelemed_awareness', 'stimuli_awareness', 'sex', 'clothing']
2021-04-07 22:42:24,827:INFO:Finding Cohorts ...
2021-04-07 22:42:24,827:INFO:Finding cohorts using: sex
2021-04-07 22:42:24,830:INFO:Training Cohort models ...
2021-04-07 22:46:02,603:INFO:Cohort assignation ...
2021-04-07 22:46:02,603:INFO:Matching via sex
2021-04-07 22:46:02,604:INFO:Cohort evaluation ...
2021-04-07 22:46:02,789:INFO:Baseline holistic ...
2021-04-07 22:48:37,516:INFO:Baseline pcm ...
2021-04-07 22:48:37,516:INFO:Loading precomputed pcm ...
2021-04-07 22:48:37,653:INFO:########## Finished iteration 28 ##########
2021-04-07 22:48:37,654:INFO:########## Iteration 29 ##########
2021-04-07 22:48:37,654:INFO:Loading datasets ...
2021-04-07 22:48:37,999:INFO:Test users: ['dorn7', 'dorn9', 'dorn17', 'dorn6']
2021-04-07 22:48:37,999:INFO:Features encoded: ['subtleties_awareness', 'overwhelemed_awareness', 'stimuli_awareness', 'sex', 'clothing']
2021-04-07 22:48:37,999:INFO:Finding Cohorts ...
2021-04-07 22:48:38,001:INFO:Finding cohorts using: sex
2021-04-07 22:48:38,004:INFO:Training Cohort models ...
2021-04-07 22:51:56,625:INFO:Cohort assignation ...
2021-04-07 22:51:56,625:INFO:Matching via sex
2021-04-07 22:51:56,626:INFO:Cohort evaluation ...
2021-04-07 22:51:56,765:INFO:Baseline holistic ...
2021-04-07 22:54:32,706:INFO:Baseline pcm ...
2021-04-07 22:54:32,706:INFO:Loading precomputed pcm ...
2021-04-07 22:54:32,841:INFO:########## Finished iteration 29 ##########
2021-04-07 22:54:32,841:INFO:########## Iteration 30 ##########
2021-04-07 22:54:32,841:INFO:Loading datasets ...
2021-04-07 22:54:33,192:INFO:Test users: ['dorn20', 'dorn8', 'dorn3', 'dorn16']
2021-04-07 22:54:33,192:INFO:Features encoded: ['subtleties_awareness', 'overwhelemed_awareness', 'stimuli_awareness', 'sex', 'clothing']
2021-04-07 22:54:33,192:INFO:Finding Cohorts ...
2021-04-07 22:54:33,193:INFO:Finding cohorts using: sex
2021-04-07 22:54:33,196:INFO:Training Cohort models ...
2021-04-07 22:57:53,034:INFO:Cohort assignation ...
2021-04-07 22:57:53,034:INFO:Matching via sex
2021-04-07 22:57:53,035:INFO:Cohort evaluation ...
2021-04-07 22:57:53,190:INFO:Baseline holistic ...
2021-04-07 23:00:05,867:INFO:Baseline pcm ...
2021-04-07 23:00:05,867:INFO:Loading precomputed pcm ...
2021-04-07 23:00:06,069:INFO:########## Finished iteration 30 ##########
2021-04-07 23:00:06,069:INFO:########## Iteration 31 ##########
2021-04-07 23:00:06,069:INFO:Loading datasets ...
2021-04-07 23:00:06,419:INFO:Test users: ['dorn13', 'dorn1', 'dorn14', 'dorn17']
2021-04-07 23:00:06,419:INFO:Features encoded: ['subtleties_awareness', 'overwhelemed_awareness', 'stimuli_awareness', 'sex', 'clothing']
2021-04-07 23:00:06,419:INFO:Finding Cohorts ...
2021-04-07 23:00:06,421:INFO:Finding cohorts using: sex
2021-04-07 23:00:06,423:INFO:Training Cohort models ...
2021-04-07 23:02:52,430:INFO:Cohort assignation ...
2021-04-07 23:02:52,430:INFO:Matching via sex
2021-04-07 23:02:52,431:INFO:Cohort evaluation ...
2021-04-07 23:02:52,509:INFO:Baseline holistic ...
2021-04-07 23:05:05,597:INFO:Baseline pcm ...
2021-04-07 23:05:05,597:INFO:Loading precomputed pcm ...
2021-04-07 23:05:05,734:INFO:########## Finished iteration 31 ##########
2021-04-07 23:05:05,735:INFO:########## Iteration 32 ##########
2021-04-07 23:05:05,735:INFO:Loading datasets ...
2021-04-07 23:05:06,083:INFO:Test users: ['dorn4', 'dorn19', 'dorn17', 'dorn11']
2021-04-07 23:05:06,083:INFO:Features encoded: ['subtleties_awareness', 'overwhelemed_awareness', 'stimuli_awareness', 'sex', 'clothing']
2021-04-07 23:05:06,083:INFO:Finding Cohorts ...
2021-04-07 23:05:06,084:INFO:Finding cohorts using: sex
2021-04-07 23:05:06,086:INFO:Training Cohort models ...
2021-04-07 23:07:52,713:INFO:Cohort assignation ...
2021-04-07 23:07:52,713:INFO:Matching via sex
2021-04-07 23:07:52,714:INFO:Cohort evaluation ...
2021-04-07 23:07:52,839:INFO:Baseline holistic ...
2021-04-07 23:09:41,183:INFO:Baseline pcm ...
2021-04-07 23:09:41,183:INFO:Loading precomputed pcm ...
2021-04-07 23:09:41,321:INFO:########## Finished iteration 32 ##########
2021-04-07 23:09:41,321:INFO:########## Iteration 33 ##########
2021-04-07 23:09:41,321:INFO:Loading datasets ...
2021-04-07 23:09:41,669:INFO:Test users: ['dorn3', 'dorn20', 'dorn10', 'dorn1']
2021-04-07 23:09:41,669:INFO:Features encoded: ['subtleties_awareness', 'overwhelemed_awareness', 'stimuli_awareness', 'sex', 'clothing']
2021-04-07 23:09:41,669:INFO:Finding Cohorts ...
2021-04-07 23:09:41,670:INFO:Finding cohorts using: sex
2021-04-07 23:09:41,672:INFO:Training Cohort models ...
2021-04-07 23:12:27,991:INFO:Cohort assignation ...
2021-04-07 23:12:27,991:INFO:Matching via sex
2021-04-07 23:12:27,992:INFO:Cohort evaluation ...
2021-04-07 23:12:28,071:INFO:Baseline holistic ...
2021-04-07 23:14:40,402:INFO:Baseline pcm ...
2021-04-07 23:14:40,402:INFO:Loading precomputed pcm ...
2021-04-07 23:14:40,540:INFO:########## Finished iteration 33 ##########
2021-04-07 23:14:40,540:INFO:########## Iteration 34 ##########
2021-04-07 23:14:40,540:INFO:Loading datasets ...
2021-04-07 23:14:40,885:INFO:Test users: ['dorn13', 'dorn12', 'dorn6', 'dorn11']
2021-04-07 23:14:40,885:INFO:Features encoded: ['subtleties_awareness', 'overwhelemed_awareness', 'stimuli_awareness', 'sex', 'clothing']
2021-04-07 23:14:40,885:INFO:Finding Cohorts ...
2021-04-07 23:14:40,886:INFO:Finding cohorts using: sex
2021-04-07 23:14:40,888:INFO:Training Cohort models ...
2021-04-07 23:17:44,388:INFO:Cohort assignation ...
2021-04-07 23:17:44,388:INFO:Matching via sex
2021-04-07 23:17:44,389:INFO:Cohort evaluation ...
2021-04-07 23:17:44,545:INFO:Baseline holistic ...
2021-04-07 23:19:57,328:INFO:Baseline pcm ...
2021-04-07 23:19:57,328:INFO:Loading precomputed pcm ...
2021-04-07 23:19:57,464:INFO:########## Finished iteration 34 ##########
2021-04-07 23:19:57,464:INFO:########## Iteration 35 ##########
2021-04-07 23:19:57,464:INFO:Loading datasets ...
2021-04-07 23:19:57,813:INFO:Test users: ['dorn14', 'dorn3', 'dorn6', 'dorn12']
2021-04-07 23:19:57,814:INFO:Features encoded: ['subtleties_awareness', 'overwhelemed_awareness', 'stimuli_awareness', 'sex', 'clothing']
2021-04-07 23:19:57,814:INFO:Finding Cohorts ...
2021-04-07 23:19:57,815:INFO:Finding cohorts using: sex
2021-04-07 23:19:57,817:INFO:Training Cohort models ...
2021-04-07 23:22:45,891:INFO:Cohort assignation ...
2021-04-07 23:22:45,891:INFO:Matching via sex
2021-04-07 23:22:45,892:INFO:Cohort evaluation ...
2021-04-07 23:22:46,019:INFO:Baseline holistic ...
2021-04-07 23:25:21,061:INFO:Baseline pcm ...
2021-04-07 23:25:21,061:INFO:Loading precomputed pcm ...
2021-04-07 23:25:21,197:INFO:########## Finished iteration 35 ##########
2021-04-07 23:25:21,198:INFO:########## Iteration 36 ##########
2021-04-07 23:25:21,198:INFO:Loading datasets ...
2021-04-07 23:25:21,546:INFO:Test users: ['dorn12', 'dorn1', 'dorn2', 'dorn15']
2021-04-07 23:25:21,546:INFO:Features encoded: ['subtleties_awareness', 'overwhelemed_awareness', 'stimuli_awareness', 'sex', 'clothing']
2021-04-07 23:25:21,546:INFO:Finding Cohorts ...
2021-04-07 23:25:21,547:INFO:Finding cohorts using: sex
2021-04-07 23:25:21,549:INFO:Training Cohort models ...
2021-04-07 23:28:43,101:INFO:Cohort assignation ...
2021-04-07 23:28:43,101:INFO:Matching via sex
2021-04-07 23:28:43,102:INFO:Cohort evaluation ...
2021-04-07 23:28:43,275:INFO:Baseline holistic ...
2021-04-07 23:31:19,253:INFO:Baseline pcm ...
2021-04-07 23:31:19,253:INFO:Loading precomputed pcm ...
2021-04-07 23:31:19,389:INFO:########## Finished iteration 36 ##########
2021-04-07 23:31:19,389:INFO:########## Iteration 37 ##########
2021-04-07 23:31:19,389:INFO:Loading datasets ...
2021-04-07 23:31:19,734:INFO:Test users: ['dorn9', 'dorn14', 'dorn13', 'dorn6']
2021-04-07 23:31:19,734:INFO:Features encoded: ['subtleties_awareness', 'overwhelemed_awareness', 'stimuli_awareness', 'sex', 'clothing']
2021-04-07 23:31:19,734:INFO:Finding Cohorts ...
2021-04-07 23:31:19,736:INFO:Finding cohorts using: sex
2021-04-07 23:31:19,738:INFO:Training Cohort models ...
2021-04-07 23:34:21,465:INFO:Cohort assignation ...
2021-04-07 23:34:21,465:INFO:Matching via sex
2021-04-07 23:34:21,466:INFO:Cohort evaluation ...
2021-04-07 23:34:21,559:INFO:Baseline holistic ...
2021-04-07 23:36:57,502:INFO:Baseline pcm ...
2021-04-07 23:36:57,502:INFO:Loading precomputed pcm ...
2021-04-07 23:36:57,639:INFO:########## Finished iteration 37 ##########
2021-04-07 23:36:57,639:INFO:########## Iteration 38 ##########
2021-04-07 23:36:57,639:INFO:Loading datasets ...
2021-04-07 23:36:58,004:INFO:Test users: ['dorn15', 'dorn16', 'dorn17', 'dorn19']
2021-04-07 23:36:58,004:INFO:Features encoded: ['subtleties_awareness', 'overwhelemed_awareness', 'stimuli_awareness', 'sex', 'clothing']
2021-04-07 23:36:58,004:INFO:Finding Cohorts ...
2021-04-07 23:36:58,005:INFO:Finding cohorts using: sex
2021-04-07 23:36:58,008:INFO:Training Cohort models ...
2021-04-07 23:40:18,556:INFO:Cohort assignation ...
2021-04-07 23:40:18,556:INFO:Matching via sex
2021-04-07 23:40:18,556:INFO:Cohort evaluation ...
2021-04-07 23:40:18,743:INFO:Baseline holistic ...
2021-04-07 23:42:53,633:INFO:Baseline pcm ...
2021-04-07 23:42:53,634:INFO:Loading precomputed pcm ...
2021-04-07 23:42:53,768:INFO:########## Finished iteration 38 ##########
2021-04-07 23:42:53,768:INFO:########## Iteration 39 ##########
2021-04-07 23:42:53,768:INFO:Loading datasets ...
2021-04-07 23:42:54,116:INFO:Test users: ['dorn9', 'dorn3', 'dorn8', 'dorn7']
2021-04-07 23:42:54,116:INFO:Features encoded: ['subtleties_awareness', 'overwhelemed_awareness', 'stimuli_awareness', 'sex', 'clothing']
2021-04-07 23:42:54,116:INFO:Finding Cohorts ...
2021-04-07 23:42:54,117:INFO:Finding cohorts using: sex
2021-04-07 23:42:54,120:INFO:Training Cohort models ...
2021-04-07 23:45:38,184:INFO:Cohort assignation ...
2021-04-07 23:45:38,184:INFO:Matching via sex
2021-04-07 23:45:38,185:INFO:Cohort evaluation ...
2021-04-07 23:45:38,279:INFO:Baseline holistic ...
2021-04-07 23:47:27,388:INFO:Baseline pcm ...
2021-04-07 23:47:27,388:INFO:Loading precomputed pcm ...
2021-04-07 23:47:27,525:INFO:########## Finished iteration 39 ##########
2021-04-07 23:47:27,525:INFO:########## Iteration 40 ##########
2021-04-07 23:47:27,525:INFO:Loading datasets ...
2021-04-07 23:47:27,871:INFO:Test users: ['dorn8', 'dorn3', 'dorn1', 'dorn11']
2021-04-07 23:47:27,871:INFO:Features encoded: ['subtleties_awareness', 'overwhelemed_awareness', 'stimuli_awareness', 'sex', 'clothing']
2021-04-07 23:47:27,872:INFO:Finding Cohorts ...
2021-04-07 23:47:27,872:INFO:Finding cohorts using: sex
2021-04-07 23:47:27,874:INFO:Training Cohort models ...
2021-04-07 23:49:56,801:INFO:Cohort assignation ...
2021-04-07 23:49:56,801:INFO:Matching via sex
2021-04-07 23:49:56,802:INFO:Cohort evaluation ...
2021-04-07 23:49:56,865:INFO:Baseline holistic ...
2021-04-07 23:51:45,754:INFO:Baseline pcm ...
2021-04-07 23:51:45,754:INFO:Loading precomputed pcm ...
2021-04-07 23:51:45,892:INFO:########## Finished iteration 40 ##########
2021-04-07 23:51:45,892:INFO:########## Iteration 41 ##########
2021-04-07 23:51:45,892:INFO:Loading datasets ...
2021-04-07 23:51:46,240:INFO:Test users: ['dorn17', 'dorn15', 'dorn7', 'dorn13']
2021-04-07 23:51:46,240:INFO:Features encoded: ['subtleties_awareness', 'overwhelemed_awareness', 'stimuli_awareness', 'sex', 'clothing']
2021-04-07 23:51:46,240:INFO:Finding Cohorts ...
2021-04-07 23:51:46,240:INFO:Finding cohorts using: sex
2021-04-07 23:51:46,242:INFO:Training Cohort models ...
2021-04-07 23:54:45,895:INFO:Cohort assignation ...
2021-04-07 23:54:45,895:INFO:Matching via sex
2021-04-07 23:54:45,896:INFO:Cohort evaluation ...
2021-04-07 23:54:45,991:INFO:Baseline holistic ...
2021-04-07 23:57:18,362:INFO:Baseline pcm ...
2021-04-07 23:57:18,362:INFO:Loading precomputed pcm ...
2021-04-07 23:57:18,560:INFO:########## Finished iteration 41 ##########
2021-04-07 23:57:18,560:INFO:########## Iteration 42 ##########
2021-04-07 23:57:18,560:INFO:Loading datasets ...
2021-04-07 23:57:18,907:INFO:Test users: ['dorn7', 'dorn14', 'dorn19', 'dorn12']
2021-04-07 23:57:18,907:INFO:Features encoded: ['subtleties_awareness', 'overwhelemed_awareness', 'stimuli_awareness', 'sex', 'clothing']
2021-04-07 23:57:18,907:INFO:Finding Cohorts ...
2021-04-07 23:57:18,908:INFO:Finding cohorts using: sex
2021-04-07 23:57:18,911:INFO:Training Cohort models ...
2021-04-08 00:00:19,816:INFO:Cohort assignation ...
2021-04-08 00:00:19,816:INFO:Matching via sex
2021-04-08 00:00:19,817:INFO:Cohort evaluation ...
2021-04-08 00:00:19,943:INFO:Baseline holistic ...
2021-04-08 00:02:08,913:INFO:Baseline pcm ...
2021-04-08 00:02:08,913:INFO:Loading precomputed pcm ...
2021-04-08 00:02:09,049:INFO:########## Finished iteration 42 ##########
2021-04-08 00:02:09,049:INFO:########## Iteration 43 ##########
2021-04-08 00:02:09,049:INFO:Loading datasets ...
2021-04-08 00:02:09,396:INFO:Test users: ['dorn14', 'dorn12', 'dorn7', 'dorn4']
2021-04-08 00:02:09,397:INFO:Features encoded: ['subtleties_awareness', 'overwhelemed_awareness', 'stimuli_awareness', 'sex', 'clothing']
2021-04-08 00:02:09,397:INFO:Finding Cohorts ...
2021-04-08 00:02:09,398:INFO:Finding cohorts using: sex
2021-04-08 00:02:09,400:INFO:Training Cohort models ...
2021-04-08 00:04:38,111:INFO:Cohort assignation ...
2021-04-08 00:04:38,111:INFO:Matching via sex
2021-04-08 00:04:38,112:INFO:Cohort evaluation ...
2021-04-08 00:04:38,175:INFO:Baseline holistic ...
2021-04-08 00:06:27,954:INFO:Baseline pcm ...
2021-04-08 00:06:27,954:INFO:Loading precomputed pcm ...
2021-04-08 00:06:28,089:INFO:########## Finished iteration 43 ##########
2021-04-08 00:06:28,089:INFO:########## Iteration 44 ##########
2021-04-08 00:06:28,089:INFO:Loading datasets ...
2021-04-08 00:06:28,437:INFO:Test users: ['dorn17', 'dorn4', 'dorn12', 'dorn7']
2021-04-08 00:06:28,437:INFO:Features encoded: ['subtleties_awareness', 'overwhelemed_awareness', 'stimuli_awareness', 'sex', 'clothing']
2021-04-08 00:06:28,437:INFO:Finding Cohorts ...
2021-04-08 00:06:28,438:INFO:Finding cohorts using: sex
2021-04-08 00:06:28,440:INFO:Training Cohort models ...
2021-04-08 00:09:29,506:INFO:Cohort assignation ...
2021-04-08 00:09:29,506:INFO:Matching via sex
2021-04-08 00:09:29,507:INFO:Cohort evaluation ...
2021-04-08 00:09:29,599:INFO:Baseline holistic ...
2021-04-08 00:11:42,457:INFO:Baseline pcm ...
2021-04-08 00:11:42,457:INFO:Loading precomputed pcm ...
2021-04-08 00:11:42,593:INFO:########## Finished iteration 44 ##########
2021-04-08 00:11:42,593:INFO:########## Iteration 45 ##########
2021-04-08 00:11:42,594:INFO:Loading datasets ...
2021-04-08 00:11:42,952:INFO:Test users: ['dorn10', 'dorn14', 'dorn20', 'dorn2']
2021-04-08 00:11:42,953:INFO:Features encoded: ['subtleties_awareness', 'overwhelemed_awareness', 'stimuli_awareness', 'sex', 'clothing']
2021-04-08 00:11:42,953:INFO:Finding Cohorts ...
2021-04-08 00:11:42,954:INFO:Finding cohorts using: sex
2021-04-08 00:11:42,956:INFO:Training Cohort models ...
2021-04-08 00:14:31,491:INFO:Cohort assignation ...
2021-04-08 00:14:31,491:INFO:Matching via sex
2021-04-08 00:14:31,492:INFO:Cohort evaluation ...
2021-04-08 00:14:31,570:INFO:Baseline holistic ...
2021-04-08 00:16:46,085:INFO:Baseline pcm ...
2021-04-08 00:16:46,085:INFO:Loading precomputed pcm ...
2021-04-08 00:16:46,222:INFO:########## Finished iteration 45 ##########
2021-04-08 00:16:46,222:INFO:########## Iteration 46 ##########
2021-04-08 00:16:46,222:INFO:Loading datasets ...
2021-04-08 00:16:46,568:INFO:Test users: ['dorn8', 'dorn5', 'dorn16', 'dorn7']
2021-04-08 00:16:46,569:INFO:Features encoded: ['subtleties_awareness', 'overwhelemed_awareness', 'stimuli_awareness', 'sex', 'clothing']
2021-04-08 00:16:46,569:INFO:Finding Cohorts ...
2021-04-08 00:16:46,569:INFO:Finding cohorts using: sex
2021-04-08 00:16:46,571:INFO:Training Cohort models ...
2021-04-08 00:19:31,582:INFO:Cohort assignation ...
2021-04-08 00:19:31,582:INFO:Matching via sex
2021-04-08 00:19:31,583:INFO:Cohort evaluation ...
2021-04-08 00:19:31,676:INFO:Baseline holistic ...
2021-04-08 00:22:05,995:INFO:Baseline pcm ...
2021-04-08 00:22:05,995:INFO:Loading precomputed pcm ...
2021-04-08 00:22:06,129:INFO:########## Finished iteration 46 ##########
2021-04-08 00:22:06,129:INFO:########## Iteration 47 ##########
2021-04-08 00:22:06,129:INFO:Loading datasets ...
2021-04-08 00:22:06,479:INFO:Test users: ['dorn4', 'dorn18', 'dorn17', 'dorn5']
2021-04-08 00:22:06,479:INFO:Features encoded: ['subtleties_awareness', 'overwhelemed_awareness', 'stimuli_awareness', 'sex', 'clothing']
2021-04-08 00:22:06,480:INFO:Finding Cohorts ...
2021-04-08 00:22:06,480:INFO:Finding cohorts using: sex
2021-04-08 00:22:06,482:INFO:Training Cohort models ...
2021-04-08 00:24:35,472:INFO:Cohort assignation ...
2021-04-08 00:24:35,472:INFO:Matching via sex
2021-04-08 00:24:35,473:INFO:Cohort evaluation ...
2021-04-08 00:24:35,535:INFO:Baseline holistic ...
2021-04-08 00:27:09,267:INFO:Baseline pcm ...
2021-04-08 00:27:09,267:INFO:Loading precomputed pcm ...
2021-04-08 00:27:09,404:INFO:########## Finished iteration 47 ##########
2021-04-08 00:27:09,404:INFO:########## Iteration 48 ##########
2021-04-08 00:27:09,404:INFO:Loading datasets ...
2021-04-08 00:27:09,751:INFO:Test users: ['dorn15', 'dorn5', 'dorn14', 'dorn8']
2021-04-08 00:27:09,751:INFO:Features encoded: ['subtleties_awareness', 'overwhelemed_awareness', 'stimuli_awareness', 'sex', 'clothing']
2021-04-08 00:27:09,751:INFO:Finding Cohorts ...
2021-04-08 00:27:09,752:INFO:Finding cohorts using: sex
2021-04-08 00:27:09,754:INFO:Training Cohort models ...
2021-04-08 00:30:14,745:INFO:Cohort assignation ...
2021-04-08 00:30:14,745:INFO:Matching via sex
2021-04-08 00:30:14,746:INFO:Cohort evaluation ...
2021-04-08 00:30:14,904:INFO:Baseline holistic ...
2021-04-08 00:32:04,911:INFO:Baseline pcm ...
2021-04-08 00:32:04,911:INFO:Loading precomputed pcm ...
2021-04-08 00:32:05,046:INFO:########## Finished iteration 48 ##########
2021-04-08 00:32:05,047:INFO:########## Iteration 49 ##########
2021-04-08 00:32:05,047:INFO:Loading datasets ...
2021-04-08 00:32:05,394:INFO:Test users: ['dorn10', 'dorn5', 'dorn14', 'dorn13']
2021-04-08 00:32:05,394:INFO:Features encoded: ['subtleties_awareness', 'overwhelemed_awareness', 'stimuli_awareness', 'sex', 'clothing']
2021-04-08 00:32:05,394:INFO:Finding Cohorts ...
2021-04-08 00:32:05,395:INFO:Finding cohorts using: sex
2021-04-08 00:32:05,397:INFO:Training Cohort models ...
2021-04-08 00:35:05,683:INFO:Cohort assignation ...
2021-04-08 00:35:05,683:INFO:Matching via sex
2021-04-08 00:35:05,684:INFO:Cohort evaluation ...
2021-04-08 00:35:05,748:INFO:Baseline holistic ...
2021-04-08 00:37:17,382:INFO:Baseline pcm ...
2021-04-08 00:37:17,382:INFO:Loading precomputed pcm ...
2021-04-08 00:37:17,519:INFO:########## Finished iteration 49 ##########
2021-04-08 00:37:17,519:INFO:########## Iteration 50 ##########
2021-04-08 00:37:17,519:INFO:Loading datasets ...
2021-04-08 00:37:17,862:INFO:Test users: ['dorn13', 'dorn11', 'dorn19', 'dorn3']
2021-04-08 00:37:17,862:INFO:Features encoded: ['subtleties_awareness', 'overwhelemed_awareness', 'stimuli_awareness', 'sex', 'clothing']
2021-04-08 00:37:17,862:INFO:Finding Cohorts ...
2021-04-08 00:37:17,863:INFO:Finding cohorts using: sex
2021-04-08 00:37:17,866:INFO:Training Cohort models ...
2021-04-08 00:40:19,047:INFO:Cohort assignation ...
2021-04-08 00:40:19,047:INFO:Matching via sex
2021-04-08 00:40:19,048:INFO:Cohort evaluation ...
2021-04-08 00:40:19,174:INFO:Baseline holistic ...
2021-04-08 00:42:52,244:INFO:Baseline pcm ...
2021-04-08 00:42:52,244:INFO:Loading precomputed pcm ...
2021-04-08 00:42:52,443:INFO:########## Finished iteration 50 ##########
2021-04-08 00:42:52,443:INFO:########## Iteration 51 ##########
2021-04-08 00:42:52,443:INFO:Loading datasets ...
2021-04-08 00:42:52,792:INFO:Test users: ['dorn3', 'dorn8', 'dorn16', 'dorn14']
2021-04-08 00:42:52,792:INFO:Features encoded: ['subtleties_awareness', 'overwhelemed_awareness', 'stimuli_awareness', 'sex', 'clothing']
2021-04-08 00:42:52,792:INFO:Finding Cohorts ...
2021-04-08 00:42:52,793:INFO:Finding cohorts using: sex
2021-04-08 00:42:52,795:INFO:Training Cohort models ...
2021-04-08 00:46:31,408:INFO:Cohort assignation ...
2021-04-08 00:46:31,408:INFO:Matching via sex
2021-04-08 00:46:31,408:INFO:Cohort evaluation ...
2021-04-08 00:46:31,596:INFO:Baseline holistic ...
2021-04-08 00:48:22,667:INFO:Baseline pcm ...
2021-04-08 00:48:22,667:INFO:Loading precomputed pcm ...
2021-04-08 00:48:22,868:INFO:########## Finished iteration 51 ##########
2021-04-08 00:48:22,869:INFO:########## Iteration 52 ##########
2021-04-08 00:48:22,869:INFO:Loading datasets ...
2021-04-08 00:48:23,216:INFO:Test users: ['dorn17', 'dorn15', 'dorn19', 'dorn16']
2021-04-08 00:48:23,216:INFO:Features encoded: ['subtleties_awareness', 'overwhelemed_awareness', 'stimuli_awareness', 'sex', 'clothing']
2021-04-08 00:48:23,216:INFO:Finding Cohorts ...
2021-04-08 00:48:23,217:INFO:Finding cohorts using: sex
2021-04-08 00:48:23,220:INFO:Training Cohort models ...
2021-04-08 00:51:25,172:INFO:Cohort assignation ...
2021-04-08 00:51:25,172:INFO:Matching via sex
2021-04-08 00:51:25,173:INFO:Cohort evaluation ...
2021-04-08 00:51:25,304:INFO:Baseline holistic ...
2021-04-08 00:54:00,583:INFO:Baseline pcm ...
2021-04-08 00:54:00,583:INFO:Loading precomputed pcm ...
2021-04-08 00:54:00,718:INFO:########## Finished iteration 52 ##########
2021-04-08 00:54:00,718:INFO:########## Iteration 53 ##########
2021-04-08 00:54:00,718:INFO:Loading datasets ...
2021-04-08 00:54:01,065:INFO:Test users: ['dorn6', 'dorn2', 'dorn5', 'dorn15']
2021-04-08 00:54:01,065:INFO:Features encoded: ['subtleties_awareness', 'overwhelemed_awareness', 'stimuli_awareness', 'sex', 'clothing']
2021-04-08 00:54:01,065:INFO:Finding Cohorts ...
2021-04-08 00:54:01,066:INFO:Finding cohorts using: sex
2021-04-08 00:54:01,069:INFO:Training Cohort models ...
2021-04-08 00:57:04,191:INFO:Cohort assignation ...
2021-04-08 00:57:04,191:INFO:Matching via sex
2021-04-08 00:57:04,191:INFO:Cohort evaluation ...
2021-04-08 00:57:04,317:INFO:Baseline holistic ...
2021-04-08 00:59:16,366:INFO:Baseline pcm ...
2021-04-08 00:59:16,366:INFO:Loading precomputed pcm ...
2021-04-08 00:59:16,502:INFO:########## Finished iteration 53 ##########
2021-04-08 00:59:16,502:INFO:########## Iteration 54 ##########
2021-04-08 00:59:16,502:INFO:Loading datasets ...
2021-04-08 00:59:16,850:INFO:Test users: ['dorn8', 'dorn16', 'dorn12', 'dorn10']
2021-04-08 00:59:16,850:INFO:Features encoded: ['subtleties_awareness', 'overwhelemed_awareness', 'stimuli_awareness', 'sex', 'clothing']
2021-04-08 00:59:16,850:INFO:Finding Cohorts ...
2021-04-08 00:59:16,851:INFO:Finding cohorts using: sex
2021-04-08 00:59:16,853:INFO:Training Cohort models ...
2021-04-08 01:02:38,033:INFO:Cohort assignation ...
2021-04-08 01:02:38,033:INFO:Matching via sex
2021-04-08 01:02:38,034:INFO:Cohort evaluation ...
2021-04-08 01:02:38,175:INFO:Baseline holistic ...
2021-04-08 01:04:29,697:INFO:Baseline pcm ...
2021-04-08 01:04:29,698:INFO:Loading precomputed pcm ...
2021-04-08 01:04:29,833:INFO:########## Finished iteration 54 ##########
2021-04-08 01:04:29,833:INFO:########## Iteration 55 ##########
2021-04-08 01:04:29,833:INFO:Loading datasets ...
2021-04-08 01:04:30,178:INFO:Test users: ['dorn16', 'dorn13', 'dorn14', 'dorn15']
2021-04-08 01:04:30,179:INFO:Features encoded: ['subtleties_awareness', 'overwhelemed_awareness', 'stimuli_awareness', 'sex', 'clothing']
2021-04-08 01:04:30,179:INFO:Finding Cohorts ...
2021-04-08 01:04:30,180:INFO:Finding cohorts using: sex
2021-04-08 01:04:30,182:INFO:Training Cohort models ...
2021-04-08 01:08:06,999:INFO:Cohort assignation ...
2021-04-08 01:08:06,999:INFO:Matching via sex
2021-04-08 01:08:07,000:INFO:Cohort evaluation ...
2021-04-08 01:08:07,188:INFO:Baseline holistic ...
2021-04-08 01:10:44,196:INFO:Baseline pcm ...
2021-04-08 01:10:44,196:INFO:Loading precomputed pcm ...
2021-04-08 01:10:44,333:INFO:########## Finished iteration 55 ##########
2021-04-08 01:10:44,333:INFO:########## Iteration 56 ##########
2021-04-08 01:10:44,333:INFO:Loading datasets ...
2021-04-08 01:10:44,681:INFO:Test users: ['dorn20', 'dorn3', 'dorn6', 'dorn18']
2021-04-08 01:10:44,681:INFO:Features encoded: ['subtleties_awareness', 'overwhelemed_awareness', 'stimuli_awareness', 'sex', 'clothing']
2021-04-08 01:10:44,681:INFO:Finding Cohorts ...
2021-04-08 01:10:44,683:INFO:Finding cohorts using: sex
2021-04-08 01:10:44,685:INFO:Training Cohort models ...
2021-04-08 01:14:19,177:INFO:Cohort assignation ...
2021-04-08 01:14:19,177:INFO:Matching via sex
2021-04-08 01:14:19,178:INFO:Cohort evaluation ...
2021-04-08 01:14:19,371:INFO:Baseline holistic ...
2021-04-08 01:16:08,721:INFO:Baseline pcm ...
2021-04-08 01:16:08,721:INFO:Loading precomputed pcm ...
2021-04-08 01:16:08,924:INFO:########## Finished iteration 56 ##########
2021-04-08 01:16:08,924:INFO:########## Iteration 57 ##########
2021-04-08 01:16:08,924:INFO:Loading datasets ...
2021-04-08 01:16:09,266:INFO:Test users: ['dorn5', 'dorn13', 'dorn19', 'dorn20']
2021-04-08 01:16:09,266:INFO:Features encoded: ['subtleties_awareness', 'overwhelemed_awareness', 'stimuli_awareness', 'sex', 'clothing']
2021-04-08 01:16:09,266:INFO:Finding Cohorts ...
2021-04-08 01:16:09,268:INFO:Finding cohorts using: sex
2021-04-08 01:16:09,270:INFO:Training Cohort models ...
2021-04-08 01:19:10,052:INFO:Cohort assignation ...
2021-04-08 01:19:10,052:INFO:Matching via sex
2021-04-08 01:19:10,053:INFO:Cohort evaluation ...
2021-04-08 01:19:10,176:INFO:Baseline holistic ...
2021-04-08 01:20:58,689:INFO:Baseline pcm ...
2021-04-08 01:20:58,689:INFO:Loading precomputed pcm ...
2021-04-08 01:20:58,826:INFO:########## Finished iteration 57 ##########
2021-04-08 01:20:58,826:INFO:########## Iteration 58 ##########
2021-04-08 01:20:58,827:INFO:Loading datasets ...
2021-04-08 01:20:59,172:INFO:Test users: ['dorn2', 'dorn4', 'dorn1', 'dorn8']
2021-04-08 01:20:59,172:INFO:Features encoded: ['subtleties_awareness', 'overwhelemed_awareness', 'stimuli_awareness', 'sex', 'clothing']
2021-04-08 01:20:59,172:INFO:Finding Cohorts ...
2021-04-08 01:20:59,173:INFO:Finding cohorts using: sex
2021-04-08 01:20:59,176:INFO:Training Cohort models ...
2021-04-08 01:24:17,617:INFO:Cohort assignation ...
2021-04-08 01:24:17,617:INFO:Matching via sex
2021-04-08 01:24:17,618:INFO:Cohort evaluation ...
2021-04-08 01:24:17,757:INFO:Baseline holistic ...
2021-04-08 01:26:51,812:INFO:Baseline pcm ...
2021-04-08 01:26:51,812:INFO:Loading precomputed pcm ...
2021-04-08 01:26:51,945:INFO:########## Finished iteration 58 ##########
2021-04-08 01:26:51,946:INFO:########## Iteration 59 ##########
2021-04-08 01:26:51,946:INFO:Loading datasets ...
2021-04-08 01:26:52,295:INFO:Test users: ['dorn6', 'dorn3', 'dorn18', 'dorn12']
2021-04-08 01:26:52,296:INFO:Features encoded: ['subtleties_awareness', 'overwhelemed_awareness', 'stimuli_awareness', 'sex', 'clothing']
2021-04-08 01:26:52,296:INFO:Finding Cohorts ...
2021-04-08 01:26:52,297:INFO:Finding cohorts using: sex
2021-04-08 01:26:52,300:INFO:Training Cohort models ...
2021-04-08 01:29:20,613:INFO:Cohort assignation ...
2021-04-08 01:29:20,614:INFO:Matching via sex
2021-04-08 01:29:20,614:INFO:Cohort evaluation ...
2021-04-08 01:29:20,677:INFO:Baseline holistic ...
2021-04-08 01:31:54,269:INFO:Baseline pcm ...
2021-04-08 01:31:54,269:INFO:Loading precomputed pcm ...
2021-04-08 01:31:54,405:INFO:########## Finished iteration 59 ##########
2021-04-08 01:31:54,405:INFO:########## Iteration 60 ##########
2021-04-08 01:31:54,405:INFO:Loading datasets ...
2021-04-08 01:31:54,755:INFO:Test users: ['dorn2', 'dorn1', 'dorn7', 'dorn17']
2021-04-08 01:31:54,756:INFO:Features encoded: ['subtleties_awareness', 'overwhelemed_awareness', 'stimuli_awareness', 'sex', 'clothing']
2021-04-08 01:31:54,756:INFO:Finding Cohorts ...
2021-04-08 01:31:54,756:INFO:Finding cohorts using: sex
2021-04-08 01:31:54,758:INFO:Training Cohort models ...
2021-04-08 01:34:55,534:INFO:Cohort assignation ...
2021-04-08 01:34:55,534:INFO:Matching via sex
2021-04-08 01:34:55,535:INFO:Cohort evaluation ...
2021-04-08 01:34:55,660:INFO:Baseline holistic ...
2021-04-08 01:36:45,668:INFO:Baseline pcm ...
2021-04-08 01:36:45,669:INFO:Loading precomputed pcm ...
2021-04-08 01:36:45,805:INFO:########## Finished iteration 60 ##########
2021-04-08 01:36:45,805:INFO:########## Iteration 61 ##########
2021-04-08 01:36:45,805:INFO:Loading datasets ...
2021-04-08 01:36:46,152:INFO:Test users: ['dorn5', 'dorn15', 'dorn17', 'dorn14']
2021-04-08 01:36:46,153:INFO:Features encoded: ['subtleties_awareness', 'overwhelemed_awareness', 'stimuli_awareness', 'sex', 'clothing']
2021-04-08 01:36:46,153:INFO:Finding Cohorts ...
2021-04-08 01:36:46,154:INFO:Finding cohorts using: sex
2021-04-08 01:36:46,156:INFO:Training Cohort models ...
2021-04-08 01:39:48,234:INFO:Cohort assignation ...
2021-04-08 01:39:48,234:INFO:Matching via sex
2021-04-08 01:39:48,235:INFO:Cohort evaluation ...
2021-04-08 01:39:48,359:INFO:Baseline holistic ...
2021-04-08 01:42:01,179:INFO:Baseline pcm ...
2021-04-08 01:42:01,179:INFO:Loading precomputed pcm ...
2021-04-08 01:42:01,316:INFO:########## Finished iteration 61 ##########
2021-04-08 01:42:01,316:INFO:########## Iteration 62 ##########
2021-04-08 01:42:01,316:INFO:Loading datasets ...
2021-04-08 01:42:01,666:INFO:Test users: ['dorn1', 'dorn10', 'dorn19', 'dorn6']
2021-04-08 01:42:01,666:INFO:Features encoded: ['subtleties_awareness', 'overwhelemed_awareness', 'stimuli_awareness', 'sex', 'clothing']
2021-04-08 01:42:01,666:INFO:Finding Cohorts ...
2021-04-08 01:42:01,667:INFO:Finding cohorts using: sex
2021-04-08 01:42:01,670:INFO:Training Cohort models ...
2021-04-08 01:45:22,771:INFO:Cohort assignation ...
2021-04-08 01:45:22,771:INFO:Matching via sex
2021-04-08 01:45:22,772:INFO:Cohort evaluation ...
2021-04-08 01:45:22,946:INFO:Baseline holistic ...
2021-04-08 01:47:12,793:INFO:Baseline pcm ...
2021-04-08 01:47:12,794:INFO:Loading precomputed pcm ...
2021-04-08 01:47:12,928:INFO:########## Finished iteration 62 ##########
2021-04-08 01:47:12,928:INFO:########## Iteration 63 ##########
2021-04-08 01:47:12,928:INFO:Loading datasets ...
2021-04-08 01:47:13,274:INFO:Test users: ['dorn14', 'dorn6', 'dorn2', 'dorn9']
2021-04-08 01:47:13,274:INFO:Features encoded: ['subtleties_awareness', 'overwhelemed_awareness', 'stimuli_awareness', 'sex', 'clothing']
2021-04-08 01:47:13,274:INFO:Finding Cohorts ...
2021-04-08 01:47:13,275:INFO:Finding cohorts using: sex
2021-04-08 01:47:13,278:INFO:Training Cohort models ...
2021-04-08 01:50:35,942:INFO:Cohort assignation ...
2021-04-08 01:50:35,942:INFO:Matching via sex
2021-04-08 01:50:35,943:INFO:Cohort evaluation ...
2021-04-08 01:50:36,115:INFO:Baseline holistic ...
2021-04-08 01:53:11,776:INFO:Baseline pcm ...
2021-04-08 01:53:11,776:INFO:Loading precomputed pcm ...
2021-04-08 01:53:11,909:INFO:########## Finished iteration 63 ##########
2021-04-08 01:53:11,910:INFO:########## Iteration 64 ##########
2021-04-08 01:53:11,910:INFO:Loading datasets ...
2021-04-08 01:53:12,257:INFO:Test users: ['dorn10', 'dorn8', 'dorn11', 'dorn5']
2021-04-08 01:53:12,258:INFO:Features encoded: ['subtleties_awareness', 'overwhelemed_awareness', 'stimuli_awareness', 'sex', 'clothing']
2021-04-08 01:53:12,258:INFO:Finding Cohorts ...
2021-04-08 01:53:12,259:INFO:Finding cohorts using: sex
2021-04-08 01:53:12,261:INFO:Training Cohort models ...
2021-04-08 01:56:13,522:INFO:Cohort assignation ...
2021-04-08 01:56:13,522:INFO:Matching via sex
2021-04-08 01:56:13,523:INFO:Cohort evaluation ...
2021-04-08 01:56:13,616:INFO:Baseline holistic ...
2021-04-08 01:58:02,292:INFO:Baseline pcm ...
2021-04-08 01:58:02,293:INFO:Loading precomputed pcm ...
2021-04-08 01:58:02,428:INFO:########## Finished iteration 64 ##########
2021-04-08 01:58:02,429:INFO:########## Iteration 65 ##########
2021-04-08 01:58:02,429:INFO:Loading datasets ...
2021-04-08 01:58:02,776:INFO:Test users: ['dorn1', 'dorn6', 'dorn13', 'dorn12']
2021-04-08 01:58:02,777:INFO:Features encoded: ['subtleties_awareness', 'overwhelemed_awareness', 'stimuli_awareness', 'sex', 'clothing']
2021-04-08 01:58:02,777:INFO:Finding Cohorts ...
2021-04-08 01:58:02,778:INFO:Finding cohorts using: sex
2021-04-08 01:58:02,780:INFO:Training Cohort models ...
2021-04-08 02:01:05,732:INFO:Cohort assignation ...
2021-04-08 02:01:05,733:INFO:Matching via sex
2021-04-08 02:01:05,733:INFO:Cohort evaluation ...
2021-04-08 02:01:05,860:INFO:Baseline holistic ...
2021-04-08 02:02:55,703:INFO:Baseline pcm ...
2021-04-08 02:02:55,703:INFO:Loading precomputed pcm ...
2021-04-08 02:02:55,837:INFO:########## Finished iteration 65 ##########
2021-04-08 02:02:55,837:INFO:########## Iteration 66 ##########
2021-04-08 02:02:55,837:INFO:Loading datasets ...
2021-04-08 02:02:56,186:INFO:Test users: ['dorn10', 'dorn1', 'dorn15', 'dorn20']
2021-04-08 02:02:56,186:INFO:Features encoded: ['subtleties_awareness', 'overwhelemed_awareness', 'stimuli_awareness', 'sex', 'clothing']
2021-04-08 02:02:56,186:INFO:Finding Cohorts ...
2021-04-08 02:02:56,187:INFO:Finding cohorts using: sex
2021-04-08 02:02:56,189:INFO:Training Cohort models ...
2021-04-08 02:06:00,008:INFO:Cohort assignation ...
2021-04-08 02:06:00,008:INFO:Matching via sex
2021-04-08 02:06:00,009:INFO:Cohort evaluation ...
2021-04-08 02:06:00,135:INFO:Baseline holistic ...
2021-04-08 02:08:12,560:INFO:Baseline pcm ...
2021-04-08 02:08:12,560:INFO:Loading precomputed pcm ...
2021-04-08 02:08:12,692:INFO:########## Finished iteration 66 ##########
2021-04-08 02:08:12,693:INFO:########## Iteration 67 ##########
2021-04-08 02:08:12,693:INFO:Loading datasets ...
2021-04-08 02:08:13,041:INFO:Test users: ['dorn4', 'dorn6', 'dorn17', 'dorn8']
2021-04-08 02:08:13,041:INFO:Features encoded: ['subtleties_awareness', 'overwhelemed_awareness', 'stimuli_awareness', 'sex', 'clothing']
2021-04-08 02:08:13,041:INFO:Finding Cohorts ...
2021-04-08 02:08:13,042:INFO:Finding cohorts using: sex
2021-04-08 02:08:13,044:INFO:Training Cohort models ...
2021-04-08 02:11:13,836:INFO:Cohort assignation ...
2021-04-08 02:11:13,836:INFO:Matching via sex
2021-04-08 02:11:13,837:INFO:Cohort evaluation ...
2021-04-08 02:11:13,958:INFO:Baseline holistic ...
2021-04-08 02:13:45,827:INFO:Baseline pcm ...
2021-04-08 02:13:45,827:INFO:Loading precomputed pcm ...
2021-04-08 02:13:45,964:INFO:########## Finished iteration 67 ##########
2021-04-08 02:13:45,965:INFO:########## Iteration 68 ##########
2021-04-08 02:13:45,965:INFO:Loading datasets ...
2021-04-08 02:13:46,311:INFO:Test users: ['dorn17', 'dorn15', 'dorn11', 'dorn5']
2021-04-08 02:13:46,311:INFO:Features encoded: ['subtleties_awareness', 'overwhelemed_awareness', 'stimuli_awareness', 'sex', 'clothing']
2021-04-08 02:13:46,311:INFO:Finding Cohorts ...
2021-04-08 02:13:46,312:INFO:Finding cohorts using: sex
2021-04-08 02:13:46,315:INFO:Training Cohort models ...
2021-04-08 02:16:47,204:INFO:Cohort assignation ...
2021-04-08 02:16:47,204:INFO:Matching via sex
2021-04-08 02:16:47,205:INFO:Cohort evaluation ...
2021-04-08 02:16:47,299:INFO:Baseline holistic ...
2021-04-08 02:18:58,767:INFO:Baseline pcm ...
2021-04-08 02:18:58,767:INFO:Loading precomputed pcm ...
2021-04-08 02:18:58,902:INFO:########## Finished iteration 68 ##########
2021-04-08 02:18:58,902:INFO:########## Iteration 69 ##########
2021-04-08 02:18:58,902:INFO:Loading datasets ...
2021-04-08 02:18:59,252:INFO:Test users: ['dorn16', 'dorn10', 'dorn3', 'dorn13']
2021-04-08 02:18:59,252:INFO:Features encoded: ['subtleties_awareness', 'overwhelemed_awareness', 'stimuli_awareness', 'sex', 'clothing']
2021-04-08 02:18:59,252:INFO:Finding Cohorts ...
2021-04-08 02:18:59,254:INFO:Finding cohorts using: sex
2021-04-08 02:18:59,256:INFO:Training Cohort models ...
2021-04-08 02:21:46,162:INFO:Cohort assignation ...
2021-04-08 02:21:46,162:INFO:Matching via sex
2021-04-08 02:21:46,163:INFO:Cohort evaluation ...
2021-04-08 02:21:46,242:INFO:Baseline holistic ...
2021-04-08 02:23:58,649:INFO:Baseline pcm ...
2021-04-08 02:23:58,649:INFO:Loading precomputed pcm ...
2021-04-08 02:23:58,784:INFO:########## Finished iteration 69 ##########
2021-04-08 02:23:58,784:INFO:########## Iteration 70 ##########
2021-04-08 02:23:58,784:INFO:Loading datasets ...
2021-04-08 02:23:59,130:INFO:Test users: ['dorn7', 'dorn11', 'dorn10', 'dorn9']
2021-04-08 02:23:59,130:INFO:Features encoded: ['subtleties_awareness', 'overwhelemed_awareness', 'stimuli_awareness', 'sex', 'clothing']
2021-04-08 02:23:59,131:INFO:Finding Cohorts ...
2021-04-08 02:23:59,131:INFO:Finding cohorts using: sex
2021-04-08 02:23:59,134:INFO:Training Cohort models ...
2021-04-08 02:27:36,232:INFO:Cohort assignation ...
2021-04-08 02:27:36,232:INFO:Matching via sex
2021-04-08 02:27:36,232:INFO:Cohort evaluation ...
2021-04-08 02:27:36,422:INFO:Baseline holistic ...
2021-04-08 02:29:48,692:INFO:Baseline pcm ...
2021-04-08 02:29:48,692:INFO:Loading precomputed pcm ...
2021-04-08 02:29:48,834:INFO:########## Finished iteration 70 ##########
2021-04-08 02:29:48,834:INFO:########## Iteration 71 ##########
2021-04-08 02:29:48,834:INFO:Loading datasets ...
2021-04-08 02:29:49,182:INFO:Test users: ['dorn4', 'dorn10', 'dorn3', 'dorn5']
2021-04-08 02:29:49,183:INFO:Features encoded: ['subtleties_awareness', 'overwhelemed_awareness', 'stimuli_awareness', 'sex', 'clothing']
2021-04-08 02:29:49,183:INFO:Finding Cohorts ...
2021-04-08 02:29:49,184:INFO:Finding cohorts using: sex
2021-04-08 02:29:49,187:INFO:Training Cohort models ...
2021-04-08 02:33:07,555:INFO:Cohort assignation ...
2021-04-08 02:33:07,555:INFO:Matching via sex
2021-04-08 02:33:07,556:INFO:Cohort evaluation ...
2021-04-08 02:33:07,757:INFO:Baseline holistic ...
2021-04-08 02:35:18,646:INFO:Baseline pcm ...
2021-04-08 02:35:18,646:INFO:Loading precomputed pcm ...
2021-04-08 02:35:18,846:INFO:########## Finished iteration 71 ##########
2021-04-08 02:35:18,846:INFO:########## Iteration 72 ##########
2021-04-08 02:35:18,847:INFO:Loading datasets ...
2021-04-08 02:35:19,192:INFO:Test users: ['dorn16', 'dorn3', 'dorn7', 'dorn14']
2021-04-08 02:35:19,192:INFO:Features encoded: ['subtleties_awareness', 'overwhelemed_awareness', 'stimuli_awareness', 'sex', 'clothing']
2021-04-08 02:35:19,192:INFO:Finding Cohorts ...
2021-04-08 02:35:19,193:INFO:Finding cohorts using: sex
2021-04-08 02:35:19,196:INFO:Training Cohort models ...
2021-04-08 02:37:48,356:INFO:Cohort assignation ...
2021-04-08 02:37:48,356:INFO:Matching via sex
2021-04-08 02:37:48,357:INFO:Cohort evaluation ...
2021-04-08 02:37:48,420:INFO:Baseline holistic ...
2021-04-08 02:40:00,781:INFO:Baseline pcm ...
2021-04-08 02:40:00,781:INFO:Loading precomputed pcm ...
2021-04-08 02:40:00,919:INFO:########## Finished iteration 72 ##########
2021-04-08 02:40:00,919:INFO:########## Iteration 73 ##########
2021-04-08 02:40:00,919:INFO:Loading datasets ...
2021-04-08 02:40:01,263:INFO:Test users: ['dorn9', 'dorn1', 'dorn15', 'dorn8']
2021-04-08 02:40:01,263:INFO:Features encoded: ['subtleties_awareness', 'overwhelemed_awareness', 'stimuli_awareness', 'sex', 'clothing']
2021-04-08 02:40:01,264:INFO:Finding Cohorts ...
2021-04-08 02:40:01,264:INFO:Finding cohorts using: sex
2021-04-08 02:40:01,266:INFO:Training Cohort models ...
2021-04-08 02:42:46,923:INFO:Cohort assignation ...
2021-04-08 02:42:46,924:INFO:Matching via sex
2021-04-08 02:42:46,924:INFO:Cohort evaluation ...
2021-04-08 02:42:47,018:INFO:Baseline holistic ...
2021-04-08 02:44:35,849:INFO:Baseline pcm ...
2021-04-08 02:44:35,849:INFO:Loading precomputed pcm ...
2021-04-08 02:44:35,984:INFO:########## Finished iteration 73 ##########
2021-04-08 02:44:35,984:INFO:########## Iteration 74 ##########
2021-04-08 02:44:35,984:INFO:Loading datasets ...
2021-04-08 02:44:36,319:INFO:Test users: ['dorn9', 'dorn19', 'dorn8', 'dorn14']
2021-04-08 02:44:36,319:INFO:Features encoded: ['subtleties_awareness', 'overwhelemed_awareness', 'stimuli_awareness', 'sex', 'clothing']
2021-04-08 02:44:36,319:INFO:Finding Cohorts ...
2021-04-08 02:44:36,320:INFO:Finding cohorts using: sex
2021-04-08 02:44:36,322:INFO:Training Cohort models ...
2021-04-08 02:47:20,209:INFO:Cohort assignation ...
2021-04-08 02:47:20,209:INFO:Matching via sex
2021-04-08 02:47:20,210:INFO:Cohort evaluation ...
2021-04-08 02:47:20,302:INFO:Baseline holistic ...
2021-04-08 02:49:30,837:INFO:Baseline pcm ...
2021-04-08 02:49:30,837:INFO:Loading precomputed pcm ...
2021-04-08 02:49:30,969:INFO:########## Finished iteration 74 ##########
2021-04-08 02:49:30,970:INFO:########## Iteration 75 ##########
2021-04-08 02:49:30,970:INFO:Loading datasets ...
2021-04-08 02:49:31,305:INFO:Test users: ['dorn13', 'dorn20', 'dorn4', 'dorn18']
2021-04-08 02:49:31,305:INFO:Features encoded: ['subtleties_awareness', 'overwhelemed_awareness', 'stimuli_awareness', 'sex', 'clothing']
2021-04-08 02:49:31,305:INFO:Finding Cohorts ...
2021-04-08 02:49:31,306:INFO:Finding cohorts using: sex
2021-04-08 02:49:31,308:INFO:Training Cohort models ...
2021-04-08 02:51:58,040:INFO:Cohort assignation ...
2021-04-08 02:51:58,040:INFO:Matching via sex
2021-04-08 02:51:58,041:INFO:Cohort evaluation ...
2021-04-08 02:51:58,103:INFO:Baseline holistic ...
2021-04-08 02:54:29,076:INFO:Baseline pcm ...
2021-04-08 02:54:29,076:INFO:Loading precomputed pcm ...
2021-04-08 02:54:29,209:INFO:########## Finished iteration 75 ##########
2021-04-08 02:54:29,210:INFO:########## Iteration 76 ##########
2021-04-08 02:54:29,210:INFO:Loading datasets ...
2021-04-08 02:54:29,544:INFO:Test users: ['dorn12', 'dorn20', 'dorn14', 'dorn13']
2021-04-08 02:54:29,545:INFO:Features encoded: ['subtleties_awareness', 'overwhelemed_awareness', 'stimuli_awareness', 'sex', 'clothing']
2021-04-08 02:54:29,545:INFO:Finding Cohorts ...
2021-04-08 02:54:29,545:INFO:Finding cohorts using: sex
2021-04-08 02:54:29,547:INFO:Training Cohort models ...
2021-04-08 02:57:28,495:INFO:Cohort assignation ...
2021-04-08 02:57:28,495:INFO:Matching via sex
2021-04-08 02:57:28,496:INFO:Cohort evaluation ...
2021-04-08 02:57:28,586:INFO:Baseline holistic ...
2021-04-08 02:59:16,596:INFO:Baseline pcm ...
2021-04-08 02:59:16,597:INFO:Loading precomputed pcm ...
2021-04-08 02:59:16,728:INFO:########## Finished iteration 76 ##########
2021-04-08 02:59:16,728:INFO:########## Iteration 77 ##########
2021-04-08 02:59:16,728:INFO:Loading datasets ...
2021-04-08 02:59:17,064:INFO:Test users: ['dorn1', 'dorn6', 'dorn16', 'dorn4']
2021-04-08 02:59:17,064:INFO:Features encoded: ['subtleties_awareness', 'overwhelemed_awareness', 'stimuli_awareness', 'sex', 'clothing']
2021-04-08 02:59:17,064:INFO:Finding Cohorts ...
2021-04-08 02:59:17,065:INFO:Finding cohorts using: sex
2021-04-08 02:59:17,067:INFO:Training Cohort models ...
2021-04-08 03:02:00,876:INFO:Cohort assignation ...
2021-04-08 03:02:00,876:INFO:Matching via sex
2021-04-08 03:02:00,877:INFO:Cohort evaluation ...
2021-04-08 03:02:00,970:INFO:Baseline holistic ...
2021-04-08 03:03:50,074:INFO:Baseline pcm ...
2021-04-08 03:03:50,074:INFO:Loading precomputed pcm ...
2021-04-08 03:03:50,207:INFO:########## Finished iteration 77 ##########
2021-04-08 03:03:50,207:INFO:########## Iteration 78 ##########
2021-04-08 03:03:50,207:INFO:Loading datasets ...
2021-04-08 03:03:50,540:INFO:Test users: ['dorn11', 'dorn20', 'dorn3', 'dorn7']
2021-04-08 03:03:50,540:INFO:Features encoded: ['subtleties_awareness', 'overwhelemed_awareness', 'stimuli_awareness', 'sex', 'clothing']
2021-04-08 03:03:50,540:INFO:Finding Cohorts ...
2021-04-08 03:03:50,541:INFO:Finding cohorts using: sex
2021-04-08 03:03:50,543:INFO:Training Cohort models ...
2021-04-08 03:07:05,475:INFO:Cohort assignation ...
2021-04-08 03:07:05,475:INFO:Matching via sex
2021-04-08 03:07:05,475:INFO:Cohort evaluation ...
2021-04-08 03:07:05,646:INFO:Baseline holistic ...
2021-04-08 03:09:13,511:INFO:Baseline pcm ...
2021-04-08 03:09:13,511:INFO:Loading precomputed pcm ...
2021-04-08 03:09:13,644:INFO:########## Finished iteration 78 ##########
2021-04-08 03:09:13,645:INFO:########## Iteration 79 ##########
2021-04-08 03:09:13,645:INFO:Loading datasets ...
2021-04-08 03:09:13,980:INFO:Test users: ['dorn6', 'dorn10', 'dorn8', 'dorn16']
2021-04-08 03:09:13,980:INFO:Features encoded: ['subtleties_awareness', 'overwhelemed_awareness', 'stimuli_awareness', 'sex', 'clothing']
2021-04-08 03:09:13,980:INFO:Finding Cohorts ...
2021-04-08 03:09:13,981:INFO:Finding cohorts using: sex
2021-04-08 03:09:13,984:INFO:Training Cohort models ...
2021-04-08 03:12:00,587:INFO:Cohort assignation ...
2021-04-08 03:12:00,587:INFO:Matching via sex
2021-04-08 03:12:00,587:INFO:Cohort evaluation ...
2021-04-08 03:12:00,697:INFO:Baseline holistic ...
2021-04-08 03:14:34,401:INFO:Baseline pcm ...
2021-04-08 03:14:34,401:INFO:Loading precomputed pcm ...
2021-04-08 03:14:34,535:INFO:########## Finished iteration 79 ##########
2021-04-08 03:14:34,535:INFO:########## Iteration 80 ##########
2021-04-08 03:14:34,535:INFO:Loading datasets ...
2021-04-08 03:14:34,872:INFO:Test users: ['dorn9', 'dorn11', 'dorn10', 'dorn8']
2021-04-08 03:14:34,873:INFO:Features encoded: ['subtleties_awareness', 'overwhelemed_awareness', 'stimuli_awareness', 'sex', 'clothing']
2021-04-08 03:14:34,873:INFO:Finding Cohorts ...
2021-04-08 03:14:34,873:INFO:Finding cohorts using: sex
2021-04-08 03:14:34,875:INFO:Training Cohort models ...
2021-04-08 03:17:35,852:INFO:Cohort assignation ...
2021-04-08 03:17:35,852:INFO:Matching via sex
2021-04-08 03:17:35,853:INFO:Cohort evaluation ...
2021-04-08 03:17:35,977:INFO:Baseline holistic ...
2021-04-08 03:19:46,700:INFO:Baseline pcm ...
2021-04-08 03:19:46,700:INFO:Loading precomputed pcm ...
2021-04-08 03:19:46,834:INFO:########## Finished iteration 80 ##########
2021-04-08 03:19:46,834:INFO:########## Iteration 81 ##########
2021-04-08 03:19:46,834:INFO:Loading datasets ...
2021-04-08 03:19:47,167:INFO:Test users: ['dorn2', 'dorn1', 'dorn6', 'dorn12']
2021-04-08 03:19:47,167:INFO:Features encoded: ['subtleties_awareness', 'overwhelemed_awareness', 'stimuli_awareness', 'sex', 'clothing']
2021-04-08 03:19:47,168:INFO:Finding Cohorts ...
2021-04-08 03:19:47,169:INFO:Finding cohorts using: sex
2021-04-08 03:19:47,171:INFO:Training Cohort models ...
2021-04-08 03:22:32,455:INFO:Cohort assignation ...
2021-04-08 03:22:32,455:INFO:Matching via sex
2021-04-08 03:22:32,455:INFO:Cohort evaluation ...
2021-04-08 03:22:32,581:INFO:Baseline holistic ...
2021-04-08 03:24:21,387:INFO:Baseline pcm ...
2021-04-08 03:24:21,387:INFO:Loading precomputed pcm ...
2021-04-08 03:24:21,519:INFO:########## Finished iteration 81 ##########
2021-04-08 03:24:21,519:INFO:########## Iteration 82 ##########
2021-04-08 03:24:21,519:INFO:Loading datasets ...
2021-04-08 03:24:21,857:INFO:Test users: ['dorn1', 'dorn19', 'dorn2', 'dorn17']
2021-04-08 03:24:21,857:INFO:Features encoded: ['subtleties_awareness', 'overwhelemed_awareness', 'stimuli_awareness', 'sex', 'clothing']
2021-04-08 03:24:21,857:INFO:Finding Cohorts ...
2021-04-08 03:24:21,858:INFO:Finding cohorts using: sex
2021-04-08 03:24:21,860:INFO:Training Cohort models ...
2021-04-08 03:27:04,404:INFO:Cohort assignation ...
2021-04-08 03:27:04,404:INFO:Matching via sex
2021-04-08 03:27:04,405:INFO:Cohort evaluation ...
2021-04-08 03:27:04,497:INFO:Baseline holistic ...
2021-04-08 03:29:36,195:INFO:Baseline pcm ...
2021-04-08 03:29:36,195:INFO:Loading precomputed pcm ...
2021-04-08 03:29:36,329:INFO:########## Finished iteration 82 ##########
2021-04-08 03:29:36,329:INFO:########## Iteration 83 ##########
2021-04-08 03:29:36,329:INFO:Loading datasets ...
2021-04-08 03:29:36,665:INFO:Test users: ['dorn5', 'dorn15', 'dorn10', 'dorn7']
2021-04-08 03:29:36,665:INFO:Features encoded: ['subtleties_awareness', 'overwhelemed_awareness', 'stimuli_awareness', 'sex', 'clothing']
2021-04-08 03:29:36,665:INFO:Finding Cohorts ...
2021-04-08 03:29:36,666:INFO:Finding cohorts using: sex
2021-04-08 03:29:36,668:INFO:Training Cohort models ...
2021-04-08 03:32:35,510:INFO:Cohort assignation ...
2021-04-08 03:32:35,510:INFO:Matching via sex
2021-04-08 03:32:35,511:INFO:Cohort evaluation ...
2021-04-08 03:32:35,637:INFO:Baseline holistic ...
2021-04-08 03:34:22,289:INFO:Baseline pcm ...
2021-04-08 03:34:22,289:INFO:Loading precomputed pcm ...
2021-04-08 03:34:22,421:INFO:########## Finished iteration 83 ##########
2021-04-08 03:34:22,421:INFO:########## Iteration 84 ##########
2021-04-08 03:34:22,421:INFO:Loading datasets ...
2021-04-08 03:34:22,753:INFO:Test users: ['dorn18', 'dorn8', 'dorn19', 'dorn6']
2021-04-08 03:34:22,754:INFO:Features encoded: ['subtleties_awareness', 'overwhelemed_awareness', 'stimuli_awareness', 'sex', 'clothing']
2021-04-08 03:34:22,754:INFO:Finding Cohorts ...
2021-04-08 03:34:22,755:INFO:Finding cohorts using: sex
2021-04-08 03:34:22,757:INFO:Training Cohort models ...
2021-04-08 03:37:20,804:INFO:Cohort assignation ...
2021-04-08 03:37:20,805:INFO:Matching via sex
2021-04-08 03:37:20,805:INFO:Cohort evaluation ...
2021-04-08 03:37:20,927:INFO:Baseline holistic ...
2021-04-08 03:39:08,082:INFO:Baseline pcm ...
2021-04-08 03:39:08,082:INFO:Loading precomputed pcm ...
2021-04-08 03:39:08,221:INFO:########## Finished iteration 84 ##########
2021-04-08 03:39:08,221:INFO:########## Iteration 85 ##########
2021-04-08 03:39:08,221:INFO:Loading datasets ...
2021-04-08 03:39:08,557:INFO:Test users: ['dorn20', 'dorn18', 'dorn13', 'dorn3']
2021-04-08 03:39:08,557:INFO:Features encoded: ['subtleties_awareness', 'overwhelemed_awareness', 'stimuli_awareness', 'sex', 'clothing']
2021-04-08 03:39:08,557:INFO:Finding Cohorts ...
2021-04-08 03:39:08,558:INFO:Finding cohorts using: sex
2021-04-08 03:39:08,560:INFO:Training Cohort models ...
2021-04-08 03:42:06,539:INFO:Cohort assignation ...
2021-04-08 03:42:06,539:INFO:Matching via sex
2021-04-08 03:42:06,540:INFO:Cohort evaluation ...
2021-04-08 03:42:06,662:INFO:Baseline holistic ...
2021-04-08 03:44:37,444:INFO:Baseline pcm ...
2021-04-08 03:44:37,444:INFO:Loading precomputed pcm ...
2021-04-08 03:44:37,576:INFO:########## Finished iteration 85 ##########
2021-04-08 03:44:37,577:INFO:########## Iteration 86 ##########
2021-04-08 03:44:37,577:INFO:Loading datasets ...
2021-04-08 03:44:37,910:INFO:Test users: ['dorn1', 'dorn2', 'dorn9', 'dorn4']
2021-04-08 03:44:37,910:INFO:Features encoded: ['subtleties_awareness', 'overwhelemed_awareness', 'stimuli_awareness', 'sex', 'clothing']
2021-04-08 03:44:37,911:INFO:Finding Cohorts ...
2021-04-08 03:44:37,911:INFO:Finding cohorts using: sex
2021-04-08 03:44:37,914:INFO:Training Cohort models ...
2021-04-08 03:47:21,351:INFO:Cohort assignation ...
2021-04-08 03:47:21,351:INFO:Matching via sex
2021-04-08 03:47:21,351:INFO:Cohort evaluation ...
2021-04-08 03:47:21,444:INFO:Baseline holistic ...
2021-04-08 03:49:54,885:INFO:Baseline pcm ...
2021-04-08 03:49:54,885:INFO:Loading precomputed pcm ...
2021-04-08 03:49:55,017:INFO:########## Finished iteration 86 ##########
2021-04-08 03:49:55,017:INFO:########## Iteration 87 ##########
2021-04-08 03:49:55,017:INFO:Loading datasets ...
2021-04-08 03:49:55,356:INFO:Test users: ['dorn13', 'dorn11', 'dorn18', 'dorn9']
2021-04-08 03:49:55,356:INFO:Features encoded: ['subtleties_awareness', 'overwhelemed_awareness', 'stimuli_awareness', 'sex', 'clothing']
2021-04-08 03:49:55,356:INFO:Finding Cohorts ...
2021-04-08 03:49:55,357:INFO:Finding cohorts using: sex
2021-04-08 03:49:55,359:INFO:Training Cohort models ...
2021-04-08 03:53:12,215:INFO:Cohort assignation ...
2021-04-08 03:53:12,215:INFO:Matching via sex
2021-04-08 03:53:12,216:INFO:Cohort evaluation ...
2021-04-08 03:53:12,387:INFO:Baseline holistic ...
2021-04-08 03:55:43,581:INFO:Baseline pcm ...
2021-04-08 03:55:43,581:INFO:Loading precomputed pcm ...
2021-04-08 03:55:43,715:INFO:########## Finished iteration 87 ##########
2021-04-08 03:55:43,715:INFO:########## Iteration 88 ##########
2021-04-08 03:55:43,715:INFO:Loading datasets ...
2021-04-08 03:55:44,049:INFO:Test users: ['dorn9', 'dorn8', 'dorn15', 'dorn6']
2021-04-08 03:55:44,049:INFO:Features encoded: ['subtleties_awareness', 'overwhelemed_awareness', 'stimuli_awareness', 'sex', 'clothing']
2021-04-08 03:55:44,049:INFO:Finding Cohorts ...
2021-04-08 03:55:44,050:INFO:Finding cohorts using: sex
2021-04-08 03:55:44,053:INFO:Training Cohort models ...
2021-04-08 03:59:00,195:INFO:Cohort assignation ...
2021-04-08 03:59:00,195:INFO:Matching via sex
2021-04-08 03:59:00,196:INFO:Cohort evaluation ...
2021-04-08 03:59:00,349:INFO:Baseline holistic ...
2021-04-08 04:01:32,134:INFO:Baseline pcm ...
2021-04-08 04:01:32,134:INFO:Loading precomputed pcm ...
2021-04-08 04:01:32,269:INFO:########## Finished iteration 88 ##########
2021-04-08 04:01:32,269:INFO:########## Iteration 89 ##########
2021-04-08 04:01:32,269:INFO:Loading datasets ...
2021-04-08 04:01:32,604:INFO:Test users: ['dorn14', 'dorn3', 'dorn8', 'dorn6']
2021-04-08 04:01:32,604:INFO:Features encoded: ['subtleties_awareness', 'overwhelemed_awareness', 'stimuli_awareness', 'sex', 'clothing']
2021-04-08 04:01:32,604:INFO:Finding Cohorts ...
2021-04-08 04:01:32,605:INFO:Finding cohorts using: sex
2021-04-08 04:01:32,608:INFO:Training Cohort models ...
2021-04-08 04:03:59,533:INFO:Cohort assignation ...
2021-04-08 04:03:59,533:INFO:Matching via sex
2021-04-08 04:03:59,534:INFO:Cohort evaluation ...
2021-04-08 04:03:59,595:INFO:Baseline holistic ...
2021-04-08 04:06:10,027:INFO:Baseline pcm ...
2021-04-08 04:06:10,027:INFO:Loading precomputed pcm ...
2021-04-08 04:06:10,160:INFO:########## Finished iteration 89 ##########
2021-04-08 04:06:10,160:INFO:########## Iteration 90 ##########
2021-04-08 04:06:10,160:INFO:Loading datasets ...
2021-04-08 04:06:10,493:INFO:Test users: ['dorn17', 'dorn5', 'dorn18', 'dorn8']
2021-04-08 04:06:10,494:INFO:Features encoded: ['subtleties_awareness', 'overwhelemed_awareness', 'stimuli_awareness', 'sex', 'clothing']
2021-04-08 04:06:10,494:INFO:Finding Cohorts ...
2021-04-08 04:06:10,494:INFO:Finding cohorts using: sex
2021-04-08 04:06:10,496:INFO:Training Cohort models ...
2021-04-08 04:09:08,755:INFO:Cohort assignation ...
2021-04-08 04:09:08,755:INFO:Matching via sex
2021-04-08 04:09:08,756:INFO:Cohort evaluation ...
2021-04-08 04:09:08,878:INFO:Baseline holistic ...
2021-04-08 04:11:38,072:INFO:Baseline pcm ...
2021-04-08 04:11:38,072:INFO:Loading precomputed pcm ...
2021-04-08 04:11:38,266:INFO:########## Finished iteration 90 ##########
2021-04-08 04:11:38,266:INFO:########## Iteration 91 ##########
2021-04-08 04:11:38,267:INFO:Loading datasets ...
2021-04-08 04:11:38,600:INFO:Test users: ['dorn11', 'dorn12', 'dorn19', 'dorn2']
2021-04-08 04:11:38,600:INFO:Features encoded: ['subtleties_awareness', 'overwhelemed_awareness', 'stimuli_awareness', 'sex', 'clothing']
2021-04-08 04:11:38,600:INFO:Finding Cohorts ...
2021-04-08 04:11:38,601:INFO:Finding cohorts using: sex
2021-04-08 04:11:38,603:INFO:Training Cohort models ...
2021-04-08 04:14:37,412:INFO:Cohort assignation ...
2021-04-08 04:14:37,412:INFO:Matching via sex
2021-04-08 04:14:37,413:INFO:Cohort evaluation ...
2021-04-08 04:14:37,535:INFO:Baseline holistic ...
2021-04-08 04:17:07,860:INFO:Baseline pcm ...
2021-04-08 04:17:07,860:INFO:Loading precomputed pcm ...
2021-04-08 04:17:08,053:INFO:########## Finished iteration 91 ##########
2021-04-08 04:17:08,053:INFO:########## Iteration 92 ##########
2021-04-08 04:17:08,053:INFO:Loading datasets ...
2021-04-08 04:17:08,388:INFO:Test users: ['dorn20', 'dorn2', 'dorn6', 'dorn10']
2021-04-08 04:17:08,389:INFO:Features encoded: ['subtleties_awareness', 'overwhelemed_awareness', 'stimuli_awareness', 'sex', 'clothing']
2021-04-08 04:17:08,389:INFO:Finding Cohorts ...
2021-04-08 04:17:08,390:INFO:Finding cohorts using: sex
2021-04-08 04:17:08,392:INFO:Training Cohort models ...
2021-04-08 04:19:36,822:INFO:Cohort assignation ...
2021-04-08 04:19:36,822:INFO:Matching via sex
2021-04-08 04:19:36,823:INFO:Cohort evaluation ...
2021-04-08 04:19:36,885:INFO:Baseline holistic ...
2021-04-08 04:21:23,152:INFO:Baseline pcm ...
2021-04-08 04:21:23,152:INFO:Loading precomputed pcm ...
2021-04-08 04:21:23,280:INFO:########## Finished iteration 92 ##########
2021-04-08 04:21:23,280:INFO:########## Iteration 93 ##########
2021-04-08 04:21:23,280:INFO:Loading datasets ...
2021-04-08 04:21:23,603:INFO:Test users: ['dorn19', 'dorn10', 'dorn4', 'dorn8']
2021-04-08 04:21:23,603:INFO:Features encoded: ['subtleties_awareness', 'overwhelemed_awareness', 'stimuli_awareness', 'sex', 'clothing']
2021-04-08 04:21:23,603:INFO:Finding Cohorts ...
2021-04-08 04:21:23,603:INFO:Finding cohorts using: sex
2021-04-08 04:21:23,605:INFO:Training Cohort models ...
2021-04-08 04:23:45,888:INFO:Cohort assignation ...
2021-04-08 04:23:45,888:INFO:Matching via sex
2021-04-08 04:23:45,889:INFO:Cohort evaluation ...
2021-04-08 04:23:45,949:INFO:Baseline holistic ...
2021-04-08 04:25:50,467:INFO:Baseline pcm ...
2021-04-08 04:25:50,467:INFO:Loading precomputed pcm ...
2021-04-08 04:25:50,596:INFO:########## Finished iteration 93 ##########
2021-04-08 04:25:50,596:INFO:########## Iteration 94 ##########
2021-04-08 04:25:50,596:INFO:Loading datasets ...
2021-04-08 04:25:50,918:INFO:Test users: ['dorn4', 'dorn7', 'dorn17', 'dorn11']
2021-04-08 04:25:50,918:INFO:Features encoded: ['subtleties_awareness', 'overwhelemed_awareness', 'stimuli_awareness', 'sex', 'clothing']
2021-04-08 04:25:50,919:INFO:Finding Cohorts ...
2021-04-08 04:25:50,919:INFO:Finding cohorts using: sex
2021-04-08 04:25:50,921:INFO:Training Cohort models ...
2021-04-08 04:28:47,353:INFO:Cohort assignation ...
2021-04-08 04:28:47,353:INFO:Matching via sex
2021-04-08 04:28:47,354:INFO:Cohort evaluation ...
2021-04-08 04:28:47,532:INFO:Baseline holistic ...
2021-04-08 04:30:31,810:INFO:Baseline pcm ...
2021-04-08 04:30:31,810:INFO:Loading precomputed pcm ...
2021-04-08 04:30:31,939:INFO:########## Finished iteration 94 ##########
2021-04-08 04:30:31,939:INFO:########## Iteration 95 ##########
2021-04-08 04:30:31,939:INFO:Loading datasets ...
2021-04-08 04:30:32,261:INFO:Test users: ['dorn20', 'dorn9', 'dorn15', 'dorn2']
2021-04-08 04:30:32,261:INFO:Features encoded: ['subtleties_awareness', 'overwhelemed_awareness', 'stimuli_awareness', 'sex', 'clothing']
2021-04-08 04:30:32,261:INFO:Finding Cohorts ...
2021-04-08 04:30:32,262:INFO:Finding cohorts using: sex
2021-04-08 04:30:32,264:INFO:Training Cohort models ...
2021-04-08 04:33:43,369:INFO:Cohort assignation ...
2021-04-08 04:33:43,369:INFO:Matching via sex
2021-04-08 04:33:43,370:INFO:Cohort evaluation ...
2021-04-08 04:33:43,502:INFO:Baseline holistic ...
2021-04-08 04:36:11,271:INFO:Baseline pcm ...
2021-04-08 04:36:11,271:INFO:Loading precomputed pcm ...
2021-04-08 04:36:11,400:INFO:########## Finished iteration 95 ##########
2021-04-08 04:36:11,400:INFO:########## Iteration 96 ##########
2021-04-08 04:36:11,400:INFO:Loading datasets ...
2021-04-08 04:36:11,722:INFO:Test users: ['dorn18', 'dorn7', 'dorn5', 'dorn13']
2021-04-08 04:36:11,722:INFO:Features encoded: ['subtleties_awareness', 'overwhelemed_awareness', 'stimuli_awareness', 'sex', 'clothing']
2021-04-08 04:36:11,722:INFO:Finding Cohorts ...
2021-04-08 04:36:11,723:INFO:Finding cohorts using: sex
2021-04-08 04:36:11,725:INFO:Training Cohort models ...
2021-04-08 04:39:19,439:INFO:Cohort assignation ...
2021-04-08 04:39:19,439:INFO:Matching via sex
2021-04-08 04:39:19,440:INFO:Cohort evaluation ...
2021-04-08 04:39:19,591:INFO:Baseline holistic ...
2021-04-08 04:41:22,658:INFO:Baseline pcm ...
2021-04-08 04:41:22,658:INFO:Loading precomputed pcm ...
2021-04-08 04:41:22,846:INFO:########## Finished iteration 96 ##########
2021-04-08 04:41:22,846:INFO:########## Iteration 97 ##########
2021-04-08 04:41:22,846:INFO:Loading datasets ...
2021-04-08 04:41:23,168:INFO:Test users: ['dorn3', 'dorn5', 'dorn6', 'dorn11']
2021-04-08 04:41:23,168:INFO:Features encoded: ['subtleties_awareness', 'overwhelemed_awareness', 'stimuli_awareness', 'sex', 'clothing']
2021-04-08 04:41:23,168:INFO:Finding Cohorts ...
2021-04-08 04:41:23,169:INFO:Finding cohorts using: sex
2021-04-08 04:41:23,172:INFO:Training Cohort models ...
2021-04-08 04:44:17,986:INFO:Cohort assignation ...
2021-04-08 04:44:17,986:INFO:Matching via sex
2021-04-08 04:44:17,987:INFO:Cohort evaluation ...
2021-04-08 04:44:18,137:INFO:Baseline holistic ...
2021-04-08 04:46:01,477:INFO:Baseline pcm ...
2021-04-08 04:46:01,477:INFO:Loading precomputed pcm ...
2021-04-08 04:46:01,611:INFO:########## Finished iteration 97 ##########
2021-04-08 04:46:01,611:INFO:########## Iteration 98 ##########
2021-04-08 04:46:01,611:INFO:Loading datasets ...
2021-04-08 04:46:01,932:INFO:Test users: ['dorn2', 'dorn9', 'dorn1', 'dorn10']
2021-04-08 04:46:01,932:INFO:Features encoded: ['subtleties_awareness', 'overwhelemed_awareness', 'stimuli_awareness', 'sex', 'clothing']
2021-04-08 04:46:01,932:INFO:Finding Cohorts ...
2021-04-08 04:46:01,933:INFO:Finding cohorts using: sex
2021-04-08 04:46:01,935:INFO:Training Cohort models ...
2021-04-08 04:49:16,031:INFO:Cohort assignation ...
2021-04-08 04:49:16,031:INFO:Matching via sex
2021-04-08 04:49:16,032:INFO:Cohort evaluation ...
2021-04-08 04:49:16,199:INFO:Baseline holistic ...
2021-04-08 04:51:02,057:INFO:Baseline pcm ...
2021-04-08 04:51:02,057:INFO:Loading precomputed pcm ...
2021-04-08 04:51:02,185:INFO:########## Finished iteration 98 ##########
2021-04-08 04:51:02,186:INFO:########## Iteration 99 ##########
2021-04-08 04:51:02,186:INFO:Loading datasets ...
2021-04-08 04:51:02,508:INFO:Test users: ['dorn1', 'dorn9', 'dorn11', 'dorn8']
2021-04-08 04:51:02,508:INFO:Features encoded: ['subtleties_awareness', 'overwhelemed_awareness', 'stimuli_awareness', 'sex', 'clothing']
2021-04-08 04:51:02,508:INFO:Finding Cohorts ...
2021-04-08 04:51:02,509:INFO:Finding cohorts using: sex
2021-04-08 04:51:02,511:INFO:Training Cohort models ...
2021-04-08 04:54:29,099:INFO:Cohort assignation ...
2021-04-08 04:54:29,099:INFO:Matching via sex
2021-04-08 04:54:29,099:INFO:Cohort evaluation ...
2021-04-08 04:54:29,279:INFO:Baseline holistic ...
2021-04-08 04:56:35,212:INFO:Baseline pcm ...
2021-04-08 04:56:35,212:INFO:Loading precomputed pcm ...
2021-04-08 04:56:35,341:INFO:########## Finished iteration 99 ##########
