2021-04-06 19:47:28,373:INFO:########## Iteration 0 ##########
2021-04-06 19:47:28,373:INFO:Loading datasets ...
2021-04-06 19:47:28,624:WARNING:
DeepCTR-PyTorch version 0.2.6 detected. Your version is 0.2.3.
Use `pip install -U deepctr-torch` to upgrade.Changelog: https://github.com/shenweichen/DeepCTR-Torch/releases/tag/v0.2.6
2021-04-06 19:47:28,709:INFO:Test users: ['dorn16', 'dorn20', 'dorn9', 'dorn7']
2021-04-06 19:47:28,709:INFO:Features encoded: ['subtleties_awareness', 'overwhelemed_awareness', 'stimuli_awareness', 'sex', 'clothing']
2021-04-06 19:47:28,709:INFO:Finding Cohorts ...
2021-04-06 19:47:28,709:INFO:Finding cohorts using: sex
2021-04-06 19:47:28,711:INFO:Training Cohort models ...
2021-04-06 19:49:53,729:INFO:Cohort assignation ...
2021-04-06 19:49:53,729:INFO:Matching via sex
2021-04-06 19:49:53,730:INFO:Cohort evaluation ...
2021-04-06 19:49:53,792:INFO:Baseline holistic ...
2021-04-06 19:52:01,017:INFO:Baseline pcm ...
2021-04-06 19:52:01,017:INFO:Loading precomputed pcm ...
2021-04-06 19:52:01,154:INFO:########## Finished iteration 0 ##########
2021-04-06 19:52:01,154:INFO:########## Iteration 1 ##########
2021-04-06 19:52:01,154:INFO:Loading datasets ...
2021-04-06 19:52:01,488:INFO:Test users: ['dorn16', 'dorn6', 'dorn14', 'dorn20']
2021-04-06 19:52:01,488:INFO:Features encoded: ['subtleties_awareness', 'overwhelemed_awareness', 'stimuli_awareness', 'sex', 'clothing']
2021-04-06 19:52:01,488:INFO:Finding Cohorts ...
2021-04-06 19:52:01,488:INFO:Finding cohorts using: sex
2021-04-06 19:52:01,490:INFO:Training Cohort models ...
2021-04-06 19:55:02,613:INFO:Cohort assignation ...
2021-04-06 19:55:02,613:INFO:Matching via sex
2021-04-06 19:55:02,614:INFO:Cohort evaluation ...
2021-04-06 19:55:02,738:INFO:Baseline holistic ...
2021-04-06 19:57:34,633:INFO:Baseline pcm ...
2021-04-06 19:57:34,633:INFO:Loading precomputed pcm ...
2021-04-06 19:57:34,761:INFO:########## Finished iteration 1 ##########
2021-04-06 19:57:34,762:INFO:########## Iteration 2 ##########
2021-04-06 19:57:34,762:INFO:Loading datasets ...
2021-04-06 19:57:35,096:INFO:Test users: ['dorn16', 'dorn6', 'dorn12', 'dorn3']
2021-04-06 19:57:35,096:INFO:Features encoded: ['subtleties_awareness', 'overwhelemed_awareness', 'stimuli_awareness', 'sex', 'clothing']
2021-04-06 19:57:35,096:INFO:Finding Cohorts ...
2021-04-06 19:57:35,097:INFO:Finding cohorts using: sex
2021-04-06 19:57:35,099:INFO:Training Cohort models ...
2021-04-06 20:01:08,053:INFO:Cohort assignation ...
2021-04-06 20:01:08,053:INFO:Matching via sex
2021-04-06 20:01:08,054:INFO:Cohort evaluation ...
2021-04-06 20:01:08,237:INFO:Baseline holistic ...
2021-04-06 20:03:17,846:INFO:Baseline pcm ...
2021-04-06 20:03:17,846:INFO:Loading precomputed pcm ...
2021-04-06 20:03:17,977:INFO:########## Finished iteration 2 ##########
2021-04-06 20:03:17,977:INFO:########## Iteration 3 ##########
2021-04-06 20:03:17,977:INFO:Loading datasets ...
2021-04-06 20:03:18,309:INFO:Test users: ['dorn7', 'dorn18', 'dorn1', 'dorn12']
2021-04-06 20:03:18,309:INFO:Features encoded: ['subtleties_awareness', 'overwhelemed_awareness', 'stimuli_awareness', 'sex', 'clothing']
2021-04-06 20:03:18,310:INFO:Finding Cohorts ...
2021-04-06 20:03:18,311:INFO:Finding cohorts using: sex
2021-04-06 20:03:18,313:INFO:Training Cohort models ...
2021-04-06 20:05:59,806:INFO:Cohort assignation ...
2021-04-06 20:05:59,807:INFO:Matching via sex
2021-04-06 20:05:59,807:INFO:Cohort evaluation ...
2021-04-06 20:05:59,900:INFO:Baseline holistic ...
2021-04-06 20:07:46,180:INFO:Baseline pcm ...
2021-04-06 20:07:46,180:INFO:Loading precomputed pcm ...
2021-04-06 20:07:46,309:INFO:########## Finished iteration 3 ##########
2021-04-06 20:07:46,309:INFO:########## Iteration 4 ##########
2021-04-06 20:07:46,309:INFO:Loading datasets ...
2021-04-06 20:07:46,641:INFO:Test users: ['dorn8', 'dorn20', 'dorn2', 'dorn15']
2021-04-06 20:07:46,641:INFO:Features encoded: ['subtleties_awareness', 'overwhelemed_awareness', 'stimuli_awareness', 'sex', 'clothing']
2021-04-06 20:07:46,642:INFO:Finding Cohorts ...
2021-04-06 20:07:46,643:INFO:Finding cohorts using: sex
2021-04-06 20:07:46,645:INFO:Training Cohort models ...
2021-04-06 20:10:12,408:INFO:Cohort assignation ...
2021-04-06 20:10:12,408:INFO:Matching via sex
2021-04-06 20:10:12,409:INFO:Cohort evaluation ...
2021-04-06 20:10:12,470:INFO:Baseline holistic ...
2021-04-06 20:12:43,913:INFO:Baseline pcm ...
2021-04-06 20:12:43,913:INFO:Loading precomputed pcm ...
2021-04-06 20:12:44,044:INFO:########## Finished iteration 4 ##########
2021-04-06 20:12:44,044:INFO:########## Iteration 5 ##########
2021-04-06 20:12:44,044:INFO:Loading datasets ...
2021-04-06 20:12:44,375:INFO:Test users: ['dorn12', 'dorn19', 'dorn7', 'dorn3']
2021-04-06 20:12:44,376:INFO:Features encoded: ['subtleties_awareness', 'overwhelemed_awareness', 'stimuli_awareness', 'sex', 'clothing']
2021-04-06 20:12:44,376:INFO:Finding Cohorts ...
2021-04-06 20:12:44,376:INFO:Finding cohorts using: sex
2021-04-06 20:12:44,378:INFO:Training Cohort models ...
2021-04-06 20:15:25,322:INFO:Cohort assignation ...
2021-04-06 20:15:25,322:INFO:Matching via sex
2021-04-06 20:15:25,323:INFO:Cohort evaluation ...
2021-04-06 20:15:25,414:INFO:Baseline holistic ...
2021-04-06 20:17:54,603:INFO:Baseline pcm ...
2021-04-06 20:17:54,603:INFO:Loading precomputed pcm ...
2021-04-06 20:17:54,731:INFO:########## Finished iteration 5 ##########
2021-04-06 20:17:54,731:INFO:########## Iteration 6 ##########
2021-04-06 20:17:54,732:INFO:Loading datasets ...
2021-04-06 20:17:55,066:INFO:Test users: ['dorn17', 'dorn1', 'dorn3', 'dorn9']
2021-04-06 20:17:55,067:INFO:Features encoded: ['subtleties_awareness', 'overwhelemed_awareness', 'stimuli_awareness', 'sex', 'clothing']
2021-04-06 20:17:55,067:INFO:Finding Cohorts ...
2021-04-06 20:17:55,067:INFO:Finding cohorts using: sex
2021-04-06 20:17:55,070:INFO:Training Cohort models ...
2021-04-06 20:20:53,310:INFO:Cohort assignation ...
2021-04-06 20:20:53,310:INFO:Matching via sex
2021-04-06 20:20:53,311:INFO:Cohort evaluation ...
2021-04-06 20:20:53,434:INFO:Baseline holistic ...
2021-04-06 20:23:23,641:INFO:Baseline pcm ...
2021-04-06 20:23:23,641:INFO:Loading precomputed pcm ...
2021-04-06 20:23:23,833:INFO:########## Finished iteration 6 ##########
2021-04-06 20:23:23,833:INFO:########## Iteration 7 ##########
2021-04-06 20:23:23,833:INFO:Loading datasets ...
2021-04-06 20:23:24,164:INFO:Test users: ['dorn17', 'dorn7', 'dorn10', 'dorn9']
2021-04-06 20:23:24,165:INFO:Features encoded: ['subtleties_awareness', 'overwhelemed_awareness', 'stimuli_awareness', 'sex', 'clothing']
2021-04-06 20:23:24,165:INFO:Finding Cohorts ...
2021-04-06 20:23:24,166:INFO:Finding cohorts using: sex
2021-04-06 20:23:24,168:INFO:Training Cohort models ...
2021-04-06 20:26:07,411:INFO:Cohort assignation ...
2021-04-06 20:26:07,411:INFO:Matching via sex
2021-04-06 20:26:07,412:INFO:Cohort evaluation ...
2021-04-06 20:26:07,519:INFO:Baseline holistic ...
2021-04-06 20:27:55,735:INFO:Baseline pcm ...
2021-04-06 20:27:55,735:INFO:Loading precomputed pcm ...
2021-04-06 20:27:55,868:INFO:########## Finished iteration 7 ##########
2021-04-06 20:27:55,868:INFO:########## Iteration 8 ##########
2021-04-06 20:27:55,868:INFO:Loading datasets ...
2021-04-06 20:27:56,199:INFO:Test users: ['dorn9', 'dorn20', 'dorn12', 'dorn2']
2021-04-06 20:27:56,199:INFO:Features encoded: ['subtleties_awareness', 'overwhelemed_awareness', 'stimuli_awareness', 'sex', 'clothing']
2021-04-06 20:27:56,199:INFO:Finding Cohorts ...
2021-04-06 20:27:56,201:INFO:Finding cohorts using: sex
2021-04-06 20:27:56,203:INFO:Training Cohort models ...
2021-04-06 20:30:39,550:INFO:Cohort assignation ...
2021-04-06 20:30:39,550:INFO:Matching via sex
2021-04-06 20:30:39,551:INFO:Cohort evaluation ...
2021-04-06 20:30:39,642:INFO:Baseline holistic ...
2021-04-06 20:32:51,058:INFO:Baseline pcm ...
2021-04-06 20:32:51,058:INFO:Loading precomputed pcm ...
2021-04-06 20:32:51,187:INFO:########## Finished iteration 8 ##########
2021-04-06 20:32:51,187:INFO:########## Iteration 9 ##########
2021-04-06 20:32:51,187:INFO:Loading datasets ...
2021-04-06 20:32:51,521:INFO:Test users: ['dorn15', 'dorn4', 'dorn1', 'dorn16']
2021-04-06 20:32:51,522:INFO:Features encoded: ['subtleties_awareness', 'overwhelemed_awareness', 'stimuli_awareness', 'sex', 'clothing']
2021-04-06 20:32:51,522:INFO:Finding Cohorts ...
2021-04-06 20:32:51,522:INFO:Finding cohorts using: sex
2021-04-06 20:32:51,524:INFO:Training Cohort models ...
2021-04-06 20:36:25,806:INFO:Cohort assignation ...
2021-04-06 20:36:25,806:INFO:Matching via sex
2021-04-06 20:36:25,807:INFO:Cohort evaluation ...
2021-04-06 20:36:25,996:INFO:Baseline holistic ...
2021-04-06 20:38:58,893:INFO:Baseline pcm ...
2021-04-06 20:38:58,893:INFO:Loading precomputed pcm ...
2021-04-06 20:38:59,023:INFO:########## Finished iteration 9 ##########
2021-04-06 20:38:59,023:INFO:########## Iteration 10 ##########
2021-04-06 20:38:59,023:INFO:Loading datasets ...
2021-04-06 20:38:59,359:INFO:Test users: ['dorn13', 'dorn10', 'dorn1', 'dorn14']
2021-04-06 20:38:59,359:INFO:Features encoded: ['subtleties_awareness', 'overwhelemed_awareness', 'stimuli_awareness', 'sex', 'clothing']
2021-04-06 20:38:59,359:INFO:Finding Cohorts ...
2021-04-06 20:38:59,361:INFO:Finding cohorts using: sex
2021-04-06 20:38:59,363:INFO:Training Cohort models ...
2021-04-06 20:42:00,680:INFO:Cohort assignation ...
2021-04-06 20:42:00,680:INFO:Matching via sex
2021-04-06 20:42:00,681:INFO:Cohort evaluation ...
2021-04-06 20:42:00,805:INFO:Baseline holistic ...
2021-04-06 20:44:34,062:INFO:Baseline pcm ...
2021-04-06 20:44:34,063:INFO:Loading precomputed pcm ...
2021-04-06 20:44:34,194:INFO:########## Finished iteration 10 ##########
2021-04-06 20:44:34,194:INFO:########## Iteration 11 ##########
2021-04-06 20:44:34,194:INFO:Loading datasets ...
2021-04-06 20:44:34,528:INFO:Test users: ['dorn13', 'dorn11', 'dorn18', 'dorn7']
2021-04-06 20:44:34,528:INFO:Features encoded: ['subtleties_awareness', 'overwhelemed_awareness', 'stimuli_awareness', 'sex', 'clothing']
2021-04-06 20:44:34,528:INFO:Finding Cohorts ...
2021-04-06 20:44:34,529:INFO:Finding cohorts using: sex
2021-04-06 20:44:34,532:INFO:Training Cohort models ...
2021-04-06 20:47:30,802:INFO:Cohort assignation ...
2021-04-06 20:47:30,802:INFO:Matching via sex
2021-04-06 20:47:30,803:INFO:Cohort evaluation ...
2021-04-06 20:47:30,956:INFO:Baseline holistic ...
2021-04-06 20:49:58,793:INFO:Baseline pcm ...
2021-04-06 20:49:58,793:INFO:Loading precomputed pcm ...
2021-04-06 20:49:58,923:INFO:########## Finished iteration 11 ##########
2021-04-06 20:49:58,923:INFO:########## Iteration 12 ##########
2021-04-06 20:49:58,923:INFO:Loading datasets ...
2021-04-06 20:49:59,258:INFO:Test users: ['dorn19', 'dorn2', 'dorn6', 'dorn14']
2021-04-06 20:49:59,258:INFO:Features encoded: ['subtleties_awareness', 'overwhelemed_awareness', 'stimuli_awareness', 'sex', 'clothing']
2021-04-06 20:49:59,258:INFO:Finding Cohorts ...
2021-04-06 20:49:59,259:INFO:Finding cohorts using: sex
2021-04-06 20:49:59,261:INFO:Training Cohort models ...
2021-04-06 20:53:17,776:INFO:Cohort assignation ...
2021-04-06 20:53:17,776:INFO:Matching via sex
2021-04-06 20:53:17,777:INFO:Cohort evaluation ...
2021-04-06 20:53:17,913:INFO:Baseline holistic ...
2021-04-06 20:55:06,527:INFO:Baseline pcm ...
2021-04-06 20:55:06,528:INFO:Loading precomputed pcm ...
2021-04-06 20:55:06,660:INFO:########## Finished iteration 12 ##########
2021-04-06 20:55:06,660:INFO:########## Iteration 13 ##########
2021-04-06 20:55:06,660:INFO:Loading datasets ...
2021-04-06 20:55:06,989:INFO:Test users: ['dorn1', 'dorn12', 'dorn20', 'dorn2']
2021-04-06 20:55:06,989:INFO:Features encoded: ['subtleties_awareness', 'overwhelemed_awareness', 'stimuli_awareness', 'sex', 'clothing']
2021-04-06 20:55:06,990:INFO:Finding Cohorts ...
2021-04-06 20:55:06,991:INFO:Finding cohorts using: sex
2021-04-06 20:55:06,993:INFO:Training Cohort models ...
2021-04-06 20:58:08,811:INFO:Cohort assignation ...
2021-04-06 20:58:08,811:INFO:Matching via sex
2021-04-06 20:58:08,812:INFO:Cohort evaluation ...
2021-04-06 20:58:08,905:INFO:Baseline holistic ...
2021-04-06 21:00:19,399:INFO:Baseline pcm ...
2021-04-06 21:00:19,399:INFO:Loading precomputed pcm ...
2021-04-06 21:00:19,530:INFO:########## Finished iteration 13 ##########
2021-04-06 21:00:19,530:INFO:########## Iteration 14 ##########
2021-04-06 21:00:19,530:INFO:Loading datasets ...
2021-04-06 21:00:19,864:INFO:Test users: ['dorn7', 'dorn10', 'dorn4', 'dorn15']
2021-04-06 21:00:19,864:INFO:Features encoded: ['subtleties_awareness', 'overwhelemed_awareness', 'stimuli_awareness', 'sex', 'clothing']
2021-04-06 21:00:19,864:INFO:Finding Cohorts ...
2021-04-06 21:00:19,865:INFO:Finding cohorts using: sex
2021-04-06 21:00:19,867:INFO:Training Cohort models ...
2021-04-06 21:03:37,072:INFO:Cohort assignation ...
2021-04-06 21:03:37,072:INFO:Matching via sex
2021-04-06 21:03:37,073:INFO:Cohort evaluation ...
2021-04-06 21:03:37,212:INFO:Baseline holistic ...
2021-04-06 21:06:05,070:INFO:Baseline pcm ...
2021-04-06 21:06:05,070:INFO:Loading precomputed pcm ...
2021-04-06 21:06:05,195:INFO:########## Finished iteration 14 ##########
2021-04-06 21:06:05,195:INFO:########## Iteration 15 ##########
2021-04-06 21:06:05,195:INFO:Loading datasets ...
2021-04-06 21:06:05,515:INFO:Test users: ['dorn10', 'dorn12', 'dorn9', 'dorn5']
2021-04-06 21:06:05,515:INFO:Features encoded: ['subtleties_awareness', 'overwhelemed_awareness', 'stimuli_awareness', 'sex', 'clothing']
2021-04-06 21:06:05,515:INFO:Finding Cohorts ...
2021-04-06 21:06:05,516:INFO:Finding cohorts using: sex
2021-04-06 21:06:05,519:INFO:Training Cohort models ...
2021-04-06 21:09:17,369:INFO:Cohort assignation ...
2021-04-06 21:09:17,370:INFO:Matching via sex
2021-04-06 21:09:17,370:INFO:Cohort evaluation ...
2021-04-06 21:09:17,589:INFO:Baseline holistic ...
2021-04-06 21:11:45,634:INFO:Baseline pcm ...
2021-04-06 21:11:45,634:INFO:Loading precomputed pcm ...
2021-04-06 21:11:45,759:INFO:########## Finished iteration 15 ##########
2021-04-06 21:11:45,759:INFO:########## Iteration 16 ##########
2021-04-06 21:11:45,760:INFO:Loading datasets ...
2021-04-06 21:11:46,079:INFO:Test users: ['dorn7', 'dorn2', 'dorn10', 'dorn3']
2021-04-06 21:11:46,079:INFO:Features encoded: ['subtleties_awareness', 'overwhelemed_awareness', 'stimuli_awareness', 'sex', 'clothing']
2021-04-06 21:11:46,079:INFO:Finding Cohorts ...
2021-04-06 21:11:46,080:INFO:Finding cohorts using: sex
2021-04-06 21:11:46,083:INFO:Training Cohort models ...
2021-04-06 21:14:25,459:INFO:Cohort assignation ...
2021-04-06 21:14:25,459:INFO:Matching via sex
2021-04-06 21:14:25,460:INFO:Cohort evaluation ...
2021-04-06 21:14:25,535:INFO:Baseline holistic ...
2021-04-06 21:16:55,236:INFO:Baseline pcm ...
2021-04-06 21:16:55,236:INFO:Loading precomputed pcm ...
2021-04-06 21:16:55,367:INFO:########## Finished iteration 16 ##########
2021-04-06 21:16:55,367:INFO:########## Iteration 17 ##########
2021-04-06 21:16:55,367:INFO:Loading datasets ...
2021-04-06 21:16:55,698:INFO:Test users: ['dorn6', 'dorn2', 'dorn9', 'dorn8']
2021-04-06 21:16:55,698:INFO:Features encoded: ['subtleties_awareness', 'overwhelemed_awareness', 'stimuli_awareness', 'sex', 'clothing']
2021-04-06 21:16:55,698:INFO:Finding Cohorts ...
2021-04-06 21:16:55,699:INFO:Finding cohorts using: sex
2021-04-06 21:16:55,701:INFO:Training Cohort models ...
2021-04-06 21:20:08,205:INFO:Cohort assignation ...
2021-04-06 21:20:08,205:INFO:Matching via sex
2021-04-06 21:20:08,206:INFO:Cohort evaluation ...
2021-04-06 21:20:08,365:INFO:Baseline holistic ...
2021-04-06 21:22:14,799:INFO:Baseline pcm ...
2021-04-06 21:22:14,799:INFO:Loading precomputed pcm ...
2021-04-06 21:22:14,925:INFO:########## Finished iteration 17 ##########
2021-04-06 21:22:14,925:INFO:########## Iteration 18 ##########
2021-04-06 21:22:14,925:INFO:Loading datasets ...
2021-04-06 21:22:15,246:INFO:Test users: ['dorn14', 'dorn10', 'dorn3', 'dorn9']
2021-04-06 21:22:15,246:INFO:Features encoded: ['subtleties_awareness', 'overwhelemed_awareness', 'stimuli_awareness', 'sex', 'clothing']
2021-04-06 21:22:15,246:INFO:Finding Cohorts ...
2021-04-06 21:22:15,247:INFO:Finding cohorts using: sex
2021-04-06 21:22:15,249:INFO:Training Cohort models ...
2021-04-06 21:25:31,900:INFO:Cohort assignation ...
2021-04-06 21:25:31,900:INFO:Matching via sex
2021-04-06 21:25:31,901:INFO:Cohort evaluation ...
2021-04-06 21:25:32,071:INFO:Baseline holistic ...
2021-04-06 21:27:42,574:INFO:Baseline pcm ...
2021-04-06 21:27:42,574:INFO:Loading precomputed pcm ...
2021-04-06 21:27:42,704:INFO:########## Finished iteration 18 ##########
2021-04-06 21:27:42,704:INFO:########## Iteration 19 ##########
2021-04-06 21:27:42,705:INFO:Loading datasets ...
2021-04-06 21:27:43,038:INFO:Test users: ['dorn2', 'dorn20', 'dorn14', 'dorn1']
2021-04-06 21:27:43,038:INFO:Features encoded: ['subtleties_awareness', 'overwhelemed_awareness', 'stimuli_awareness', 'sex', 'clothing']
2021-04-06 21:27:43,038:INFO:Finding Cohorts ...
2021-04-06 21:27:43,039:INFO:Finding cohorts using: sex
2021-04-06 21:27:43,041:INFO:Training Cohort models ...
2021-04-06 21:30:42,815:INFO:Cohort assignation ...
2021-04-06 21:30:42,815:INFO:Matching via sex
2021-04-06 21:30:42,816:INFO:Cohort evaluation ...
2021-04-06 21:30:42,967:INFO:Baseline holistic ...
2021-04-06 21:33:14,983:INFO:Baseline pcm ...
2021-04-06 21:33:14,983:INFO:Loading precomputed pcm ...
2021-04-06 21:33:15,174:INFO:########## Finished iteration 19 ##########
2021-04-06 21:33:15,174:INFO:########## Iteration 20 ##########
2021-04-06 21:33:15,175:INFO:Loading datasets ...
2021-04-06 21:33:15,508:INFO:Test users: ['dorn17', 'dorn10', 'dorn7', 'dorn14']
2021-04-06 21:33:15,508:INFO:Features encoded: ['subtleties_awareness', 'overwhelemed_awareness', 'stimuli_awareness', 'sex', 'clothing']
2021-04-06 21:33:15,508:INFO:Finding Cohorts ...
2021-04-06 21:33:15,509:INFO:Finding cohorts using: sex
2021-04-06 21:33:15,511:INFO:Training Cohort models ...
2021-04-06 21:36:32,229:INFO:Cohort assignation ...
2021-04-06 21:36:32,229:INFO:Matching via sex
2021-04-06 21:36:32,230:INFO:Cohort evaluation ...
2021-04-06 21:36:32,383:INFO:Baseline holistic ...
2021-04-06 21:38:42,724:INFO:Baseline pcm ...
2021-04-06 21:38:42,724:INFO:Loading precomputed pcm ...
2021-04-06 21:38:42,921:INFO:########## Finished iteration 20 ##########
2021-04-06 21:38:42,921:INFO:########## Iteration 21 ##########
2021-04-06 21:38:42,921:INFO:Loading datasets ...
2021-04-06 21:38:43,254:INFO:Test users: ['dorn7', 'dorn1', 'dorn20', 'dorn14']
2021-04-06 21:38:43,254:INFO:Features encoded: ['subtleties_awareness', 'overwhelemed_awareness', 'stimuli_awareness', 'sex', 'clothing']
2021-04-06 21:38:43,255:INFO:Finding Cohorts ...
2021-04-06 21:38:43,256:INFO:Finding cohorts using: sex
2021-04-06 21:38:43,258:INFO:Training Cohort models ...
2021-04-06 21:42:14,319:INFO:Cohort assignation ...
2021-04-06 21:42:14,319:INFO:Matching via sex
2021-04-06 21:42:14,320:INFO:Cohort evaluation ...
2021-04-06 21:42:14,502:INFO:Baseline holistic ...
2021-04-06 21:44:46,270:INFO:Baseline pcm ...
2021-04-06 21:44:46,270:INFO:Loading precomputed pcm ...
2021-04-06 21:44:46,401:INFO:########## Finished iteration 21 ##########
2021-04-06 21:44:46,401:INFO:########## Iteration 22 ##########
2021-04-06 21:44:46,401:INFO:Loading datasets ...
2021-04-06 21:44:46,732:INFO:Test users: ['dorn14', 'dorn1', 'dorn5', 'dorn13']
2021-04-06 21:44:46,732:INFO:Features encoded: ['subtleties_awareness', 'overwhelemed_awareness', 'stimuli_awareness', 'sex', 'clothing']
2021-04-06 21:44:46,732:INFO:Finding Cohorts ...
2021-04-06 21:44:46,734:INFO:Finding cohorts using: sex
2021-04-06 21:44:46,736:INFO:Training Cohort models ...
2021-04-06 21:48:05,517:INFO:Cohort assignation ...
2021-04-06 21:48:05,517:INFO:Matching via sex
2021-04-06 21:48:05,518:INFO:Cohort evaluation ...
2021-04-06 21:48:05,638:INFO:Baseline holistic ...
2021-04-06 21:50:15,930:INFO:Baseline pcm ...
2021-04-06 21:50:15,930:INFO:Loading precomputed pcm ...
2021-04-06 21:50:16,060:INFO:########## Finished iteration 22 ##########
2021-04-06 21:50:16,060:INFO:########## Iteration 23 ##########
2021-04-06 21:50:16,061:INFO:Loading datasets ...
2021-04-06 21:50:16,394:INFO:Test users: ['dorn13', 'dorn8', 'dorn6', 'dorn4']
2021-04-06 21:50:16,394:INFO:Features encoded: ['subtleties_awareness', 'overwhelemed_awareness', 'stimuli_awareness', 'sex', 'clothing']
2021-04-06 21:50:16,394:INFO:Finding Cohorts ...
2021-04-06 21:50:16,395:INFO:Finding cohorts using: sex
2021-04-06 21:50:16,397:INFO:Training Cohort models ...
2021-04-06 21:52:41,708:INFO:Cohort assignation ...
2021-04-06 21:52:41,708:INFO:Matching via sex
2021-04-06 21:52:41,708:INFO:Cohort evaluation ...
2021-04-06 21:52:41,769:INFO:Baseline holistic ...
2021-04-06 21:55:10,945:INFO:Baseline pcm ...
2021-04-06 21:55:10,945:INFO:Loading precomputed pcm ...
2021-04-06 21:55:11,075:INFO:########## Finished iteration 23 ##########
2021-04-06 21:55:11,075:INFO:########## Iteration 24 ##########
2021-04-06 21:55:11,076:INFO:Loading datasets ...
2021-04-06 21:55:11,409:INFO:Test users: ['dorn10', 'dorn9', 'dorn2', 'dorn17']
2021-04-06 21:55:11,409:INFO:Features encoded: ['subtleties_awareness', 'overwhelemed_awareness', 'stimuli_awareness', 'sex', 'clothing']
2021-04-06 21:55:11,409:INFO:Finding Cohorts ...
2021-04-06 21:55:11,409:INFO:Finding cohorts using: sex
2021-04-06 21:55:11,411:INFO:Training Cohort models ...
2021-04-06 21:58:14,329:INFO:Cohort assignation ...
2021-04-06 21:58:14,330:INFO:Matching via sex
2021-04-06 21:58:14,330:INFO:Cohort evaluation ...
2021-04-06 21:58:14,455:INFO:Baseline holistic ...
2021-04-06 22:00:51,010:INFO:Baseline pcm ...
2021-04-06 22:00:51,010:INFO:Loading precomputed pcm ...
2021-04-06 22:00:51,143:INFO:########## Finished iteration 24 ##########
2021-04-06 22:00:51,144:INFO:########## Iteration 25 ##########
2021-04-06 22:00:51,144:INFO:Loading datasets ...
2021-04-06 22:00:51,486:INFO:Test users: ['dorn12', 'dorn9', 'dorn14', 'dorn13']
2021-04-06 22:00:51,487:INFO:Features encoded: ['subtleties_awareness', 'overwhelemed_awareness', 'stimuli_awareness', 'sex', 'clothing']
2021-04-06 22:00:51,487:INFO:Finding Cohorts ...
2021-04-06 22:00:51,488:INFO:Finding cohorts using: sex
2021-04-06 22:00:51,490:INFO:Training Cohort models ...
2021-04-06 22:03:54,762:INFO:Cohort assignation ...
2021-04-06 22:03:54,762:INFO:Matching via sex
2021-04-06 22:03:54,763:INFO:Cohort evaluation ...
2021-04-06 22:03:54,887:INFO:Baseline holistic ...
2021-04-06 22:06:07,087:INFO:Baseline pcm ...
2021-04-06 22:06:07,087:INFO:Loading precomputed pcm ...
2021-04-06 22:06:07,220:INFO:########## Finished iteration 25 ##########
2021-04-06 22:06:07,220:INFO:########## Iteration 26 ##########
2021-04-06 22:06:07,220:INFO:Loading datasets ...
2021-04-06 22:06:07,566:INFO:Test users: ['dorn5', 'dorn10', 'dorn6', 'dorn4']
2021-04-06 22:06:07,566:INFO:Features encoded: ['subtleties_awareness', 'overwhelemed_awareness', 'stimuli_awareness', 'sex', 'clothing']
2021-04-06 22:06:07,566:INFO:Finding Cohorts ...
2021-04-06 22:06:07,567:INFO:Finding cohorts using: sex
2021-04-06 22:06:07,569:INFO:Training Cohort models ...
2021-04-06 22:09:01,172:INFO:Cohort assignation ...
2021-04-06 22:09:01,172:INFO:Matching via sex
2021-04-06 22:09:01,173:INFO:Cohort evaluation ...
2021-04-06 22:09:01,252:INFO:Baseline holistic ...
2021-04-06 22:11:34,907:INFO:Baseline pcm ...
2021-04-06 22:11:34,907:INFO:Loading precomputed pcm ...
2021-04-06 22:11:35,041:INFO:########## Finished iteration 26 ##########
2021-04-06 22:11:35,041:INFO:########## Iteration 27 ##########
2021-04-06 22:11:35,041:INFO:Loading datasets ...
2021-04-06 22:11:35,391:INFO:Test users: ['dorn7', 'dorn11', 'dorn15', 'dorn19']
2021-04-06 22:11:35,391:INFO:Features encoded: ['subtleties_awareness', 'overwhelemed_awareness', 'stimuli_awareness', 'sex', 'clothing']
2021-04-06 22:11:35,391:INFO:Finding Cohorts ...
2021-04-06 22:11:35,392:INFO:Finding cohorts using: sex
2021-04-06 22:11:35,394:INFO:Training Cohort models ...
2021-04-06 22:14:32,768:INFO:Cohort assignation ...
2021-04-06 22:14:32,768:INFO:Matching via sex
2021-04-06 22:14:32,769:INFO:Cohort evaluation ...
2021-04-06 22:14:32,957:INFO:Baseline holistic ...
2021-04-06 22:17:04,925:INFO:Baseline pcm ...
2021-04-06 22:17:04,925:INFO:Loading precomputed pcm ...
2021-04-06 22:17:05,059:INFO:########## Finished iteration 27 ##########
2021-04-06 22:17:05,059:INFO:########## Iteration 28 ##########
2021-04-06 22:17:05,059:INFO:Loading datasets ...
2021-04-06 22:17:05,406:INFO:Test users: ['dorn19', 'dorn16', 'dorn15', 'dorn5']
2021-04-06 22:17:05,406:INFO:Features encoded: ['subtleties_awareness', 'overwhelemed_awareness', 'stimuli_awareness', 'sex', 'clothing']
2021-04-06 22:17:05,406:INFO:Finding Cohorts ...
2021-04-06 22:17:05,407:INFO:Finding cohorts using: sex
2021-04-06 22:17:05,410:INFO:Training Cohort models ...
2021-04-06 22:20:11,025:INFO:Cohort assignation ...
2021-04-06 22:20:11,025:INFO:Matching via sex
2021-04-06 22:20:11,026:INFO:Cohort evaluation ...
2021-04-06 22:20:11,119:INFO:Baseline holistic ...
2021-04-06 22:22:24,584:INFO:Baseline pcm ...
2021-04-06 22:22:24,584:INFO:Loading precomputed pcm ...
2021-04-06 22:22:24,719:INFO:########## Finished iteration 28 ##########
2021-04-06 22:22:24,719:INFO:########## Iteration 29 ##########
2021-04-06 22:22:24,719:INFO:Loading datasets ...
2021-04-06 22:22:25,065:INFO:Test users: ['dorn2', 'dorn3', 'dorn7', 'dorn10']
2021-04-06 22:22:25,066:INFO:Features encoded: ['subtleties_awareness', 'overwhelemed_awareness', 'stimuli_awareness', 'sex', 'clothing']
2021-04-06 22:22:25,066:INFO:Finding Cohorts ...
2021-04-06 22:22:25,067:INFO:Finding cohorts using: sex
2021-04-06 22:22:25,069:INFO:Training Cohort models ...
2021-04-06 22:26:02,418:INFO:Cohort assignation ...
2021-04-06 22:26:02,418:INFO:Matching via sex
2021-04-06 22:26:02,419:INFO:Cohort evaluation ...
2021-04-06 22:26:02,608:INFO:Baseline holistic ...
2021-04-06 22:27:51,845:INFO:Baseline pcm ...
2021-04-06 22:27:51,845:INFO:Loading precomputed pcm ...
2021-04-06 22:27:52,045:INFO:########## Finished iteration 29 ##########
2021-04-06 22:27:52,045:INFO:########## Iteration 30 ##########
2021-04-06 22:27:52,046:INFO:Loading datasets ...
2021-04-06 22:27:52,394:INFO:Test users: ['dorn8', 'dorn19', 'dorn15', 'dorn5']
2021-04-06 22:27:52,394:INFO:Features encoded: ['subtleties_awareness', 'overwhelemed_awareness', 'stimuli_awareness', 'sex', 'clothing']
2021-04-06 22:27:52,394:INFO:Finding Cohorts ...
2021-04-06 22:27:52,396:INFO:Finding cohorts using: sex
2021-04-06 22:27:52,398:INFO:Training Cohort models ...
2021-04-06 22:31:10,123:INFO:Cohort assignation ...
2021-04-06 22:31:10,123:INFO:Matching via sex
2021-04-06 22:31:10,124:INFO:Cohort evaluation ...
2021-04-06 22:31:10,277:INFO:Baseline holistic ...
2021-04-06 22:32:58,020:INFO:Baseline pcm ...
2021-04-06 22:32:58,020:INFO:Loading precomputed pcm ...
2021-04-06 22:32:58,155:INFO:########## Finished iteration 30 ##########
2021-04-06 22:32:58,155:INFO:########## Iteration 31 ##########
2021-04-06 22:32:58,155:INFO:Loading datasets ...
2021-04-06 22:32:58,501:INFO:Test users: ['dorn18', 'dorn6', 'dorn9', 'dorn7']
2021-04-06 22:32:58,502:INFO:Features encoded: ['subtleties_awareness', 'overwhelemed_awareness', 'stimuli_awareness', 'sex', 'clothing']
2021-04-06 22:32:58,502:INFO:Finding Cohorts ...
2021-04-06 22:32:58,503:INFO:Finding cohorts using: sex
2021-04-06 22:32:58,506:INFO:Training Cohort models ...
2021-04-06 22:36:01,591:INFO:Cohort assignation ...
2021-04-06 22:36:01,591:INFO:Matching via sex
2021-04-06 22:36:01,592:INFO:Cohort evaluation ...
2021-04-06 22:36:01,685:INFO:Baseline holistic ...
2021-04-06 22:38:35,246:INFO:Baseline pcm ...
2021-04-06 22:38:35,246:INFO:Loading precomputed pcm ...
2021-04-06 22:38:35,380:INFO:########## Finished iteration 31 ##########
2021-04-06 22:38:35,380:INFO:########## Iteration 32 ##########
2021-04-06 22:38:35,380:INFO:Loading datasets ...
2021-04-06 22:38:35,725:INFO:Test users: ['dorn20', 'dorn16', 'dorn7', 'dorn3']
2021-04-06 22:38:35,726:INFO:Features encoded: ['subtleties_awareness', 'overwhelemed_awareness', 'stimuli_awareness', 'sex', 'clothing']
2021-04-06 22:38:35,726:INFO:Finding Cohorts ...
2021-04-06 22:38:35,727:INFO:Finding cohorts using: sex
2021-04-06 22:38:35,729:INFO:Training Cohort models ...
2021-04-06 22:41:55,962:INFO:Cohort assignation ...
2021-04-06 22:41:55,962:INFO:Matching via sex
2021-04-06 22:41:55,963:INFO:Cohort evaluation ...
2021-04-06 22:41:56,105:INFO:Baseline holistic ...
2021-04-06 22:44:08,173:INFO:Baseline pcm ...
2021-04-06 22:44:08,173:INFO:Loading precomputed pcm ...
2021-04-06 22:44:08,370:INFO:########## Finished iteration 32 ##########
2021-04-06 22:44:08,371:INFO:########## Iteration 33 ##########
2021-04-06 22:44:08,371:INFO:Loading datasets ...
2021-04-06 22:44:08,715:INFO:Test users: ['dorn9', 'dorn8', 'dorn13', 'dorn6']
2021-04-06 22:44:08,716:INFO:Features encoded: ['subtleties_awareness', 'overwhelemed_awareness', 'stimuli_awareness', 'sex', 'clothing']
2021-04-06 22:44:08,716:INFO:Finding Cohorts ...
2021-04-06 22:44:08,717:INFO:Finding cohorts using: sex
2021-04-06 22:44:08,720:INFO:Training Cohort models ...
2021-04-06 22:47:27,277:INFO:Cohort assignation ...
2021-04-06 22:47:27,277:INFO:Matching via sex
2021-04-06 22:47:27,278:INFO:Cohort evaluation ...
2021-04-06 22:47:27,447:INFO:Baseline holistic ...
2021-04-06 22:49:39,746:INFO:Baseline pcm ...
2021-04-06 22:49:39,746:INFO:Loading precomputed pcm ...
2021-04-06 22:49:39,880:INFO:########## Finished iteration 33 ##########
2021-04-06 22:49:39,880:INFO:########## Iteration 34 ##########
2021-04-06 22:49:39,881:INFO:Loading datasets ...
2021-04-06 22:49:40,230:INFO:Test users: ['dorn17', 'dorn4', 'dorn10', 'dorn12']
2021-04-06 22:49:40,230:INFO:Features encoded: ['subtleties_awareness', 'overwhelemed_awareness', 'stimuli_awareness', 'sex', 'clothing']
2021-04-06 22:49:40,231:INFO:Finding Cohorts ...
2021-04-06 22:49:40,232:INFO:Finding cohorts using: sex
2021-04-06 22:49:40,234:INFO:Training Cohort models ...
2021-04-06 22:52:09,752:INFO:Cohort assignation ...
2021-04-06 22:52:09,752:INFO:Matching via sex
2021-04-06 22:52:09,753:INFO:Cohort evaluation ...
2021-04-06 22:52:09,816:INFO:Baseline holistic ...
2021-04-06 22:54:22,179:INFO:Baseline pcm ...
2021-04-06 22:54:22,179:INFO:Loading precomputed pcm ...
2021-04-06 22:54:22,312:INFO:########## Finished iteration 34 ##########
2021-04-06 22:54:22,312:INFO:########## Iteration 35 ##########
2021-04-06 22:54:22,313:INFO:Loading datasets ...
2021-04-06 22:54:22,658:INFO:Test users: ['dorn1', 'dorn9', 'dorn10', 'dorn4']
2021-04-06 22:54:22,658:INFO:Features encoded: ['subtleties_awareness', 'overwhelemed_awareness', 'stimuli_awareness', 'sex', 'clothing']
2021-04-06 22:54:22,658:INFO:Finding Cohorts ...
2021-04-06 22:54:22,659:INFO:Finding cohorts using: sex
2021-04-06 22:54:22,661:INFO:Training Cohort models ...
2021-04-06 22:57:26,497:INFO:Cohort assignation ...
2021-04-06 22:57:26,497:INFO:Matching via sex
2021-04-06 22:57:26,498:INFO:Cohort evaluation ...
2021-04-06 22:57:26,624:INFO:Baseline holistic ...
2021-04-06 22:59:41,046:INFO:Baseline pcm ...
2021-04-06 22:59:41,046:INFO:Loading precomputed pcm ...
2021-04-06 22:59:41,179:INFO:########## Finished iteration 35 ##########
2021-04-06 22:59:41,179:INFO:########## Iteration 36 ##########
2021-04-06 22:59:41,179:INFO:Loading datasets ...
2021-04-06 22:59:41,528:INFO:Test users: ['dorn4', 'dorn6', 'dorn8', 'dorn1']
2021-04-06 22:59:41,528:INFO:Features encoded: ['subtleties_awareness', 'overwhelemed_awareness', 'stimuli_awareness', 'sex', 'clothing']
2021-04-06 22:59:41,528:INFO:Finding Cohorts ...
2021-04-06 22:59:41,529:INFO:Finding cohorts using: sex
2021-04-06 22:59:41,531:INFO:Training Cohort models ...
2021-04-06 23:03:17,519:INFO:Cohort assignation ...
2021-04-06 23:03:17,519:INFO:Matching via sex
2021-04-06 23:03:17,520:INFO:Cohort evaluation ...
2021-04-06 23:03:17,704:INFO:Baseline holistic ...
2021-04-06 23:05:06,350:INFO:Baseline pcm ...
2021-04-06 23:05:06,350:INFO:Loading precomputed pcm ...
2021-04-06 23:05:06,552:INFO:########## Finished iteration 36 ##########
2021-04-06 23:05:06,552:INFO:########## Iteration 37 ##########
2021-04-06 23:05:06,552:INFO:Loading datasets ...
2021-04-06 23:05:06,898:INFO:Test users: ['dorn3', 'dorn9', 'dorn17', 'dorn10']
2021-04-06 23:05:06,899:INFO:Features encoded: ['subtleties_awareness', 'overwhelemed_awareness', 'stimuli_awareness', 'sex', 'clothing']
2021-04-06 23:05:06,899:INFO:Finding Cohorts ...
2021-04-06 23:05:06,900:INFO:Finding cohorts using: sex
2021-04-06 23:05:06,902:INFO:Training Cohort models ...
2021-04-06 23:08:26,801:INFO:Cohort assignation ...
2021-04-06 23:08:26,801:INFO:Matching via sex
2021-04-06 23:08:26,802:INFO:Cohort evaluation ...
2021-04-06 23:08:26,958:INFO:Baseline holistic ...
2021-04-06 23:11:02,205:INFO:Baseline pcm ...
2021-04-06 23:11:02,205:INFO:Loading precomputed pcm ...
2021-04-06 23:11:02,338:INFO:########## Finished iteration 37 ##########
2021-04-06 23:11:02,338:INFO:########## Iteration 38 ##########
2021-04-06 23:11:02,339:INFO:Loading datasets ...
2021-04-06 23:11:02,686:INFO:Test users: ['dorn1', 'dorn5', 'dorn7', 'dorn16']
2021-04-06 23:11:02,686:INFO:Features encoded: ['subtleties_awareness', 'overwhelemed_awareness', 'stimuli_awareness', 'sex', 'clothing']
2021-04-06 23:11:02,686:INFO:Finding Cohorts ...
2021-04-06 23:11:02,688:INFO:Finding cohorts using: sex
2021-04-06 23:11:02,690:INFO:Training Cohort models ...
2021-04-06 23:13:48,491:INFO:Cohort assignation ...
2021-04-06 23:13:48,491:INFO:Matching via sex
2021-04-06 23:13:48,492:INFO:Cohort evaluation ...
2021-04-06 23:13:48,587:INFO:Baseline holistic ...
2021-04-06 23:15:39,269:INFO:Baseline pcm ...
2021-04-06 23:15:39,269:INFO:Loading precomputed pcm ...
2021-04-06 23:15:39,405:INFO:########## Finished iteration 38 ##########
2021-04-06 23:15:39,405:INFO:########## Iteration 39 ##########
2021-04-06 23:15:39,405:INFO:Loading datasets ...
2021-04-06 23:15:39,753:INFO:Test users: ['dorn12', 'dorn9', 'dorn19', 'dorn2']
2021-04-06 23:15:39,753:INFO:Features encoded: ['subtleties_awareness', 'overwhelemed_awareness', 'stimuli_awareness', 'sex', 'clothing']
2021-04-06 23:15:39,754:INFO:Finding Cohorts ...
2021-04-06 23:15:39,754:INFO:Finding cohorts using: sex
2021-04-06 23:15:39,756:INFO:Training Cohort models ...
2021-04-06 23:18:09,429:INFO:Cohort assignation ...
2021-04-06 23:18:09,430:INFO:Matching via sex
2021-04-06 23:18:09,430:INFO:Cohort evaluation ...
2021-04-06 23:18:09,493:INFO:Baseline holistic ...
2021-04-06 23:20:44,785:INFO:Baseline pcm ...
2021-04-06 23:20:44,786:INFO:Loading precomputed pcm ...
2021-04-06 23:20:44,919:INFO:########## Finished iteration 39 ##########
2021-04-06 23:20:44,919:INFO:########## Iteration 40 ##########
2021-04-06 23:20:44,919:INFO:Loading datasets ...
2021-04-06 23:20:45,265:INFO:Test users: ['dorn19', 'dorn15', 'dorn6', 'dorn12']
2021-04-06 23:20:45,265:INFO:Features encoded: ['subtleties_awareness', 'overwhelemed_awareness', 'stimuli_awareness', 'sex', 'clothing']
2021-04-06 23:20:45,265:INFO:Finding Cohorts ...
2021-04-06 23:20:45,265:INFO:Finding cohorts using: sex
2021-04-06 23:20:45,267:INFO:Training Cohort models ...
2021-04-06 23:23:13,880:INFO:Cohort assignation ...
2021-04-06 23:23:13,880:INFO:Matching via sex
2021-04-06 23:23:13,881:INFO:Cohort evaluation ...
2021-04-06 23:23:13,943:INFO:Baseline holistic ...
2021-04-06 23:25:47,240:INFO:Baseline pcm ...
2021-04-06 23:25:47,240:INFO:Loading precomputed pcm ...
2021-04-06 23:25:47,373:INFO:########## Finished iteration 40 ##########
2021-04-06 23:25:47,373:INFO:########## Iteration 41 ##########
2021-04-06 23:25:47,373:INFO:Loading datasets ...
2021-04-06 23:25:47,717:INFO:Test users: ['dorn7', 'dorn9', 'dorn2', 'dorn17']
2021-04-06 23:25:47,717:INFO:Features encoded: ['subtleties_awareness', 'overwhelemed_awareness', 'stimuli_awareness', 'sex', 'clothing']
2021-04-06 23:25:47,717:INFO:Finding Cohorts ...
2021-04-06 23:25:47,717:INFO:Finding cohorts using: sex
2021-04-06 23:25:47,719:INFO:Training Cohort models ...
2021-04-06 23:29:07,535:INFO:Cohort assignation ...
2021-04-06 23:29:07,535:INFO:Matching via sex
2021-04-06 23:29:07,536:INFO:Cohort evaluation ...
2021-04-06 23:29:07,676:INFO:Baseline holistic ...
2021-04-06 23:31:41,574:INFO:Baseline pcm ...
2021-04-06 23:31:41,574:INFO:Loading precomputed pcm ...
2021-04-06 23:31:41,709:INFO:########## Finished iteration 41 ##########
2021-04-06 23:31:41,709:INFO:########## Iteration 42 ##########
2021-04-06 23:31:41,709:INFO:Loading datasets ...
2021-04-06 23:31:42,057:INFO:Test users: ['dorn2', 'dorn15', 'dorn16', 'dorn4']
2021-04-06 23:31:42,058:INFO:Features encoded: ['subtleties_awareness', 'overwhelemed_awareness', 'stimuli_awareness', 'sex', 'clothing']
2021-04-06 23:31:42,058:INFO:Finding Cohorts ...
2021-04-06 23:31:42,059:INFO:Finding cohorts using: sex
2021-04-06 23:31:42,062:INFO:Training Cohort models ...
2021-04-06 23:35:20,416:INFO:Cohort assignation ...
2021-04-06 23:35:20,416:INFO:Matching via sex
2021-04-06 23:35:20,417:INFO:Cohort evaluation ...
2021-04-06 23:35:20,607:INFO:Baseline holistic ...
2021-04-06 23:37:35,271:INFO:Baseline pcm ...
2021-04-06 23:37:35,271:INFO:Loading precomputed pcm ...
2021-04-06 23:37:35,406:INFO:########## Finished iteration 42 ##########
2021-04-06 23:37:35,406:INFO:########## Iteration 43 ##########
2021-04-06 23:37:35,407:INFO:Loading datasets ...
2021-04-06 23:37:35,757:INFO:Test users: ['dorn15', 'dorn4', 'dorn2', 'dorn20']
2021-04-06 23:37:35,757:INFO:Features encoded: ['subtleties_awareness', 'overwhelemed_awareness', 'stimuli_awareness', 'sex', 'clothing']
2021-04-06 23:37:35,758:INFO:Finding Cohorts ...
2021-04-06 23:37:35,759:INFO:Finding cohorts using: sex
2021-04-06 23:37:35,762:INFO:Training Cohort models ...
2021-04-06 23:40:05,417:INFO:Cohort assignation ...
2021-04-06 23:40:05,417:INFO:Matching via sex
2021-04-06 23:40:05,418:INFO:Cohort evaluation ...
2021-04-06 23:40:05,481:INFO:Baseline holistic ...
2021-04-06 23:41:55,750:INFO:Baseline pcm ...
2021-04-06 23:41:55,750:INFO:Loading precomputed pcm ...
2021-04-06 23:41:55,884:INFO:########## Finished iteration 43 ##########
2021-04-06 23:41:55,884:INFO:########## Iteration 44 ##########
2021-04-06 23:41:55,884:INFO:Loading datasets ...
2021-04-06 23:41:56,231:INFO:Test users: ['dorn7', 'dorn20', 'dorn4', 'dorn2']
2021-04-06 23:41:56,231:INFO:Features encoded: ['subtleties_awareness', 'overwhelemed_awareness', 'stimuli_awareness', 'sex', 'clothing']
2021-04-06 23:41:56,231:INFO:Finding Cohorts ...
2021-04-06 23:41:56,232:INFO:Finding cohorts using: sex
2021-04-06 23:41:56,234:INFO:Training Cohort models ...
2021-04-06 23:45:31,414:INFO:Cohort assignation ...
2021-04-06 23:45:31,414:INFO:Matching via sex
2021-04-06 23:45:31,415:INFO:Cohort evaluation ...
2021-04-06 23:45:31,600:INFO:Baseline holistic ...
2021-04-06 23:47:20,846:INFO:Baseline pcm ...
2021-04-06 23:47:20,847:INFO:Loading precomputed pcm ...
2021-04-06 23:47:21,073:INFO:########## Finished iteration 44 ##########
2021-04-06 23:47:21,073:INFO:########## Iteration 45 ##########
2021-04-06 23:47:21,073:INFO:Loading datasets ...
2021-04-06 23:47:21,434:INFO:Test users: ['dorn13', 'dorn9', 'dorn11', 'dorn8']
2021-04-06 23:47:21,434:INFO:Features encoded: ['subtleties_awareness', 'overwhelemed_awareness', 'stimuli_awareness', 'sex', 'clothing']
2021-04-06 23:47:21,434:INFO:Finding Cohorts ...
2021-04-06 23:47:21,436:INFO:Finding cohorts using: sex
2021-04-06 23:47:21,438:INFO:Training Cohort models ...
2021-04-06 23:50:23,590:INFO:Cohort assignation ...
2021-04-06 23:50:23,590:INFO:Matching via sex
2021-04-06 23:50:23,591:INFO:Cohort evaluation ...
2021-04-06 23:50:23,716:INFO:Baseline holistic ...
2021-04-06 23:52:36,112:INFO:Baseline pcm ...
2021-04-06 23:52:36,112:INFO:Loading precomputed pcm ...
2021-04-06 23:52:36,247:INFO:########## Finished iteration 45 ##########
2021-04-06 23:52:36,247:INFO:########## Iteration 46 ##########
2021-04-06 23:52:36,247:INFO:Loading datasets ...
2021-04-06 23:52:36,595:INFO:Test users: ['dorn19', 'dorn14', 'dorn5', 'dorn2']
2021-04-06 23:52:36,595:INFO:Features encoded: ['subtleties_awareness', 'overwhelemed_awareness', 'stimuli_awareness', 'sex', 'clothing']
2021-04-06 23:52:36,595:INFO:Finding Cohorts ...
2021-04-06 23:52:36,596:INFO:Finding cohorts using: sex
2021-04-06 23:52:36,598:INFO:Training Cohort models ...
2021-04-06 23:55:22,502:INFO:Cohort assignation ...
2021-04-06 23:55:22,502:INFO:Matching via sex
2021-04-06 23:55:22,503:INFO:Cohort evaluation ...
2021-04-06 23:55:22,610:INFO:Baseline holistic ...
2021-04-06 23:57:13,400:INFO:Baseline pcm ...
2021-04-06 23:57:13,400:INFO:Loading precomputed pcm ...
2021-04-06 23:57:13,534:INFO:########## Finished iteration 46 ##########
2021-04-06 23:57:13,534:INFO:########## Iteration 47 ##########
2021-04-06 23:57:13,534:INFO:Loading datasets ...
2021-04-06 23:57:13,880:INFO:Test users: ['dorn20', 'dorn17', 'dorn7', 'dorn14']
2021-04-06 23:57:13,880:INFO:Features encoded: ['subtleties_awareness', 'overwhelemed_awareness', 'stimuli_awareness', 'sex', 'clothing']
2021-04-06 23:57:13,881:INFO:Finding Cohorts ...
2021-04-06 23:57:13,881:INFO:Finding cohorts using: sex
2021-04-06 23:57:13,884:INFO:Training Cohort models ...
2021-04-06 23:59:43,087:INFO:Cohort assignation ...
2021-04-06 23:59:43,087:INFO:Matching via sex
2021-04-06 23:59:43,088:INFO:Cohort evaluation ...
2021-04-06 23:59:43,150:INFO:Baseline holistic ...
2021-04-07 00:02:17,999:INFO:Baseline pcm ...
2021-04-07 00:02:17,999:INFO:Loading precomputed pcm ...
2021-04-07 00:02:18,133:INFO:########## Finished iteration 47 ##########
2021-04-07 00:02:18,133:INFO:########## Iteration 48 ##########
2021-04-07 00:02:18,134:INFO:Loading datasets ...
2021-04-07 00:02:18,483:INFO:Test users: ['dorn1', 'dorn14', 'dorn9', 'dorn19']
2021-04-07 00:02:18,484:INFO:Features encoded: ['subtleties_awareness', 'overwhelemed_awareness', 'stimuli_awareness', 'sex', 'clothing']
2021-04-07 00:02:18,484:INFO:Finding Cohorts ...
2021-04-07 00:02:18,484:INFO:Finding cohorts using: sex
2021-04-07 00:02:18,486:INFO:Training Cohort models ...
2021-04-07 00:05:05,297:INFO:Cohort assignation ...
2021-04-07 00:05:05,297:INFO:Matching via sex
2021-04-07 00:05:05,298:INFO:Cohort evaluation ...
2021-04-07 00:05:05,391:INFO:Baseline holistic ...
2021-04-07 00:07:19,254:INFO:Baseline pcm ...
2021-04-07 00:07:19,254:INFO:Loading precomputed pcm ...
2021-04-07 00:07:19,390:INFO:########## Finished iteration 48 ##########
2021-04-07 00:07:19,390:INFO:########## Iteration 49 ##########
2021-04-07 00:07:19,390:INFO:Loading datasets ...
2021-04-07 00:07:19,734:INFO:Test users: ['dorn13', 'dorn14', 'dorn1', 'dorn17']
2021-04-07 00:07:19,734:INFO:Features encoded: ['subtleties_awareness', 'overwhelemed_awareness', 'stimuli_awareness', 'sex', 'clothing']
2021-04-07 00:07:19,734:INFO:Finding Cohorts ...
2021-04-07 00:07:19,735:INFO:Finding cohorts using: sex
2021-04-07 00:07:19,737:INFO:Training Cohort models ...
2021-04-07 00:10:05,731:INFO:Cohort assignation ...
2021-04-07 00:10:05,731:INFO:Matching via sex
2021-04-07 00:10:05,732:INFO:Cohort evaluation ...
2021-04-07 00:10:05,841:INFO:Baseline holistic ...
2021-04-07 00:12:19,527:INFO:Baseline pcm ...
2021-04-07 00:12:19,527:INFO:Loading precomputed pcm ...
2021-04-07 00:12:19,662:INFO:########## Finished iteration 49 ##########
2021-04-07 00:12:19,662:INFO:########## Iteration 50 ##########
2021-04-07 00:12:19,662:INFO:Loading datasets ...
2021-04-07 00:12:20,010:INFO:Test users: ['dorn17', 'dorn12', 'dorn16', 'dorn1']
2021-04-07 00:12:20,010:INFO:Features encoded: ['subtleties_awareness', 'overwhelemed_awareness', 'stimuli_awareness', 'sex', 'clothing']
2021-04-07 00:12:20,010:INFO:Finding Cohorts ...
2021-04-07 00:12:20,011:INFO:Finding cohorts using: sex
2021-04-07 00:12:20,013:INFO:Training Cohort models ...
2021-04-07 00:15:40,551:INFO:Cohort assignation ...
2021-04-07 00:15:40,551:INFO:Matching via sex
2021-04-07 00:15:40,552:INFO:Cohort evaluation ...
2021-04-07 00:15:40,709:INFO:Baseline holistic ...
2021-04-07 00:17:54,085:INFO:Baseline pcm ...
2021-04-07 00:17:54,085:INFO:Loading precomputed pcm ...
2021-04-07 00:17:54,284:INFO:########## Finished iteration 50 ##########
2021-04-07 00:17:54,284:INFO:########## Iteration 51 ##########
2021-04-07 00:17:54,284:INFO:Loading datasets ...
2021-04-07 00:17:54,625:INFO:Test users: ['dorn9', 'dorn19', 'dorn5', 'dorn15']
2021-04-07 00:17:54,625:INFO:Features encoded: ['subtleties_awareness', 'overwhelemed_awareness', 'stimuli_awareness', 'sex', 'clothing']
2021-04-07 00:17:54,626:INFO:Finding Cohorts ...
2021-04-07 00:17:54,627:INFO:Finding cohorts using: sex
2021-04-07 00:17:54,629:INFO:Training Cohort models ...
2021-04-07 00:20:56,087:INFO:Cohort assignation ...
2021-04-07 00:20:56,087:INFO:Matching via sex
2021-04-07 00:20:56,088:INFO:Cohort evaluation ...
2021-04-07 00:20:56,243:INFO:Baseline holistic ...
2021-04-07 00:22:45,108:INFO:Baseline pcm ...
2021-04-07 00:22:45,108:INFO:Loading precomputed pcm ...
2021-04-07 00:22:45,241:INFO:########## Finished iteration 51 ##########
2021-04-07 00:22:45,241:INFO:########## Iteration 52 ##########
2021-04-07 00:22:45,241:INFO:Loading datasets ...
2021-04-07 00:22:45,587:INFO:Test users: ['dorn7', 'dorn15', 'dorn16', 'dorn5']
2021-04-07 00:22:45,588:INFO:Features encoded: ['subtleties_awareness', 'overwhelemed_awareness', 'stimuli_awareness', 'sex', 'clothing']
2021-04-07 00:22:45,588:INFO:Finding Cohorts ...
2021-04-07 00:22:45,589:INFO:Finding cohorts using: sex
2021-04-07 00:22:45,591:INFO:Training Cohort models ...
2021-04-07 00:25:46,576:INFO:Cohort assignation ...
2021-04-07 00:25:46,576:INFO:Matching via sex
2021-04-07 00:25:46,577:INFO:Cohort evaluation ...
2021-04-07 00:25:46,736:INFO:Baseline holistic ...
2021-04-07 00:28:19,362:INFO:Baseline pcm ...
2021-04-07 00:28:19,362:INFO:Loading precomputed pcm ...
2021-04-07 00:28:19,496:INFO:########## Finished iteration 52 ##########
2021-04-07 00:28:19,496:INFO:########## Iteration 53 ##########
2021-04-07 00:28:19,496:INFO:Loading datasets ...
2021-04-07 00:28:19,841:INFO:Test users: ['dorn10', 'dorn11', 'dorn14', 'dorn1']
2021-04-07 00:28:19,841:INFO:Features encoded: ['subtleties_awareness', 'overwhelemed_awareness', 'stimuli_awareness', 'sex', 'clothing']
2021-04-07 00:28:19,841:INFO:Finding Cohorts ...
2021-04-07 00:28:19,842:INFO:Finding cohorts using: sex
2021-04-07 00:28:19,845:INFO:Training Cohort models ...
2021-04-07 00:31:27,061:INFO:Cohort assignation ...
2021-04-07 00:31:27,061:INFO:Matching via sex
2021-04-07 00:31:27,062:INFO:Cohort evaluation ...
2021-04-07 00:31:27,159:INFO:Baseline holistic ...
2021-04-07 00:33:19,064:INFO:Baseline pcm ...
2021-04-07 00:33:19,064:INFO:Loading precomputed pcm ...
2021-04-07 00:33:19,200:INFO:########## Finished iteration 53 ##########
2021-04-07 00:33:19,200:INFO:########## Iteration 54 ##########
2021-04-07 00:33:19,200:INFO:Loading datasets ...
2021-04-07 00:33:19,546:INFO:Test users: ['dorn19', 'dorn5', 'dorn4', 'dorn13']
2021-04-07 00:33:19,546:INFO:Features encoded: ['subtleties_awareness', 'overwhelemed_awareness', 'stimuli_awareness', 'sex', 'clothing']
2021-04-07 00:33:19,546:INFO:Finding Cohorts ...
2021-04-07 00:33:19,547:INFO:Finding cohorts using: sex
2021-04-07 00:33:19,549:INFO:Training Cohort models ...
2021-04-07 00:36:37,336:INFO:Cohort assignation ...
2021-04-07 00:36:37,336:INFO:Matching via sex
2021-04-07 00:36:37,337:INFO:Cohort evaluation ...
2021-04-07 00:36:37,491:INFO:Baseline holistic ...
2021-04-07 00:38:48,857:INFO:Baseline pcm ...
2021-04-07 00:38:48,857:INFO:Loading precomputed pcm ...
2021-04-07 00:38:49,056:INFO:########## Finished iteration 54 ##########
2021-04-07 00:38:49,057:INFO:########## Iteration 55 ##########
2021-04-07 00:38:49,057:INFO:Loading datasets ...
2021-04-07 00:38:49,402:INFO:Test users: ['dorn5', 'dorn18', 'dorn15', 'dorn9']
2021-04-07 00:38:49,402:INFO:Features encoded: ['subtleties_awareness', 'overwhelemed_awareness', 'stimuli_awareness', 'sex', 'clothing']
2021-04-07 00:38:49,403:INFO:Finding Cohorts ...
2021-04-07 00:38:49,404:INFO:Finding cohorts using: sex
2021-04-07 00:38:49,406:INFO:Training Cohort models ...
2021-04-07 00:42:09,909:INFO:Cohort assignation ...
2021-04-07 00:42:09,909:INFO:Matching via sex
2021-04-07 00:42:09,910:INFO:Cohort evaluation ...
2021-04-07 00:42:10,047:INFO:Baseline holistic ...
2021-04-07 00:43:59,421:INFO:Baseline pcm ...
2021-04-07 00:43:59,421:INFO:Loading precomputed pcm ...
2021-04-07 00:43:59,556:INFO:########## Finished iteration 55 ##########
2021-04-07 00:43:59,556:INFO:########## Iteration 56 ##########
2021-04-07 00:43:59,556:INFO:Loading datasets ...
2021-04-07 00:43:59,899:INFO:Test users: ['dorn8', 'dorn9', 'dorn10', 'dorn18']
2021-04-07 00:43:59,900:INFO:Features encoded: ['subtleties_awareness', 'overwhelemed_awareness', 'stimuli_awareness', 'sex', 'clothing']
2021-04-07 00:43:59,900:INFO:Finding Cohorts ...
2021-04-07 00:43:59,901:INFO:Finding cohorts using: sex
2021-04-07 00:43:59,904:INFO:Training Cohort models ...
2021-04-07 00:47:36,604:INFO:Cohort assignation ...
2021-04-07 00:47:36,604:INFO:Matching via sex
2021-04-07 00:47:36,605:INFO:Cohort evaluation ...
2021-04-07 00:47:36,792:INFO:Baseline holistic ...
2021-04-07 00:49:27,151:INFO:Baseline pcm ...
2021-04-07 00:49:27,151:INFO:Loading precomputed pcm ...
2021-04-07 00:49:27,350:INFO:########## Finished iteration 56 ##########
2021-04-07 00:49:27,350:INFO:########## Iteration 57 ##########
2021-04-07 00:49:27,350:INFO:Loading datasets ...
2021-04-07 00:49:27,696:INFO:Test users: ['dorn14', 'dorn17', 'dorn16', 'dorn8']
2021-04-07 00:49:27,697:INFO:Features encoded: ['subtleties_awareness', 'overwhelemed_awareness', 'stimuli_awareness', 'sex', 'clothing']
2021-04-07 00:49:27,697:INFO:Finding Cohorts ...
2021-04-07 00:49:27,698:INFO:Finding cohorts using: sex
2021-04-07 00:49:27,701:INFO:Training Cohort models ...
2021-04-07 00:51:58,254:INFO:Cohort assignation ...
2021-04-07 00:51:58,254:INFO:Matching via sex
2021-04-07 00:51:58,255:INFO:Cohort evaluation ...
2021-04-07 00:51:58,318:INFO:Baseline holistic ...
2021-04-07 00:53:49,452:INFO:Baseline pcm ...
2021-04-07 00:53:49,452:INFO:Loading precomputed pcm ...
2021-04-07 00:53:49,588:INFO:########## Finished iteration 57 ##########
2021-04-07 00:53:49,588:INFO:########## Iteration 58 ##########
2021-04-07 00:53:49,588:INFO:Loading datasets ...
2021-04-07 00:53:49,935:INFO:Test users: ['dorn11', 'dorn20', 'dorn6', 'dorn19']
2021-04-07 00:53:49,935:INFO:Features encoded: ['subtleties_awareness', 'overwhelemed_awareness', 'stimuli_awareness', 'sex', 'clothing']
2021-04-07 00:53:49,935:INFO:Finding Cohorts ...
2021-04-07 00:53:49,935:INFO:Finding cohorts using: sex
2021-04-07 00:53:49,937:INFO:Training Cohort models ...
2021-04-07 00:57:26,148:INFO:Cohort assignation ...
2021-04-07 00:57:26,148:INFO:Matching via sex
2021-04-07 00:57:26,149:INFO:Cohort evaluation ...
2021-04-07 00:57:26,336:INFO:Baseline holistic ...
2021-04-07 00:59:15,509:INFO:Baseline pcm ...
2021-04-07 00:59:15,509:INFO:Loading precomputed pcm ...
2021-04-07 00:59:15,707:INFO:########## Finished iteration 58 ##########
2021-04-07 00:59:15,707:INFO:########## Iteration 59 ##########
2021-04-07 00:59:15,707:INFO:Loading datasets ...
2021-04-07 00:59:16,053:INFO:Test users: ['dorn11', 'dorn9', 'dorn18', 'dorn4']
2021-04-07 00:59:16,053:INFO:Features encoded: ['subtleties_awareness', 'overwhelemed_awareness', 'stimuli_awareness', 'sex', 'clothing']
2021-04-07 00:59:16,053:INFO:Finding Cohorts ...
2021-04-07 00:59:16,055:INFO:Finding cohorts using: sex
2021-04-07 00:59:16,057:INFO:Training Cohort models ...
2021-04-07 01:01:45,235:INFO:Cohort assignation ...
2021-04-07 01:01:45,235:INFO:Matching via sex
2021-04-07 01:01:45,236:INFO:Cohort evaluation ...
2021-04-07 01:01:45,298:INFO:Baseline holistic ...
2021-04-07 01:03:35,047:INFO:Baseline pcm ...
2021-04-07 01:03:35,047:INFO:Loading precomputed pcm ...
2021-04-07 01:03:35,181:INFO:########## Finished iteration 59 ##########
2021-04-07 01:03:35,182:INFO:########## Iteration 60 ##########
2021-04-07 01:03:35,182:INFO:Loading datasets ...
2021-04-07 01:03:35,528:INFO:Test users: ['dorn10', 'dorn6', 'dorn2', 'dorn7']
2021-04-07 01:03:35,528:INFO:Features encoded: ['subtleties_awareness', 'overwhelemed_awareness', 'stimuli_awareness', 'sex', 'clothing']
2021-04-07 01:03:35,529:INFO:Finding Cohorts ...
2021-04-07 01:03:35,529:INFO:Finding cohorts using: sex
2021-04-07 01:03:35,531:INFO:Training Cohort models ...
2021-04-07 01:06:55,660:INFO:Cohort assignation ...
2021-04-07 01:06:55,660:INFO:Matching via sex
2021-04-07 01:06:55,661:INFO:Cohort evaluation ...
2021-04-07 01:06:55,802:INFO:Baseline holistic ...
2021-04-07 01:08:45,504:INFO:Baseline pcm ...
2021-04-07 01:08:45,504:INFO:Loading precomputed pcm ...
2021-04-07 01:08:45,639:INFO:########## Finished iteration 60 ##########
2021-04-07 01:08:45,639:INFO:########## Iteration 61 ##########
2021-04-07 01:08:45,639:INFO:Loading datasets ...
2021-04-07 01:08:45,983:INFO:Test users: ['dorn14', 'dorn1', 'dorn7', 'dorn15']
2021-04-07 01:08:45,983:INFO:Features encoded: ['subtleties_awareness', 'overwhelemed_awareness', 'stimuli_awareness', 'sex', 'clothing']
2021-04-07 01:08:45,983:INFO:Finding Cohorts ...
2021-04-07 01:08:45,985:INFO:Finding cohorts using: sex
2021-04-07 01:08:45,987:INFO:Training Cohort models ...
2021-04-07 01:11:48,117:INFO:Cohort assignation ...
2021-04-07 01:11:48,117:INFO:Matching via sex
2021-04-07 01:11:48,118:INFO:Cohort evaluation ...
2021-04-07 01:11:48,244:INFO:Baseline holistic ...
2021-04-07 01:13:38,073:INFO:Baseline pcm ...
2021-04-07 01:13:38,073:INFO:Loading precomputed pcm ...
2021-04-07 01:13:38,208:INFO:########## Finished iteration 61 ##########
2021-04-07 01:13:38,208:INFO:########## Iteration 62 ##########
2021-04-07 01:13:38,208:INFO:Loading datasets ...
2021-04-07 01:13:38,549:INFO:Test users: ['dorn6', 'dorn13', 'dorn16', 'dorn10']
2021-04-07 01:13:38,550:INFO:Features encoded: ['subtleties_awareness', 'overwhelemed_awareness', 'stimuli_awareness', 'sex', 'clothing']
2021-04-07 01:13:38,550:INFO:Finding Cohorts ...
2021-04-07 01:13:38,551:INFO:Finding cohorts using: sex
2021-04-07 01:13:38,553:INFO:Training Cohort models ...
2021-04-07 01:16:43,482:INFO:Cohort assignation ...
2021-04-07 01:16:43,482:INFO:Matching via sex
2021-04-07 01:16:43,483:INFO:Cohort evaluation ...
2021-04-07 01:16:43,611:INFO:Baseline holistic ...
2021-04-07 01:18:57,026:INFO:Baseline pcm ...
2021-04-07 01:18:57,026:INFO:Loading precomputed pcm ...
2021-04-07 01:18:57,160:INFO:########## Finished iteration 62 ##########
2021-04-07 01:18:57,160:INFO:########## Iteration 63 ##########
2021-04-07 01:18:57,160:INFO:Loading datasets ...
2021-04-07 01:18:57,506:INFO:Test users: ['dorn1', 'dorn10', 'dorn8', 'dorn12']
2021-04-07 01:18:57,506:INFO:Features encoded: ['subtleties_awareness', 'overwhelemed_awareness', 'stimuli_awareness', 'sex', 'clothing']
2021-04-07 01:18:57,506:INFO:Finding Cohorts ...
2021-04-07 01:18:57,507:INFO:Finding cohorts using: sex
2021-04-07 01:18:57,510:INFO:Training Cohort models ...
2021-04-07 01:22:04,487:INFO:Cohort assignation ...
2021-04-07 01:22:04,487:INFO:Matching via sex
2021-04-07 01:22:04,488:INFO:Cohort evaluation ...
2021-04-07 01:22:04,551:INFO:Baseline holistic ...
2021-04-07 01:23:55,106:INFO:Baseline pcm ...
2021-04-07 01:23:55,106:INFO:Loading precomputed pcm ...
2021-04-07 01:23:55,240:INFO:########## Finished iteration 63 ##########
2021-04-07 01:23:55,240:INFO:########## Iteration 64 ##########
2021-04-07 01:23:55,240:INFO:Loading datasets ...
2021-04-07 01:23:55,587:INFO:Test users: ['dorn13', 'dorn19', 'dorn3', 'dorn14']
2021-04-07 01:23:55,587:INFO:Features encoded: ['subtleties_awareness', 'overwhelemed_awareness', 'stimuli_awareness', 'sex', 'clothing']
2021-04-07 01:23:55,587:INFO:Finding Cohorts ...
2021-04-07 01:23:55,588:INFO:Finding cohorts using: sex
2021-04-07 01:23:55,590:INFO:Training Cohort models ...
2021-04-07 01:26:42,260:INFO:Cohort assignation ...
2021-04-07 01:26:42,261:INFO:Matching via sex
2021-04-07 01:26:42,262:INFO:Cohort evaluation ...
2021-04-07 01:26:42,339:INFO:Baseline holistic ...
2021-04-07 01:29:16,696:INFO:Baseline pcm ...
2021-04-07 01:29:16,696:INFO:Loading precomputed pcm ...
2021-04-07 01:29:16,830:INFO:########## Finished iteration 64 ##########
2021-04-07 01:29:16,830:INFO:########## Iteration 65 ##########
2021-04-07 01:29:16,830:INFO:Loading datasets ...
2021-04-07 01:29:17,176:INFO:Test users: ['dorn6', 'dorn10', 'dorn18', 'dorn4']
2021-04-07 01:29:17,176:INFO:Features encoded: ['subtleties_awareness', 'overwhelemed_awareness', 'stimuli_awareness', 'sex', 'clothing']
2021-04-07 01:29:17,176:INFO:Finding Cohorts ...
2021-04-07 01:29:17,177:INFO:Finding cohorts using: sex
2021-04-07 01:29:17,179:INFO:Training Cohort models ...
2021-04-07 01:32:19,015:INFO:Cohort assignation ...
2021-04-07 01:32:19,015:INFO:Matching via sex
2021-04-07 01:32:19,016:INFO:Cohort evaluation ...
2021-04-07 01:32:19,141:INFO:Baseline holistic ...
2021-04-07 01:34:30,310:INFO:Baseline pcm ...
2021-04-07 01:34:30,310:INFO:Loading precomputed pcm ...
2021-04-07 01:34:30,445:INFO:########## Finished iteration 65 ##########
2021-04-07 01:34:30,445:INFO:########## Iteration 66 ##########
2021-04-07 01:34:30,445:INFO:Loading datasets ...
2021-04-07 01:34:30,791:INFO:Test users: ['dorn13', 'dorn6', 'dorn9', 'dorn8']
2021-04-07 01:34:30,792:INFO:Features encoded: ['subtleties_awareness', 'overwhelemed_awareness', 'stimuli_awareness', 'sex', 'clothing']
2021-04-07 01:34:30,792:INFO:Finding Cohorts ...
2021-04-07 01:34:30,793:INFO:Finding cohorts using: sex
2021-04-07 01:34:30,795:INFO:Training Cohort models ...
2021-04-07 01:37:17,547:INFO:Cohort assignation ...
2021-04-07 01:37:17,547:INFO:Matching via sex
2021-04-07 01:37:17,548:INFO:Cohort evaluation ...
2021-04-07 01:37:17,626:INFO:Baseline holistic ...
2021-04-07 01:39:30,845:INFO:Baseline pcm ...
2021-04-07 01:39:30,845:INFO:Loading precomputed pcm ...
2021-04-07 01:39:30,980:INFO:########## Finished iteration 66 ##########
2021-04-07 01:39:30,980:INFO:########## Iteration 67 ##########
2021-04-07 01:39:30,980:INFO:Loading datasets ...
2021-04-07 01:39:31,330:INFO:Test users: ['dorn20', 'dorn11', 'dorn7', 'dorn19']
2021-04-07 01:39:31,331:INFO:Features encoded: ['subtleties_awareness', 'overwhelemed_awareness', 'stimuli_awareness', 'sex', 'clothing']
2021-04-07 01:39:31,331:INFO:Finding Cohorts ...
2021-04-07 01:39:31,331:INFO:Finding cohorts using: sex
2021-04-07 01:39:31,334:INFO:Training Cohort models ...
2021-04-07 01:42:17,228:INFO:Cohort assignation ...
2021-04-07 01:42:17,228:INFO:Matching via sex
2021-04-07 01:42:17,229:INFO:Cohort evaluation ...
2021-04-07 01:42:17,291:INFO:Baseline holistic ...
2021-04-07 01:44:06,253:INFO:Baseline pcm ...
2021-04-07 01:44:06,253:INFO:Loading precomputed pcm ...
2021-04-07 01:44:06,387:INFO:########## Finished iteration 67 ##########
2021-04-07 01:44:06,388:INFO:########## Iteration 68 ##########
2021-04-07 01:44:06,388:INFO:Loading datasets ...
2021-04-07 01:44:06,736:INFO:Test users: ['dorn7', 'dorn9', 'dorn3', 'dorn14']
2021-04-07 01:44:06,736:INFO:Features encoded: ['subtleties_awareness', 'overwhelemed_awareness', 'stimuli_awareness', 'sex', 'clothing']
2021-04-07 01:44:06,737:INFO:Finding Cohorts ...
2021-04-07 01:44:06,737:INFO:Finding cohorts using: sex
2021-04-07 01:44:06,740:INFO:Training Cohort models ...
2021-04-07 01:47:09,003:INFO:Cohort assignation ...
2021-04-07 01:47:09,003:INFO:Matching via sex
2021-04-07 01:47:09,004:INFO:Cohort evaluation ...
2021-04-07 01:47:09,130:INFO:Baseline holistic ...
2021-04-07 01:48:57,781:INFO:Baseline pcm ...
2021-04-07 01:48:57,781:INFO:Loading precomputed pcm ...
2021-04-07 01:48:57,916:INFO:########## Finished iteration 68 ##########
2021-04-07 01:48:57,916:INFO:########## Iteration 69 ##########
2021-04-07 01:48:57,916:INFO:Loading datasets ...
2021-04-07 01:48:58,263:INFO:Test users: ['dorn5', 'dorn13', 'dorn9', 'dorn18']
2021-04-07 01:48:58,263:INFO:Features encoded: ['subtleties_awareness', 'overwhelemed_awareness', 'stimuli_awareness', 'sex', 'clothing']
2021-04-07 01:48:58,263:INFO:Finding Cohorts ...
2021-04-07 01:48:58,264:INFO:Finding cohorts using: sex
2021-04-07 01:48:58,266:INFO:Training Cohort models ...
2021-04-07 01:52:17,307:INFO:Cohort assignation ...
2021-04-07 01:52:17,307:INFO:Matching via sex
2021-04-07 01:52:17,308:INFO:Cohort evaluation ...
2021-04-07 01:52:17,464:INFO:Baseline holistic ...
2021-04-07 01:54:29,148:INFO:Baseline pcm ...
2021-04-07 01:54:29,148:INFO:Loading precomputed pcm ...
2021-04-07 01:54:29,347:INFO:########## Finished iteration 69 ##########
2021-04-07 01:54:29,347:INFO:########## Iteration 70 ##########
2021-04-07 01:54:29,348:INFO:Loading datasets ...
2021-04-07 01:54:29,696:INFO:Test users: ['dorn2', 'dorn3', 'dorn13', 'dorn12']
2021-04-07 01:54:29,696:INFO:Features encoded: ['subtleties_awareness', 'overwhelemed_awareness', 'stimuli_awareness', 'sex', 'clothing']
2021-04-07 01:54:29,696:INFO:Finding Cohorts ...
2021-04-07 01:54:29,697:INFO:Finding cohorts using: sex
2021-04-07 01:54:29,700:INFO:Training Cohort models ...
2021-04-07 01:57:28,497:INFO:Cohort assignation ...
2021-04-07 01:57:28,497:INFO:Matching via sex
2021-04-07 01:57:28,498:INFO:Cohort evaluation ...
2021-04-07 01:57:28,681:INFO:Baseline holistic ...
2021-04-07 01:59:39,514:INFO:Baseline pcm ...
2021-04-07 01:59:39,514:INFO:Loading precomputed pcm ...
2021-04-07 01:59:39,649:INFO:########## Finished iteration 70 ##########
2021-04-07 01:59:39,649:INFO:########## Iteration 71 ##########
2021-04-07 01:59:39,650:INFO:Loading datasets ...
2021-04-07 01:59:39,992:INFO:Test users: ['dorn20', 'dorn13', 'dorn15', 'dorn14']
2021-04-07 01:59:39,993:INFO:Features encoded: ['subtleties_awareness', 'overwhelemed_awareness', 'stimuli_awareness', 'sex', 'clothing']
2021-04-07 01:59:39,993:INFO:Finding Cohorts ...
2021-04-07 01:59:39,994:INFO:Finding cohorts using: sex
2021-04-07 01:59:39,996:INFO:Training Cohort models ...
2021-04-07 02:02:26,360:INFO:Cohort assignation ...
2021-04-07 02:02:26,360:INFO:Matching via sex
2021-04-07 02:02:26,361:INFO:Cohort evaluation ...
2021-04-07 02:02:26,456:INFO:Baseline holistic ...
2021-04-07 02:05:02,118:INFO:Baseline pcm ...
2021-04-07 02:05:02,118:INFO:Loading precomputed pcm ...
2021-04-07 02:05:02,253:INFO:########## Finished iteration 71 ##########
2021-04-07 02:05:02,254:INFO:########## Iteration 72 ##########
2021-04-07 02:05:02,254:INFO:Loading datasets ...
2021-04-07 02:05:02,603:INFO:Test users: ['dorn5', 'dorn1', 'dorn2', 'dorn9']
2021-04-07 02:05:02,603:INFO:Features encoded: ['subtleties_awareness', 'overwhelemed_awareness', 'stimuli_awareness', 'sex', 'clothing']
2021-04-07 02:05:02,604:INFO:Finding Cohorts ...
2021-04-07 02:05:02,604:INFO:Finding cohorts using: sex
2021-04-07 02:05:02,606:INFO:Training Cohort models ...
2021-04-07 02:08:22,450:INFO:Cohort assignation ...
2021-04-07 02:08:22,450:INFO:Matching via sex
2021-04-07 02:08:22,451:INFO:Cohort evaluation ...
2021-04-07 02:08:22,621:INFO:Baseline holistic ...
2021-04-07 02:10:58,941:INFO:Baseline pcm ...
2021-04-07 02:10:58,941:INFO:Loading precomputed pcm ...
2021-04-07 02:10:59,078:INFO:########## Finished iteration 72 ##########
2021-04-07 02:10:59,078:INFO:########## Iteration 73 ##########
2021-04-07 02:10:59,078:INFO:Loading datasets ...
2021-04-07 02:10:59,427:INFO:Test users: ['dorn3', 'dorn6', 'dorn15', 'dorn19']
2021-04-07 02:10:59,428:INFO:Features encoded: ['subtleties_awareness', 'overwhelemed_awareness', 'stimuli_awareness', 'sex', 'clothing']
2021-04-07 02:10:59,428:INFO:Finding Cohorts ...
2021-04-07 02:10:59,429:INFO:Finding cohorts using: sex
2021-04-07 02:10:59,431:INFO:Training Cohort models ...
2021-04-07 02:14:00,307:INFO:Cohort assignation ...
2021-04-07 02:14:00,307:INFO:Matching via sex
2021-04-07 02:14:00,308:INFO:Cohort evaluation ...
2021-04-07 02:14:00,432:INFO:Baseline holistic ...
2021-04-07 02:16:34,455:INFO:Baseline pcm ...
2021-04-07 02:16:34,455:INFO:Loading precomputed pcm ...
2021-04-07 02:16:34,654:INFO:########## Finished iteration 73 ##########
2021-04-07 02:16:34,655:INFO:########## Iteration 74 ##########
2021-04-07 02:16:34,655:INFO:Loading datasets ...
2021-04-07 02:16:35,001:INFO:Test users: ['dorn3', 'dorn16', 'dorn19', 'dorn9']
2021-04-07 02:16:35,001:INFO:Features encoded: ['subtleties_awareness', 'overwhelemed_awareness', 'stimuli_awareness', 'sex', 'clothing']
2021-04-07 02:16:35,001:INFO:Finding Cohorts ...
2021-04-07 02:16:35,003:INFO:Finding cohorts using: sex
2021-04-07 02:16:35,005:INFO:Training Cohort models ...
2021-04-07 02:19:23,157:INFO:Cohort assignation ...
2021-04-07 02:19:23,157:INFO:Matching via sex
2021-04-07 02:19:23,158:INFO:Cohort evaluation ...
2021-04-07 02:19:23,238:INFO:Baseline holistic ...
2021-04-07 02:21:13,149:INFO:Baseline pcm ...
2021-04-07 02:21:13,149:INFO:Loading precomputed pcm ...
2021-04-07 02:21:13,284:INFO:########## Finished iteration 74 ##########
2021-04-07 02:21:13,285:INFO:########## Iteration 75 ##########
2021-04-07 02:21:13,285:INFO:Loading datasets ...
2021-04-07 02:21:13,633:INFO:Test users: ['dorn18', 'dorn10', 'dorn20', 'dorn17']
2021-04-07 02:21:13,634:INFO:Features encoded: ['subtleties_awareness', 'overwhelemed_awareness', 'stimuli_awareness', 'sex', 'clothing']
2021-04-07 02:21:13,634:INFO:Finding Cohorts ...
2021-04-07 02:21:13,634:INFO:Finding cohorts using: sex
2021-04-07 02:21:13,636:INFO:Training Cohort models ...
2021-04-07 02:24:19,397:INFO:Cohort assignation ...
2021-04-07 02:24:19,397:INFO:Matching via sex
2021-04-07 02:24:19,398:INFO:Cohort evaluation ...
2021-04-07 02:24:19,492:INFO:Baseline holistic ...
2021-04-07 02:26:31,572:INFO:Baseline pcm ...
2021-04-07 02:26:31,572:INFO:Loading precomputed pcm ...
2021-04-07 02:26:31,707:INFO:########## Finished iteration 75 ##########
2021-04-07 02:26:31,708:INFO:########## Iteration 76 ##########
2021-04-07 02:26:31,708:INFO:Loading datasets ...
2021-04-07 02:26:32,057:INFO:Test users: ['dorn4', 'dorn11', 'dorn15', 'dorn17']
2021-04-07 02:26:32,057:INFO:Features encoded: ['subtleties_awareness', 'overwhelemed_awareness', 'stimuli_awareness', 'sex', 'clothing']
2021-04-07 02:26:32,057:INFO:Finding Cohorts ...
2021-04-07 02:26:32,058:INFO:Finding cohorts using: sex
2021-04-07 02:26:32,061:INFO:Training Cohort models ...
2021-04-07 02:29:15,475:INFO:Cohort assignation ...
2021-04-07 02:29:15,475:INFO:Matching via sex
2021-04-07 02:29:15,476:INFO:Cohort evaluation ...
2021-04-07 02:29:15,600:INFO:Baseline holistic ...
2021-04-07 02:31:26,572:INFO:Baseline pcm ...
2021-04-07 02:31:26,572:INFO:Loading precomputed pcm ...
2021-04-07 02:31:26,706:INFO:########## Finished iteration 76 ##########
2021-04-07 02:31:26,707:INFO:########## Iteration 77 ##########
2021-04-07 02:31:26,707:INFO:Loading datasets ...
2021-04-07 02:31:27,055:INFO:Test users: ['dorn6', 'dorn11', 'dorn5', 'dorn20']
2021-04-07 02:31:27,055:INFO:Features encoded: ['subtleties_awareness', 'overwhelemed_awareness', 'stimuli_awareness', 'sex', 'clothing']
2021-04-07 02:31:27,055:INFO:Finding Cohorts ...
2021-04-07 02:31:27,056:INFO:Finding cohorts using: sex
2021-04-07 02:31:27,058:INFO:Training Cohort models ...
2021-04-07 02:34:12,830:INFO:Cohort assignation ...
2021-04-07 02:34:12,830:INFO:Matching via sex
2021-04-07 02:34:12,831:INFO:Cohort evaluation ...
2021-04-07 02:34:12,926:INFO:Baseline holistic ...
2021-04-07 02:36:24,982:INFO:Baseline pcm ...
2021-04-07 02:36:24,982:INFO:Loading precomputed pcm ...
2021-04-07 02:36:25,116:INFO:########## Finished iteration 77 ##########
2021-04-07 02:36:25,116:INFO:########## Iteration 78 ##########
2021-04-07 02:36:25,117:INFO:Loading datasets ...
2021-04-07 02:36:25,462:INFO:Test users: ['dorn3', 'dorn8', 'dorn9', 'dorn2']
2021-04-07 02:36:25,462:INFO:Features encoded: ['subtleties_awareness', 'overwhelemed_awareness', 'stimuli_awareness', 'sex', 'clothing']
2021-04-07 02:36:25,462:INFO:Finding Cohorts ...
2021-04-07 02:36:25,463:INFO:Finding cohorts using: sex
2021-04-07 02:36:25,465:INFO:Training Cohort models ...
2021-04-07 02:38:54,618:INFO:Cohort assignation ...
2021-04-07 02:38:54,618:INFO:Matching via sex
2021-04-07 02:38:54,619:INFO:Cohort evaluation ...
2021-04-07 02:38:54,682:INFO:Baseline holistic ...
2021-04-07 02:41:05,827:INFO:Baseline pcm ...
2021-04-07 02:41:05,827:INFO:Loading precomputed pcm ...
2021-04-07 02:41:05,960:INFO:########## Finished iteration 78 ##########
2021-04-07 02:41:05,961:INFO:########## Iteration 79 ##########
2021-04-07 02:41:05,961:INFO:Loading datasets ...
2021-04-07 02:41:06,309:INFO:Test users: ['dorn10', 'dorn13', 'dorn19', 'dorn5']
2021-04-07 02:41:06,310:INFO:Features encoded: ['subtleties_awareness', 'overwhelemed_awareness', 'stimuli_awareness', 'sex', 'clothing']
2021-04-07 02:41:06,310:INFO:Finding Cohorts ...
2021-04-07 02:41:06,310:INFO:Finding cohorts using: sex
2021-04-07 02:41:06,312:INFO:Training Cohort models ...
2021-04-07 02:43:52,185:INFO:Cohort assignation ...
2021-04-07 02:43:52,185:INFO:Matching via sex
2021-04-07 02:43:52,186:INFO:Cohort evaluation ...
2021-04-07 02:43:52,295:INFO:Baseline holistic ...
2021-04-07 02:46:04,889:INFO:Baseline pcm ...
2021-04-07 02:46:04,889:INFO:Loading precomputed pcm ...
2021-04-07 02:46:05,024:INFO:########## Finished iteration 79 ##########
2021-04-07 02:46:05,025:INFO:########## Iteration 80 ##########
2021-04-07 02:46:05,025:INFO:Loading datasets ...
2021-04-07 02:46:05,375:INFO:Test users: ['dorn3', 'dorn12', 'dorn13', 'dorn19']
2021-04-07 02:46:05,375:INFO:Features encoded: ['subtleties_awareness', 'overwhelemed_awareness', 'stimuli_awareness', 'sex', 'clothing']
2021-04-07 02:46:05,375:INFO:Finding Cohorts ...
2021-04-07 02:46:05,376:INFO:Finding cohorts using: sex
2021-04-07 02:46:05,378:INFO:Training Cohort models ...
2021-04-07 02:49:09,146:INFO:Cohort assignation ...
2021-04-07 02:49:09,146:INFO:Matching via sex
2021-04-07 02:49:09,147:INFO:Cohort evaluation ...
2021-04-07 02:49:09,240:INFO:Baseline holistic ...
2021-04-07 02:50:58,468:INFO:Baseline pcm ...
2021-04-07 02:50:58,468:INFO:Loading precomputed pcm ...
2021-04-07 02:50:58,603:INFO:########## Finished iteration 80 ##########
2021-04-07 02:50:58,603:INFO:########## Iteration 81 ##########
2021-04-07 02:50:58,603:INFO:Loading datasets ...
2021-04-07 02:50:58,952:INFO:Test users: ['dorn10', 'dorn6', 'dorn11', 'dorn4']
2021-04-07 02:50:58,953:INFO:Features encoded: ['subtleties_awareness', 'overwhelemed_awareness', 'stimuli_awareness', 'sex', 'clothing']
2021-04-07 02:50:58,953:INFO:Finding Cohorts ...
2021-04-07 02:50:58,954:INFO:Finding cohorts using: sex
2021-04-07 02:50:58,956:INFO:Training Cohort models ...
2021-04-07 02:53:45,090:INFO:Cohort assignation ...
2021-04-07 02:53:45,090:INFO:Matching via sex
2021-04-07 02:53:45,091:INFO:Cohort evaluation ...
2021-04-07 02:53:45,186:INFO:Baseline holistic ...
2021-04-07 02:56:18,947:INFO:Baseline pcm ...
2021-04-07 02:56:18,947:INFO:Loading precomputed pcm ...
2021-04-07 02:56:19,080:INFO:########## Finished iteration 81 ##########
2021-04-07 02:56:19,080:INFO:########## Iteration 82 ##########
2021-04-07 02:56:19,080:INFO:Loading datasets ...
2021-04-07 02:56:19,429:INFO:Test users: ['dorn6', 'dorn16', 'dorn8', 'dorn7']
2021-04-07 02:56:19,430:INFO:Features encoded: ['subtleties_awareness', 'overwhelemed_awareness', 'stimuli_awareness', 'sex', 'clothing']
2021-04-07 02:56:19,430:INFO:Finding Cohorts ...
2021-04-07 02:56:19,430:INFO:Finding cohorts using: sex
2021-04-07 02:56:19,433:INFO:Training Cohort models ...
2021-04-07 02:59:37,562:INFO:Cohort assignation ...
2021-04-07 02:59:37,562:INFO:Matching via sex
2021-04-07 02:59:37,563:INFO:Cohort evaluation ...
2021-04-07 02:59:37,719:INFO:Baseline holistic ...
2021-04-07 03:02:11,958:INFO:Baseline pcm ...
2021-04-07 03:02:11,958:INFO:Loading precomputed pcm ...
2021-04-07 03:02:12,092:INFO:########## Finished iteration 82 ##########
2021-04-07 03:02:12,092:INFO:########## Iteration 83 ##########
2021-04-07 03:02:12,092:INFO:Loading datasets ...
2021-04-07 03:02:12,442:INFO:Test users: ['dorn14', 'dorn1', 'dorn13', 'dorn2']
2021-04-07 03:02:12,442:INFO:Features encoded: ['subtleties_awareness', 'overwhelemed_awareness', 'stimuli_awareness', 'sex', 'clothing']
2021-04-07 03:02:12,442:INFO:Finding Cohorts ...
2021-04-07 03:02:12,443:INFO:Finding cohorts using: sex
2021-04-07 03:02:12,446:INFO:Training Cohort models ...
2021-04-07 03:05:48,827:INFO:Cohort assignation ...
2021-04-07 03:05:48,827:INFO:Matching via sex
2021-04-07 03:05:48,828:INFO:Cohort evaluation ...
2021-04-07 03:05:49,014:INFO:Baseline holistic ...
2021-04-07 03:07:39,400:INFO:Baseline pcm ...
2021-04-07 03:07:39,400:INFO:Loading precomputed pcm ...
2021-04-07 03:07:39,601:INFO:########## Finished iteration 83 ##########
2021-04-07 03:07:39,601:INFO:########## Iteration 84 ##########
2021-04-07 03:07:39,601:INFO:Loading datasets ...
2021-04-07 03:07:39,948:INFO:Test users: ['dorn18', 'dorn19', 'dorn16', 'dorn10']
2021-04-07 03:07:39,948:INFO:Features encoded: ['subtleties_awareness', 'overwhelemed_awareness', 'stimuli_awareness', 'sex', 'clothing']
2021-04-07 03:07:39,949:INFO:Finding Cohorts ...
2021-04-07 03:07:39,950:INFO:Finding cohorts using: sex
2021-04-07 03:07:39,953:INFO:Training Cohort models ...
2021-04-07 03:10:45,411:INFO:Cohort assignation ...
2021-04-07 03:10:45,411:INFO:Matching via sex
2021-04-07 03:10:45,412:INFO:Cohort evaluation ...
2021-04-07 03:10:45,538:INFO:Baseline holistic ...
2021-04-07 03:13:22,376:INFO:Baseline pcm ...
2021-04-07 03:13:22,376:INFO:Loading precomputed pcm ...
2021-04-07 03:13:22,510:INFO:########## Finished iteration 84 ##########
2021-04-07 03:13:22,510:INFO:########## Iteration 85 ##########
2021-04-07 03:13:22,510:INFO:Loading datasets ...
2021-04-07 03:13:22,860:INFO:Test users: ['dorn8', 'dorn17', 'dorn18', 'dorn15']
2021-04-07 03:13:22,860:INFO:Features encoded: ['subtleties_awareness', 'overwhelemed_awareness', 'stimuli_awareness', 'sex', 'clothing']
2021-04-07 03:13:22,860:INFO:Finding Cohorts ...
2021-04-07 03:13:22,861:INFO:Finding cohorts using: sex
2021-04-07 03:13:22,864:INFO:Training Cohort models ...
2021-04-07 03:15:51,469:INFO:Cohort assignation ...
2021-04-07 03:15:51,469:INFO:Matching via sex
2021-04-07 03:15:51,470:INFO:Cohort evaluation ...
2021-04-07 03:15:51,533:INFO:Baseline holistic ...
2021-04-07 03:18:24,542:INFO:Baseline pcm ...
2021-04-07 03:18:24,542:INFO:Loading precomputed pcm ...
2021-04-07 03:18:24,676:INFO:########## Finished iteration 85 ##########
2021-04-07 03:18:24,677:INFO:########## Iteration 86 ##########
2021-04-07 03:18:24,677:INFO:Loading datasets ...
2021-04-07 03:18:25,025:INFO:Test users: ['dorn6', 'dorn8', 'dorn3', 'dorn20']
2021-04-07 03:18:25,025:INFO:Features encoded: ['subtleties_awareness', 'overwhelemed_awareness', 'stimuli_awareness', 'sex', 'clothing']
2021-04-07 03:18:25,025:INFO:Finding Cohorts ...
2021-04-07 03:18:25,025:INFO:Finding cohorts using: sex
2021-04-07 03:18:25,027:INFO:Training Cohort models ...
2021-04-07 03:21:44,958:INFO:Cohort assignation ...
2021-04-07 03:21:44,958:INFO:Matching via sex
2021-04-07 03:21:44,959:INFO:Cohort evaluation ...
2021-04-07 03:21:45,097:INFO:Baseline holistic ...
2021-04-07 03:23:55,165:INFO:Baseline pcm ...
2021-04-07 03:23:55,165:INFO:Loading precomputed pcm ...
2021-04-07 03:23:55,362:INFO:########## Finished iteration 86 ##########
2021-04-07 03:23:55,362:INFO:########## Iteration 87 ##########
2021-04-07 03:23:55,362:INFO:Loading datasets ...
2021-04-07 03:23:55,708:INFO:Test users: ['dorn18', 'dorn12', 'dorn17', 'dorn3']
2021-04-07 03:23:55,708:INFO:Features encoded: ['subtleties_awareness', 'overwhelemed_awareness', 'stimuli_awareness', 'sex', 'clothing']
2021-04-07 03:23:55,715:INFO:Finding Cohorts ...
2021-04-07 03:23:55,716:INFO:Finding cohorts using: sex
2021-04-07 03:23:55,719:INFO:Training Cohort models ...
2021-04-07 03:26:23,319:INFO:Cohort assignation ...
2021-04-07 03:26:23,319:INFO:Matching via sex
2021-04-07 03:26:23,320:INFO:Cohort evaluation ...
2021-04-07 03:26:23,383:INFO:Baseline holistic ...
2021-04-07 03:28:56,891:INFO:Baseline pcm ...
2021-04-07 03:28:56,891:INFO:Loading precomputed pcm ...
2021-04-07 03:28:57,027:INFO:########## Finished iteration 87 ##########
2021-04-07 03:28:57,027:INFO:########## Iteration 88 ##########
2021-04-07 03:28:57,027:INFO:Loading datasets ...
2021-04-07 03:28:57,374:INFO:Test users: ['dorn3', 'dorn19', 'dorn9', 'dorn11']
2021-04-07 03:28:57,375:INFO:Features encoded: ['subtleties_awareness', 'overwhelemed_awareness', 'stimuli_awareness', 'sex', 'clothing']
2021-04-07 03:28:57,375:INFO:Finding Cohorts ...
2021-04-07 03:28:57,375:INFO:Finding cohorts using: sex
2021-04-07 03:28:57,377:INFO:Training Cohort models ...
2021-04-07 03:31:42,451:INFO:Cohort assignation ...
2021-04-07 03:31:42,451:INFO:Matching via sex
2021-04-07 03:31:42,452:INFO:Cohort evaluation ...
2021-04-07 03:31:42,562:INFO:Baseline holistic ...
2021-04-07 03:34:15,783:INFO:Baseline pcm ...
2021-04-07 03:34:15,783:INFO:Loading precomputed pcm ...
2021-04-07 03:34:15,917:INFO:########## Finished iteration 88 ##########
2021-04-07 03:34:15,917:INFO:########## Iteration 89 ##########
2021-04-07 03:34:15,918:INFO:Loading datasets ...
2021-04-07 03:34:16,265:INFO:Test users: ['dorn9', 'dorn15', 'dorn19', 'dorn11']
2021-04-07 03:34:16,265:INFO:Features encoded: ['subtleties_awareness', 'overwhelemed_awareness', 'stimuli_awareness', 'sex', 'clothing']
2021-04-07 03:34:16,266:INFO:Finding Cohorts ...
2021-04-07 03:34:16,266:INFO:Finding cohorts using: sex
2021-04-07 03:34:16,269:INFO:Training Cohort models ...
2021-04-07 03:37:22,460:INFO:Cohort assignation ...
2021-04-07 03:37:22,460:INFO:Matching via sex
2021-04-07 03:37:22,461:INFO:Cohort evaluation ...
2021-04-07 03:37:22,524:INFO:Baseline holistic ...
2021-04-07 03:39:57,735:INFO:Baseline pcm ...
2021-04-07 03:39:57,735:INFO:Loading precomputed pcm ...
2021-04-07 03:39:57,871:INFO:########## Finished iteration 89 ##########
2021-04-07 03:39:57,871:INFO:########## Iteration 90 ##########
2021-04-07 03:39:57,871:INFO:Loading datasets ...
2021-04-07 03:39:58,221:INFO:Test users: ['dorn7', 'dorn14', 'dorn18', 'dorn19']
2021-04-07 03:39:58,222:INFO:Features encoded: ['subtleties_awareness', 'overwhelemed_awareness', 'stimuli_awareness', 'sex', 'clothing']
2021-04-07 03:39:58,222:INFO:Finding Cohorts ...
2021-04-07 03:39:58,223:INFO:Finding cohorts using: sex
2021-04-07 03:39:58,225:INFO:Training Cohort models ...
2021-04-07 03:42:26,940:INFO:Cohort assignation ...
2021-04-07 03:42:26,940:INFO:Matching via sex
2021-04-07 03:42:26,941:INFO:Cohort evaluation ...
2021-04-07 03:42:27,004:INFO:Baseline holistic ...
2021-04-07 03:44:38,850:INFO:Baseline pcm ...
2021-04-07 03:44:38,850:INFO:Loading precomputed pcm ...
2021-04-07 03:44:38,984:INFO:########## Finished iteration 90 ##########
2021-04-07 03:44:38,985:INFO:########## Iteration 91 ##########
2021-04-07 03:44:38,985:INFO:Loading datasets ...
2021-04-07 03:44:39,331:INFO:Test users: ['dorn3', 'dorn4', 'dorn16', 'dorn8']
2021-04-07 03:44:39,331:INFO:Features encoded: ['subtleties_awareness', 'overwhelemed_awareness', 'stimuli_awareness', 'sex', 'clothing']
2021-04-07 03:44:39,332:INFO:Finding Cohorts ...
2021-04-07 03:44:39,332:INFO:Finding cohorts using: sex
2021-04-07 03:44:39,334:INFO:Training Cohort models ...
2021-04-07 03:47:08,300:INFO:Cohort assignation ...
2021-04-07 03:47:08,300:INFO:Matching via sex
2021-04-07 03:47:08,301:INFO:Cohort evaluation ...
2021-04-07 03:47:08,367:INFO:Baseline holistic ...
2021-04-07 03:48:59,181:INFO:Baseline pcm ...
2021-04-07 03:48:59,181:INFO:Loading precomputed pcm ...
2021-04-07 03:48:59,316:INFO:########## Finished iteration 91 ##########
2021-04-07 03:48:59,316:INFO:########## Iteration 92 ##########
2021-04-07 03:48:59,316:INFO:Loading datasets ...
2021-04-07 03:48:59,660:INFO:Test users: ['dorn10', 'dorn8', 'dorn11', 'dorn13']
2021-04-07 03:48:59,660:INFO:Features encoded: ['subtleties_awareness', 'overwhelemed_awareness', 'stimuli_awareness', 'sex', 'clothing']
2021-04-07 03:48:59,660:INFO:Finding Cohorts ...
2021-04-07 03:48:59,661:INFO:Finding cohorts using: sex
2021-04-07 03:48:59,663:INFO:Training Cohort models ...
2021-04-07 03:51:29,576:INFO:Cohort assignation ...
2021-04-07 03:51:29,577:INFO:Matching via sex
2021-04-07 03:51:29,577:INFO:Cohort evaluation ...
2021-04-07 03:51:29,641:INFO:Baseline holistic ...
2021-04-07 03:53:18,472:INFO:Baseline pcm ...
2021-04-07 03:53:18,473:INFO:Loading precomputed pcm ...
2021-04-07 03:53:18,606:INFO:########## Finished iteration 92 ##########
2021-04-07 03:53:18,606:INFO:########## Iteration 93 ##########
2021-04-07 03:53:18,607:INFO:Loading datasets ...
2021-04-07 03:53:18,954:INFO:Test users: ['dorn16', 'dorn13', 'dorn20', 'dorn19']
2021-04-07 03:53:18,954:INFO:Features encoded: ['subtleties_awareness', 'overwhelemed_awareness', 'stimuli_awareness', 'sex', 'clothing']
2021-04-07 03:53:18,954:INFO:Finding Cohorts ...
2021-04-07 03:53:18,954:INFO:Finding cohorts using: sex
2021-04-07 03:53:18,957:INFO:Training Cohort models ...
2021-04-07 03:56:38,034:INFO:Cohort assignation ...
2021-04-07 03:56:38,034:INFO:Matching via sex
2021-04-07 03:56:38,035:INFO:Cohort evaluation ...
2021-04-07 03:56:38,209:INFO:Baseline holistic ...
2021-04-07 03:58:28,500:INFO:Baseline pcm ...
2021-04-07 03:58:28,500:INFO:Loading precomputed pcm ...
2021-04-07 03:58:28,635:INFO:########## Finished iteration 93 ##########
2021-04-07 03:58:28,636:INFO:########## Iteration 94 ##########
2021-04-07 03:58:28,636:INFO:Loading datasets ...
2021-04-07 03:58:28,982:INFO:Test users: ['dorn20', 'dorn2', 'dorn7', 'dorn12']
2021-04-07 03:58:28,982:INFO:Features encoded: ['subtleties_awareness', 'overwhelemed_awareness', 'stimuli_awareness', 'sex', 'clothing']
2021-04-07 03:58:28,983:INFO:Finding Cohorts ...
2021-04-07 03:58:28,984:INFO:Finding cohorts using: sex
2021-04-07 03:58:28,986:INFO:Training Cohort models ...
2021-04-07 04:01:47,041:INFO:Cohort assignation ...
2021-04-07 04:01:47,041:INFO:Matching via sex
2021-04-07 04:01:47,042:INFO:Cohort evaluation ...
2021-04-07 04:01:47,197:INFO:Baseline holistic ...
2021-04-07 04:03:36,554:INFO:Baseline pcm ...
2021-04-07 04:03:36,554:INFO:Loading precomputed pcm ...
2021-04-07 04:03:36,690:INFO:########## Finished iteration 94 ##########
2021-04-07 04:03:36,690:INFO:########## Iteration 95 ##########
2021-04-07 04:03:36,690:INFO:Loading datasets ...
2021-04-07 04:03:37,037:INFO:Test users: ['dorn8', 'dorn3', 'dorn15', 'dorn11']
2021-04-07 04:03:37,037:INFO:Features encoded: ['subtleties_awareness', 'overwhelemed_awareness', 'stimuli_awareness', 'sex', 'clothing']
2021-04-07 04:03:37,037:INFO:Finding Cohorts ...
2021-04-07 04:03:37,039:INFO:Finding cohorts using: sex
2021-04-07 04:03:37,041:INFO:Training Cohort models ...
2021-04-07 04:06:55,111:INFO:Cohort assignation ...
2021-04-07 04:06:55,111:INFO:Matching via sex
2021-04-07 04:06:55,112:INFO:Cohort evaluation ...
2021-04-07 04:06:55,269:INFO:Baseline holistic ...
2021-04-07 04:08:43,170:INFO:Baseline pcm ...
2021-04-07 04:08:43,170:INFO:Loading precomputed pcm ...
2021-04-07 04:08:43,304:INFO:########## Finished iteration 95 ##########
2021-04-07 04:08:43,304:INFO:########## Iteration 96 ##########
2021-04-07 04:08:43,304:INFO:Loading datasets ...
2021-04-07 04:08:43,654:INFO:Test users: ['dorn18', 'dorn2', 'dorn14', 'dorn17']
2021-04-07 04:08:43,654:INFO:Features encoded: ['subtleties_awareness', 'overwhelemed_awareness', 'stimuli_awareness', 'sex', 'clothing']
2021-04-07 04:08:43,654:INFO:Finding Cohorts ...
2021-04-07 04:08:43,655:INFO:Finding cohorts using: sex
2021-04-07 04:08:43,657:INFO:Training Cohort models ...
2021-04-07 04:11:46,476:INFO:Cohort assignation ...
2021-04-07 04:11:46,476:INFO:Matching via sex
2021-04-07 04:11:46,477:INFO:Cohort evaluation ...
2021-04-07 04:11:46,600:INFO:Baseline holistic ...
2021-04-07 04:14:22,760:INFO:Baseline pcm ...
2021-04-07 04:14:22,760:INFO:Loading precomputed pcm ...
2021-04-07 04:14:22,959:INFO:########## Finished iteration 96 ##########
2021-04-07 04:14:22,959:INFO:########## Iteration 97 ##########
2021-04-07 04:14:22,959:INFO:Loading datasets ...
2021-04-07 04:14:23,308:INFO:Test users: ['dorn1', 'dorn14', 'dorn10', 'dorn12']
2021-04-07 04:14:23,308:INFO:Features encoded: ['subtleties_awareness', 'overwhelemed_awareness', 'stimuli_awareness', 'sex', 'clothing']
2021-04-07 04:14:23,308:INFO:Finding Cohorts ...
2021-04-07 04:14:23,309:INFO:Finding cohorts using: sex
2021-04-07 04:14:23,311:INFO:Training Cohort models ...
2021-04-07 04:16:54,945:INFO:Cohort assignation ...
2021-04-07 04:16:54,946:INFO:Matching via sex
2021-04-07 04:16:54,946:INFO:Cohort evaluation ...
2021-04-07 04:16:55,010:INFO:Baseline holistic ...
2021-04-07 04:18:46,242:INFO:Baseline pcm ...
2021-04-07 04:18:46,242:INFO:Loading precomputed pcm ...
2021-04-07 04:18:46,376:INFO:########## Finished iteration 97 ##########
2021-04-07 04:18:46,377:INFO:########## Iteration 98 ##########
2021-04-07 04:18:46,377:INFO:Loading datasets ...
2021-04-07 04:18:46,722:INFO:Test users: ['dorn8', 'dorn12', 'dorn6', 'dorn13']
2021-04-07 04:18:46,723:INFO:Features encoded: ['subtleties_awareness', 'overwhelemed_awareness', 'stimuli_awareness', 'sex', 'clothing']
2021-04-07 04:18:46,723:INFO:Finding Cohorts ...
2021-04-07 04:18:46,723:INFO:Finding cohorts using: sex
2021-04-07 04:18:46,725:INFO:Training Cohort models ...
2021-04-07 04:21:33,613:INFO:Cohort assignation ...
2021-04-07 04:21:33,613:INFO:Matching via sex
2021-04-07 04:21:33,614:INFO:Cohort evaluation ...
2021-04-07 04:21:33,683:INFO:Baseline holistic ...
2021-04-07 04:23:23,035:INFO:Baseline pcm ...
2021-04-07 04:23:23,035:INFO:Loading precomputed pcm ...
2021-04-07 04:23:23,171:INFO:########## Finished iteration 98 ##########
2021-04-07 04:23:23,171:INFO:########## Iteration 99 ##########
2021-04-07 04:23:23,172:INFO:Loading datasets ...
2021-04-07 04:23:23,517:INFO:Test users: ['dorn6', 'dorn3', 'dorn12', 'dorn19']
2021-04-07 04:23:23,517:INFO:Features encoded: ['subtleties_awareness', 'overwhelemed_awareness', 'stimuli_awareness', 'sex', 'clothing']
2021-04-07 04:23:23,518:INFO:Finding Cohorts ...
2021-04-07 04:23:23,518:INFO:Finding cohorts using: sex
2021-04-07 04:23:23,520:INFO:Training Cohort models ...
2021-04-07 04:26:07,705:INFO:Cohort assignation ...
2021-04-07 04:26:07,705:INFO:Matching via sex
2021-04-07 04:26:07,706:INFO:Cohort evaluation ...
2021-04-07 04:26:07,814:INFO:Baseline holistic ...
2021-04-07 04:27:57,677:INFO:Baseline pcm ...
2021-04-07 04:27:57,677:INFO:Loading precomputed pcm ...
2021-04-07 04:27:57,811:INFO:########## Finished iteration 99 ##########
