2021-04-07 10:50:32,266:INFO:########## Iteration 0 ##########
2021-04-07 10:50:32,266:INFO:Loading datasets ...
2021-04-07 10:50:32,525:WARNING:
DeepCTR-PyTorch version 0.2.6 detected. Your version is 0.2.3.
Use `pip install -U deepctr-torch` to upgrade.Changelog: https://github.com/shenweichen/DeepCTR-Torch/releases/tag/v0.2.6
2021-04-07 10:50:32,555:INFO:Test users: ['dorn20', 'dorn5']
2021-04-07 10:50:32,555:INFO:Features encoded: ['sex', 'clothing']
2021-04-07 10:50:32,555:INFO:Finding Cohorts ...
2021-04-07 10:50:32,555:INFO:Finding cohorts using: swls
2021-04-07 10:50:32,557:INFO:Training Cohort models ...
2021-04-07 10:52:48,590:INFO:Cohort assignation ...
2021-04-07 10:52:48,590:INFO:Matching via swls
2021-04-07 10:52:48,591:INFO:Cohort evaluation ...
2021-04-07 10:52:48,652:INFO:Baseline holistic ...
2021-04-07 10:54:33,464:INFO:Baseline pcm ...
2021-04-07 10:54:33,464:INFO:Loading precomputed pcm ...
2021-04-07 10:54:33,659:INFO:########## Finished iteration 0 ##########
2021-04-07 10:54:33,659:INFO:########## Iteration 1 ##########
2021-04-07 10:54:33,659:INFO:Loading datasets ...
2021-04-07 10:54:33,956:INFO:Test users: ['dorn17', 'dorn14']
2021-04-07 10:54:33,956:INFO:Features encoded: ['sex', 'clothing']
2021-04-07 10:54:33,956:INFO:Finding Cohorts ...
2021-04-07 10:54:33,957:INFO:Finding cohorts using: swls
2021-04-07 10:54:33,958:INFO:Training Cohort models ...
2021-04-07 10:56:54,814:INFO:Cohort assignation ...
2021-04-07 10:56:54,815:INFO:Matching via swls
2021-04-07 10:56:54,815:INFO:Cohort evaluation ...
2021-04-07 10:56:54,877:INFO:Baseline holistic ...
2021-04-07 10:58:08,614:INFO:Baseline pcm ...
2021-04-07 10:58:08,614:INFO:Loading precomputed pcm ...
2021-04-07 10:58:08,751:INFO:########## Finished iteration 1 ##########
2021-04-07 10:58:08,751:INFO:########## Iteration 2 ##########
2021-04-07 10:58:08,751:INFO:Loading datasets ...
2021-04-07 10:58:09,051:INFO:Test users: ['dorn7', 'dorn5']
2021-04-07 10:58:09,051:INFO:Features encoded: ['sex', 'clothing']
2021-04-07 10:58:09,051:INFO:Finding Cohorts ...
2021-04-07 10:58:09,052:INFO:Finding cohorts using: swls
2021-04-07 10:58:09,054:INFO:Training Cohort models ...
2021-04-07 11:00:54,749:INFO:Cohort assignation ...
2021-04-07 11:00:54,749:INFO:Matching via swls
2021-04-07 11:00:54,750:INFO:Cohort evaluation ...
2021-04-07 11:00:54,840:INFO:Baseline holistic ...
2021-04-07 11:02:23,446:INFO:Baseline pcm ...
2021-04-07 11:02:23,446:INFO:Loading precomputed pcm ...
2021-04-07 11:02:23,583:INFO:########## Finished iteration 2 ##########
2021-04-07 11:02:23,584:INFO:########## Iteration 3 ##########
2021-04-07 11:02:23,584:INFO:Loading datasets ...
2021-04-07 11:02:23,886:INFO:Test users: ['dorn7', 'dorn20']
2021-04-07 11:02:23,886:INFO:Features encoded: ['sex', 'clothing']
2021-04-07 11:02:23,886:INFO:Finding Cohorts ...
2021-04-07 11:02:23,888:INFO:Finding cohorts using: swls
2021-04-07 11:02:23,890:INFO:Training Cohort models ...
2021-04-07 11:04:43,505:INFO:Cohort assignation ...
2021-04-07 11:04:43,505:INFO:Matching via swls
2021-04-07 11:04:43,505:INFO:Cohort evaluation ...
2021-04-07 11:04:43,568:INFO:Baseline holistic ...
2021-04-07 11:05:56,784:INFO:Baseline pcm ...
2021-04-07 11:05:56,784:INFO:Loading precomputed pcm ...
2021-04-07 11:05:56,921:INFO:########## Finished iteration 3 ##########
2021-04-07 11:05:56,921:INFO:########## Iteration 4 ##########
2021-04-07 11:05:56,921:INFO:Loading datasets ...
2021-04-07 11:05:57,221:INFO:Test users: ['dorn12', 'dorn18']
2021-04-07 11:05:57,221:INFO:Features encoded: ['sex', 'clothing']
2021-04-07 11:05:57,221:INFO:Finding Cohorts ...
2021-04-07 11:05:57,222:INFO:Finding cohorts using: swls
2021-04-07 11:05:57,224:INFO:Training Cohort models ...
2021-04-07 11:08:30,916:INFO:Cohort assignation ...
2021-04-07 11:08:30,916:INFO:Matching via swls
2021-04-07 11:08:30,917:INFO:Cohort evaluation ...
2021-04-07 11:08:31,008:INFO:Baseline holistic ...
2021-04-07 11:10:16,896:INFO:Baseline pcm ...
2021-04-07 11:10:16,896:INFO:Loading precomputed pcm ...
2021-04-07 11:10:17,033:INFO:########## Finished iteration 4 ##########
2021-04-07 11:10:17,033:INFO:########## Iteration 5 ##########
2021-04-07 11:10:17,033:INFO:Loading datasets ...
2021-04-07 11:10:17,335:INFO:Test users: ['dorn12', 'dorn17']
2021-04-07 11:10:17,336:INFO:Features encoded: ['sex', 'clothing']
2021-04-07 11:10:17,336:INFO:Finding Cohorts ...
2021-04-07 11:10:17,337:INFO:Finding cohorts using: swls
2021-04-07 11:10:17,339:INFO:Training Cohort models ...
2021-04-07 11:12:37,361:INFO:Cohort assignation ...
2021-04-07 11:12:37,361:INFO:Matching via swls
2021-04-07 11:12:37,362:INFO:Cohort evaluation ...
2021-04-07 11:12:37,423:INFO:Baseline holistic ...
2021-04-07 11:14:23,891:INFO:Baseline pcm ...
2021-04-07 11:14:23,891:INFO:Loading precomputed pcm ...
2021-04-07 11:14:24,029:INFO:########## Finished iteration 5 ##########
2021-04-07 11:14:24,029:INFO:########## Iteration 6 ##########
2021-04-07 11:14:24,029:INFO:Loading datasets ...
2021-04-07 11:14:24,333:INFO:Test users: ['dorn6', 'dorn12']
2021-04-07 11:14:24,333:INFO:Features encoded: ['sex', 'clothing']
2021-04-07 11:14:24,334:INFO:Finding Cohorts ...
2021-04-07 11:14:24,334:INFO:Finding cohorts using: swls
2021-04-07 11:14:24,337:INFO:Training Cohort models ...
2021-04-07 11:16:30,614:INFO:Cohort assignation ...
2021-04-07 11:16:30,614:INFO:Matching via swls
2021-04-07 11:16:30,615:INFO:Cohort evaluation ...
2021-04-07 11:16:30,677:INFO:Baseline holistic ...
2021-04-07 11:17:43,443:INFO:Baseline pcm ...
2021-04-07 11:17:43,443:INFO:Loading precomputed pcm ...
2021-04-07 11:17:43,580:INFO:########## Finished iteration 6 ##########
2021-04-07 11:17:43,580:INFO:########## Iteration 7 ##########
2021-04-07 11:17:43,580:INFO:Loading datasets ...
2021-04-07 11:17:43,877:INFO:Test users: ['dorn18', 'dorn5']
2021-04-07 11:17:43,877:INFO:Features encoded: ['sex', 'clothing']
2021-04-07 11:17:43,878:INFO:Finding Cohorts ...
2021-04-07 11:17:43,878:INFO:Finding cohorts using: swls
2021-04-07 11:17:43,880:INFO:Training Cohort models ...
2021-04-07 11:20:16,880:INFO:Cohort assignation ...
2021-04-07 11:20:16,881:INFO:Matching via swls
2021-04-07 11:20:16,881:INFO:Cohort evaluation ...
2021-04-07 11:20:16,958:INFO:Baseline holistic ...
2021-04-07 11:21:29,297:INFO:Baseline pcm ...
2021-04-07 11:21:29,297:INFO:Loading precomputed pcm ...
2021-04-07 11:21:29,433:INFO:########## Finished iteration 7 ##########
2021-04-07 11:21:29,434:INFO:########## Iteration 8 ##########
2021-04-07 11:21:29,434:INFO:Loading datasets ...
2021-04-07 11:21:29,735:INFO:Test users: ['dorn15', 'dorn6']
2021-04-07 11:21:29,735:INFO:Features encoded: ['sex', 'clothing']
2021-04-07 11:21:29,735:INFO:Finding Cohorts ...
2021-04-07 11:21:29,736:INFO:Finding cohorts using: swls
2021-04-07 11:21:29,739:INFO:Training Cohort models ...
2021-04-07 11:23:49,835:INFO:Cohort assignation ...
2021-04-07 11:23:49,835:INFO:Matching via swls
2021-04-07 11:23:49,835:INFO:Cohort evaluation ...
2021-04-07 11:23:49,898:INFO:Baseline holistic ...
2021-04-07 11:25:18,788:INFO:Baseline pcm ...
2021-04-07 11:25:18,788:INFO:Loading precomputed pcm ...
2021-04-07 11:25:18,924:INFO:########## Finished iteration 8 ##########
2021-04-07 11:25:18,925:INFO:########## Iteration 9 ##########
2021-04-07 11:25:18,925:INFO:Loading datasets ...
2021-04-07 11:25:19,228:INFO:Test users: ['dorn20', 'dorn5']
2021-04-07 11:25:19,228:INFO:Features encoded: ['sex', 'clothing']
2021-04-07 11:25:19,228:INFO:Finding Cohorts ...
2021-04-07 11:25:19,229:INFO:Finding cohorts using: swls
2021-04-07 11:25:19,231:INFO:Training Cohort models ...
2021-04-07 11:27:26,757:INFO:Cohort assignation ...
2021-04-07 11:27:26,757:INFO:Matching via swls
2021-04-07 11:27:26,758:INFO:Cohort evaluation ...
2021-04-07 11:27:26,804:INFO:Baseline holistic ...
2021-04-07 11:28:42,534:INFO:Baseline pcm ...
2021-04-07 11:28:42,540:INFO:Loading precomputed pcm ...
2021-04-07 11:28:42,684:INFO:########## Finished iteration 9 ##########
2021-04-07 11:28:42,684:INFO:########## Iteration 10 ##########
2021-04-07 11:28:42,684:INFO:Loading datasets ...
2021-04-07 11:28:42,989:INFO:Test users: ['dorn5', 'dorn12']
2021-04-07 11:28:42,990:INFO:Features encoded: ['sex', 'clothing']
2021-04-07 11:28:42,990:INFO:Finding Cohorts ...
2021-04-07 11:28:42,990:INFO:Finding cohorts using: swls
2021-04-07 11:28:42,993:INFO:Training Cohort models ...
2021-04-07 11:30:51,760:INFO:Cohort assignation ...
2021-04-07 11:30:51,760:INFO:Matching via swls
2021-04-07 11:30:51,761:INFO:Cohort evaluation ...
2021-04-07 11:30:51,808:INFO:Baseline holistic ...
2021-04-07 11:32:06,556:INFO:Baseline pcm ...
2021-04-07 11:32:06,556:INFO:Loading precomputed pcm ...
2021-04-07 11:32:06,696:INFO:########## Finished iteration 10 ##########
2021-04-07 11:32:06,696:INFO:########## Iteration 11 ##########
2021-04-07 11:32:06,696:INFO:Loading datasets ...
2021-04-07 11:32:07,004:INFO:Test users: ['dorn14', 'dorn9']
2021-04-07 11:32:07,004:INFO:Features encoded: ['sex', 'clothing']
2021-04-07 11:32:07,005:INFO:Finding Cohorts ...
2021-04-07 11:32:07,005:INFO:Finding cohorts using: swls
2021-04-07 11:32:07,007:INFO:Training Cohort models ...
2021-04-07 11:34:33,059:INFO:Cohort assignation ...
2021-04-07 11:34:33,059:INFO:Matching via swls
2021-04-07 11:34:33,059:INFO:Cohort evaluation ...
2021-04-07 11:34:33,124:INFO:Baseline holistic ...
2021-04-07 11:35:49,103:INFO:Baseline pcm ...
2021-04-07 11:35:49,103:INFO:Loading precomputed pcm ...
2021-04-07 11:35:49,242:INFO:########## Finished iteration 11 ##########
2021-04-07 11:35:49,242:INFO:########## Iteration 12 ##########
2021-04-07 11:35:49,242:INFO:Loading datasets ...
2021-04-07 11:35:49,547:INFO:Test users: ['dorn14', 'dorn18']
2021-04-07 11:35:49,547:INFO:Features encoded: ['sex', 'clothing']
2021-04-07 11:35:49,547:INFO:Finding Cohorts ...
2021-04-07 11:35:49,548:INFO:Finding cohorts using: swls
2021-04-07 11:35:49,550:INFO:Training Cohort models ...
2021-04-07 11:38:12,338:INFO:Cohort assignation ...
2021-04-07 11:38:12,338:INFO:Matching via swls
2021-04-07 11:38:12,339:INFO:Cohort evaluation ...
2021-04-07 11:38:12,401:INFO:Baseline holistic ...
2021-04-07 11:39:42,756:INFO:Baseline pcm ...
2021-04-07 11:39:42,756:INFO:Loading precomputed pcm ...
2021-04-07 11:39:42,893:INFO:########## Finished iteration 12 ##########
2021-04-07 11:39:42,893:INFO:########## Iteration 13 ##########
2021-04-07 11:39:42,893:INFO:Loading datasets ...
2021-04-07 11:39:43,196:INFO:Test users: ['dorn6', 'dorn15']
2021-04-07 11:39:43,196:INFO:Features encoded: ['sex', 'clothing']
2021-04-07 11:39:43,196:INFO:Finding Cohorts ...
2021-04-07 11:39:43,197:INFO:Finding cohorts using: swls
2021-04-07 11:39:43,199:INFO:Training Cohort models ...
2021-04-07 11:42:03,118:INFO:Cohort assignation ...
2021-04-07 11:42:03,118:INFO:Matching via swls
2021-04-07 11:42:03,118:INFO:Cohort evaluation ...
2021-04-07 11:42:03,180:INFO:Baseline holistic ...
2021-04-07 11:43:48,372:INFO:Baseline pcm ...
2021-04-07 11:43:48,372:INFO:Loading precomputed pcm ...
2021-04-07 11:43:48,509:INFO:########## Finished iteration 13 ##########
2021-04-07 11:43:48,509:INFO:########## Iteration 14 ##########
2021-04-07 11:43:48,509:INFO:Loading datasets ...
2021-04-07 11:43:48,812:INFO:Test users: ['dorn14', 'dorn7']
2021-04-07 11:43:48,812:INFO:Features encoded: ['sex', 'clothing']
2021-04-07 11:43:48,812:INFO:Finding Cohorts ...
2021-04-07 11:43:48,813:INFO:Finding cohorts using: swls
2021-04-07 11:43:48,815:INFO:Training Cohort models ...
2021-04-07 11:46:09,433:INFO:Cohort assignation ...
2021-04-07 11:46:09,433:INFO:Matching via swls
2021-04-07 11:46:09,434:INFO:Cohort evaluation ...
2021-04-07 11:46:09,497:INFO:Baseline holistic ...
2021-04-07 11:47:22,910:INFO:Baseline pcm ...
2021-04-07 11:47:22,910:INFO:Loading precomputed pcm ...
2021-04-07 11:47:23,048:INFO:########## Finished iteration 14 ##########
2021-04-07 11:47:23,049:INFO:########## Iteration 15 ##########
2021-04-07 11:47:23,049:INFO:Loading datasets ...
2021-04-07 11:47:23,347:INFO:Test users: ['dorn12', 'dorn18']
2021-04-07 11:47:23,347:INFO:Features encoded: ['sex', 'clothing']
2021-04-07 11:47:23,347:INFO:Finding Cohorts ...
2021-04-07 11:47:23,348:INFO:Finding cohorts using: swls
2021-04-07 11:47:23,350:INFO:Training Cohort models ...
2021-04-07 11:49:43,323:INFO:Cohort assignation ...
2021-04-07 11:49:43,323:INFO:Matching via swls
2021-04-07 11:49:43,323:INFO:Cohort evaluation ...
2021-04-07 11:49:43,415:INFO:Baseline holistic ...
2021-04-07 11:50:56,522:INFO:Baseline pcm ...
2021-04-07 11:50:56,522:INFO:Loading precomputed pcm ...
2021-04-07 11:50:56,658:INFO:########## Finished iteration 15 ##########
2021-04-07 11:50:56,658:INFO:########## Iteration 16 ##########
2021-04-07 11:50:56,658:INFO:Loading datasets ...
2021-04-07 11:50:56,962:INFO:Test users: ['dorn18', 'dorn6']
2021-04-07 11:50:56,962:INFO:Features encoded: ['sex', 'clothing']
2021-04-07 11:50:56,962:INFO:Finding Cohorts ...
2021-04-07 11:50:56,963:INFO:Finding cohorts using: swls
2021-04-07 11:50:56,966:INFO:Training Cohort models ...
2021-04-07 11:53:43,899:INFO:Cohort assignation ...
2021-04-07 11:53:43,899:INFO:Matching via swls
2021-04-07 11:53:43,899:INFO:Cohort evaluation ...
2021-04-07 11:53:43,992:INFO:Baseline holistic ...
2021-04-07 11:55:28,904:INFO:Baseline pcm ...
2021-04-07 11:55:28,904:INFO:Loading precomputed pcm ...
2021-04-07 11:55:29,041:INFO:########## Finished iteration 16 ##########
2021-04-07 11:55:29,041:INFO:########## Iteration 17 ##########
2021-04-07 11:55:29,041:INFO:Loading datasets ...
2021-04-07 11:55:29,341:INFO:Test users: ['dorn18', 'dorn5']
2021-04-07 11:55:29,341:INFO:Features encoded: ['sex', 'clothing']
2021-04-07 11:55:29,342:INFO:Finding Cohorts ...
2021-04-07 11:55:29,343:INFO:Finding cohorts using: swls
2021-04-07 11:55:29,345:INFO:Training Cohort models ...
2021-04-07 11:58:06,408:INFO:Cohort assignation ...
2021-04-07 11:58:06,408:INFO:Matching via swls
2021-04-07 11:58:06,409:INFO:Cohort evaluation ...
2021-04-07 11:58:06,487:INFO:Baseline holistic ...
2021-04-07 11:59:37,414:INFO:Baseline pcm ...
2021-04-07 11:59:37,414:INFO:Loading precomputed pcm ...
2021-04-07 11:59:37,618:INFO:########## Finished iteration 17 ##########
2021-04-07 11:59:37,618:INFO:########## Iteration 18 ##########
2021-04-07 11:59:37,618:INFO:Loading datasets ...
2021-04-07 11:59:37,923:INFO:Test users: ['dorn15', 'dorn5']
2021-04-07 11:59:37,924:INFO:Features encoded: ['sex', 'clothing']
2021-04-07 11:59:37,924:INFO:Finding Cohorts ...
2021-04-07 11:59:37,925:INFO:Finding cohorts using: swls
2021-04-07 11:59:37,928:INFO:Training Cohort models ...
2021-04-07 12:02:28,536:INFO:Cohort assignation ...
2021-04-07 12:02:28,536:INFO:Matching via swls
2021-04-07 12:02:28,537:INFO:Cohort evaluation ...
2021-04-07 12:02:28,629:INFO:Baseline holistic ...
2021-04-07 12:03:42,930:INFO:Baseline pcm ...
2021-04-07 12:03:42,930:INFO:Loading precomputed pcm ...
2021-04-07 12:03:43,135:INFO:########## Finished iteration 18 ##########
2021-04-07 12:03:43,135:INFO:########## Iteration 19 ##########
2021-04-07 12:03:43,135:INFO:Loading datasets ...
2021-04-07 12:03:43,440:INFO:Test users: ['dorn5', 'dorn7']
2021-04-07 12:03:43,440:INFO:Features encoded: ['sex', 'clothing']
2021-04-07 12:03:43,440:INFO:Finding Cohorts ...
2021-04-07 12:03:43,442:INFO:Finding cohorts using: swls
2021-04-07 12:03:43,445:INFO:Training Cohort models ...
2021-04-07 12:06:18,418:INFO:Cohort assignation ...
2021-04-07 12:06:18,422:INFO:Matching via swls
2021-04-07 12:06:18,445:INFO:Cohort evaluation ...
2021-04-07 12:06:18,512:INFO:Baseline holistic ...
2021-04-07 12:07:32,932:INFO:Baseline pcm ...
2021-04-07 12:07:32,932:INFO:Loading precomputed pcm ...
2021-04-07 12:07:33,637:INFO:########## Finished iteration 19 ##########
2021-04-07 12:07:33,637:INFO:########## Iteration 20 ##########
2021-04-07 12:07:33,637:INFO:Loading datasets ...
2021-04-07 12:07:33,979:INFO:Test users: ['dorn15', 'dorn17']
2021-04-07 12:07:33,979:INFO:Features encoded: ['sex', 'clothing']
2021-04-07 12:07:33,979:INFO:Finding Cohorts ...
2021-04-07 12:07:33,980:INFO:Finding cohorts using: swls
2021-04-07 12:07:33,983:INFO:Training Cohort models ...
2021-04-07 12:09:53,004:INFO:Cohort assignation ...
2021-04-07 12:09:53,004:INFO:Matching via swls
2021-04-07 12:09:53,004:INFO:Cohort evaluation ...
2021-04-07 12:09:53,064:INFO:Baseline holistic ...
2021-04-07 12:11:38,837:INFO:Baseline pcm ...
2021-04-07 12:11:38,837:INFO:Loading precomputed pcm ...
2021-04-07 12:11:38,992:INFO:########## Finished iteration 20 ##########
2021-04-07 12:11:38,992:INFO:########## Iteration 21 ##########
2021-04-07 12:11:38,993:INFO:Loading datasets ...
2021-04-07 12:11:39,296:INFO:Test users: ['dorn18', 'dorn7']
2021-04-07 12:11:39,297:INFO:Features encoded: ['sex', 'clothing']
2021-04-07 12:11:39,297:INFO:Finding Cohorts ...
2021-04-07 12:11:39,298:INFO:Finding cohorts using: swls
2021-04-07 12:11:39,300:INFO:Training Cohort models ...
2021-04-07 12:13:30,417:INFO:Cohort assignation ...
2021-04-07 12:13:30,417:INFO:Matching via swls
2021-04-07 12:13:30,417:INFO:Cohort evaluation ...
2021-04-07 12:13:30,449:INFO:Baseline holistic ...
2021-04-07 12:14:42,179:INFO:Baseline pcm ...
2021-04-07 12:14:42,179:INFO:Loading precomputed pcm ...
2021-04-07 12:14:42,317:INFO:########## Finished iteration 21 ##########
2021-04-07 12:14:42,317:INFO:########## Iteration 22 ##########
2021-04-07 12:14:42,317:INFO:Loading datasets ...
2021-04-07 12:14:42,621:INFO:Test users: ['dorn6', 'dorn9']
2021-04-07 12:14:42,621:INFO:Features encoded: ['sex', 'clothing']
2021-04-07 12:14:42,621:INFO:Finding Cohorts ...
2021-04-07 12:14:42,622:INFO:Finding cohorts using: swls
2021-04-07 12:14:42,623:INFO:Training Cohort models ...
2021-04-07 12:16:48,658:INFO:Cohort assignation ...
2021-04-07 12:16:48,658:INFO:Matching via swls
2021-04-07 12:16:48,659:INFO:Cohort evaluation ...
2021-04-07 12:16:48,721:INFO:Baseline holistic ...
2021-04-07 12:18:34,459:INFO:Baseline pcm ...
2021-04-07 12:18:34,459:INFO:Loading precomputed pcm ...
2021-04-07 12:18:34,596:INFO:########## Finished iteration 22 ##########
2021-04-07 12:18:34,596:INFO:########## Iteration 23 ##########
2021-04-07 12:18:34,596:INFO:Loading datasets ...
2021-04-07 12:18:34,904:INFO:Test users: ['dorn5', 'dorn7']
2021-04-07 12:18:34,904:INFO:Features encoded: ['sex', 'clothing']
2021-04-07 12:18:34,904:INFO:Finding Cohorts ...
2021-04-07 12:18:34,905:INFO:Finding cohorts using: swls
2021-04-07 12:18:34,907:INFO:Training Cohort models ...
2021-04-07 12:21:19,757:INFO:Cohort assignation ...
2021-04-07 12:21:19,757:INFO:Matching via swls
2021-04-07 12:21:19,758:INFO:Cohort evaluation ...
2021-04-07 12:21:19,847:INFO:Baseline holistic ...
2021-04-07 12:22:31,574:INFO:Baseline pcm ...
2021-04-07 12:22:31,574:INFO:Loading precomputed pcm ...
2021-04-07 12:22:31,776:INFO:########## Finished iteration 23 ##########
2021-04-07 12:22:31,776:INFO:########## Iteration 24 ##########
2021-04-07 12:22:31,776:INFO:Loading datasets ...
2021-04-07 12:22:32,080:INFO:Test users: ['dorn6', 'dorn7']
2021-04-07 12:22:32,080:INFO:Features encoded: ['sex', 'clothing']
2021-04-07 12:22:32,080:INFO:Finding Cohorts ...
2021-04-07 12:22:32,082:INFO:Finding cohorts using: swls
2021-04-07 12:22:32,084:INFO:Training Cohort models ...
2021-04-07 12:24:23,397:INFO:Cohort assignation ...
2021-04-07 12:24:23,397:INFO:Matching via swls
2021-04-07 12:24:23,398:INFO:Cohort evaluation ...
2021-04-07 12:24:23,429:INFO:Baseline holistic ...
2021-04-07 12:26:07,723:INFO:Baseline pcm ...
2021-04-07 12:26:07,723:INFO:Loading precomputed pcm ...
2021-04-07 12:26:07,860:INFO:########## Finished iteration 24 ##########
2021-04-07 12:26:07,860:INFO:########## Iteration 25 ##########
2021-04-07 12:26:07,861:INFO:Loading datasets ...
2021-04-07 12:26:08,166:INFO:Test users: ['dorn6', 'dorn7']
2021-04-07 12:26:08,166:INFO:Features encoded: ['sex', 'clothing']
2021-04-07 12:26:08,167:INFO:Finding Cohorts ...
2021-04-07 12:26:08,167:INFO:Finding cohorts using: swls
2021-04-07 12:26:08,169:INFO:Training Cohort models ...
2021-04-07 12:28:12,964:INFO:Cohort assignation ...
2021-04-07 12:28:12,964:INFO:Matching via swls
2021-04-07 12:28:12,965:INFO:Cohort evaluation ...
2021-04-07 12:28:13,012:INFO:Baseline holistic ...
2021-04-07 12:29:57,067:INFO:Baseline pcm ...
2021-04-07 12:29:57,067:INFO:Loading precomputed pcm ...
2021-04-07 12:29:57,202:INFO:########## Finished iteration 25 ##########
2021-04-07 12:29:57,202:INFO:########## Iteration 26 ##########
2021-04-07 12:29:57,202:INFO:Loading datasets ...
2021-04-07 12:29:57,508:INFO:Test users: ['dorn14', 'dorn7']
2021-04-07 12:29:57,508:INFO:Features encoded: ['sex', 'clothing']
2021-04-07 12:29:57,508:INFO:Finding Cohorts ...
2021-04-07 12:29:57,509:INFO:Finding cohorts using: swls
2021-04-07 12:29:57,511:INFO:Training Cohort models ...
2021-04-07 12:31:50,337:INFO:Cohort assignation ...
2021-04-07 12:31:50,337:INFO:Matching via swls
2021-04-07 12:31:50,338:INFO:Cohort evaluation ...
2021-04-07 12:31:50,369:INFO:Baseline holistic ...
2021-04-07 12:33:36,949:INFO:Baseline pcm ...
2021-04-07 12:33:36,949:INFO:Loading precomputed pcm ...
2021-04-07 12:33:37,086:INFO:########## Finished iteration 26 ##########
2021-04-07 12:33:37,086:INFO:########## Iteration 27 ##########
2021-04-07 12:33:37,086:INFO:Loading datasets ...
2021-04-07 12:33:37,393:INFO:Test users: ['dorn17', 'dorn9']
2021-04-07 12:33:37,393:INFO:Features encoded: ['sex', 'clothing']
2021-04-07 12:33:37,393:INFO:Finding Cohorts ...
2021-04-07 12:33:37,394:INFO:Finding cohorts using: swls
2021-04-07 12:33:37,396:INFO:Training Cohort models ...
2021-04-07 12:35:57,767:INFO:Cohort assignation ...
2021-04-07 12:35:57,767:INFO:Matching via swls
2021-04-07 12:35:57,767:INFO:Cohort evaluation ...
2021-04-07 12:35:57,829:INFO:Baseline holistic ...
2021-04-07 12:37:27,774:INFO:Baseline pcm ...
2021-04-07 12:37:27,774:INFO:Loading precomputed pcm ...
2021-04-07 12:37:27,911:INFO:########## Finished iteration 27 ##########
2021-04-07 12:37:27,912:INFO:########## Iteration 28 ##########
2021-04-07 12:37:27,912:INFO:Loading datasets ...
2021-04-07 12:37:28,215:INFO:Test users: ['dorn18', 'dorn9']
2021-04-07 12:37:28,215:INFO:Features encoded: ['sex', 'clothing']
2021-04-07 12:37:28,216:INFO:Finding Cohorts ...
2021-04-07 12:37:28,216:INFO:Finding cohorts using: swls
2021-04-07 12:37:28,219:INFO:Training Cohort models ...
2021-04-07 12:39:48,512:INFO:Cohort assignation ...
2021-04-07 12:39:48,512:INFO:Matching via swls
2021-04-07 12:39:48,513:INFO:Cohort evaluation ...
2021-04-07 12:39:48,574:INFO:Baseline holistic ...
2021-04-07 12:41:36,173:INFO:Baseline pcm ...
2021-04-07 12:41:36,173:INFO:Loading precomputed pcm ...
2021-04-07 12:41:36,312:INFO:########## Finished iteration 28 ##########
2021-04-07 12:41:36,312:INFO:########## Iteration 29 ##########
2021-04-07 12:41:36,313:INFO:Loading datasets ...
2021-04-07 12:41:36,619:INFO:Test users: ['dorn6', 'dorn18']
2021-04-07 12:41:36,620:INFO:Features encoded: ['sex', 'clothing']
2021-04-07 12:41:36,620:INFO:Finding Cohorts ...
2021-04-07 12:41:36,621:INFO:Finding cohorts using: swls
2021-04-07 12:41:36,623:INFO:Training Cohort models ...
2021-04-07 12:43:57,127:INFO:Cohort assignation ...
2021-04-07 12:43:57,127:INFO:Matching via swls
2021-04-07 12:43:57,128:INFO:Cohort evaluation ...
2021-04-07 12:43:57,221:INFO:Baseline holistic ...
2021-04-07 12:45:43,138:INFO:Baseline pcm ...
2021-04-07 12:45:43,138:INFO:Loading precomputed pcm ...
2021-04-07 12:45:43,276:INFO:########## Finished iteration 29 ##########
2021-04-07 12:45:43,277:INFO:########## Iteration 30 ##########
2021-04-07 12:45:43,277:INFO:Loading datasets ...
2021-04-07 12:45:43,583:INFO:Test users: ['dorn6', 'dorn9']
2021-04-07 12:45:43,583:INFO:Features encoded: ['sex', 'clothing']
2021-04-07 12:45:43,583:INFO:Finding Cohorts ...
2021-04-07 12:45:43,584:INFO:Finding cohorts using: swls
2021-04-07 12:45:43,587:INFO:Training Cohort models ...
2021-04-07 12:47:36,487:INFO:Cohort assignation ...
2021-04-07 12:47:36,487:INFO:Matching via swls
2021-04-07 12:47:36,488:INFO:Cohort evaluation ...
2021-04-07 12:47:36,520:INFO:Baseline holistic ...
2021-04-07 12:49:22,789:INFO:Baseline pcm ...
2021-04-07 12:49:22,789:INFO:Loading precomputed pcm ...
2021-04-07 12:49:22,927:INFO:########## Finished iteration 30 ##########
2021-04-07 12:49:22,927:INFO:########## Iteration 31 ##########
2021-04-07 12:49:22,928:INFO:Loading datasets ...
2021-04-07 12:49:23,235:INFO:Test users: ['dorn5', 'dorn9']
2021-04-07 12:49:23,235:INFO:Features encoded: ['sex', 'clothing']
2021-04-07 12:49:23,235:INFO:Finding Cohorts ...
2021-04-07 12:49:23,236:INFO:Finding cohorts using: swls
2021-04-07 12:49:23,237:INFO:Training Cohort models ...
2021-04-07 12:51:42,897:INFO:Cohort assignation ...
2021-04-07 12:51:42,897:INFO:Matching via swls
2021-04-07 12:51:42,897:INFO:Cohort evaluation ...
2021-04-07 12:51:42,958:INFO:Baseline holistic ...
2021-04-07 12:53:12,853:INFO:Baseline pcm ...
2021-04-07 12:53:12,853:INFO:Loading precomputed pcm ...
2021-04-07 12:53:12,991:INFO:########## Finished iteration 31 ##########
2021-04-07 12:53:12,991:INFO:########## Iteration 32 ##########
2021-04-07 12:53:12,991:INFO:Loading datasets ...
2021-04-07 12:53:13,298:INFO:Test users: ['dorn17', 'dorn9']
2021-04-07 12:53:13,298:INFO:Features encoded: ['sex', 'clothing']
2021-04-07 12:53:13,298:INFO:Finding Cohorts ...
2021-04-07 12:53:13,299:INFO:Finding cohorts using: swls
2021-04-07 12:53:13,302:INFO:Training Cohort models ...
2021-04-07 12:55:20,321:INFO:Cohort assignation ...
2021-04-07 12:55:20,321:INFO:Matching via swls
2021-04-07 12:55:20,322:INFO:Cohort evaluation ...
2021-04-07 12:55:20,369:INFO:Baseline holistic ...
2021-04-07 12:57:07,160:INFO:Baseline pcm ...
2021-04-07 12:57:07,160:INFO:Loading precomputed pcm ...
2021-04-07 12:57:07,298:INFO:########## Finished iteration 32 ##########
2021-04-07 12:57:07,298:INFO:########## Iteration 33 ##########
2021-04-07 12:57:07,298:INFO:Loading datasets ...
2021-04-07 12:57:07,601:INFO:Test users: ['dorn9', 'dorn20']
2021-04-07 12:57:07,601:INFO:Features encoded: ['sex', 'clothing']
2021-04-07 12:57:07,601:INFO:Finding Cohorts ...
2021-04-07 12:57:07,602:INFO:Finding cohorts using: swls
2021-04-07 12:57:07,604:INFO:Training Cohort models ...
2021-04-07 12:59:14,475:INFO:Cohort assignation ...
2021-04-07 12:59:14,475:INFO:Matching via swls
2021-04-07 12:59:14,476:INFO:Cohort evaluation ...
2021-04-07 12:59:14,507:INFO:Baseline holistic ...
2021-04-07 13:00:44,914:INFO:Baseline pcm ...
2021-04-07 13:00:44,914:INFO:Loading precomputed pcm ...
2021-04-07 13:00:45,058:INFO:########## Finished iteration 33 ##########
2021-04-07 13:00:45,058:INFO:########## Iteration 34 ##########
2021-04-07 13:00:45,058:INFO:Loading datasets ...
2021-04-07 13:00:45,365:INFO:Test users: ['dorn18', 'dorn9']
2021-04-07 13:00:45,365:INFO:Features encoded: ['sex', 'clothing']
2021-04-07 13:00:45,366:INFO:Finding Cohorts ...
2021-04-07 13:00:45,366:INFO:Finding cohorts using: swls
2021-04-07 13:00:45,368:INFO:Training Cohort models ...
2021-04-07 13:03:19,121:INFO:Cohort assignation ...
2021-04-07 13:03:19,121:INFO:Matching via swls
2021-04-07 13:03:19,122:INFO:Cohort evaluation ...
2021-04-07 13:03:19,213:INFO:Baseline holistic ...
2021-04-07 13:05:05,356:INFO:Baseline pcm ...
2021-04-07 13:05:05,356:INFO:Loading precomputed pcm ...
2021-04-07 13:05:05,493:INFO:########## Finished iteration 34 ##########
2021-04-07 13:05:05,494:INFO:########## Iteration 35 ##########
2021-04-07 13:05:05,494:INFO:Loading datasets ...
2021-04-07 13:05:05,803:INFO:Test users: ['dorn18', 'dorn20']
2021-04-07 13:05:05,803:INFO:Features encoded: ['sex', 'clothing']
2021-04-07 13:05:05,803:INFO:Finding Cohorts ...
2021-04-07 13:05:05,805:INFO:Finding cohorts using: swls
2021-04-07 13:05:05,807:INFO:Training Cohort models ...
2021-04-07 13:07:25,184:INFO:Cohort assignation ...
2021-04-07 13:07:25,184:INFO:Matching via swls
2021-04-07 13:07:25,184:INFO:Cohort evaluation ...
2021-04-07 13:07:25,215:INFO:Baseline holistic ...
2021-04-07 13:08:54,859:INFO:Baseline pcm ...
2021-04-07 13:08:54,859:INFO:Loading precomputed pcm ...
2021-04-07 13:08:54,997:INFO:########## Finished iteration 35 ##########
2021-04-07 13:08:54,997:INFO:########## Iteration 36 ##########
2021-04-07 13:08:54,997:INFO:Loading datasets ...
2021-04-07 13:08:55,303:INFO:Test users: ['dorn7', 'dorn12']
2021-04-07 13:08:55,303:INFO:Features encoded: ['sex', 'clothing']
2021-04-07 13:08:55,304:INFO:Finding Cohorts ...
2021-04-07 13:08:55,304:INFO:Finding cohorts using: swls
2021-04-07 13:08:55,307:INFO:Training Cohort models ...
2021-04-07 13:11:28,512:INFO:Cohort assignation ...
2021-04-07 13:11:28,512:INFO:Matching via swls
2021-04-07 13:11:28,513:INFO:Cohort evaluation ...
2021-04-07 13:11:28,592:INFO:Baseline holistic ...
2021-04-07 13:12:58,575:INFO:Baseline pcm ...
2021-04-07 13:12:58,575:INFO:Loading precomputed pcm ...
2021-04-07 13:12:58,801:INFO:########## Finished iteration 36 ##########
2021-04-07 13:12:58,801:INFO:########## Iteration 37 ##########
2021-04-07 13:12:58,801:INFO:Loading datasets ...
2021-04-07 13:12:59,112:INFO:Test users: ['dorn12', 'dorn15']
2021-04-07 13:12:59,112:INFO:Features encoded: ['sex', 'clothing']
2021-04-07 13:12:59,112:INFO:Finding Cohorts ...
2021-04-07 13:12:59,113:INFO:Finding cohorts using: swls
2021-04-07 13:12:59,116:INFO:Training Cohort models ...
2021-04-07 13:15:20,223:INFO:Cohort assignation ...
2021-04-07 13:15:20,223:INFO:Matching via swls
2021-04-07 13:15:20,224:INFO:Cohort evaluation ...
2021-04-07 13:15:20,288:INFO:Baseline holistic ...
2021-04-07 13:16:52,024:INFO:Baseline pcm ...
2021-04-07 13:16:52,024:INFO:Loading precomputed pcm ...
2021-04-07 13:16:52,165:INFO:########## Finished iteration 37 ##########
2021-04-07 13:16:52,165:INFO:########## Iteration 38 ##########
2021-04-07 13:16:52,165:INFO:Loading datasets ...
2021-04-07 13:16:52,475:INFO:Test users: ['dorn15', 'dorn6']
2021-04-07 13:16:52,475:INFO:Features encoded: ['sex', 'clothing']
2021-04-07 13:16:52,475:INFO:Finding Cohorts ...
2021-04-07 13:16:52,476:INFO:Finding cohorts using: swls
2021-04-07 13:16:52,479:INFO:Training Cohort models ...
2021-04-07 13:19:30,119:INFO:Cohort assignation ...
2021-04-07 13:19:30,119:INFO:Matching via swls
2021-04-07 13:19:30,120:INFO:Cohort evaluation ...
2021-04-07 13:19:30,198:INFO:Baseline holistic ...
2021-04-07 13:20:44,207:INFO:Baseline pcm ...
2021-04-07 13:20:44,207:INFO:Loading precomputed pcm ...
2021-04-07 13:20:44,348:INFO:########## Finished iteration 38 ##########
2021-04-07 13:20:44,348:INFO:########## Iteration 39 ##########
2021-04-07 13:20:44,348:INFO:Loading datasets ...
2021-04-07 13:20:44,659:INFO:Test users: ['dorn18', 'dorn5']
2021-04-07 13:20:44,659:INFO:Features encoded: ['sex', 'clothing']
2021-04-07 13:20:44,659:INFO:Finding Cohorts ...
2021-04-07 13:20:44,660:INFO:Finding cohorts using: swls
2021-04-07 13:20:44,662:INFO:Training Cohort models ...
2021-04-07 13:22:53,592:INFO:Cohort assignation ...
2021-04-07 13:22:53,592:INFO:Matching via swls
2021-04-07 13:22:53,593:INFO:Cohort evaluation ...
2021-04-07 13:22:53,640:INFO:Baseline holistic ...
2021-04-07 13:24:50,904:INFO:Baseline pcm ...
2021-04-07 13:24:50,909:INFO:Loading precomputed pcm ...
2021-04-07 13:24:51,928:INFO:########## Finished iteration 39 ##########
2021-04-07 13:24:51,928:INFO:########## Iteration 40 ##########
2021-04-07 13:24:51,929:INFO:Loading datasets ...
2021-04-07 13:24:54,571:INFO:Test users: ['dorn9', 'dorn6']
2021-04-07 13:24:54,576:INFO:Features encoded: ['sex', 'clothing']
2021-04-07 13:24:54,577:INFO:Finding Cohorts ...
2021-04-07 13:24:54,581:INFO:Finding cohorts using: swls
2021-04-07 13:24:54,587:INFO:Training Cohort models ...
2021-04-07 13:26:54,767:INFO:Cohort assignation ...
2021-04-07 13:26:54,767:INFO:Matching via swls
2021-04-07 13:26:54,768:INFO:Cohort evaluation ...
2021-04-07 13:26:54,801:INFO:Baseline holistic ...
2021-04-07 13:28:27,852:INFO:Baseline pcm ...
2021-04-07 13:28:27,852:INFO:Loading precomputed pcm ...
2021-04-07 13:28:28,071:INFO:########## Finished iteration 40 ##########
2021-04-07 13:28:28,071:INFO:########## Iteration 41 ##########
2021-04-07 13:28:28,071:INFO:Loading datasets ...
2021-04-07 13:28:28,401:INFO:Test users: ['dorn6', 'dorn18']
2021-04-07 13:28:28,401:INFO:Features encoded: ['sex', 'clothing']
2021-04-07 13:28:28,401:INFO:Finding Cohorts ...
2021-04-07 13:28:28,402:INFO:Finding cohorts using: swls
2021-04-07 13:28:28,404:INFO:Training Cohort models ...
2021-04-07 13:30:38,364:INFO:Cohort assignation ...
2021-04-07 13:30:38,364:INFO:Matching via swls
2021-04-07 13:30:38,365:INFO:Cohort evaluation ...
2021-04-07 13:30:38,396:INFO:Baseline holistic ...
2021-04-07 13:31:52,472:INFO:Baseline pcm ...
2021-04-07 13:31:52,472:INFO:Loading precomputed pcm ...
2021-04-07 13:31:52,621:INFO:########## Finished iteration 41 ##########
2021-04-07 13:31:52,621:INFO:########## Iteration 42 ##########
2021-04-07 13:31:52,621:INFO:Loading datasets ...
2021-04-07 13:31:52,932:INFO:Test users: ['dorn7', 'dorn17']
2021-04-07 13:31:52,932:INFO:Features encoded: ['sex', 'clothing']
2021-04-07 13:31:52,932:INFO:Finding Cohorts ...
2021-04-07 13:31:52,933:INFO:Finding cohorts using: swls
2021-04-07 13:31:52,935:INFO:Training Cohort models ...
2021-04-07 13:34:14,207:INFO:Cohort assignation ...
2021-04-07 13:34:14,207:INFO:Matching via swls
2021-04-07 13:34:14,208:INFO:Cohort evaluation ...
2021-04-07 13:34:14,301:INFO:Baseline holistic ...
2021-04-07 13:36:08,659:INFO:Baseline pcm ...
2021-04-07 13:36:08,663:INFO:Loading precomputed pcm ...
2021-04-07 13:36:11,389:INFO:########## Finished iteration 42 ##########
2021-04-07 13:36:11,390:INFO:########## Iteration 43 ##########
2021-04-07 13:36:11,390:INFO:Loading datasets ...
2021-04-07 13:36:11,742:INFO:Test users: ['dorn20', 'dorn14']
2021-04-07 13:36:11,742:INFO:Features encoded: ['sex', 'clothing']
2021-04-07 13:36:11,743:INFO:Finding Cohorts ...
2021-04-07 13:36:11,746:INFO:Finding cohorts using: swls
2021-04-07 13:36:11,750:INFO:Training Cohort models ...
2021-04-07 13:38:26,063:INFO:Cohort assignation ...
2021-04-07 13:38:26,063:INFO:Matching via swls
2021-04-07 13:38:26,064:INFO:Cohort evaluation ...
2021-04-07 13:38:26,110:INFO:Baseline holistic ...
2021-04-07 13:39:40,992:INFO:Baseline pcm ...
2021-04-07 13:39:40,992:INFO:Loading precomputed pcm ...
2021-04-07 13:39:41,285:INFO:########## Finished iteration 43 ##########
2021-04-07 13:39:41,285:INFO:########## Iteration 44 ##########
2021-04-07 13:39:41,285:INFO:Loading datasets ...
2021-04-07 13:39:41,599:INFO:Test users: ['dorn18', 'dorn9']
2021-04-07 13:39:41,599:INFO:Features encoded: ['sex', 'clothing']
2021-04-07 13:39:41,600:INFO:Finding Cohorts ...
2021-04-07 13:39:41,600:INFO:Finding cohorts using: swls
2021-04-07 13:39:41,603:INFO:Training Cohort models ...
2021-04-07 13:42:29,686:INFO:Cohort assignation ...
2021-04-07 13:42:29,686:INFO:Matching via swls
2021-04-07 13:42:29,687:INFO:Cohort evaluation ...
2021-04-07 13:42:29,778:INFO:Baseline holistic ...
2021-04-07 13:43:59,225:INFO:Baseline pcm ...
2021-04-07 13:43:59,225:INFO:Loading precomputed pcm ...
2021-04-07 13:43:59,371:INFO:########## Finished iteration 44 ##########
2021-04-07 13:43:59,371:INFO:########## Iteration 45 ##########
2021-04-07 13:43:59,371:INFO:Loading datasets ...
2021-04-07 13:43:59,672:INFO:Test users: ['dorn18', 'dorn14']
2021-04-07 13:43:59,672:INFO:Features encoded: ['sex', 'clothing']
2021-04-07 13:43:59,672:INFO:Finding Cohorts ...
2021-04-07 13:43:59,674:INFO:Finding cohorts using: swls
2021-04-07 13:43:59,676:INFO:Training Cohort models ...
2021-04-07 13:46:20,621:INFO:Cohort assignation ...
2021-04-07 13:46:20,621:INFO:Matching via swls
2021-04-07 13:46:20,622:INFO:Cohort evaluation ...
2021-04-07 13:46:20,683:INFO:Baseline holistic ...
2021-04-07 13:47:50,904:INFO:Baseline pcm ...
2021-04-07 13:47:50,904:INFO:Loading precomputed pcm ...
2021-04-07 13:47:51,043:INFO:########## Finished iteration 45 ##########
2021-04-07 13:47:51,043:INFO:########## Iteration 46 ##########
2021-04-07 13:47:51,043:INFO:Loading datasets ...
2021-04-07 13:47:51,352:INFO:Test users: ['dorn17', 'dorn18']
2021-04-07 13:47:51,352:INFO:Features encoded: ['sex', 'clothing']
2021-04-07 13:47:51,352:INFO:Finding Cohorts ...
2021-04-07 13:47:51,353:INFO:Finding cohorts using: swls
2021-04-07 13:47:51,356:INFO:Training Cohort models ...
2021-04-07 13:50:24,404:INFO:Cohort assignation ...
2021-04-07 13:50:24,404:INFO:Matching via swls
2021-04-07 13:50:24,405:INFO:Cohort evaluation ...
2021-04-07 13:50:24,481:INFO:Baseline holistic ...
2021-04-07 13:51:53,072:INFO:Baseline pcm ...
2021-04-07 13:51:53,072:INFO:Loading precomputed pcm ...
2021-04-07 13:51:53,274:INFO:########## Finished iteration 46 ##########
2021-04-07 13:51:53,275:INFO:########## Iteration 47 ##########
2021-04-07 13:51:53,275:INFO:Loading datasets ...
2021-04-07 13:51:53,600:INFO:Test users: ['dorn5', 'dorn20']
2021-04-07 13:51:53,601:INFO:Features encoded: ['sex', 'clothing']
2021-04-07 13:51:53,601:INFO:Finding Cohorts ...
2021-04-07 13:51:53,602:INFO:Finding cohorts using: swls
2021-04-07 13:51:53,604:INFO:Training Cohort models ...
2021-04-07 13:53:59,929:INFO:Cohort assignation ...
2021-04-07 13:53:59,929:INFO:Matching via swls
2021-04-07 13:53:59,930:INFO:Cohort evaluation ...
2021-04-07 13:53:59,976:INFO:Baseline holistic ...
2021-04-07 13:55:29,890:INFO:Baseline pcm ...
2021-04-07 13:55:29,890:INFO:Loading precomputed pcm ...
2021-04-07 13:55:30,058:INFO:########## Finished iteration 47 ##########
2021-04-07 13:55:30,059:INFO:########## Iteration 48 ##########
2021-04-07 13:55:30,059:INFO:Loading datasets ...
2021-04-07 13:55:30,362:INFO:Test users: ['dorn17', 'dorn7']
2021-04-07 13:55:30,363:INFO:Features encoded: ['sex', 'clothing']
2021-04-07 13:55:30,363:INFO:Finding Cohorts ...
2021-04-07 13:55:30,363:INFO:Finding cohorts using: swls
2021-04-07 13:55:30,365:INFO:Training Cohort models ...
2021-04-07 13:57:50,657:INFO:Cohort assignation ...
2021-04-07 13:57:50,657:INFO:Matching via swls
2021-04-07 13:57:50,657:INFO:Cohort evaluation ...
2021-04-07 13:57:50,688:INFO:Baseline holistic ...
2021-04-07 13:59:36,447:INFO:Baseline pcm ...
2021-04-07 13:59:36,447:INFO:Loading precomputed pcm ...
2021-04-07 13:59:36,585:INFO:########## Finished iteration 48 ##########
2021-04-07 13:59:36,586:INFO:########## Iteration 49 ##########
2021-04-07 13:59:36,586:INFO:Loading datasets ...
2021-04-07 13:59:36,891:INFO:Test users: ['dorn12', 'dorn15']
2021-04-07 13:59:36,891:INFO:Features encoded: ['sex', 'clothing']
2021-04-07 13:59:36,891:INFO:Finding Cohorts ...
2021-04-07 13:59:36,892:INFO:Finding cohorts using: swls
2021-04-07 13:59:36,895:INFO:Training Cohort models ...
2021-04-07 14:01:29,627:INFO:Cohort assignation ...
2021-04-07 14:01:29,627:INFO:Matching via swls
2021-04-07 14:01:29,627:INFO:Cohort evaluation ...
2021-04-07 14:01:29,659:INFO:Baseline holistic ...
2021-04-07 14:02:42,973:INFO:Baseline pcm ...
2021-04-07 14:02:42,973:INFO:Loading precomputed pcm ...
2021-04-07 14:02:43,113:INFO:########## Finished iteration 49 ##########
2021-04-07 14:02:43,113:INFO:########## Iteration 50 ##########
2021-04-07 14:02:43,113:INFO:Loading datasets ...
2021-04-07 14:02:43,419:INFO:Test users: ['dorn5', 'dorn20']
2021-04-07 14:02:43,419:INFO:Features encoded: ['sex', 'clothing']
2021-04-07 14:02:43,419:INFO:Finding Cohorts ...
2021-04-07 14:02:43,420:INFO:Finding cohorts using: swls
2021-04-07 14:02:43,422:INFO:Training Cohort models ...
2021-04-07 14:04:49,422:INFO:Cohort assignation ...
2021-04-07 14:04:49,422:INFO:Matching via swls
2021-04-07 14:04:49,423:INFO:Cohort evaluation ...
2021-04-07 14:04:49,469:INFO:Baseline holistic ...
2021-04-07 14:06:02,979:INFO:Baseline pcm ...
2021-04-07 14:06:02,980:INFO:Loading precomputed pcm ...
2021-04-07 14:06:03,118:INFO:########## Finished iteration 50 ##########
2021-04-07 14:06:03,118:INFO:########## Iteration 51 ##########
2021-04-07 14:06:03,118:INFO:Loading datasets ...
2021-04-07 14:06:03,418:INFO:Test users: ['dorn20', 'dorn5']
2021-04-07 14:06:03,419:INFO:Features encoded: ['sex', 'clothing']
2021-04-07 14:06:03,419:INFO:Finding Cohorts ...
2021-04-07 14:06:03,419:INFO:Finding cohorts using: swls
2021-04-07 14:06:03,421:INFO:Training Cohort models ...
2021-04-07 14:08:09,349:INFO:Cohort assignation ...
2021-04-07 14:08:09,349:INFO:Matching via swls
2021-04-07 14:08:09,350:INFO:Cohort evaluation ...
2021-04-07 14:08:09,396:INFO:Baseline holistic ...
2021-04-07 14:09:22,861:INFO:Baseline pcm ...
2021-04-07 14:09:22,862:INFO:Loading precomputed pcm ...
2021-04-07 14:09:23,001:INFO:########## Finished iteration 51 ##########
2021-04-07 14:09:23,001:INFO:########## Iteration 52 ##########
2021-04-07 14:09:23,001:INFO:Loading datasets ...
2021-04-07 14:09:23,300:INFO:Test users: ['dorn15', 'dorn7']
2021-04-07 14:09:23,300:INFO:Features encoded: ['sex', 'clothing']
2021-04-07 14:09:23,300:INFO:Finding Cohorts ...
2021-04-07 14:09:23,301:INFO:Finding cohorts using: swls
2021-04-07 14:09:23,303:INFO:Training Cohort models ...
2021-04-07 14:11:42,258:INFO:Cohort assignation ...
2021-04-07 14:11:42,258:INFO:Matching via swls
2021-04-07 14:11:42,258:INFO:Cohort evaluation ...
2021-04-07 14:11:42,320:INFO:Baseline holistic ...
2021-04-07 14:12:54,504:INFO:Baseline pcm ...
2021-04-07 14:12:54,504:INFO:Loading precomputed pcm ...
2021-04-07 14:12:54,643:INFO:########## Finished iteration 52 ##########
2021-04-07 14:12:54,644:INFO:########## Iteration 53 ##########
2021-04-07 14:12:54,644:INFO:Loading datasets ...
2021-04-07 14:12:54,944:INFO:Test users: ['dorn17', 'dorn20']
2021-04-07 14:12:54,944:INFO:Features encoded: ['sex', 'clothing']
2021-04-07 14:12:54,944:INFO:Finding Cohorts ...
2021-04-07 14:12:54,945:INFO:Finding cohorts using: swls
2021-04-07 14:12:54,948:INFO:Training Cohort models ...
2021-04-07 14:15:28,760:INFO:Cohort assignation ...
2021-04-07 14:15:28,760:INFO:Matching via swls
2021-04-07 14:15:28,761:INFO:Cohort evaluation ...
2021-04-07 14:15:28,836:INFO:Baseline holistic ...
2021-04-07 14:17:15,032:INFO:Baseline pcm ...
2021-04-07 14:17:15,033:INFO:Loading precomputed pcm ...
2021-04-07 14:17:15,171:INFO:########## Finished iteration 53 ##########
2021-04-07 14:17:15,171:INFO:########## Iteration 54 ##########
2021-04-07 14:17:15,172:INFO:Loading datasets ...
2021-04-07 14:17:15,476:INFO:Test users: ['dorn20', 'dorn9']
2021-04-07 14:17:15,477:INFO:Features encoded: ['sex', 'clothing']
2021-04-07 14:17:15,477:INFO:Finding Cohorts ...
2021-04-07 14:17:15,478:INFO:Finding cohorts using: swls
2021-04-07 14:17:15,480:INFO:Training Cohort models ...
2021-04-07 14:19:49,548:INFO:Cohort assignation ...
2021-04-07 14:19:49,548:INFO:Matching via swls
2021-04-07 14:19:49,549:INFO:Cohort evaluation ...
2021-04-07 14:19:49,611:INFO:Baseline holistic ...
2021-04-07 14:21:36,500:INFO:Baseline pcm ...
2021-04-07 14:21:36,500:INFO:Loading precomputed pcm ...
2021-04-07 14:21:36,639:INFO:########## Finished iteration 54 ##########
2021-04-07 14:21:36,640:INFO:########## Iteration 55 ##########
2021-04-07 14:21:36,640:INFO:Loading datasets ...
2021-04-07 14:21:36,943:INFO:Test users: ['dorn7', 'dorn17']
2021-04-07 14:21:36,944:INFO:Features encoded: ['sex', 'clothing']
2021-04-07 14:21:36,944:INFO:Finding Cohorts ...
2021-04-07 14:21:36,945:INFO:Finding cohorts using: swls
2021-04-07 14:21:36,947:INFO:Training Cohort models ...
2021-04-07 14:23:41,495:INFO:Cohort assignation ...
2021-04-07 14:23:41,495:INFO:Matching via swls
2021-04-07 14:23:41,496:INFO:Cohort evaluation ...
2021-04-07 14:23:41,557:INFO:Baseline holistic ...
2021-04-07 14:25:27,010:INFO:Baseline pcm ...
2021-04-07 14:25:27,010:INFO:Loading precomputed pcm ...
2021-04-07 14:25:27,151:INFO:########## Finished iteration 55 ##########
2021-04-07 14:25:27,151:INFO:########## Iteration 56 ##########
2021-04-07 14:25:27,151:INFO:Loading datasets ...
2021-04-07 14:25:27,453:INFO:Test users: ['dorn17', 'dorn18']
2021-04-07 14:25:27,454:INFO:Features encoded: ['sex', 'clothing']
2021-04-07 14:25:27,454:INFO:Finding Cohorts ...
2021-04-07 14:25:27,454:INFO:Finding cohorts using: swls
2021-04-07 14:25:27,456:INFO:Training Cohort models ...
2021-04-07 14:28:01,047:INFO:Cohort assignation ...
2021-04-07 14:28:01,047:INFO:Matching via swls
2021-04-07 14:28:01,047:INFO:Cohort evaluation ...
2021-04-07 14:28:01,123:INFO:Baseline holistic ...
2021-04-07 14:29:13,688:INFO:Baseline pcm ...
2021-04-07 14:29:13,688:INFO:Loading precomputed pcm ...
2021-04-07 14:29:13,826:INFO:########## Finished iteration 56 ##########
2021-04-07 14:29:13,826:INFO:########## Iteration 57 ##########
2021-04-07 14:29:13,826:INFO:Loading datasets ...
2021-04-07 14:29:14,130:INFO:Test users: ['dorn18', 'dorn6']
2021-04-07 14:29:14,130:INFO:Features encoded: ['sex', 'clothing']
2021-04-07 14:29:14,131:INFO:Finding Cohorts ...
2021-04-07 14:29:14,132:INFO:Finding cohorts using: swls
2021-04-07 14:29:14,134:INFO:Training Cohort models ...
2021-04-07 14:31:06,096:INFO:Cohort assignation ...
2021-04-07 14:31:06,096:INFO:Matching via swls
2021-04-07 14:31:06,097:INFO:Cohort evaluation ...
2021-04-07 14:31:06,128:INFO:Baseline holistic ...
2021-04-07 14:32:51,480:INFO:Baseline pcm ...
2021-04-07 14:32:51,480:INFO:Loading precomputed pcm ...
2021-04-07 14:32:51,619:INFO:########## Finished iteration 57 ##########
2021-04-07 14:32:51,619:INFO:########## Iteration 58 ##########
2021-04-07 14:32:51,619:INFO:Loading datasets ...
2021-04-07 14:32:51,925:INFO:Test users: ['dorn15', 'dorn9']
2021-04-07 14:32:51,925:INFO:Features encoded: ['sex', 'clothing']
2021-04-07 14:32:51,925:INFO:Finding Cohorts ...
2021-04-07 14:32:51,925:INFO:Finding cohorts using: swls
2021-04-07 14:32:51,927:INFO:Training Cohort models ...
2021-04-07 14:34:59,000:INFO:Cohort assignation ...
2021-04-07 14:34:59,000:INFO:Matching via swls
2021-04-07 14:34:59,001:INFO:Cohort evaluation ...
2021-04-07 14:34:59,048:INFO:Baseline holistic ...
2021-04-07 14:36:45,843:INFO:Baseline pcm ...
2021-04-07 14:36:45,843:INFO:Loading precomputed pcm ...
2021-04-07 14:36:45,981:INFO:########## Finished iteration 58 ##########
2021-04-07 14:36:45,982:INFO:########## Iteration 59 ##########
2021-04-07 14:36:45,982:INFO:Loading datasets ...
2021-04-07 14:36:46,283:INFO:Test users: ['dorn7', 'dorn12']
2021-04-07 14:36:46,283:INFO:Features encoded: ['sex', 'clothing']
2021-04-07 14:36:46,283:INFO:Finding Cohorts ...
2021-04-07 14:36:46,284:INFO:Finding cohorts using: swls
2021-04-07 14:36:46,286:INFO:Training Cohort models ...
2021-04-07 14:39:19,214:INFO:Cohort assignation ...
2021-04-07 14:39:19,215:INFO:Matching via swls
2021-04-07 14:39:19,215:INFO:Cohort evaluation ...
2021-04-07 14:39:19,293:INFO:Baseline holistic ...
2021-04-07 14:40:31,490:INFO:Baseline pcm ...
2021-04-07 14:40:31,490:INFO:Loading precomputed pcm ...
2021-04-07 14:40:31,630:INFO:########## Finished iteration 59 ##########
2021-04-07 14:40:31,630:INFO:########## Iteration 60 ##########
2021-04-07 14:40:31,630:INFO:Loading datasets ...
2021-04-07 14:40:31,935:INFO:Test users: ['dorn17', 'dorn18']
2021-04-07 14:40:31,935:INFO:Features encoded: ['sex', 'clothing']
2021-04-07 14:40:31,935:INFO:Finding Cohorts ...
2021-04-07 14:40:31,936:INFO:Finding cohorts using: swls
2021-04-07 14:40:31,939:INFO:Training Cohort models ...
2021-04-07 14:42:37,641:INFO:Cohort assignation ...
2021-04-07 14:42:37,641:INFO:Matching via swls
2021-04-07 14:42:37,642:INFO:Cohort evaluation ...
2021-04-07 14:42:37,687:INFO:Baseline holistic ...
2021-04-07 14:44:23,128:INFO:Baseline pcm ...
2021-04-07 14:44:23,128:INFO:Loading precomputed pcm ...
2021-04-07 14:44:23,266:INFO:########## Finished iteration 60 ##########
2021-04-07 14:44:23,266:INFO:########## Iteration 61 ##########
2021-04-07 14:44:23,266:INFO:Loading datasets ...
2021-04-07 14:44:23,572:INFO:Test users: ['dorn12', 'dorn17']
2021-04-07 14:44:23,573:INFO:Features encoded: ['sex', 'clothing']
2021-04-07 14:44:23,573:INFO:Finding Cohorts ...
2021-04-07 14:44:23,573:INFO:Finding cohorts using: swls
2021-04-07 14:44:23,576:INFO:Training Cohort models ...
2021-04-07 14:46:29,515:INFO:Cohort assignation ...
2021-04-07 14:46:29,516:INFO:Matching via swls
2021-04-07 14:46:29,516:INFO:Cohort evaluation ...
2021-04-07 14:46:29,562:INFO:Baseline holistic ...
2021-04-07 14:47:42,767:INFO:Baseline pcm ...
2021-04-07 14:47:42,767:INFO:Loading precomputed pcm ...
2021-04-07 14:47:42,905:INFO:########## Finished iteration 61 ##########
2021-04-07 14:47:42,905:INFO:########## Iteration 62 ##########
2021-04-07 14:47:42,905:INFO:Loading datasets ...
2021-04-07 14:47:43,207:INFO:Test users: ['dorn12', 'dorn14']
2021-04-07 14:47:43,208:INFO:Features encoded: ['sex', 'clothing']
2021-04-07 14:47:43,208:INFO:Finding Cohorts ...
2021-04-07 14:47:43,208:INFO:Finding cohorts using: swls
2021-04-07 14:47:43,211:INFO:Training Cohort models ...
2021-04-07 14:49:50,882:INFO:Cohort assignation ...
2021-04-07 14:49:50,882:INFO:Matching via swls
2021-04-07 14:49:50,883:INFO:Cohort evaluation ...
2021-04-07 14:49:50,930:INFO:Baseline holistic ...
2021-04-07 14:51:21,584:INFO:Baseline pcm ...
2021-04-07 14:51:21,584:INFO:Loading precomputed pcm ...
2021-04-07 14:51:21,723:INFO:########## Finished iteration 62 ##########
2021-04-07 14:51:21,723:INFO:########## Iteration 63 ##########
2021-04-07 14:51:21,723:INFO:Loading datasets ...
2021-04-07 14:51:22,027:INFO:Test users: ['dorn7', 'dorn17']
2021-04-07 14:51:22,027:INFO:Features encoded: ['sex', 'clothing']
2021-04-07 14:51:22,027:INFO:Finding Cohorts ...
2021-04-07 14:51:22,028:INFO:Finding cohorts using: swls
2021-04-07 14:51:22,030:INFO:Training Cohort models ...
2021-04-07 14:53:28,333:INFO:Cohort assignation ...
2021-04-07 14:53:28,333:INFO:Matching via swls
2021-04-07 14:53:28,333:INFO:Cohort evaluation ...
2021-04-07 14:53:28,364:INFO:Baseline holistic ...
2021-04-07 14:54:57,570:INFO:Baseline pcm ...
2021-04-07 14:54:57,570:INFO:Loading precomputed pcm ...
2021-04-07 14:54:57,711:INFO:########## Finished iteration 63 ##########
2021-04-07 14:54:57,711:INFO:########## Iteration 64 ##########
2021-04-07 14:54:57,711:INFO:Loading datasets ...
2021-04-07 14:54:58,013:INFO:Test users: ['dorn20', 'dorn15']
2021-04-07 14:54:58,013:INFO:Features encoded: ['sex', 'clothing']
2021-04-07 14:54:58,013:INFO:Finding Cohorts ...
2021-04-07 14:54:58,014:INFO:Finding cohorts using: swls
2021-04-07 14:54:58,016:INFO:Training Cohort models ...
2021-04-07 14:57:18,830:INFO:Cohort assignation ...
2021-04-07 14:57:18,830:INFO:Matching via swls
2021-04-07 14:57:18,831:INFO:Cohort evaluation ...
2021-04-07 14:57:18,892:INFO:Baseline holistic ...
2021-04-07 14:58:32,307:INFO:Baseline pcm ...
2021-04-07 14:58:32,307:INFO:Loading precomputed pcm ...
2021-04-07 14:58:32,445:INFO:########## Finished iteration 64 ##########
2021-04-07 14:58:32,445:INFO:########## Iteration 65 ##########
2021-04-07 14:58:32,445:INFO:Loading datasets ...
2021-04-07 14:58:32,748:INFO:Test users: ['dorn18', 'dorn12']
2021-04-07 14:58:32,748:INFO:Features encoded: ['sex', 'clothing']
2021-04-07 14:58:32,748:INFO:Finding Cohorts ...
2021-04-07 14:58:32,749:INFO:Finding cohorts using: swls
2021-04-07 14:58:32,752:INFO:Training Cohort models ...
2021-04-07 15:00:39,012:INFO:Cohort assignation ...
2021-04-07 15:00:39,012:INFO:Matching via swls
2021-04-07 15:00:39,013:INFO:Cohort evaluation ...
2021-04-07 15:00:39,074:INFO:Baseline holistic ...
2021-04-07 15:02:25,246:INFO:Baseline pcm ...
2021-04-07 15:02:25,246:INFO:Loading precomputed pcm ...
2021-04-07 15:02:25,385:INFO:########## Finished iteration 65 ##########
2021-04-07 15:02:25,386:INFO:########## Iteration 66 ##########
2021-04-07 15:02:25,386:INFO:Loading datasets ...
2021-04-07 15:02:25,690:INFO:Test users: ['dorn20', 'dorn5']
2021-04-07 15:02:25,690:INFO:Features encoded: ['sex', 'clothing']
2021-04-07 15:02:25,690:INFO:Finding Cohorts ...
2021-04-07 15:02:25,691:INFO:Finding cohorts using: swls
2021-04-07 15:02:25,693:INFO:Training Cohort models ...
2021-04-07 15:04:45,820:INFO:Cohort assignation ...
2021-04-07 15:04:45,820:INFO:Matching via swls
2021-04-07 15:04:45,820:INFO:Cohort evaluation ...
2021-04-07 15:04:45,881:INFO:Baseline holistic ...
2021-04-07 15:06:32,356:INFO:Baseline pcm ...
2021-04-07 15:06:32,356:INFO:Loading precomputed pcm ...
2021-04-07 15:06:32,560:INFO:########## Finished iteration 66 ##########
2021-04-07 15:06:32,560:INFO:########## Iteration 67 ##########
2021-04-07 15:06:32,560:INFO:Loading datasets ...
2021-04-07 15:06:32,863:INFO:Test users: ['dorn15', 'dorn18']
2021-04-07 15:06:32,863:INFO:Features encoded: ['sex', 'clothing']
2021-04-07 15:06:32,863:INFO:Finding Cohorts ...
2021-04-07 15:06:32,864:INFO:Finding cohorts using: swls
2021-04-07 15:06:32,867:INFO:Training Cohort models ...
2021-04-07 15:08:25,430:INFO:Cohort assignation ...
2021-04-07 15:08:25,430:INFO:Matching via swls
2021-04-07 15:08:25,431:INFO:Cohort evaluation ...
2021-04-07 15:08:25,462:INFO:Baseline holistic ...
2021-04-07 15:09:55,006:INFO:Baseline pcm ...
2021-04-07 15:09:55,006:INFO:Loading precomputed pcm ...
2021-04-07 15:09:55,145:INFO:########## Finished iteration 67 ##########
2021-04-07 15:09:55,145:INFO:########## Iteration 68 ##########
2021-04-07 15:09:55,145:INFO:Loading datasets ...
2021-04-07 15:09:55,447:INFO:Test users: ['dorn20', 'dorn17']
2021-04-07 15:09:55,448:INFO:Features encoded: ['sex', 'clothing']
2021-04-07 15:09:55,448:INFO:Finding Cohorts ...
2021-04-07 15:09:55,448:INFO:Finding cohorts using: swls
2021-04-07 15:09:55,450:INFO:Training Cohort models ...
2021-04-07 15:12:29,284:INFO:Cohort assignation ...
2021-04-07 15:12:29,284:INFO:Matching via swls
2021-04-07 15:12:29,285:INFO:Cohort evaluation ...
2021-04-07 15:12:29,360:INFO:Baseline holistic ...
2021-04-07 15:13:59,432:INFO:Baseline pcm ...
2021-04-07 15:13:59,432:INFO:Loading precomputed pcm ...
2021-04-07 15:13:59,635:INFO:########## Finished iteration 68 ##########
2021-04-07 15:13:59,635:INFO:########## Iteration 69 ##########
2021-04-07 15:13:59,635:INFO:Loading datasets ...
2021-04-07 15:13:59,939:INFO:Test users: ['dorn18', 'dorn17']
2021-04-07 15:13:59,939:INFO:Features encoded: ['sex', 'clothing']
2021-04-07 15:13:59,939:INFO:Finding Cohorts ...
2021-04-07 15:13:59,940:INFO:Finding cohorts using: swls
2021-04-07 15:13:59,943:INFO:Training Cohort models ...
2021-04-07 15:16:05,885:INFO:Cohort assignation ...
2021-04-07 15:16:05,885:INFO:Matching via swls
2021-04-07 15:16:05,885:INFO:Cohort evaluation ...
2021-04-07 15:16:05,931:INFO:Baseline holistic ...
2021-04-07 15:17:51,891:INFO:Baseline pcm ...
2021-04-07 15:17:51,891:INFO:Loading precomputed pcm ...
2021-04-07 15:17:52,032:INFO:########## Finished iteration 69 ##########
2021-04-07 15:17:52,032:INFO:########## Iteration 70 ##########
2021-04-07 15:17:52,032:INFO:Loading datasets ...
2021-04-07 15:17:52,337:INFO:Test users: ['dorn20', 'dorn12']
2021-04-07 15:17:52,337:INFO:Features encoded: ['sex', 'clothing']
2021-04-07 15:17:52,337:INFO:Finding Cohorts ...
2021-04-07 15:17:52,338:INFO:Finding cohorts using: swls
2021-04-07 15:17:52,340:INFO:Training Cohort models ...
2021-04-07 15:20:25,355:INFO:Cohort assignation ...
2021-04-07 15:20:25,355:INFO:Matching via swls
2021-04-07 15:20:25,356:INFO:Cohort evaluation ...
2021-04-07 15:20:25,417:INFO:Baseline holistic ...
2021-04-07 15:22:12,235:INFO:Baseline pcm ...
2021-04-07 15:22:12,236:INFO:Loading precomputed pcm ...
2021-04-07 15:22:12,375:INFO:########## Finished iteration 70 ##########
2021-04-07 15:22:12,375:INFO:########## Iteration 71 ##########
2021-04-07 15:22:12,376:INFO:Loading datasets ...
2021-04-07 15:22:12,680:INFO:Test users: ['dorn15', 'dorn7']
2021-04-07 15:22:12,680:INFO:Features encoded: ['sex', 'clothing']
2021-04-07 15:22:12,681:INFO:Finding Cohorts ...
2021-04-07 15:22:12,682:INFO:Finding cohorts using: swls
2021-04-07 15:22:12,684:INFO:Training Cohort models ...
2021-04-07 15:24:30,606:INFO:Cohort assignation ...
2021-04-07 15:24:30,606:INFO:Matching via swls
2021-04-07 15:24:30,607:INFO:Cohort evaluation ...
2021-04-07 15:24:30,700:INFO:Baseline holistic ...
2021-04-07 15:25:59,649:INFO:Baseline pcm ...
2021-04-07 15:25:59,649:INFO:Loading precomputed pcm ...
2021-04-07 15:25:59,787:INFO:########## Finished iteration 71 ##########
2021-04-07 15:25:59,788:INFO:########## Iteration 72 ##########
2021-04-07 15:25:59,788:INFO:Loading datasets ...
2021-04-07 15:26:00,092:INFO:Test users: ['dorn18', 'dorn15']
2021-04-07 15:26:00,092:INFO:Features encoded: ['sex', 'clothing']
2021-04-07 15:26:00,092:INFO:Finding Cohorts ...
2021-04-07 15:26:00,093:INFO:Finding cohorts using: swls
2021-04-07 15:26:00,096:INFO:Training Cohort models ...
2021-04-07 15:27:52,860:INFO:Cohort assignation ...
2021-04-07 15:27:52,860:INFO:Matching via swls
2021-04-07 15:27:52,861:INFO:Cohort evaluation ...
2021-04-07 15:27:52,893:INFO:Baseline holistic ...
2021-04-07 15:29:39,095:INFO:Baseline pcm ...
2021-04-07 15:29:39,095:INFO:Loading precomputed pcm ...
2021-04-07 15:29:39,232:INFO:########## Finished iteration 72 ##########
2021-04-07 15:29:39,232:INFO:########## Iteration 73 ##########
2021-04-07 15:29:39,232:INFO:Loading datasets ...
2021-04-07 15:29:39,533:INFO:Test users: ['dorn12', 'dorn15']
2021-04-07 15:29:39,534:INFO:Features encoded: ['sex', 'clothing']
2021-04-07 15:29:39,534:INFO:Finding Cohorts ...
2021-04-07 15:29:39,534:INFO:Finding cohorts using: swls
2021-04-07 15:29:39,536:INFO:Training Cohort models ...
2021-04-07 15:31:59,832:INFO:Cohort assignation ...
2021-04-07 15:31:59,833:INFO:Matching via swls
2021-04-07 15:31:59,833:INFO:Cohort evaluation ...
2021-04-07 15:31:59,895:INFO:Baseline holistic ...
2021-04-07 15:33:45,924:INFO:Baseline pcm ...
2021-04-07 15:33:45,924:INFO:Loading precomputed pcm ...
2021-04-07 15:33:46,125:INFO:########## Finished iteration 73 ##########
2021-04-07 15:33:46,125:INFO:########## Iteration 74 ##########
2021-04-07 15:33:46,125:INFO:Loading datasets ...
2021-04-07 15:33:46,431:INFO:Test users: ['dorn7', 'dorn9']
2021-04-07 15:33:46,431:INFO:Features encoded: ['sex', 'clothing']
2021-04-07 15:33:46,431:INFO:Finding Cohorts ...
2021-04-07 15:33:46,432:INFO:Finding cohorts using: swls
2021-04-07 15:33:46,434:INFO:Training Cohort models ...
2021-04-07 15:36:06,631:INFO:Cohort assignation ...
2021-04-07 15:36:06,631:INFO:Matching via swls
2021-04-07 15:36:06,631:INFO:Cohort evaluation ...
2021-04-07 15:36:06,695:INFO:Baseline holistic ...
2021-04-07 15:37:19,886:INFO:Baseline pcm ...
2021-04-07 15:37:19,886:INFO:Loading precomputed pcm ...
2021-04-07 15:37:20,025:INFO:########## Finished iteration 74 ##########
2021-04-07 15:37:20,025:INFO:########## Iteration 75 ##########
2021-04-07 15:37:20,025:INFO:Loading datasets ...
2021-04-07 15:37:20,329:INFO:Test users: ['dorn20', 'dorn12']
2021-04-07 15:37:20,330:INFO:Features encoded: ['sex', 'clothing']
2021-04-07 15:37:20,330:INFO:Finding Cohorts ...
2021-04-07 15:37:20,331:INFO:Finding cohorts using: swls
2021-04-07 15:37:20,333:INFO:Training Cohort models ...
2021-04-07 15:39:26,746:INFO:Cohort assignation ...
2021-04-07 15:39:26,746:INFO:Matching via swls
2021-04-07 15:39:26,747:INFO:Cohort evaluation ...
2021-04-07 15:39:26,808:INFO:Baseline holistic ...
2021-04-07 15:40:56,956:INFO:Baseline pcm ...
2021-04-07 15:40:56,956:INFO:Loading precomputed pcm ...
2021-04-07 15:40:57,094:INFO:########## Finished iteration 75 ##########
2021-04-07 15:40:57,094:INFO:########## Iteration 76 ##########
2021-04-07 15:40:57,095:INFO:Loading datasets ...
2021-04-07 15:40:57,399:INFO:Test users: ['dorn14', 'dorn7']
2021-04-07 15:40:57,399:INFO:Features encoded: ['sex', 'clothing']
2021-04-07 15:40:57,399:INFO:Finding Cohorts ...
2021-04-07 15:40:57,400:INFO:Finding cohorts using: swls
2021-04-07 15:40:57,402:INFO:Training Cohort models ...
2021-04-07 15:43:05,035:INFO:Cohort assignation ...
2021-04-07 15:43:05,035:INFO:Matching via swls
2021-04-07 15:43:05,036:INFO:Cohort evaluation ...
2021-04-07 15:43:05,067:INFO:Baseline holistic ...
2021-04-07 15:44:18,503:INFO:Baseline pcm ...
2021-04-07 15:44:18,503:INFO:Loading precomputed pcm ...
2021-04-07 15:44:18,642:INFO:########## Finished iteration 76 ##########
2021-04-07 15:44:18,642:INFO:########## Iteration 77 ##########
2021-04-07 15:44:18,642:INFO:Loading datasets ...
2021-04-07 15:44:18,946:INFO:Test users: ['dorn17', 'dorn7']
2021-04-07 15:44:18,947:INFO:Features encoded: ['sex', 'clothing']
2021-04-07 15:44:18,947:INFO:Finding Cohorts ...
2021-04-07 15:44:18,947:INFO:Finding cohorts using: swls
2021-04-07 15:44:18,949:INFO:Training Cohort models ...
2021-04-07 15:46:23,509:INFO:Cohort assignation ...
2021-04-07 15:46:23,509:INFO:Matching via swls
2021-04-07 15:46:23,510:INFO:Cohort evaluation ...
2021-04-07 15:46:23,571:INFO:Baseline holistic ...
2021-04-07 15:47:52,617:INFO:Baseline pcm ...
2021-04-07 15:47:52,617:INFO:Loading precomputed pcm ...
2021-04-07 15:47:52,756:INFO:########## Finished iteration 77 ##########
2021-04-07 15:47:52,756:INFO:########## Iteration 78 ##########
2021-04-07 15:47:52,756:INFO:Loading datasets ...
2021-04-07 15:47:53,059:INFO:Test users: ['dorn12', 'dorn6']
2021-04-07 15:47:53,059:INFO:Features encoded: ['sex', 'clothing']
2021-04-07 15:47:53,059:INFO:Finding Cohorts ...
2021-04-07 15:47:53,060:INFO:Finding cohorts using: swls
2021-04-07 15:47:53,062:INFO:Training Cohort models ...
2021-04-07 15:49:58,959:INFO:Cohort assignation ...
2021-04-07 15:49:58,959:INFO:Matching via swls
2021-04-07 15:49:58,959:INFO:Cohort evaluation ...
2021-04-07 15:49:58,991:INFO:Baseline holistic ...
2021-04-07 15:51:11,637:INFO:Baseline pcm ...
2021-04-07 15:51:11,637:INFO:Loading precomputed pcm ...
2021-04-07 15:51:11,776:INFO:########## Finished iteration 78 ##########
2021-04-07 15:51:11,776:INFO:########## Iteration 79 ##########
2021-04-07 15:51:11,776:INFO:Loading datasets ...
2021-04-07 15:51:12,080:INFO:Test users: ['dorn6', 'dorn14']
2021-04-07 15:51:12,080:INFO:Features encoded: ['sex', 'clothing']
2021-04-07 15:51:12,080:INFO:Finding Cohorts ...
2021-04-07 15:51:12,081:INFO:Finding cohorts using: swls
2021-04-07 15:51:12,083:INFO:Training Cohort models ...
2021-04-07 15:53:33,307:INFO:Cohort assignation ...
2021-04-07 15:53:33,307:INFO:Matching via swls
2021-04-07 15:53:33,307:INFO:Cohort evaluation ...
2021-04-07 15:53:33,370:INFO:Baseline holistic ...
2021-04-07 15:54:47,219:INFO:Baseline pcm ...
2021-04-07 15:54:47,219:INFO:Loading precomputed pcm ...
2021-04-07 15:54:47,357:INFO:########## Finished iteration 79 ##########
2021-04-07 15:54:47,357:INFO:########## Iteration 80 ##########
2021-04-07 15:54:47,357:INFO:Loading datasets ...
2021-04-07 15:54:47,659:INFO:Test users: ['dorn20', 'dorn9']
2021-04-07 15:54:47,659:INFO:Features encoded: ['sex', 'clothing']
2021-04-07 15:54:47,659:INFO:Finding Cohorts ...
2021-04-07 15:54:47,660:INFO:Finding cohorts using: swls
2021-04-07 15:54:47,663:INFO:Training Cohort models ...
2021-04-07 15:57:09,563:INFO:Cohort assignation ...
2021-04-07 15:57:09,563:INFO:Matching via swls
2021-04-07 15:57:09,564:INFO:Cohort evaluation ...
2021-04-07 15:57:09,660:INFO:Baseline holistic ...
2021-04-07 15:58:59,104:INFO:Baseline pcm ...
2021-04-07 15:58:59,104:INFO:Loading precomputed pcm ...
2021-04-07 15:58:59,244:INFO:########## Finished iteration 80 ##########
2021-04-07 15:58:59,244:INFO:########## Iteration 81 ##########
2021-04-07 15:58:59,244:INFO:Loading datasets ...
2021-04-07 15:58:59,550:INFO:Test users: ['dorn7', 'dorn14']
2021-04-07 15:58:59,550:INFO:Features encoded: ['sex', 'clothing']
2021-04-07 15:58:59,550:INFO:Finding Cohorts ...
2021-04-07 15:58:59,551:INFO:Finding cohorts using: swls
2021-04-07 15:58:59,554:INFO:Training Cohort models ...
2021-04-07 16:00:55,974:INFO:Cohort assignation ...
2021-04-07 16:00:55,975:INFO:Matching via swls
2021-04-07 16:00:55,975:INFO:Cohort evaluation ...
2021-04-07 16:00:56,007:INFO:Baseline holistic ...
2021-04-07 16:02:11,521:INFO:Baseline pcm ...
2021-04-07 16:02:11,521:INFO:Loading precomputed pcm ...
2021-04-07 16:02:11,663:INFO:########## Finished iteration 81 ##########
2021-04-07 16:02:11,663:INFO:########## Iteration 82 ##########
2021-04-07 16:02:11,663:INFO:Loading datasets ...
2021-04-07 16:02:11,969:INFO:Test users: ['dorn14', 'dorn20']
2021-04-07 16:02:11,970:INFO:Features encoded: ['sex', 'clothing']
2021-04-07 16:02:11,970:INFO:Finding Cohorts ...
2021-04-07 16:02:11,970:INFO:Finding cohorts using: swls
2021-04-07 16:02:11,972:INFO:Training Cohort models ...
2021-04-07 16:04:37,586:INFO:Cohort assignation ...
2021-04-07 16:04:37,586:INFO:Matching via swls
2021-04-07 16:04:37,587:INFO:Cohort evaluation ...
2021-04-07 16:04:37,649:INFO:Baseline holistic ...
2021-04-07 16:05:55,205:INFO:Baseline pcm ...
2021-04-07 16:05:55,205:INFO:Loading precomputed pcm ...
2021-04-07 16:05:55,398:INFO:########## Finished iteration 82 ##########
2021-04-07 16:05:55,399:INFO:########## Iteration 83 ##########
2021-04-07 16:05:55,399:INFO:Loading datasets ...
2021-04-07 16:05:55,825:INFO:Test users: ['dorn5', 'dorn18']
2021-04-07 16:05:55,826:INFO:Features encoded: ['sex', 'clothing']
2021-04-07 16:05:55,826:INFO:Finding Cohorts ...
2021-04-07 16:05:55,827:INFO:Finding cohorts using: swls
2021-04-07 16:05:55,830:INFO:Training Cohort models ...
2021-04-07 16:24:29,149:INFO:Cohort assignation ...
2021-04-07 16:24:29,151:INFO:Matching via swls
2021-04-07 16:24:29,156:INFO:Cohort evaluation ...
2021-04-07 16:24:29,215:INFO:Baseline holistic ...
2021-04-07 16:25:59,379:INFO:Baseline pcm ...
2021-04-07 16:25:59,379:INFO:Loading precomputed pcm ...
2021-04-07 16:26:00,627:INFO:########## Finished iteration 83 ##########
2021-04-07 16:26:00,628:INFO:########## Iteration 84 ##########
2021-04-07 16:26:00,628:INFO:Loading datasets ...
2021-04-07 16:26:01,024:INFO:Test users: ['dorn9', 'dorn7']
2021-04-07 16:26:01,025:INFO:Features encoded: ['sex', 'clothing']
2021-04-07 16:26:01,025:INFO:Finding Cohorts ...
2021-04-07 16:26:01,025:INFO:Finding cohorts using: swls
2021-04-07 16:26:01,028:INFO:Training Cohort models ...
2021-04-07 16:28:21,466:INFO:Cohort assignation ...
2021-04-07 16:28:21,466:INFO:Matching via swls
2021-04-07 16:28:21,466:INFO:Cohort evaluation ...
2021-04-07 16:28:21,530:INFO:Baseline holistic ...
2021-04-07 16:29:34,767:INFO:Baseline pcm ...
2021-04-07 16:29:34,767:INFO:Loading precomputed pcm ...
2021-04-07 16:29:34,959:INFO:########## Finished iteration 84 ##########
2021-04-07 16:29:34,959:INFO:########## Iteration 85 ##########
2021-04-07 16:29:34,960:INFO:Loading datasets ...
2021-04-07 16:29:35,264:INFO:Test users: ['dorn17', 'dorn5']
2021-04-07 16:29:35,264:INFO:Features encoded: ['sex', 'clothing']
2021-04-07 16:29:35,264:INFO:Finding Cohorts ...
2021-04-07 16:29:35,265:INFO:Finding cohorts using: swls
2021-04-07 16:29:35,267:INFO:Training Cohort models ...
2021-04-07 16:31:52,484:INFO:Cohort assignation ...
2021-04-07 16:31:52,484:INFO:Matching via swls
2021-04-07 16:31:52,485:INFO:Cohort evaluation ...
2021-04-07 16:31:52,574:INFO:Baseline holistic ...
2021-04-07 16:33:39,036:INFO:Baseline pcm ...
2021-04-07 16:33:39,036:INFO:Loading precomputed pcm ...
2021-04-07 16:33:39,272:INFO:########## Finished iteration 85 ##########
2021-04-07 16:33:39,272:INFO:########## Iteration 86 ##########
2021-04-07 16:33:39,272:INFO:Loading datasets ...
2021-04-07 16:33:39,580:INFO:Test users: ['dorn14', 'dorn18']
2021-04-07 16:33:39,580:INFO:Features encoded: ['sex', 'clothing']
2021-04-07 16:33:39,581:INFO:Finding Cohorts ...
2021-04-07 16:33:39,582:INFO:Finding cohorts using: swls
2021-04-07 16:33:39,584:INFO:Training Cohort models ...
2021-04-07 16:36:03,285:INFO:Cohort assignation ...
2021-04-07 16:36:03,285:INFO:Matching via swls
2021-04-07 16:36:03,286:INFO:Cohort evaluation ...
2021-04-07 16:36:03,348:INFO:Baseline holistic ...
2021-04-07 16:37:35,768:INFO:Baseline pcm ...
2021-04-07 16:37:35,768:INFO:Loading precomputed pcm ...
2021-04-07 16:37:35,916:INFO:########## Finished iteration 86 ##########
2021-04-07 16:37:35,917:INFO:########## Iteration 87 ##########
2021-04-07 16:37:35,917:INFO:Loading datasets ...
2021-04-07 16:37:36,226:INFO:Test users: ['dorn15', 'dorn5']
2021-04-07 16:37:36,227:INFO:Features encoded: ['sex', 'clothing']
2021-04-07 16:37:36,227:INFO:Finding Cohorts ...
2021-04-07 16:37:36,228:INFO:Finding cohorts using: swls
2021-04-07 16:37:36,230:INFO:Training Cohort models ...
2021-04-07 16:40:11,601:INFO:Cohort assignation ...
2021-04-07 16:40:11,601:INFO:Matching via swls
2021-04-07 16:40:11,602:INFO:Cohort evaluation ...
2021-04-07 16:40:11,693:INFO:Baseline holistic ...
2021-04-07 16:42:00,379:INFO:Baseline pcm ...
2021-04-07 16:42:00,379:INFO:Loading precomputed pcm ...
2021-04-07 16:42:00,530:INFO:########## Finished iteration 87 ##########
2021-04-07 16:42:00,530:INFO:########## Iteration 88 ##########
2021-04-07 16:42:00,530:INFO:Loading datasets ...
2021-04-07 16:42:00,842:INFO:Test users: ['dorn7', 'dorn17']
2021-04-07 16:42:00,842:INFO:Features encoded: ['sex', 'clothing']
2021-04-07 16:42:00,842:INFO:Finding Cohorts ...
2021-04-07 16:42:00,843:INFO:Finding cohorts using: swls
2021-04-07 16:42:00,846:INFO:Training Cohort models ...
2021-04-07 16:44:26,854:INFO:Cohort assignation ...
2021-04-07 16:44:26,856:INFO:Matching via swls
2021-04-07 16:44:26,862:INFO:Cohort evaluation ...
2021-04-07 16:44:26,977:INFO:Baseline holistic ...
2021-04-07 16:46:38,764:INFO:Baseline pcm ...
2021-04-07 16:46:38,771:INFO:Loading precomputed pcm ...
2021-04-07 16:46:40,042:INFO:########## Finished iteration 88 ##########
2021-04-07 16:46:40,042:INFO:########## Iteration 89 ##########
2021-04-07 16:46:40,042:INFO:Loading datasets ...
2021-04-07 16:46:41,303:INFO:Test users: ['dorn6', 'dorn18']
2021-04-07 16:46:41,303:INFO:Features encoded: ['sex', 'clothing']
2021-04-07 16:46:41,303:INFO:Finding Cohorts ...
2021-04-07 16:46:41,309:INFO:Finding cohorts using: swls
2021-04-07 16:46:41,312:INFO:Training Cohort models ...
2021-04-07 16:49:01,275:INFO:Cohort assignation ...
2021-04-07 16:49:01,275:INFO:Matching via swls
2021-04-07 16:49:01,276:INFO:Cohort evaluation ...
2021-04-07 16:49:01,338:INFO:Baseline holistic ...
2021-04-07 16:50:13,817:INFO:Baseline pcm ...
2021-04-07 16:50:13,817:INFO:Loading precomputed pcm ...
2021-04-07 16:50:13,987:INFO:########## Finished iteration 89 ##########
2021-04-07 16:50:13,987:INFO:########## Iteration 90 ##########
2021-04-07 16:50:13,987:INFO:Loading datasets ...
2021-04-07 16:50:14,295:INFO:Test users: ['dorn5', 'dorn17']
2021-04-07 16:50:14,295:INFO:Features encoded: ['sex', 'clothing']
2021-04-07 16:50:14,295:INFO:Finding Cohorts ...
2021-04-07 16:50:14,296:INFO:Finding cohorts using: swls
2021-04-07 16:50:14,298:INFO:Training Cohort models ...
2021-04-07 16:52:34,901:INFO:Cohort assignation ...
2021-04-07 16:52:34,901:INFO:Matching via swls
2021-04-07 16:52:34,901:INFO:Cohort evaluation ...
2021-04-07 16:52:34,938:INFO:Baseline holistic ...
2021-04-07 16:54:20,964:INFO:Baseline pcm ...
2021-04-07 16:54:20,964:INFO:Loading precomputed pcm ...
2021-04-07 16:54:21,109:INFO:########## Finished iteration 90 ##########
2021-04-07 16:54:21,109:INFO:########## Iteration 91 ##########
2021-04-07 16:54:21,110:INFO:Loading datasets ...
2021-04-07 16:54:21,415:INFO:Test users: ['dorn12', 'dorn20']
2021-04-07 16:54:21,416:INFO:Features encoded: ['sex', 'clothing']
2021-04-07 16:54:21,416:INFO:Finding Cohorts ...
2021-04-07 16:54:21,417:INFO:Finding cohorts using: swls
2021-04-07 16:54:21,419:INFO:Training Cohort models ...
2021-04-07 16:56:41,244:INFO:Cohort assignation ...
2021-04-07 16:56:41,244:INFO:Matching via swls
2021-04-07 16:56:41,245:INFO:Cohort evaluation ...
2021-04-07 16:56:41,338:INFO:Baseline holistic ...
2021-04-07 16:57:54,765:INFO:Baseline pcm ...
2021-04-07 16:57:54,765:INFO:Loading precomputed pcm ...
2021-04-07 16:57:54,902:INFO:########## Finished iteration 91 ##########
2021-04-07 16:57:54,902:INFO:########## Iteration 92 ##########
2021-04-07 16:57:54,902:INFO:Loading datasets ...
2021-04-07 16:57:55,215:INFO:Test users: ['dorn14', 'dorn5']
2021-04-07 16:57:55,215:INFO:Features encoded: ['sex', 'clothing']
2021-04-07 16:57:55,215:INFO:Finding Cohorts ...
2021-04-07 16:57:55,216:INFO:Finding cohorts using: swls
2021-04-07 16:57:55,218:INFO:Training Cohort models ...
2021-04-07 17:00:13,886:INFO:Cohort assignation ...
2021-04-07 17:00:13,886:INFO:Matching via swls
2021-04-07 17:00:13,886:INFO:Cohort evaluation ...
2021-04-07 17:00:13,978:INFO:Baseline holistic ...
2021-04-07 17:01:27,713:INFO:Baseline pcm ...
2021-04-07 17:01:27,713:INFO:Loading precomputed pcm ...
2021-04-07 17:01:27,851:INFO:########## Finished iteration 92 ##########
2021-04-07 17:01:27,851:INFO:########## Iteration 93 ##########
2021-04-07 17:01:27,851:INFO:Loading datasets ...
2021-04-07 17:01:28,166:INFO:Test users: ['dorn18', 'dorn17']
2021-04-07 17:01:28,166:INFO:Features encoded: ['sex', 'clothing']
2021-04-07 17:01:28,166:INFO:Finding Cohorts ...
2021-04-07 17:01:28,167:INFO:Finding cohorts using: swls
2021-04-07 17:01:28,170:INFO:Training Cohort models ...
2021-04-07 17:04:01,486:INFO:Cohort assignation ...
2021-04-07 17:04:01,486:INFO:Matching via swls
2021-04-07 17:04:01,487:INFO:Cohort evaluation ...
2021-04-07 17:04:01,563:INFO:Baseline holistic ...
2021-04-07 17:05:47,064:INFO:Baseline pcm ...
2021-04-07 17:05:47,064:INFO:Loading precomputed pcm ...
2021-04-07 17:05:47,201:INFO:########## Finished iteration 93 ##########
2021-04-07 17:05:47,201:INFO:########## Iteration 94 ##########
2021-04-07 17:05:47,202:INFO:Loading datasets ...
2021-04-07 17:05:47,509:INFO:Test users: ['dorn14', 'dorn6']
2021-04-07 17:05:47,509:INFO:Features encoded: ['sex', 'clothing']
2021-04-07 17:05:47,509:INFO:Finding Cohorts ...
2021-04-07 17:05:47,510:INFO:Finding cohorts using: swls
2021-04-07 17:05:47,512:INFO:Training Cohort models ...
2021-04-07 17:07:55,042:INFO:Cohort assignation ...
2021-04-07 17:07:55,042:INFO:Matching via swls
2021-04-07 17:07:55,043:INFO:Cohort evaluation ...
2021-04-07 17:07:55,089:INFO:Baseline holistic ...
2021-04-07 17:09:08,919:INFO:Baseline pcm ...
2021-04-07 17:09:08,919:INFO:Loading precomputed pcm ...
2021-04-07 17:09:09,058:INFO:########## Finished iteration 94 ##########
2021-04-07 17:09:09,058:INFO:########## Iteration 95 ##########
2021-04-07 17:09:09,058:INFO:Loading datasets ...
2021-04-07 17:09:09,362:INFO:Test users: ['dorn20', 'dorn12']
2021-04-07 17:09:09,362:INFO:Features encoded: ['sex', 'clothing']
2021-04-07 17:09:09,362:INFO:Finding Cohorts ...
2021-04-07 17:09:09,363:INFO:Finding cohorts using: swls
2021-04-07 17:09:09,365:INFO:Training Cohort models ...
2021-04-07 17:11:42,905:INFO:Cohort assignation ...
2021-04-07 17:11:42,905:INFO:Matching via swls
2021-04-07 17:11:42,906:INFO:Cohort evaluation ...
2021-04-07 17:11:42,998:INFO:Baseline holistic ...
2021-04-07 17:12:56,301:INFO:Baseline pcm ...
2021-04-07 17:12:56,301:INFO:Loading precomputed pcm ...
2021-04-07 17:12:56,445:INFO:########## Finished iteration 95 ##########
2021-04-07 17:12:56,446:INFO:########## Iteration 96 ##########
2021-04-07 17:12:56,446:INFO:Loading datasets ...
2021-04-07 17:12:56,749:INFO:Test users: ['dorn14', 'dorn15']
2021-04-07 17:12:56,749:INFO:Features encoded: ['sex', 'clothing']
2021-04-07 17:12:56,750:INFO:Finding Cohorts ...
2021-04-07 17:12:56,751:INFO:Finding cohorts using: swls
2021-04-07 17:12:56,753:INFO:Training Cohort models ...
2021-04-07 17:15:04,841:INFO:Cohort assignation ...
2021-04-07 17:15:04,842:INFO:Matching via swls
2021-04-07 17:15:04,842:INFO:Cohort evaluation ...
2021-04-07 17:15:04,873:INFO:Baseline holistic ...
2021-04-07 17:16:35,185:INFO:Baseline pcm ...
2021-04-07 17:16:35,185:INFO:Loading precomputed pcm ...
2021-04-07 17:16:35,322:INFO:########## Finished iteration 96 ##########
2021-04-07 17:16:35,322:INFO:########## Iteration 97 ##########
2021-04-07 17:16:35,322:INFO:Loading datasets ...
2021-04-07 17:16:35,627:INFO:Test users: ['dorn15', 'dorn14']
2021-04-07 17:16:35,627:INFO:Features encoded: ['sex', 'clothing']
2021-04-07 17:16:35,627:INFO:Finding Cohorts ...
2021-04-07 17:16:35,628:INFO:Finding cohorts using: swls
2021-04-07 17:16:35,630:INFO:Training Cohort models ...
2021-04-07 17:19:23,810:INFO:Cohort assignation ...
2021-04-07 17:19:23,810:INFO:Matching via swls
2021-04-07 17:19:23,811:INFO:Cohort evaluation ...
2021-04-07 17:19:23,901:INFO:Baseline holistic ...
2021-04-07 17:20:54,165:INFO:Baseline pcm ...
2021-04-07 17:20:54,165:INFO:Loading precomputed pcm ...
2021-04-07 17:20:54,309:INFO:########## Finished iteration 97 ##########
2021-04-07 17:20:54,309:INFO:########## Iteration 98 ##########
2021-04-07 17:20:54,309:INFO:Loading datasets ...
2021-04-07 17:20:54,618:INFO:Test users: ['dorn18', 'dorn15']
2021-04-07 17:20:54,619:INFO:Features encoded: ['sex', 'clothing']
2021-04-07 17:20:54,619:INFO:Finding Cohorts ...
2021-04-07 17:20:54,620:INFO:Finding cohorts using: swls
2021-04-07 17:20:54,623:INFO:Training Cohort models ...
2021-04-07 17:22:46,720:INFO:Cohort assignation ...
2021-04-07 17:22:46,720:INFO:Matching via swls
2021-04-07 17:22:46,721:INFO:Cohort evaluation ...
2021-04-07 17:22:46,752:INFO:Baseline holistic ...
2021-04-07 17:24:14,882:INFO:Baseline pcm ...
2021-04-07 17:24:14,882:INFO:Loading precomputed pcm ...
2021-04-07 17:24:15,016:INFO:########## Finished iteration 98 ##########
2021-04-07 17:24:15,016:INFO:########## Iteration 99 ##########
2021-04-07 17:24:15,016:INFO:Loading datasets ...
2021-04-07 17:24:15,314:INFO:Test users: ['dorn9', 'dorn18']
2021-04-07 17:24:15,314:INFO:Features encoded: ['sex', 'clothing']
2021-04-07 17:24:15,314:INFO:Finding Cohorts ...
2021-04-07 17:24:15,314:INFO:Finding cohorts using: swls
2021-04-07 17:24:15,316:INFO:Training Cohort models ...
2021-04-07 17:26:20,317:INFO:Cohort assignation ...
2021-04-07 17:26:20,317:INFO:Matching via swls
2021-04-07 17:26:20,318:INFO:Cohort evaluation ...
2021-04-07 17:26:20,378:INFO:Baseline holistic ...
2021-04-07 17:27:32,120:INFO:Baseline pcm ...
2021-04-07 17:27:32,120:INFO:Loading precomputed pcm ...
2021-04-07 17:27:32,255:INFO:########## Finished iteration 99 ##########
