2021-04-08 10:09:13,654:INFO:########## Iteration 0 ##########
2021-04-08 10:09:13,654:INFO:Loading datasets ...
2021-04-08 10:09:13,921:WARNING:
DeepCTR-PyTorch version 0.2.6 detected. Your version is 0.2.3.
Use `pip install -U deepctr-torch` to upgrade.Changelog: https://github.com/shenweichen/DeepCTR-Torch/releases/tag/v0.2.6
2021-04-08 10:09:13,968:INFO:Test users: ['dorn19', 'dorn20']
2021-04-08 10:09:13,968:INFO:Features encoded: ['sex', 'clothing']
2021-04-08 10:09:13,968:INFO:Finding Cohorts ...
2021-04-08 10:09:13,968:INFO:Finding cohorts using: hsps
2021-04-08 10:09:13,969:INFO:Training Cohort models ...
2021-04-08 10:11:09,210:INFO:Cohort assignation ...
2021-04-08 10:11:09,210:INFO:Matching via hsps
2021-04-08 10:11:09,211:INFO:Cohort evaluation ...
2021-04-08 10:11:09,243:INFO:Baseline holistic ...
2021-04-08 10:12:40,913:INFO:Baseline pcm ...
2021-04-08 10:12:40,913:INFO:Loading precomputed pcm ...
2021-04-08 10:12:41,122:INFO:########## Finished iteration 0 ##########
2021-04-08 10:12:41,122:INFO:########## Iteration 1 ##########
2021-04-08 10:12:41,122:INFO:Loading datasets ...
2021-04-08 10:12:41,435:INFO:Test users: ['dorn5', 'dorn17']
2021-04-08 10:12:41,435:INFO:Features encoded: ['sex', 'clothing']
2021-04-08 10:12:41,435:INFO:Finding Cohorts ...
2021-04-08 10:12:41,435:INFO:Finding cohorts using: hsps
2021-04-08 10:12:41,437:INFO:Training Cohort models ...
2021-04-08 10:15:06,945:INFO:Cohort assignation ...
2021-04-08 10:15:06,945:INFO:Matching via hsps
2021-04-08 10:15:06,946:INFO:Cohort evaluation ...
2021-04-08 10:15:06,977:INFO:Baseline holistic ...
2021-04-08 10:16:57,515:INFO:Baseline pcm ...
2021-04-08 10:16:57,515:INFO:Loading precomputed pcm ...
2021-04-08 10:16:57,659:INFO:########## Finished iteration 1 ##########
2021-04-08 10:16:57,660:INFO:########## Iteration 2 ##########
2021-04-08 10:16:57,660:INFO:Loading datasets ...
2021-04-08 10:16:57,979:INFO:Test users: ['dorn10', 'dorn9']
2021-04-08 10:16:57,979:INFO:Features encoded: ['sex', 'clothing']
2021-04-08 10:16:57,979:INFO:Finding Cohorts ...
2021-04-08 10:16:57,980:INFO:Finding cohorts using: hsps
2021-04-08 10:16:57,982:INFO:Training Cohort models ...
2021-04-08 10:19:26,624:INFO:Cohort assignation ...
2021-04-08 10:19:26,624:INFO:Matching via hsps
2021-04-08 10:19:26,625:INFO:Cohort evaluation ...
2021-04-08 10:19:26,694:INFO:Baseline holistic ...
2021-04-08 10:21:03,311:INFO:Baseline pcm ...
2021-04-08 10:21:03,311:INFO:Loading precomputed pcm ...
2021-04-08 10:21:03,451:INFO:########## Finished iteration 2 ##########
2021-04-08 10:21:03,452:INFO:########## Iteration 3 ##########
2021-04-08 10:21:03,452:INFO:Loading datasets ...
2021-04-08 10:21:03,774:INFO:Test users: ['dorn17', 'dorn9']
2021-04-08 10:21:03,774:INFO:Features encoded: ['sex', 'clothing']
2021-04-08 10:21:03,774:INFO:Finding Cohorts ...
2021-04-08 10:21:03,775:INFO:Finding cohorts using: hsps
2021-04-08 10:21:03,778:INFO:Training Cohort models ...
2021-04-08 10:23:31,134:INFO:Cohort assignation ...
2021-04-08 10:23:31,135:INFO:Matching via hsps
2021-04-08 10:23:31,135:INFO:Cohort evaluation ...
2021-04-08 10:23:31,167:INFO:Baseline holistic ...
2021-04-08 10:25:05,304:INFO:Baseline pcm ...
2021-04-08 10:25:05,304:INFO:Loading precomputed pcm ...
2021-04-08 10:25:05,446:INFO:########## Finished iteration 3 ##########
2021-04-08 10:25:05,446:INFO:########## Iteration 4 ##########
2021-04-08 10:25:05,446:INFO:Loading datasets ...
2021-04-08 10:25:05,762:INFO:Test users: ['dorn9', 'dorn5']
2021-04-08 10:25:05,763:INFO:Features encoded: ['sex', 'clothing']
2021-04-08 10:25:05,763:INFO:Finding Cohorts ...
2021-04-08 10:25:05,764:INFO:Finding cohorts using: hsps
2021-04-08 10:25:05,766:INFO:Training Cohort models ...
2021-04-08 10:27:19,445:INFO:Cohort assignation ...
2021-04-08 10:27:19,445:INFO:Matching via hsps
2021-04-08 10:27:19,446:INFO:Cohort evaluation ...
2021-04-08 10:27:19,477:INFO:Baseline holistic ...
2021-04-08 10:28:53,225:INFO:Baseline pcm ...
2021-04-08 10:28:53,225:INFO:Loading precomputed pcm ...
2021-04-08 10:28:53,370:INFO:########## Finished iteration 4 ##########
2021-04-08 10:28:53,370:INFO:########## Iteration 5 ##########
2021-04-08 10:28:53,370:INFO:Loading datasets ...
2021-04-08 10:28:53,692:INFO:Test users: ['dorn19', 'dorn7']
2021-04-08 10:28:53,692:INFO:Features encoded: ['sex', 'clothing']
2021-04-08 10:28:53,692:INFO:Finding Cohorts ...
2021-04-08 10:28:53,693:INFO:Finding cohorts using: hsps
2021-04-08 10:28:53,695:INFO:Training Cohort models ...
2021-04-08 10:31:47,476:INFO:Cohort assignation ...
2021-04-08 10:31:47,476:INFO:Matching via hsps
2021-04-08 10:31:47,477:INFO:Cohort evaluation ...
2021-04-08 10:31:47,570:INFO:Baseline holistic ...
2021-04-08 10:33:36,496:INFO:Baseline pcm ...
2021-04-08 10:33:36,496:INFO:Loading precomputed pcm ...
2021-04-08 10:33:36,636:INFO:########## Finished iteration 5 ##########
2021-04-08 10:33:36,636:INFO:########## Iteration 6 ##########
2021-04-08 10:33:36,636:INFO:Loading datasets ...
2021-04-08 10:33:36,954:INFO:Test users: ['dorn18', 'dorn19']
2021-04-08 10:33:36,954:INFO:Features encoded: ['sex', 'clothing']
2021-04-08 10:33:36,954:INFO:Finding Cohorts ...
2021-04-08 10:33:36,956:INFO:Finding cohorts using: hsps
2021-04-08 10:33:36,958:INFO:Training Cohort models ...
2021-04-08 10:36:03,403:INFO:Cohort assignation ...
2021-04-08 10:36:03,403:INFO:Matching via hsps
2021-04-08 10:36:03,404:INFO:Cohort evaluation ...
2021-04-08 10:36:03,467:INFO:Baseline holistic ...
2021-04-08 10:37:36,402:INFO:Baseline pcm ...
2021-04-08 10:37:36,402:INFO:Loading precomputed pcm ...
2021-04-08 10:37:36,551:INFO:########## Finished iteration 6 ##########
2021-04-08 10:37:36,551:INFO:########## Iteration 7 ##########
2021-04-08 10:37:36,551:INFO:Loading datasets ...
2021-04-08 10:37:36,871:INFO:Test users: ['dorn5', 'dorn20']
2021-04-08 10:37:36,872:INFO:Features encoded: ['sex', 'clothing']
2021-04-08 10:37:36,872:INFO:Finding Cohorts ...
2021-04-08 10:37:36,873:INFO:Finding cohorts using: hsps
2021-04-08 10:37:36,875:INFO:Training Cohort models ...
2021-04-08 10:40:31,692:INFO:Cohort assignation ...
2021-04-08 10:40:31,692:INFO:Matching via hsps
2021-04-08 10:40:31,693:INFO:Cohort evaluation ...
2021-04-08 10:40:31,789:INFO:Baseline holistic ...
2021-04-08 10:41:48,601:INFO:Baseline pcm ...
2021-04-08 10:41:48,601:INFO:Loading precomputed pcm ...
2021-04-08 10:41:48,809:INFO:########## Finished iteration 7 ##########
2021-04-08 10:41:48,809:INFO:########## Iteration 8 ##########
2021-04-08 10:41:48,809:INFO:Loading datasets ...
2021-04-08 10:41:49,122:INFO:Test users: ['dorn3', 'dorn18']
2021-04-08 10:41:49,122:INFO:Features encoded: ['sex', 'clothing']
2021-04-08 10:41:49,122:INFO:Finding Cohorts ...
2021-04-08 10:41:49,124:INFO:Finding cohorts using: hsps
2021-04-08 10:41:49,126:INFO:Training Cohort models ...
2021-04-08 10:43:46,361:INFO:Cohort assignation ...
2021-04-08 10:43:46,361:INFO:Matching via hsps
2021-04-08 10:43:46,362:INFO:Cohort evaluation ...
2021-04-08 10:43:46,394:INFO:Baseline holistic ...
2021-04-08 10:45:19,675:INFO:Baseline pcm ...
2021-04-08 10:45:19,675:INFO:Loading precomputed pcm ...
2021-04-08 10:45:19,818:INFO:########## Finished iteration 8 ##########
2021-04-08 10:45:19,818:INFO:########## Iteration 9 ##########
2021-04-08 10:45:19,818:INFO:Loading datasets ...
2021-04-08 10:45:20,137:INFO:Test users: ['dorn20', 'dorn9']
2021-04-08 10:45:20,137:INFO:Features encoded: ['sex', 'clothing']
2021-04-08 10:45:20,137:INFO:Finding Cohorts ...
2021-04-08 10:45:20,137:INFO:Finding cohorts using: hsps
2021-04-08 10:45:20,139:INFO:Training Cohort models ...
2021-04-08 10:47:47,612:INFO:Cohort assignation ...
2021-04-08 10:47:47,612:INFO:Matching via hsps
2021-04-08 10:47:47,613:INFO:Cohort evaluation ...
2021-04-08 10:47:47,678:INFO:Baseline holistic ...
2021-04-08 10:49:38,559:INFO:Baseline pcm ...
2021-04-08 10:49:38,560:INFO:Loading precomputed pcm ...
2021-04-08 10:49:38,770:INFO:########## Finished iteration 9 ##########
2021-04-08 10:49:38,770:INFO:########## Iteration 10 ##########
2021-04-08 10:49:38,770:INFO:Loading datasets ...
2021-04-08 10:49:39,083:INFO:Test users: ['dorn19', 'dorn9']
2021-04-08 10:49:39,084:INFO:Features encoded: ['sex', 'clothing']
2021-04-08 10:49:39,084:INFO:Finding Cohorts ...
2021-04-08 10:49:39,085:INFO:Finding cohorts using: hsps
2021-04-08 10:49:39,087:INFO:Training Cohort models ...
2021-04-08 10:52:06,363:INFO:Cohort assignation ...
2021-04-08 10:52:06,363:INFO:Matching via hsps
2021-04-08 10:52:06,364:INFO:Cohort evaluation ...
2021-04-08 10:52:06,395:INFO:Baseline holistic ...
2021-04-08 10:53:22,619:INFO:Baseline pcm ...
2021-04-08 10:53:22,619:INFO:Loading precomputed pcm ...
2021-04-08 10:53:22,761:INFO:########## Finished iteration 10 ##########
2021-04-08 10:53:22,761:INFO:########## Iteration 11 ##########
2021-04-08 10:53:22,761:INFO:Loading datasets ...
2021-04-08 10:53:23,079:INFO:Test users: ['dorn17', 'dorn13']
2021-04-08 10:53:23,079:INFO:Features encoded: ['sex', 'clothing']
2021-04-08 10:53:23,080:INFO:Finding Cohorts ...
2021-04-08 10:53:23,080:INFO:Finding cohorts using: hsps
2021-04-08 10:53:23,083:INFO:Training Cohort models ...
2021-04-08 10:55:35,113:INFO:Cohort assignation ...
2021-04-08 10:55:35,113:INFO:Matching via hsps
2021-04-08 10:55:35,114:INFO:Cohort evaluation ...
2021-04-08 10:55:35,162:INFO:Baseline holistic ...
2021-04-08 10:56:51,914:INFO:Baseline pcm ...
2021-04-08 10:56:51,914:INFO:Loading precomputed pcm ...
2021-04-08 10:56:52,057:INFO:########## Finished iteration 11 ##########
2021-04-08 10:56:52,057:INFO:########## Iteration 12 ##########
2021-04-08 10:56:52,057:INFO:Loading datasets ...
2021-04-08 10:56:52,370:INFO:Test users: ['dorn17', 'dorn5']
2021-04-08 10:56:52,370:INFO:Features encoded: ['sex', 'clothing']
2021-04-08 10:56:52,370:INFO:Finding Cohorts ...
2021-04-08 10:56:52,371:INFO:Finding cohorts using: hsps
2021-04-08 10:56:52,373:INFO:Training Cohort models ...
2021-04-08 10:59:04,367:INFO:Cohort assignation ...
2021-04-08 10:59:04,367:INFO:Matching via hsps
2021-04-08 10:59:04,368:INFO:Cohort evaluation ...
2021-04-08 10:59:04,400:INFO:Baseline holistic ...
2021-04-08 11:00:54,984:INFO:Baseline pcm ...
2021-04-08 11:00:54,984:INFO:Loading precomputed pcm ...
2021-04-08 11:00:55,124:INFO:########## Finished iteration 12 ##########
2021-04-08 11:00:55,124:INFO:########## Iteration 13 ##########
2021-04-08 11:00:55,124:INFO:Loading datasets ...
2021-04-08 11:00:55,442:INFO:Test users: ['dorn18', 'dorn3']
2021-04-08 11:00:55,443:INFO:Features encoded: ['sex', 'clothing']
2021-04-08 11:00:55,443:INFO:Finding Cohorts ...
2021-04-08 11:00:55,444:INFO:Finding cohorts using: hsps
2021-04-08 11:00:55,446:INFO:Training Cohort models ...
2021-04-08 11:03:05,677:INFO:Cohort assignation ...
2021-04-08 11:03:05,677:INFO:Matching via hsps
2021-04-08 11:03:05,678:INFO:Cohort evaluation ...
2021-04-08 11:03:05,711:INFO:Baseline holistic ...
2021-04-08 11:04:21,379:INFO:Baseline pcm ...
2021-04-08 11:04:21,379:INFO:Loading precomputed pcm ...
2021-04-08 11:04:21,522:INFO:########## Finished iteration 13 ##########
2021-04-08 11:04:21,522:INFO:########## Iteration 14 ##########
2021-04-08 11:04:21,522:INFO:Loading datasets ...
2021-04-08 11:04:21,837:INFO:Test users: ['dorn17', 'dorn10']
2021-04-08 11:04:21,837:INFO:Features encoded: ['sex', 'clothing']
2021-04-08 11:04:21,837:INFO:Finding Cohorts ...
2021-04-08 11:04:21,838:INFO:Finding cohorts using: hsps
2021-04-08 11:04:21,840:INFO:Training Cohort models ...
2021-04-08 11:06:35,508:INFO:Cohort assignation ...
2021-04-08 11:06:35,508:INFO:Matching via hsps
2021-04-08 11:06:35,509:INFO:Cohort evaluation ...
2021-04-08 11:06:35,557:INFO:Baseline holistic ...
2021-04-08 11:08:28,156:INFO:Baseline pcm ...
2021-04-08 11:08:28,156:INFO:Loading precomputed pcm ...
2021-04-08 11:08:28,300:INFO:########## Finished iteration 14 ##########
2021-04-08 11:08:28,300:INFO:########## Iteration 15 ##########
2021-04-08 11:08:28,300:INFO:Loading datasets ...
2021-04-08 11:08:28,612:INFO:Test users: ['dorn19', 'dorn7']
2021-04-08 11:08:28,613:INFO:Features encoded: ['sex', 'clothing']
2021-04-08 11:08:28,613:INFO:Finding Cohorts ...
2021-04-08 11:08:28,613:INFO:Finding cohorts using: hsps
2021-04-08 11:08:28,616:INFO:Training Cohort models ...
2021-04-08 11:11:08,328:INFO:Cohort assignation ...
2021-04-08 11:11:08,328:INFO:Matching via hsps
2021-04-08 11:11:08,329:INFO:Cohort evaluation ...
2021-04-08 11:11:08,422:INFO:Baseline holistic ...
2021-04-08 11:12:23,743:INFO:Baseline pcm ...
2021-04-08 11:12:23,743:INFO:Loading precomputed pcm ...
2021-04-08 11:12:23,894:INFO:########## Finished iteration 15 ##########
2021-04-08 11:12:23,894:INFO:########## Iteration 16 ##########
2021-04-08 11:12:23,894:INFO:Loading datasets ...
2021-04-08 11:12:24,207:INFO:Test users: ['dorn7', 'dorn18']
2021-04-08 11:12:24,208:INFO:Features encoded: ['sex', 'clothing']
2021-04-08 11:12:24,208:INFO:Finding Cohorts ...
2021-04-08 11:12:24,209:INFO:Finding cohorts using: hsps
2021-04-08 11:12:24,212:INFO:Training Cohort models ...
2021-04-08 11:14:49,891:INFO:Cohort assignation ...
2021-04-08 11:14:49,891:INFO:Matching via hsps
2021-04-08 11:14:49,892:INFO:Cohort evaluation ...
2021-04-08 11:14:49,956:INFO:Baseline holistic ...
2021-04-08 11:16:05,508:INFO:Baseline pcm ...
2021-04-08 11:16:05,508:INFO:Loading precomputed pcm ...
2021-04-08 11:16:05,646:INFO:########## Finished iteration 16 ##########
2021-04-08 11:16:05,646:INFO:########## Iteration 17 ##########
2021-04-08 11:16:05,646:INFO:Loading datasets ...
2021-04-08 11:16:05,965:INFO:Test users: ['dorn5', 'dorn19']
2021-04-08 11:16:05,965:INFO:Features encoded: ['sex', 'clothing']
2021-04-08 11:16:05,965:INFO:Finding Cohorts ...
2021-04-08 11:16:05,966:INFO:Finding cohorts using: hsps
2021-04-08 11:16:05,968:INFO:Training Cohort models ...
2021-04-08 11:18:30,958:INFO:Cohort assignation ...
2021-04-08 11:18:30,958:INFO:Matching via hsps
2021-04-08 11:18:30,958:INFO:Cohort evaluation ...
2021-04-08 11:18:30,993:INFO:Baseline holistic ...
2021-04-08 11:20:03,427:INFO:Baseline pcm ...
2021-04-08 11:20:03,427:INFO:Loading precomputed pcm ...
2021-04-08 11:20:03,566:INFO:########## Finished iteration 17 ##########
2021-04-08 11:20:03,566:INFO:########## Iteration 18 ##########
2021-04-08 11:20:03,566:INFO:Loading datasets ...
2021-04-08 11:20:03,877:INFO:Test users: ['dorn3', 'dorn9']
2021-04-08 11:20:03,877:INFO:Features encoded: ['sex', 'clothing']
2021-04-08 11:20:03,878:INFO:Finding Cohorts ...
2021-04-08 11:20:03,878:INFO:Finding cohorts using: hsps
2021-04-08 11:20:03,881:INFO:Training Cohort models ...
2021-04-08 11:22:15,941:INFO:Cohort assignation ...
2021-04-08 11:22:15,941:INFO:Matching via hsps
2021-04-08 11:22:15,942:INFO:Cohort evaluation ...
2021-04-08 11:22:15,990:INFO:Baseline holistic ...
2021-04-08 11:23:49,078:INFO:Baseline pcm ...
2021-04-08 11:23:49,078:INFO:Loading precomputed pcm ...
2021-04-08 11:23:49,224:INFO:########## Finished iteration 18 ##########
2021-04-08 11:23:49,224:INFO:########## Iteration 19 ##########
2021-04-08 11:23:49,224:INFO:Loading datasets ...
2021-04-08 11:23:49,538:INFO:Test users: ['dorn20', 'dorn10']
2021-04-08 11:23:49,539:INFO:Features encoded: ['sex', 'clothing']
2021-04-08 11:23:49,539:INFO:Finding Cohorts ...
2021-04-08 11:23:49,539:INFO:Finding cohorts using: hsps
2021-04-08 11:23:49,542:INFO:Training Cohort models ...
2021-04-08 11:26:30,422:INFO:Cohort assignation ...
2021-04-08 11:26:30,422:INFO:Matching via hsps
2021-04-08 11:26:30,423:INFO:Cohort evaluation ...
2021-04-08 11:26:30,488:INFO:Baseline holistic ...
2021-04-08 11:27:48,697:INFO:Baseline pcm ...
2021-04-08 11:27:48,697:INFO:Loading precomputed pcm ...
2021-04-08 11:27:48,842:INFO:########## Finished iteration 19 ##########
2021-04-08 11:27:48,842:INFO:########## Iteration 20 ##########
2021-04-08 11:27:48,843:INFO:Loading datasets ...
2021-04-08 11:27:49,159:INFO:Test users: ['dorn3', 'dorn7']
2021-04-08 11:27:49,160:INFO:Features encoded: ['sex', 'clothing']
2021-04-08 11:27:49,160:INFO:Finding Cohorts ...
2021-04-08 11:27:49,161:INFO:Finding cohorts using: hsps
2021-04-08 11:27:49,163:INFO:Training Cohort models ...
2021-04-08 11:29:59,620:INFO:Cohort assignation ...
2021-04-08 11:29:59,620:INFO:Matching via hsps
2021-04-08 11:29:59,620:INFO:Cohort evaluation ...
2021-04-08 11:29:59,668:INFO:Baseline holistic ...
2021-04-08 11:31:49,188:INFO:Baseline pcm ...
2021-04-08 11:31:49,188:INFO:Loading precomputed pcm ...
2021-04-08 11:31:49,331:INFO:########## Finished iteration 20 ##########
2021-04-08 11:31:49,331:INFO:########## Iteration 21 ##########
2021-04-08 11:31:49,331:INFO:Loading datasets ...
2021-04-08 11:31:49,652:INFO:Test users: ['dorn5', 'dorn17']
2021-04-08 11:31:49,652:INFO:Features encoded: ['sex', 'clothing']
2021-04-08 11:31:49,652:INFO:Finding Cohorts ...
2021-04-08 11:31:49,653:INFO:Finding cohorts using: hsps
2021-04-08 11:31:49,655:INFO:Training Cohort models ...
2021-04-08 11:34:01,239:INFO:Cohort assignation ...
2021-04-08 11:34:01,239:INFO:Matching via hsps
2021-04-08 11:34:01,240:INFO:Cohort evaluation ...
2021-04-08 11:34:01,303:INFO:Baseline holistic ...
2021-04-08 11:35:35,067:INFO:Baseline pcm ...
2021-04-08 11:35:35,067:INFO:Loading precomputed pcm ...
2021-04-08 11:35:35,210:INFO:########## Finished iteration 21 ##########
2021-04-08 11:35:35,210:INFO:########## Iteration 22 ##########
2021-04-08 11:35:35,210:INFO:Loading datasets ...
2021-04-08 11:35:35,524:INFO:Test users: ['dorn18', 'dorn13']
2021-04-08 11:35:35,524:INFO:Features encoded: ['sex', 'clothing']
2021-04-08 11:35:35,525:INFO:Finding Cohorts ...
2021-04-08 11:35:35,525:INFO:Finding cohorts using: hsps
2021-04-08 11:35:35,527:INFO:Training Cohort models ...
2021-04-08 11:37:47,445:INFO:Cohort assignation ...
2021-04-08 11:37:47,445:INFO:Matching via hsps
2021-04-08 11:37:47,445:INFO:Cohort evaluation ...
2021-04-08 11:37:47,513:INFO:Baseline holistic ...
2021-04-08 11:39:38,025:INFO:Baseline pcm ...
2021-04-08 11:39:38,025:INFO:Loading precomputed pcm ...
2021-04-08 11:39:38,166:INFO:########## Finished iteration 22 ##########
2021-04-08 11:39:38,166:INFO:########## Iteration 23 ##########
2021-04-08 11:39:38,166:INFO:Loading datasets ...
2021-04-08 11:39:38,482:INFO:Test users: ['dorn9', 'dorn17']
2021-04-08 11:39:38,482:INFO:Features encoded: ['sex', 'clothing']
2021-04-08 11:39:38,483:INFO:Finding Cohorts ...
2021-04-08 11:39:38,483:INFO:Finding cohorts using: hsps
2021-04-08 11:39:38,486:INFO:Training Cohort models ...
2021-04-08 11:42:33,619:INFO:Cohort assignation ...
2021-04-08 11:42:33,619:INFO:Matching via hsps
2021-04-08 11:42:33,619:INFO:Cohort evaluation ...
2021-04-08 11:42:33,713:INFO:Baseline holistic ...
2021-04-08 11:44:24,847:INFO:Baseline pcm ...
2021-04-08 11:44:24,847:INFO:Loading precomputed pcm ...
2021-04-08 11:44:24,989:INFO:########## Finished iteration 23 ##########
2021-04-08 11:44:24,989:INFO:########## Iteration 24 ##########
2021-04-08 11:44:24,989:INFO:Loading datasets ...
2021-04-08 11:44:25,304:INFO:Test users: ['dorn18', 'dorn17']
2021-04-08 11:44:25,305:INFO:Features encoded: ['sex', 'clothing']
2021-04-08 11:44:25,305:INFO:Finding Cohorts ...
2021-04-08 11:44:25,306:INFO:Finding cohorts using: hsps
2021-04-08 11:44:25,308:INFO:Training Cohort models ...
2021-04-08 11:46:36,645:INFO:Cohort assignation ...
2021-04-08 11:46:36,645:INFO:Matching via hsps
2021-04-08 11:46:36,646:INFO:Cohort evaluation ...
2021-04-08 11:46:36,694:INFO:Baseline holistic ...
2021-04-08 11:48:09,949:INFO:Baseline pcm ...
2021-04-08 11:48:09,949:INFO:Loading precomputed pcm ...
2021-04-08 11:48:10,094:INFO:########## Finished iteration 24 ##########
2021-04-08 11:48:10,095:INFO:########## Iteration 25 ##########
2021-04-08 11:48:10,095:INFO:Loading datasets ...
2021-04-08 11:48:10,407:INFO:Test users: ['dorn18', 'dorn10']
2021-04-08 11:48:10,407:INFO:Features encoded: ['sex', 'clothing']
2021-04-08 11:48:10,407:INFO:Finding Cohorts ...
2021-04-08 11:48:10,408:INFO:Finding cohorts using: hsps
2021-04-08 11:48:10,410:INFO:Training Cohort models ...
2021-04-08 11:50:51,643:INFO:Cohort assignation ...
2021-04-08 11:50:51,643:INFO:Matching via hsps
2021-04-08 11:50:51,644:INFO:Cohort evaluation ...
2021-04-08 11:50:51,749:INFO:Baseline holistic ...
2021-04-08 11:52:09,336:INFO:Baseline pcm ...
2021-04-08 11:52:09,336:INFO:Loading precomputed pcm ...
2021-04-08 11:52:09,477:INFO:########## Finished iteration 25 ##########
2021-04-08 11:52:09,477:INFO:########## Iteration 26 ##########
2021-04-08 11:52:09,477:INFO:Loading datasets ...
2021-04-08 11:52:09,794:INFO:Test users: ['dorn17', 'dorn10']
2021-04-08 11:52:09,794:INFO:Features encoded: ['sex', 'clothing']
2021-04-08 11:52:09,794:INFO:Finding Cohorts ...
2021-04-08 11:52:09,795:INFO:Finding cohorts using: hsps
2021-04-08 11:52:09,798:INFO:Training Cohort models ...
2021-04-08 11:54:22,867:INFO:Cohort assignation ...
2021-04-08 11:54:22,867:INFO:Matching via hsps
2021-04-08 11:54:22,867:INFO:Cohort evaluation ...
2021-04-08 11:54:22,916:INFO:Baseline holistic ...
2021-04-08 11:55:40,767:INFO:Baseline pcm ...
2021-04-08 11:55:40,767:INFO:Loading precomputed pcm ...
2021-04-08 11:55:40,907:INFO:########## Finished iteration 26 ##########
2021-04-08 11:55:40,907:INFO:########## Iteration 27 ##########
2021-04-08 11:55:40,907:INFO:Loading datasets ...
2021-04-08 11:55:41,222:INFO:Test users: ['dorn7', 'dorn13']
2021-04-08 11:55:41,222:INFO:Features encoded: ['sex', 'clothing']
2021-04-08 11:55:41,222:INFO:Finding Cohorts ...
2021-04-08 11:55:41,223:INFO:Finding cohorts using: hsps
2021-04-08 11:55:41,225:INFO:Training Cohort models ...
2021-04-08 11:57:52,143:INFO:Cohort assignation ...
2021-04-08 11:57:52,143:INFO:Matching via hsps
2021-04-08 11:57:52,144:INFO:Cohort evaluation ...
2021-04-08 11:57:52,191:INFO:Baseline holistic ...
2021-04-08 11:59:25,182:INFO:Baseline pcm ...
2021-04-08 11:59:25,182:INFO:Loading precomputed pcm ...
2021-04-08 11:59:25,323:INFO:########## Finished iteration 27 ##########
2021-04-08 11:59:25,323:INFO:########## Iteration 28 ##########
2021-04-08 11:59:25,323:INFO:Loading datasets ...
2021-04-08 11:59:25,640:INFO:Test users: ['dorn7', 'dorn13']
2021-04-08 11:59:25,641:INFO:Features encoded: ['sex', 'clothing']
2021-04-08 11:59:25,641:INFO:Finding Cohorts ...
2021-04-08 11:59:25,641:INFO:Finding cohorts using: hsps
2021-04-08 11:59:25,644:INFO:Training Cohort models ...
2021-04-08 12:01:50,138:INFO:Cohort assignation ...
2021-04-08 12:01:50,138:INFO:Matching via hsps
2021-04-08 12:01:50,139:INFO:Cohort evaluation ...
2021-04-08 12:01:50,202:INFO:Baseline holistic ...
2021-04-08 12:03:39,693:INFO:Baseline pcm ...
2021-04-08 12:03:39,693:INFO:Loading precomputed pcm ...
2021-04-08 12:03:39,835:INFO:########## Finished iteration 28 ##########
2021-04-08 12:03:39,835:INFO:########## Iteration 29 ##########
2021-04-08 12:03:39,835:INFO:Loading datasets ...
2021-04-08 12:03:40,152:INFO:Test users: ['dorn18', 'dorn5']
2021-04-08 12:03:40,152:INFO:Features encoded: ['sex', 'clothing']
2021-04-08 12:03:40,152:INFO:Finding Cohorts ...
2021-04-08 12:03:40,153:INFO:Finding cohorts using: hsps
2021-04-08 12:03:40,155:INFO:Training Cohort models ...
2021-04-08 12:06:19,764:INFO:Cohort assignation ...
2021-04-08 12:06:19,764:INFO:Matching via hsps
2021-04-08 12:06:19,764:INFO:Cohort evaluation ...
2021-04-08 12:06:19,853:INFO:Baseline holistic ...
2021-04-08 12:07:35,590:INFO:Baseline pcm ...
2021-04-08 12:07:35,590:INFO:Loading precomputed pcm ...
2021-04-08 12:07:35,731:INFO:########## Finished iteration 29 ##########
2021-04-08 12:07:35,732:INFO:########## Iteration 30 ##########
2021-04-08 12:07:35,732:INFO:Loading datasets ...
2021-04-08 12:07:36,051:INFO:Test users: ['dorn18', 'dorn13']
2021-04-08 12:07:36,051:INFO:Features encoded: ['sex', 'clothing']
2021-04-08 12:07:36,051:INFO:Finding Cohorts ...
2021-04-08 12:07:36,052:INFO:Finding cohorts using: hsps
2021-04-08 12:07:36,055:INFO:Training Cohort models ...
2021-04-08 12:10:28,547:INFO:Cohort assignation ...
2021-04-08 12:10:28,547:INFO:Matching via hsps
2021-04-08 12:10:28,548:INFO:Cohort evaluation ...
2021-04-08 12:10:28,643:INFO:Baseline holistic ...
2021-04-08 12:11:44,416:INFO:Baseline pcm ...
2021-04-08 12:11:44,416:INFO:Loading precomputed pcm ...
2021-04-08 12:11:44,621:INFO:########## Finished iteration 30 ##########
2021-04-08 12:11:44,621:INFO:########## Iteration 31 ##########
2021-04-08 12:11:44,621:INFO:Loading datasets ...
2021-04-08 12:11:44,935:INFO:Test users: ['dorn20', 'dorn13']
2021-04-08 12:11:44,935:INFO:Features encoded: ['sex', 'clothing']
2021-04-08 12:11:44,935:INFO:Finding Cohorts ...
2021-04-08 12:11:44,937:INFO:Finding cohorts using: hsps
2021-04-08 12:11:44,940:INFO:Training Cohort models ...
2021-04-08 12:14:23,447:INFO:Cohort assignation ...
2021-04-08 12:14:23,447:INFO:Matching via hsps
2021-04-08 12:14:23,448:INFO:Cohort evaluation ...
2021-04-08 12:14:23,516:INFO:Baseline holistic ...
2021-04-08 12:15:40,444:INFO:Baseline pcm ...
2021-04-08 12:15:40,444:INFO:Loading precomputed pcm ...
2021-04-08 12:15:40,594:INFO:########## Finished iteration 31 ##########
2021-04-08 12:15:40,594:INFO:########## Iteration 32 ##########
2021-04-08 12:15:40,594:INFO:Loading datasets ...
2021-04-08 12:15:40,967:INFO:Test users: ['dorn7', 'dorn13']
2021-04-08 12:15:40,968:INFO:Features encoded: ['sex', 'clothing']
2021-04-08 12:15:40,968:INFO:Finding Cohorts ...
2021-04-08 12:15:40,969:INFO:Finding cohorts using: hsps
2021-04-08 12:15:40,972:INFO:Training Cohort models ...
2021-04-08 12:18:06,096:INFO:Cohort assignation ...
2021-04-08 12:18:06,096:INFO:Matching via hsps
2021-04-08 12:18:06,096:INFO:Cohort evaluation ...
2021-04-08 12:18:06,159:INFO:Baseline holistic ...
2021-04-08 12:19:22,019:INFO:Baseline pcm ...
2021-04-08 12:19:22,019:INFO:Loading precomputed pcm ...
2021-04-08 12:19:22,160:INFO:########## Finished iteration 32 ##########
2021-04-08 12:19:22,160:INFO:########## Iteration 33 ##########
2021-04-08 12:19:22,160:INFO:Loading datasets ...
2021-04-08 12:19:22,476:INFO:Test users: ['dorn13', 'dorn20']
2021-04-08 12:19:22,476:INFO:Features encoded: ['sex', 'clothing']
2021-04-08 12:19:22,476:INFO:Finding Cohorts ...
2021-04-08 12:19:22,477:INFO:Finding cohorts using: hsps
2021-04-08 12:19:22,480:INFO:Training Cohort models ...
2021-04-08 12:22:00,969:INFO:Cohort assignation ...
2021-04-08 12:22:00,969:INFO:Matching via hsps
2021-04-08 12:22:00,969:INFO:Cohort evaluation ...
2021-04-08 12:22:01,034:INFO:Baseline holistic ...
2021-04-08 12:23:51,853:INFO:Baseline pcm ...
2021-04-08 12:23:51,853:INFO:Loading precomputed pcm ...
2021-04-08 12:23:52,003:INFO:########## Finished iteration 33 ##########
2021-04-08 12:23:52,003:INFO:########## Iteration 34 ##########
2021-04-08 12:23:52,003:INFO:Loading datasets ...
2021-04-08 12:23:52,312:INFO:Test users: ['dorn7', 'dorn13']
2021-04-08 12:23:52,313:INFO:Features encoded: ['sex', 'clothing']
2021-04-08 12:23:52,313:INFO:Finding Cohorts ...
2021-04-08 12:23:52,314:INFO:Finding cohorts using: hsps
2021-04-08 12:23:52,317:INFO:Training Cohort models ...
2021-04-08 12:26:03,354:INFO:Cohort assignation ...
2021-04-08 12:26:03,354:INFO:Matching via hsps
2021-04-08 12:26:03,355:INFO:Cohort evaluation ...
2021-04-08 12:26:03,403:INFO:Baseline holistic ...
2021-04-08 12:27:36,566:INFO:Baseline pcm ...
2021-04-08 12:27:36,566:INFO:Loading precomputed pcm ...
2021-04-08 12:27:36,709:INFO:########## Finished iteration 34 ##########
2021-04-08 12:27:36,709:INFO:########## Iteration 35 ##########
2021-04-08 12:27:36,709:INFO:Loading datasets ...
2021-04-08 12:27:37,022:INFO:Test users: ['dorn5', 'dorn19']
2021-04-08 12:27:37,022:INFO:Features encoded: ['sex', 'clothing']
2021-04-08 12:27:37,023:INFO:Finding Cohorts ...
2021-04-08 12:27:37,023:INFO:Finding cohorts using: hsps
2021-04-08 12:27:37,026:INFO:Training Cohort models ...
2021-04-08 12:30:01,919:INFO:Cohort assignation ...
2021-04-08 12:30:01,919:INFO:Matching via hsps
2021-04-08 12:30:01,920:INFO:Cohort evaluation ...
2021-04-08 12:30:01,990:INFO:Baseline holistic ...
2021-04-08 12:31:34,770:INFO:Baseline pcm ...
2021-04-08 12:31:34,770:INFO:Loading precomputed pcm ...
2021-04-08 12:31:34,913:INFO:########## Finished iteration 35 ##########
2021-04-08 12:31:34,913:INFO:########## Iteration 36 ##########
2021-04-08 12:31:34,913:INFO:Loading datasets ...
2021-04-08 12:31:35,227:INFO:Test users: ['dorn17', 'dorn19']
2021-04-08 12:31:35,227:INFO:Features encoded: ['sex', 'clothing']
2021-04-08 12:31:35,227:INFO:Finding Cohorts ...
2021-04-08 12:31:35,228:INFO:Finding cohorts using: hsps
2021-04-08 12:31:35,230:INFO:Training Cohort models ...
2021-04-08 12:34:14,979:INFO:Cohort assignation ...
2021-04-08 12:34:14,979:INFO:Matching via hsps
2021-04-08 12:34:14,980:INFO:Cohort evaluation ...
2021-04-08 12:34:15,043:INFO:Baseline holistic ...
2021-04-08 12:35:47,667:INFO:Baseline pcm ...
2021-04-08 12:35:47,667:INFO:Loading precomputed pcm ...
2021-04-08 12:35:47,876:INFO:########## Finished iteration 36 ##########
2021-04-08 12:35:47,876:INFO:########## Iteration 37 ##########
2021-04-08 12:35:47,876:INFO:Loading datasets ...
2021-04-08 12:35:48,190:INFO:Test users: ['dorn9', 'dorn3']
2021-04-08 12:35:48,191:INFO:Features encoded: ['sex', 'clothing']
2021-04-08 12:35:48,191:INFO:Finding Cohorts ...
2021-04-08 12:35:48,192:INFO:Finding cohorts using: hsps
2021-04-08 12:35:48,195:INFO:Training Cohort models ...
2021-04-08 12:38:00,560:INFO:Cohort assignation ...
2021-04-08 12:38:00,560:INFO:Matching via hsps
2021-04-08 12:38:00,561:INFO:Cohort evaluation ...
2021-04-08 12:38:00,613:INFO:Baseline holistic ...
2021-04-08 12:39:16,789:INFO:Baseline pcm ...
2021-04-08 12:39:16,789:INFO:Loading precomputed pcm ...
2021-04-08 12:39:16,931:INFO:########## Finished iteration 37 ##########
2021-04-08 12:39:16,931:INFO:########## Iteration 38 ##########
2021-04-08 12:39:16,931:INFO:Loading datasets ...
2021-04-08 12:39:17,245:INFO:Test users: ['dorn3', 'dorn18']
2021-04-08 12:39:17,245:INFO:Features encoded: ['sex', 'clothing']
2021-04-08 12:39:17,246:INFO:Finding Cohorts ...
2021-04-08 12:39:17,246:INFO:Finding cohorts using: hsps
2021-04-08 12:39:17,249:INFO:Training Cohort models ...
2021-04-08 12:41:13,791:INFO:Cohort assignation ...
2021-04-08 12:41:13,791:INFO:Matching via hsps
2021-04-08 12:41:13,792:INFO:Cohort evaluation ...
2021-04-08 12:41:13,824:INFO:Baseline holistic ...
2021-04-08 12:43:04,247:INFO:Baseline pcm ...
2021-04-08 12:43:04,247:INFO:Loading precomputed pcm ...
2021-04-08 12:43:04,391:INFO:########## Finished iteration 38 ##########
2021-04-08 12:43:04,391:INFO:########## Iteration 39 ##########
2021-04-08 12:43:04,391:INFO:Loading datasets ...
2021-04-08 12:43:04,709:INFO:Test users: ['dorn5', 'dorn19']
2021-04-08 12:43:04,709:INFO:Features encoded: ['sex', 'clothing']
2021-04-08 12:43:04,710:INFO:Finding Cohorts ...
2021-04-08 12:43:04,710:INFO:Finding cohorts using: hsps
2021-04-08 12:43:04,712:INFO:Training Cohort models ...
2021-04-08 12:45:29,978:INFO:Cohort assignation ...
2021-04-08 12:45:29,978:INFO:Matching via hsps
2021-04-08 12:45:29,979:INFO:Cohort evaluation ...
2021-04-08 12:45:30,011:INFO:Baseline holistic ...
2021-04-08 12:46:45,454:INFO:Baseline pcm ...
2021-04-08 12:46:45,454:INFO:Loading precomputed pcm ...
2021-04-08 12:46:45,596:INFO:########## Finished iteration 39 ##########
2021-04-08 12:46:45,596:INFO:########## Iteration 40 ##########
2021-04-08 12:46:45,596:INFO:Loading datasets ...
2021-04-08 12:46:45,916:INFO:Test users: ['dorn13', 'dorn18']
2021-04-08 12:46:45,917:INFO:Features encoded: ['sex', 'clothing']
2021-04-08 12:46:45,917:INFO:Finding Cohorts ...
2021-04-08 12:46:45,918:INFO:Finding cohorts using: hsps
2021-04-08 12:46:45,920:INFO:Training Cohort models ...
2021-04-08 12:49:10,632:INFO:Cohort assignation ...
2021-04-08 12:49:10,633:INFO:Matching via hsps
2021-04-08 12:49:10,633:INFO:Cohort evaluation ...
2021-04-08 12:49:10,702:INFO:Baseline holistic ...
2021-04-08 12:51:01,379:INFO:Baseline pcm ...
2021-04-08 12:51:01,379:INFO:Loading precomputed pcm ...
2021-04-08 12:51:01,519:INFO:########## Finished iteration 40 ##########
2021-04-08 12:51:01,519:INFO:########## Iteration 41 ##########
2021-04-08 12:51:01,519:INFO:Loading datasets ...
2021-04-08 12:51:01,835:INFO:Test users: ['dorn18', 'dorn5']
2021-04-08 12:51:01,836:INFO:Features encoded: ['sex', 'clothing']
2021-04-08 12:51:01,836:INFO:Finding Cohorts ...
2021-04-08 12:51:01,837:INFO:Finding cohorts using: hsps
2021-04-08 12:51:01,839:INFO:Training Cohort models ...
2021-04-08 12:53:27,031:INFO:Cohort assignation ...
2021-04-08 12:53:27,031:INFO:Matching via hsps
2021-04-08 12:53:27,032:INFO:Cohort evaluation ...
2021-04-08 12:53:27,095:INFO:Baseline holistic ...
2021-04-08 12:54:42,540:INFO:Baseline pcm ...
2021-04-08 12:54:42,540:INFO:Loading precomputed pcm ...
2021-04-08 12:54:42,680:INFO:########## Finished iteration 41 ##########
2021-04-08 12:54:42,680:INFO:########## Iteration 42 ##########
2021-04-08 12:54:42,681:INFO:Loading datasets ...
2021-04-08 12:54:43,000:INFO:Test users: ['dorn10', 'dorn5']
2021-04-08 12:54:43,001:INFO:Features encoded: ['sex', 'clothing']
2021-04-08 12:54:43,001:INFO:Finding Cohorts ...
2021-04-08 12:54:43,002:INFO:Finding cohorts using: hsps
2021-04-08 12:54:43,004:INFO:Training Cohort models ...
2021-04-08 12:57:10,167:INFO:Cohort assignation ...
2021-04-08 12:57:10,167:INFO:Matching via hsps
2021-04-08 12:57:10,168:INFO:Cohort evaluation ...
2021-04-08 12:57:10,232:INFO:Baseline holistic ...
2021-04-08 12:58:44,966:INFO:Baseline pcm ...
2021-04-08 12:58:44,966:INFO:Loading precomputed pcm ...
2021-04-08 12:58:45,107:INFO:########## Finished iteration 42 ##########
2021-04-08 12:58:45,107:INFO:########## Iteration 43 ##########
2021-04-08 12:58:45,107:INFO:Loading datasets ...
2021-04-08 12:58:45,427:INFO:Test users: ['dorn20', 'dorn10']
2021-04-08 12:58:45,427:INFO:Features encoded: ['sex', 'clothing']
2021-04-08 12:58:45,428:INFO:Finding Cohorts ...
2021-04-08 12:58:45,429:INFO:Finding cohorts using: hsps
2021-04-08 12:58:45,431:INFO:Training Cohort models ...
2021-04-08 13:01:13,202:INFO:Cohort assignation ...
2021-04-08 13:01:13,202:INFO:Matching via hsps
2021-04-08 13:01:13,203:INFO:Cohort evaluation ...
2021-04-08 13:01:13,273:INFO:Baseline holistic ...
2021-04-08 13:02:31,358:INFO:Baseline pcm ...
2021-04-08 13:02:31,358:INFO:Loading precomputed pcm ...
2021-04-08 13:02:31,500:INFO:########## Finished iteration 43 ##########
2021-04-08 13:02:31,500:INFO:########## Iteration 44 ##########
2021-04-08 13:02:31,500:INFO:Loading datasets ...
2021-04-08 13:02:31,818:INFO:Test users: ['dorn5', 'dorn13']
2021-04-08 13:02:31,819:INFO:Features encoded: ['sex', 'clothing']
2021-04-08 13:02:31,819:INFO:Finding Cohorts ...
2021-04-08 13:02:31,820:INFO:Finding cohorts using: hsps
2021-04-08 13:02:31,822:INFO:Training Cohort models ...
2021-04-08 13:04:42,848:INFO:Cohort assignation ...
2021-04-08 13:04:42,848:INFO:Matching via hsps
2021-04-08 13:04:42,849:INFO:Cohort evaluation ...
2021-04-08 13:04:42,897:INFO:Baseline holistic ...
2021-04-08 13:05:59,295:INFO:Baseline pcm ...
2021-04-08 13:05:59,295:INFO:Loading precomputed pcm ...
2021-04-08 13:05:59,435:INFO:########## Finished iteration 44 ##########
2021-04-08 13:05:59,435:INFO:########## Iteration 45 ##########
2021-04-08 13:05:59,435:INFO:Loading datasets ...
2021-04-08 13:05:59,755:INFO:Test users: ['dorn5', 'dorn10']
2021-04-08 13:05:59,755:INFO:Features encoded: ['sex', 'clothing']
2021-04-08 13:05:59,755:INFO:Finding Cohorts ...
2021-04-08 13:05:59,756:INFO:Finding cohorts using: hsps
2021-04-08 13:05:59,758:INFO:Training Cohort models ...
2021-04-08 13:08:12,681:INFO:Cohort assignation ...
2021-04-08 13:08:12,681:INFO:Matching via hsps
2021-04-08 13:08:12,682:INFO:Cohort evaluation ...
2021-04-08 13:08:12,730:INFO:Baseline holistic ...
2021-04-08 13:09:47,419:INFO:Baseline pcm ...
2021-04-08 13:09:47,419:INFO:Loading precomputed pcm ...
2021-04-08 13:09:47,566:INFO:########## Finished iteration 45 ##########
2021-04-08 13:09:47,566:INFO:########## Iteration 46 ##########
2021-04-08 13:09:47,566:INFO:Loading datasets ...
2021-04-08 13:09:47,883:INFO:Test users: ['dorn7', 'dorn5']
2021-04-08 13:09:47,883:INFO:Features encoded: ['sex', 'clothing']
2021-04-08 13:09:47,883:INFO:Finding Cohorts ...
2021-04-08 13:09:47,884:INFO:Finding cohorts using: hsps
2021-04-08 13:09:47,886:INFO:Training Cohort models ...
2021-04-08 13:11:58,647:INFO:Cohort assignation ...
2021-04-08 13:11:58,647:INFO:Matching via hsps
2021-04-08 13:11:58,648:INFO:Cohort evaluation ...
2021-04-08 13:11:58,710:INFO:Baseline holistic ...
2021-04-08 13:13:14,502:INFO:Baseline pcm ...
2021-04-08 13:13:14,502:INFO:Loading precomputed pcm ...
2021-04-08 13:13:14,643:INFO:########## Finished iteration 46 ##########
2021-04-08 13:13:14,643:INFO:########## Iteration 47 ##########
2021-04-08 13:13:14,643:INFO:Loading datasets ...
2021-04-08 13:13:14,959:INFO:Test users: ['dorn20', 'dorn19']
2021-04-08 13:13:14,959:INFO:Features encoded: ['sex', 'clothing']
2021-04-08 13:13:14,959:INFO:Finding Cohorts ...
2021-04-08 13:13:14,960:INFO:Finding cohorts using: hsps
2021-04-08 13:13:14,962:INFO:Training Cohort models ...
2021-04-08 13:15:40,483:INFO:Cohort assignation ...
2021-04-08 13:15:40,483:INFO:Matching via hsps
2021-04-08 13:15:40,484:INFO:Cohort evaluation ...
2021-04-08 13:15:40,547:INFO:Baseline holistic ...
2021-04-08 13:17:30,005:INFO:Baseline pcm ...
2021-04-08 13:17:30,005:INFO:Loading precomputed pcm ...
2021-04-08 13:17:30,211:INFO:########## Finished iteration 47 ##########
2021-04-08 13:17:30,211:INFO:########## Iteration 48 ##########
2021-04-08 13:17:30,211:INFO:Loading datasets ...
2021-04-08 13:17:30,524:INFO:Test users: ['dorn7', 'dorn10']
2021-04-08 13:17:30,524:INFO:Features encoded: ['sex', 'clothing']
2021-04-08 13:17:30,525:INFO:Finding Cohorts ...
2021-04-08 13:17:30,526:INFO:Finding cohorts using: hsps
2021-04-08 13:17:30,528:INFO:Training Cohort models ...
2021-04-08 13:19:57,627:INFO:Cohort assignation ...
2021-04-08 13:19:57,627:INFO:Matching via hsps
2021-04-08 13:19:57,628:INFO:Cohort evaluation ...
2021-04-08 13:19:57,691:INFO:Baseline holistic ...
2021-04-08 13:21:48,916:INFO:Baseline pcm ...
2021-04-08 13:21:48,916:INFO:Loading precomputed pcm ...
2021-04-08 13:21:49,122:INFO:########## Finished iteration 48 ##########
2021-04-08 13:21:49,122:INFO:########## Iteration 49 ##########
2021-04-08 13:21:49,123:INFO:Loading datasets ...
2021-04-08 13:21:49,437:INFO:Test users: ['dorn19', 'dorn3']
2021-04-08 13:21:49,437:INFO:Features encoded: ['sex', 'clothing']
2021-04-08 13:21:49,437:INFO:Finding Cohorts ...
2021-04-08 13:21:49,438:INFO:Finding cohorts using: hsps
2021-04-08 13:21:49,442:INFO:Training Cohort models ...
2021-04-08 13:24:00,586:INFO:Cohort assignation ...
2021-04-08 13:24:00,586:INFO:Matching via hsps
2021-04-08 13:24:00,587:INFO:Cohort evaluation ...
2021-04-08 13:24:00,634:INFO:Baseline holistic ...
2021-04-08 13:25:50,012:INFO:Baseline pcm ...
2021-04-08 13:25:50,012:INFO:Loading precomputed pcm ...
2021-04-08 13:25:50,162:INFO:########## Finished iteration 49 ##########
2021-04-08 13:25:50,163:INFO:########## Iteration 50 ##########
2021-04-08 13:25:50,163:INFO:Loading datasets ...
2021-04-08 13:25:50,481:INFO:Test users: ['dorn20', 'dorn9']
2021-04-08 13:25:50,481:INFO:Features encoded: ['sex', 'clothing']
2021-04-08 13:25:50,482:INFO:Finding Cohorts ...
2021-04-08 13:25:50,482:INFO:Finding cohorts using: hsps
2021-04-08 13:25:50,484:INFO:Training Cohort models ...
2021-04-08 13:28:03,117:INFO:Cohort assignation ...
2021-04-08 13:28:03,117:INFO:Matching via hsps
2021-04-08 13:28:03,118:INFO:Cohort evaluation ...
2021-04-08 13:28:03,168:INFO:Baseline holistic ...
2021-04-08 13:29:20,275:INFO:Baseline pcm ...
2021-04-08 13:29:20,275:INFO:Loading precomputed pcm ...
2021-04-08 13:29:20,419:INFO:########## Finished iteration 50 ##########
2021-04-08 13:29:20,419:INFO:########## Iteration 51 ##########
2021-04-08 13:29:20,419:INFO:Loading datasets ...
2021-04-08 13:29:20,737:INFO:Test users: ['dorn19', 'dorn20']
2021-04-08 13:29:20,737:INFO:Features encoded: ['sex', 'clothing']
2021-04-08 13:29:20,738:INFO:Finding Cohorts ...
2021-04-08 13:29:20,738:INFO:Finding cohorts using: hsps
2021-04-08 13:29:20,740:INFO:Training Cohort models ...
2021-04-08 13:32:02,628:INFO:Cohort assignation ...
2021-04-08 13:32:02,628:INFO:Matching via hsps
2021-04-08 13:32:02,629:INFO:Cohort evaluation ...
2021-04-08 13:32:02,720:INFO:Baseline holistic ...
2021-04-08 13:33:36,544:INFO:Baseline pcm ...
2021-04-08 13:33:36,544:INFO:Loading precomputed pcm ...
2021-04-08 13:33:36,751:INFO:########## Finished iteration 51 ##########
2021-04-08 13:33:36,751:INFO:########## Iteration 52 ##########
2021-04-08 13:33:36,751:INFO:Loading datasets ...
2021-04-08 13:33:37,072:INFO:Test users: ['dorn3', 'dorn10']
2021-04-08 13:33:37,072:INFO:Features encoded: ['sex', 'clothing']
2021-04-08 13:33:37,072:INFO:Finding Cohorts ...
2021-04-08 13:33:37,073:INFO:Finding cohorts using: hsps
2021-04-08 13:33:37,076:INFO:Training Cohort models ...
2021-04-08 13:36:02,857:INFO:Cohort assignation ...
2021-04-08 13:36:02,857:INFO:Matching via hsps
2021-04-08 13:36:02,858:INFO:Cohort evaluation ...
2021-04-08 13:36:02,890:INFO:Baseline holistic ...
2021-04-08 13:37:38,210:INFO:Baseline pcm ...
2021-04-08 13:37:38,211:INFO:Loading precomputed pcm ...
2021-04-08 13:37:38,354:INFO:########## Finished iteration 52 ##########
2021-04-08 13:37:38,354:INFO:########## Iteration 53 ##########
2021-04-08 13:37:38,354:INFO:Loading datasets ...
2021-04-08 13:37:38,673:INFO:Test users: ['dorn5', 'dorn19']
2021-04-08 13:37:38,674:INFO:Features encoded: ['sex', 'clothing']
2021-04-08 13:37:38,674:INFO:Finding Cohorts ...
2021-04-08 13:37:38,675:INFO:Finding cohorts using: hsps
2021-04-08 13:37:38,678:INFO:Training Cohort models ...
2021-04-08 13:40:19,011:INFO:Cohort assignation ...
2021-04-08 13:40:19,012:INFO:Matching via hsps
2021-04-08 13:40:19,012:INFO:Cohort evaluation ...
2021-04-08 13:40:19,117:INFO:Baseline holistic ...
2021-04-08 13:42:09,007:INFO:Baseline pcm ...
2021-04-08 13:42:09,007:INFO:Loading precomputed pcm ...
2021-04-08 13:42:09,151:INFO:########## Finished iteration 53 ##########
2021-04-08 13:42:09,151:INFO:########## Iteration 54 ##########
2021-04-08 13:42:09,151:INFO:Loading datasets ...
2021-04-08 13:42:09,471:INFO:Test users: ['dorn9', 'dorn13']
2021-04-08 13:42:09,472:INFO:Features encoded: ['sex', 'clothing']
2021-04-08 13:42:09,472:INFO:Finding Cohorts ...
2021-04-08 13:42:09,473:INFO:Finding cohorts using: hsps
2021-04-08 13:42:09,476:INFO:Training Cohort models ...
2021-04-08 13:44:37,231:INFO:Cohort assignation ...
2021-04-08 13:44:37,231:INFO:Matching via hsps
2021-04-08 13:44:37,232:INFO:Cohort evaluation ...
2021-04-08 13:44:37,296:INFO:Baseline holistic ...
2021-04-08 13:45:54,263:INFO:Baseline pcm ...
2021-04-08 13:45:54,264:INFO:Loading precomputed pcm ...
2021-04-08 13:45:54,408:INFO:########## Finished iteration 54 ##########
2021-04-08 13:45:54,408:INFO:########## Iteration 55 ##########
2021-04-08 13:45:54,408:INFO:Loading datasets ...
2021-04-08 13:45:54,721:INFO:Test users: ['dorn10', 'dorn5']
2021-04-08 13:45:54,722:INFO:Features encoded: ['sex', 'clothing']
2021-04-08 13:45:54,722:INFO:Finding Cohorts ...
2021-04-08 13:45:54,723:INFO:Finding cohorts using: hsps
2021-04-08 13:45:54,725:INFO:Training Cohort models ...
2021-04-08 13:48:08,570:INFO:Cohort assignation ...
2021-04-08 13:48:08,570:INFO:Matching via hsps
2021-04-08 13:48:08,570:INFO:Cohort evaluation ...
2021-04-08 13:48:08,618:INFO:Baseline holistic ...
2021-04-08 13:49:43,757:INFO:Baseline pcm ...
2021-04-08 13:49:43,757:INFO:Loading precomputed pcm ...
2021-04-08 13:49:43,898:INFO:########## Finished iteration 55 ##########
2021-04-08 13:49:43,898:INFO:########## Iteration 56 ##########
2021-04-08 13:49:43,898:INFO:Loading datasets ...
2021-04-08 13:49:44,214:INFO:Test users: ['dorn7', 'dorn5']
2021-04-08 13:49:44,214:INFO:Features encoded: ['sex', 'clothing']
2021-04-08 13:49:44,214:INFO:Finding Cohorts ...
2021-04-08 13:49:44,215:INFO:Finding cohorts using: hsps
2021-04-08 13:49:44,217:INFO:Training Cohort models ...
2021-04-08 13:52:10,009:INFO:Cohort assignation ...
2021-04-08 13:52:10,009:INFO:Matching via hsps
2021-04-08 13:52:10,010:INFO:Cohort evaluation ...
2021-04-08 13:52:10,042:INFO:Baseline holistic ...
2021-04-08 13:53:48,320:INFO:Baseline pcm ...
2021-04-08 13:53:48,320:INFO:Loading precomputed pcm ...
2021-04-08 13:53:48,463:INFO:########## Finished iteration 56 ##########
2021-04-08 13:53:48,464:INFO:########## Iteration 57 ##########
2021-04-08 13:53:48,464:INFO:Loading datasets ...
2021-04-08 13:53:48,780:INFO:Test users: ['dorn7', 'dorn18']
2021-04-08 13:53:48,780:INFO:Features encoded: ['sex', 'clothing']
2021-04-08 13:53:48,780:INFO:Finding Cohorts ...
2021-04-08 13:53:48,781:INFO:Finding cohorts using: hsps
2021-04-08 13:53:48,783:INFO:Training Cohort models ...
2021-04-08 13:56:28,441:INFO:Cohort assignation ...
2021-04-08 13:56:28,441:INFO:Matching via hsps
2021-04-08 13:56:28,442:INFO:Cohort evaluation ...
2021-04-08 13:56:28,521:INFO:Baseline holistic ...
2021-04-08 13:58:18,451:INFO:Baseline pcm ...
2021-04-08 13:58:18,451:INFO:Loading precomputed pcm ...
2021-04-08 13:58:18,597:INFO:########## Finished iteration 57 ##########
2021-04-08 13:58:18,597:INFO:########## Iteration 58 ##########
2021-04-08 13:58:18,597:INFO:Loading datasets ...
2021-04-08 13:58:18,916:INFO:Test users: ['dorn3', 'dorn13']
2021-04-08 13:58:18,916:INFO:Features encoded: ['sex', 'clothing']
2021-04-08 13:58:18,916:INFO:Finding Cohorts ...
2021-04-08 13:58:18,917:INFO:Finding cohorts using: hsps
2021-04-08 13:58:18,920:INFO:Training Cohort models ...
2021-04-08 14:00:58,287:INFO:Cohort assignation ...
2021-04-08 14:00:58,287:INFO:Matching via hsps
2021-04-08 14:00:58,288:INFO:Cohort evaluation ...
2021-04-08 14:00:58,352:INFO:Baseline holistic ...
2021-04-08 14:02:31,767:INFO:Baseline pcm ...
2021-04-08 14:02:31,767:INFO:Loading precomputed pcm ...
2021-04-08 14:02:31,976:INFO:########## Finished iteration 58 ##########
2021-04-08 14:02:31,977:INFO:########## Iteration 59 ##########
2021-04-08 14:02:31,977:INFO:Loading datasets ...
2021-04-08 14:02:32,290:INFO:Test users: ['dorn10', 'dorn9']
2021-04-08 14:02:32,290:INFO:Features encoded: ['sex', 'clothing']
2021-04-08 14:02:32,290:INFO:Finding Cohorts ...
2021-04-08 14:02:32,291:INFO:Finding cohorts using: hsps
2021-04-08 14:02:32,294:INFO:Training Cohort models ...
2021-04-08 14:04:32,992:INFO:Cohort assignation ...
2021-04-08 14:04:32,992:INFO:Matching via hsps
2021-04-08 14:04:32,993:INFO:Cohort evaluation ...
2021-04-08 14:04:33,026:INFO:Baseline holistic ...
2021-04-08 14:06:09,892:INFO:Baseline pcm ...
2021-04-08 14:06:09,892:INFO:Loading precomputed pcm ...
2021-04-08 14:06:10,033:INFO:########## Finished iteration 59 ##########
2021-04-08 14:06:10,033:INFO:########## Iteration 60 ##########
2021-04-08 14:06:10,033:INFO:Loading datasets ...
2021-04-08 14:06:10,346:INFO:Test users: ['dorn5', 'dorn7']
2021-04-08 14:06:10,347:INFO:Features encoded: ['sex', 'clothing']
2021-04-08 14:06:10,347:INFO:Finding Cohorts ...
2021-04-08 14:06:10,347:INFO:Finding cohorts using: hsps
2021-04-08 14:06:10,349:INFO:Training Cohort models ...
2021-04-08 14:08:50,387:INFO:Cohort assignation ...
2021-04-08 14:08:50,387:INFO:Matching via hsps
2021-04-08 14:08:50,388:INFO:Cohort evaluation ...
2021-04-08 14:08:50,451:INFO:Baseline holistic ...
2021-04-08 14:10:40,342:INFO:Baseline pcm ...
2021-04-08 14:10:40,342:INFO:Loading precomputed pcm ...
2021-04-08 14:10:40,483:INFO:########## Finished iteration 60 ##########
2021-04-08 14:10:40,483:INFO:########## Iteration 61 ##########
2021-04-08 14:10:40,483:INFO:Loading datasets ...
2021-04-08 14:10:40,797:INFO:Test users: ['dorn20', 'dorn5']
2021-04-08 14:10:40,797:INFO:Features encoded: ['sex', 'clothing']
2021-04-08 14:10:40,797:INFO:Finding Cohorts ...
2021-04-08 14:10:40,798:INFO:Finding cohorts using: hsps
2021-04-08 14:10:40,801:INFO:Training Cohort models ...
2021-04-08 14:12:53,393:INFO:Cohort assignation ...
2021-04-08 14:12:53,393:INFO:Matching via hsps
2021-04-08 14:12:53,394:INFO:Cohort evaluation ...
2021-04-08 14:12:53,443:INFO:Baseline holistic ...
2021-04-08 14:14:27,573:INFO:Baseline pcm ...
2021-04-08 14:14:27,573:INFO:Loading precomputed pcm ...
2021-04-08 14:14:27,718:INFO:########## Finished iteration 61 ##########
2021-04-08 14:14:27,718:INFO:########## Iteration 62 ##########
2021-04-08 14:14:27,718:INFO:Loading datasets ...
2021-04-08 14:14:28,039:INFO:Test users: ['dorn20', 'dorn10']
2021-04-08 14:14:28,039:INFO:Features encoded: ['sex', 'clothing']
2021-04-08 14:14:28,039:INFO:Finding Cohorts ...
2021-04-08 14:14:28,040:INFO:Finding cohorts using: hsps
2021-04-08 14:14:28,042:INFO:Training Cohort models ...
2021-04-08 14:16:54,764:INFO:Cohort assignation ...
2021-04-08 14:16:54,764:INFO:Matching via hsps
2021-04-08 14:16:54,765:INFO:Cohort evaluation ...
2021-04-08 14:16:54,798:INFO:Baseline holistic ...
2021-04-08 14:18:13,255:INFO:Baseline pcm ...
2021-04-08 14:18:13,255:INFO:Loading precomputed pcm ...
2021-04-08 14:18:13,401:INFO:########## Finished iteration 62 ##########
2021-04-08 14:18:13,401:INFO:########## Iteration 63 ##########
2021-04-08 14:18:13,401:INFO:Loading datasets ...
2021-04-08 14:18:13,720:INFO:Test users: ['dorn17', 'dorn5']
2021-04-08 14:18:13,720:INFO:Features encoded: ['sex', 'clothing']
2021-04-08 14:18:13,720:INFO:Finding Cohorts ...
2021-04-08 14:18:13,721:INFO:Finding cohorts using: hsps
2021-04-08 14:18:13,724:INFO:Training Cohort models ...
2021-04-08 14:20:25,998:INFO:Cohort assignation ...
2021-04-08 14:20:25,998:INFO:Matching via hsps
2021-04-08 14:20:25,999:INFO:Cohort evaluation ...
2021-04-08 14:20:26,063:INFO:Baseline holistic ...
2021-04-08 14:21:59,870:INFO:Baseline pcm ...
2021-04-08 14:21:59,870:INFO:Loading precomputed pcm ...
2021-04-08 14:22:00,010:INFO:########## Finished iteration 63 ##########
2021-04-08 14:22:00,010:INFO:########## Iteration 64 ##########
2021-04-08 14:22:00,010:INFO:Loading datasets ...
2021-04-08 14:22:00,328:INFO:Test users: ['dorn19', 'dorn3']
2021-04-08 14:22:00,328:INFO:Features encoded: ['sex', 'clothing']
2021-04-08 14:22:00,328:INFO:Finding Cohorts ...
2021-04-08 14:22:00,329:INFO:Finding cohorts using: hsps
2021-04-08 14:22:00,331:INFO:Training Cohort models ...
2021-04-08 14:24:25,603:INFO:Cohort assignation ...
2021-04-08 14:24:25,603:INFO:Matching via hsps
2021-04-08 14:24:25,604:INFO:Cohort evaluation ...
2021-04-08 14:24:25,674:INFO:Baseline holistic ...
2021-04-08 14:25:58,262:INFO:Baseline pcm ...
2021-04-08 14:25:58,262:INFO:Loading precomputed pcm ...
2021-04-08 14:25:58,408:INFO:########## Finished iteration 64 ##########
2021-04-08 14:25:58,409:INFO:########## Iteration 65 ##########
2021-04-08 14:25:58,409:INFO:Loading datasets ...
2021-04-08 14:25:58,722:INFO:Test users: ['dorn7', 'dorn9']
2021-04-08 14:25:58,723:INFO:Features encoded: ['sex', 'clothing']
2021-04-08 14:25:58,723:INFO:Finding Cohorts ...
2021-04-08 14:25:58,724:INFO:Finding cohorts using: hsps
2021-04-08 14:25:58,726:INFO:Training Cohort models ...
2021-04-08 14:28:25,554:INFO:Cohort assignation ...
2021-04-08 14:28:25,554:INFO:Matching via hsps
2021-04-08 14:28:25,555:INFO:Cohort evaluation ...
2021-04-08 14:28:25,649:INFO:Baseline holistic ...
2021-04-08 14:29:59,050:INFO:Baseline pcm ...
2021-04-08 14:29:59,050:INFO:Loading precomputed pcm ...
2021-04-08 14:29:59,192:INFO:########## Finished iteration 65 ##########
2021-04-08 14:29:59,192:INFO:########## Iteration 66 ##########
2021-04-08 14:29:59,192:INFO:Loading datasets ...
2021-04-08 14:29:59,513:INFO:Test users: ['dorn19', 'dorn20']
2021-04-08 14:29:59,513:INFO:Features encoded: ['sex', 'clothing']
2021-04-08 14:29:59,514:INFO:Finding Cohorts ...
2021-04-08 14:29:59,514:INFO:Finding cohorts using: hsps
2021-04-08 14:29:59,517:INFO:Training Cohort models ...
2021-04-08 14:32:40,134:INFO:Cohort assignation ...
2021-04-08 14:32:40,134:INFO:Matching via hsps
2021-04-08 14:32:40,135:INFO:Cohort evaluation ...
2021-04-08 14:32:40,221:INFO:Baseline holistic ...
2021-04-08 14:34:13,870:INFO:Baseline pcm ...
2021-04-08 14:34:13,870:INFO:Loading precomputed pcm ...
2021-04-08 14:34:14,078:INFO:########## Finished iteration 66 ##########
2021-04-08 14:34:14,078:INFO:########## Iteration 67 ##########
2021-04-08 14:34:14,079:INFO:Loading datasets ...
2021-04-08 14:34:14,394:INFO:Test users: ['dorn3', 'dorn5']
2021-04-08 14:34:14,394:INFO:Features encoded: ['sex', 'clothing']
2021-04-08 14:34:14,394:INFO:Finding Cohorts ...
2021-04-08 14:34:14,395:INFO:Finding cohorts using: hsps
2021-04-08 14:34:14,398:INFO:Training Cohort models ...
2021-04-08 14:36:26,262:INFO:Cohort assignation ...
2021-04-08 14:36:26,262:INFO:Matching via hsps
2021-04-08 14:36:26,262:INFO:Cohort evaluation ...
2021-04-08 14:36:26,310:INFO:Baseline holistic ...
2021-04-08 14:37:42,578:INFO:Baseline pcm ...
2021-04-08 14:37:42,578:INFO:Loading precomputed pcm ...
2021-04-08 14:37:42,723:INFO:########## Finished iteration 67 ##########
2021-04-08 14:37:42,723:INFO:########## Iteration 68 ##########
2021-04-08 14:37:42,723:INFO:Loading datasets ...
2021-04-08 14:37:43,039:INFO:Test users: ['dorn19', 'dorn7']
2021-04-08 14:37:43,039:INFO:Features encoded: ['sex', 'clothing']
2021-04-08 14:37:43,039:INFO:Finding Cohorts ...
2021-04-08 14:37:43,040:INFO:Finding cohorts using: hsps
2021-04-08 14:37:43,042:INFO:Training Cohort models ...
2021-04-08 14:39:55,003:INFO:Cohort assignation ...
2021-04-08 14:39:55,003:INFO:Matching via hsps
2021-04-08 14:39:55,004:INFO:Cohort evaluation ...
2021-04-08 14:39:55,066:INFO:Baseline holistic ...
2021-04-08 14:41:28,572:INFO:Baseline pcm ...
2021-04-08 14:41:28,572:INFO:Loading precomputed pcm ...
2021-04-08 14:41:28,713:INFO:########## Finished iteration 68 ##########
2021-04-08 14:41:28,713:INFO:########## Iteration 69 ##########
2021-04-08 14:41:28,713:INFO:Loading datasets ...
2021-04-08 14:41:29,034:INFO:Test users: ['dorn5', 'dorn7']
2021-04-08 14:41:29,034:INFO:Features encoded: ['sex', 'clothing']
2021-04-08 14:41:29,034:INFO:Finding Cohorts ...
2021-04-08 14:41:29,035:INFO:Finding cohorts using: hsps
2021-04-08 14:41:29,037:INFO:Training Cohort models ...
2021-04-08 14:44:09,002:INFO:Cohort assignation ...
2021-04-08 14:44:09,002:INFO:Matching via hsps
2021-04-08 14:44:09,003:INFO:Cohort evaluation ...
2021-04-08 14:44:09,067:INFO:Baseline holistic ...
2021-04-08 14:45:59,368:INFO:Baseline pcm ...
2021-04-08 14:45:59,368:INFO:Loading precomputed pcm ...
2021-04-08 14:45:59,510:INFO:########## Finished iteration 69 ##########
2021-04-08 14:45:59,510:INFO:########## Iteration 70 ##########
2021-04-08 14:45:59,510:INFO:Loading datasets ...
2021-04-08 14:45:59,832:INFO:Test users: ['dorn9', 'dorn19']
2021-04-08 14:45:59,832:INFO:Features encoded: ['sex', 'clothing']
2021-04-08 14:45:59,832:INFO:Finding Cohorts ...
2021-04-08 14:45:59,833:INFO:Finding cohorts using: hsps
2021-04-08 14:45:59,836:INFO:Training Cohort models ...
2021-04-08 14:48:41,970:INFO:Cohort assignation ...
2021-04-08 14:48:41,970:INFO:Matching via hsps
2021-04-08 14:48:41,970:INFO:Cohort evaluation ...
2021-04-08 14:48:42,095:INFO:Baseline holistic ...
2021-04-08 14:50:33,812:INFO:Baseline pcm ...
2021-04-08 14:50:33,813:INFO:Loading precomputed pcm ...
2021-04-08 14:50:33,954:INFO:########## Finished iteration 70 ##########
2021-04-08 14:50:33,954:INFO:########## Iteration 71 ##########
2021-04-08 14:50:33,954:INFO:Loading datasets ...
2021-04-08 14:50:34,272:INFO:Test users: ['dorn3', 'dorn10']
2021-04-08 14:50:34,272:INFO:Features encoded: ['sex', 'clothing']
2021-04-08 14:50:34,272:INFO:Finding Cohorts ...
2021-04-08 14:50:34,274:INFO:Finding cohorts using: hsps
2021-04-08 14:50:34,276:INFO:Training Cohort models ...
2021-04-08 14:52:48,608:INFO:Cohort assignation ...
2021-04-08 14:52:48,608:INFO:Matching via hsps
2021-04-08 14:52:48,609:INFO:Cohort evaluation ...
2021-04-08 14:52:48,673:INFO:Baseline holistic ...
2021-04-08 14:54:06,631:INFO:Baseline pcm ...
2021-04-08 14:54:06,631:INFO:Loading precomputed pcm ...
2021-04-08 14:54:06,774:INFO:########## Finished iteration 71 ##########
2021-04-08 14:54:06,774:INFO:########## Iteration 72 ##########
2021-04-08 14:54:06,774:INFO:Loading datasets ...
2021-04-08 14:54:07,094:INFO:Test users: ['dorn7', 'dorn3']
2021-04-08 14:54:07,094:INFO:Features encoded: ['sex', 'clothing']
2021-04-08 14:54:07,094:INFO:Finding Cohorts ...
2021-04-08 14:54:07,095:INFO:Finding cohorts using: hsps
2021-04-08 14:54:07,097:INFO:Training Cohort models ...
2021-04-08 14:56:32,556:INFO:Cohort assignation ...
2021-04-08 14:56:32,556:INFO:Matching via hsps
2021-04-08 14:56:32,557:INFO:Cohort evaluation ...
2021-04-08 14:56:32,621:INFO:Baseline holistic ...
2021-04-08 14:58:05,616:INFO:Baseline pcm ...
2021-04-08 14:58:05,616:INFO:Loading precomputed pcm ...
2021-04-08 14:58:05,760:INFO:########## Finished iteration 72 ##########
2021-04-08 14:58:05,760:INFO:########## Iteration 73 ##########
2021-04-08 14:58:05,760:INFO:Loading datasets ...
2021-04-08 14:58:06,073:INFO:Test users: ['dorn20', 'dorn3']
2021-04-08 14:58:06,073:INFO:Features encoded: ['sex', 'clothing']
2021-04-08 14:58:06,073:INFO:Finding Cohorts ...
2021-04-08 14:58:06,074:INFO:Finding cohorts using: hsps
2021-04-08 14:58:06,077:INFO:Training Cohort models ...
2021-04-08 15:00:17,322:INFO:Cohort assignation ...
2021-04-08 15:00:17,323:INFO:Matching via hsps
2021-04-08 15:00:17,323:INFO:Cohort evaluation ...
2021-04-08 15:00:17,359:INFO:Baseline holistic ...
2021-04-08 15:02:08,034:INFO:Baseline pcm ...
2021-04-08 15:02:08,034:INFO:Loading precomputed pcm ...
2021-04-08 15:02:08,181:INFO:########## Finished iteration 73 ##########
2021-04-08 15:02:08,181:INFO:########## Iteration 74 ##########
2021-04-08 15:02:08,181:INFO:Loading datasets ...
2021-04-08 15:02:08,496:INFO:Test users: ['dorn10', 'dorn13']
2021-04-08 15:02:08,497:INFO:Features encoded: ['sex', 'clothing']
2021-04-08 15:02:08,497:INFO:Finding Cohorts ...
2021-04-08 15:02:08,498:INFO:Finding cohorts using: hsps
2021-04-08 15:02:08,500:INFO:Training Cohort models ...
2021-04-08 15:04:08,067:INFO:Cohort assignation ...
2021-04-08 15:04:08,067:INFO:Matching via hsps
2021-04-08 15:04:08,068:INFO:Cohort evaluation ...
2021-04-08 15:04:08,101:INFO:Baseline holistic ...
2021-04-08 15:05:26,847:INFO:Baseline pcm ...
2021-04-08 15:05:26,848:INFO:Loading precomputed pcm ...
2021-04-08 15:05:26,990:INFO:########## Finished iteration 74 ##########
2021-04-08 15:05:26,990:INFO:########## Iteration 75 ##########
2021-04-08 15:05:26,990:INFO:Loading datasets ...
2021-04-08 15:05:27,308:INFO:Test users: ['dorn19', 'dorn9']
2021-04-08 15:05:27,309:INFO:Features encoded: ['sex', 'clothing']
2021-04-08 15:05:27,309:INFO:Finding Cohorts ...
2021-04-08 15:05:27,309:INFO:Finding cohorts using: hsps
2021-04-08 15:05:27,311:INFO:Training Cohort models ...
2021-04-08 15:07:55,354:INFO:Cohort assignation ...
2021-04-08 15:07:55,354:INFO:Matching via hsps
2021-04-08 15:07:55,355:INFO:Cohort evaluation ...
2021-04-08 15:07:55,386:INFO:Baseline holistic ...
2021-04-08 15:09:29,587:INFO:Baseline pcm ...
2021-04-08 15:09:29,587:INFO:Loading precomputed pcm ...
2021-04-08 15:09:29,729:INFO:########## Finished iteration 75 ##########
2021-04-08 15:09:29,730:INFO:########## Iteration 76 ##########
2021-04-08 15:09:29,730:INFO:Loading datasets ...
2021-04-08 15:09:30,052:INFO:Test users: ['dorn17', 'dorn10']
2021-04-08 15:09:30,053:INFO:Features encoded: ['sex', 'clothing']
2021-04-08 15:09:30,053:INFO:Finding Cohorts ...
2021-04-08 15:09:30,054:INFO:Finding cohorts using: hsps
2021-04-08 15:09:30,056:INFO:Training Cohort models ...
2021-04-08 15:11:43,782:INFO:Cohort assignation ...
2021-04-08 15:11:43,782:INFO:Matching via hsps
2021-04-08 15:11:43,783:INFO:Cohort evaluation ...
2021-04-08 15:11:43,831:INFO:Baseline holistic ...
2021-04-08 15:13:36,376:INFO:Baseline pcm ...
2021-04-08 15:13:36,376:INFO:Loading precomputed pcm ...
2021-04-08 15:13:36,524:INFO:########## Finished iteration 76 ##########
2021-04-08 15:13:36,524:INFO:########## Iteration 77 ##########
2021-04-08 15:13:36,524:INFO:Loading datasets ...
2021-04-08 15:13:36,840:INFO:Test users: ['dorn5', 'dorn17']
2021-04-08 15:13:36,840:INFO:Features encoded: ['sex', 'clothing']
2021-04-08 15:13:36,841:INFO:Finding Cohorts ...
2021-04-08 15:13:36,841:INFO:Finding cohorts using: hsps
2021-04-08 15:13:36,844:INFO:Training Cohort models ...
2021-04-08 15:16:17,112:INFO:Cohort assignation ...
2021-04-08 15:16:17,112:INFO:Matching via hsps
2021-04-08 15:16:17,113:INFO:Cohort evaluation ...
2021-04-08 15:16:17,176:INFO:Baseline holistic ...
2021-04-08 15:17:50,381:INFO:Baseline pcm ...
2021-04-08 15:17:50,381:INFO:Loading precomputed pcm ...
2021-04-08 15:17:50,591:INFO:########## Finished iteration 77 ##########
2021-04-08 15:17:50,591:INFO:########## Iteration 78 ##########
2021-04-08 15:17:50,591:INFO:Loading datasets ...
2021-04-08 15:17:50,909:INFO:Test users: ['dorn9', 'dorn18']
2021-04-08 15:17:50,910:INFO:Features encoded: ['sex', 'clothing']
2021-04-08 15:17:50,910:INFO:Finding Cohorts ...
2021-04-08 15:17:50,911:INFO:Finding cohorts using: hsps
2021-04-08 15:17:50,914:INFO:Training Cohort models ...
2021-04-08 15:20:04,095:INFO:Cohort assignation ...
2021-04-08 15:20:04,095:INFO:Matching via hsps
2021-04-08 15:20:04,096:INFO:Cohort evaluation ...
2021-04-08 15:20:04,149:INFO:Baseline holistic ...
2021-04-08 15:21:20,634:INFO:Baseline pcm ...
2021-04-08 15:21:20,634:INFO:Loading precomputed pcm ...
2021-04-08 15:21:20,778:INFO:########## Finished iteration 78 ##########
2021-04-08 15:21:20,778:INFO:########## Iteration 79 ##########
2021-04-08 15:21:20,779:INFO:Loading datasets ...
2021-04-08 15:21:21,098:INFO:Test users: ['dorn18', 'dorn10']
2021-04-08 15:21:21,098:INFO:Features encoded: ['sex', 'clothing']
2021-04-08 15:21:21,098:INFO:Finding Cohorts ...
2021-04-08 15:21:21,099:INFO:Finding cohorts using: hsps
2021-04-08 15:21:21,101:INFO:Training Cohort models ...
2021-04-08 15:23:19,762:INFO:Cohort assignation ...
2021-04-08 15:23:19,762:INFO:Matching via hsps
2021-04-08 15:23:19,763:INFO:Cohort evaluation ...
2021-04-08 15:23:19,795:INFO:Baseline holistic ...
2021-04-08 15:24:55,074:INFO:Baseline pcm ...
2021-04-08 15:24:55,074:INFO:Loading precomputed pcm ...
2021-04-08 15:24:55,218:INFO:########## Finished iteration 79 ##########
2021-04-08 15:24:55,218:INFO:########## Iteration 80 ##########
2021-04-08 15:24:55,218:INFO:Loading datasets ...
2021-04-08 15:24:55,540:INFO:Test users: ['dorn19', 'dorn13']
2021-04-08 15:24:55,540:INFO:Features encoded: ['sex', 'clothing']
2021-04-08 15:24:55,540:INFO:Finding Cohorts ...
2021-04-08 15:24:55,541:INFO:Finding cohorts using: hsps
2021-04-08 15:24:55,543:INFO:Training Cohort models ...
2021-04-08 15:26:52,980:INFO:Cohort assignation ...
2021-04-08 15:26:52,980:INFO:Matching via hsps
2021-04-08 15:26:52,980:INFO:Cohort evaluation ...
2021-04-08 15:26:53,013:INFO:Baseline holistic ...
2021-04-08 15:28:26,338:INFO:Baseline pcm ...
2021-04-08 15:28:26,338:INFO:Loading precomputed pcm ...
2021-04-08 15:28:26,480:INFO:########## Finished iteration 80 ##########
2021-04-08 15:28:26,480:INFO:########## Iteration 81 ##########
2021-04-08 15:28:26,480:INFO:Loading datasets ...
2021-04-08 15:28:26,797:INFO:Test users: ['dorn10', 'dorn17']
2021-04-08 15:28:26,797:INFO:Features encoded: ['sex', 'clothing']
2021-04-08 15:28:26,798:INFO:Finding Cohorts ...
2021-04-08 15:28:26,798:INFO:Finding cohorts using: hsps
2021-04-08 15:28:26,800:INFO:Training Cohort models ...
2021-04-08 15:30:40,107:INFO:Cohort assignation ...
2021-04-08 15:30:40,107:INFO:Matching via hsps
2021-04-08 15:30:40,107:INFO:Cohort evaluation ...
2021-04-08 15:30:40,160:INFO:Baseline holistic ...
2021-04-08 15:31:58,035:INFO:Baseline pcm ...
2021-04-08 15:31:58,035:INFO:Loading precomputed pcm ...
2021-04-08 15:31:58,181:INFO:########## Finished iteration 81 ##########
2021-04-08 15:31:58,181:INFO:########## Iteration 82 ##########
2021-04-08 15:31:58,181:INFO:Loading datasets ...
2021-04-08 15:31:58,500:INFO:Test users: ['dorn17', 'dorn9']
2021-04-08 15:31:58,500:INFO:Features encoded: ['sex', 'clothing']
2021-04-08 15:31:58,500:INFO:Finding Cohorts ...
2021-04-08 15:31:58,501:INFO:Finding cohorts using: hsps
2021-04-08 15:31:58,503:INFO:Training Cohort models ...
2021-04-08 15:34:11,323:INFO:Cohort assignation ...
2021-04-08 15:34:11,323:INFO:Matching via hsps
2021-04-08 15:34:11,323:INFO:Cohort evaluation ...
2021-04-08 15:34:11,355:INFO:Baseline holistic ...
2021-04-08 15:35:28,063:INFO:Baseline pcm ...
2021-04-08 15:35:28,063:INFO:Loading precomputed pcm ...
2021-04-08 15:35:28,205:INFO:########## Finished iteration 82 ##########
2021-04-08 15:35:28,206:INFO:########## Iteration 83 ##########
2021-04-08 15:35:28,206:INFO:Loading datasets ...
2021-04-08 15:35:28,515:INFO:Test users: ['dorn19', 'dorn5']
2021-04-08 15:35:28,516:INFO:Features encoded: ['sex', 'clothing']
2021-04-08 15:35:28,516:INFO:Finding Cohorts ...
2021-04-08 15:35:28,517:INFO:Finding cohorts using: hsps
2021-04-08 15:35:28,519:INFO:Training Cohort models ...
2021-04-08 15:37:54,191:INFO:Cohort assignation ...
2021-04-08 15:37:54,191:INFO:Matching via hsps
2021-04-08 15:37:54,192:INFO:Cohort evaluation ...
2021-04-08 15:37:54,227:INFO:Baseline holistic ...
2021-04-08 15:39:09,995:INFO:Baseline pcm ...
2021-04-08 15:39:09,995:INFO:Loading precomputed pcm ...
2021-04-08 15:39:10,138:INFO:########## Finished iteration 83 ##########
2021-04-08 15:39:10,138:INFO:########## Iteration 84 ##########
2021-04-08 15:39:10,138:INFO:Loading datasets ...
2021-04-08 15:39:10,450:INFO:Test users: ['dorn13', 'dorn17']
2021-04-08 15:39:10,450:INFO:Features encoded: ['sex', 'clothing']
2021-04-08 15:39:10,450:INFO:Finding Cohorts ...
2021-04-08 15:39:10,451:INFO:Finding cohorts using: hsps
2021-04-08 15:39:10,454:INFO:Training Cohort models ...
2021-04-08 15:41:50,365:INFO:Cohort assignation ...
2021-04-08 15:41:50,365:INFO:Matching via hsps
2021-04-08 15:41:50,366:INFO:Cohort evaluation ...
2021-04-08 15:41:50,444:INFO:Baseline holistic ...
2021-04-08 15:43:24,008:INFO:Baseline pcm ...
2021-04-08 15:43:24,008:INFO:Loading precomputed pcm ...
2021-04-08 15:43:24,214:INFO:########## Finished iteration 84 ##########
2021-04-08 15:43:24,214:INFO:########## Iteration 85 ##########
2021-04-08 15:43:24,214:INFO:Loading datasets ...
2021-04-08 15:43:24,534:INFO:Test users: ['dorn7', 'dorn9']
2021-04-08 15:43:24,534:INFO:Features encoded: ['sex', 'clothing']
2021-04-08 15:43:24,534:INFO:Finding Cohorts ...
2021-04-08 15:43:24,536:INFO:Finding cohorts using: hsps
2021-04-08 15:43:24,537:INFO:Training Cohort models ...
2021-04-08 15:45:51,502:INFO:Cohort assignation ...
2021-04-08 15:45:51,502:INFO:Matching via hsps
2021-04-08 15:45:51,502:INFO:Cohort evaluation ...
2021-04-08 15:45:51,534:INFO:Baseline holistic ...
2021-04-08 15:47:41,965:INFO:Baseline pcm ...
2021-04-08 15:47:41,965:INFO:Loading precomputed pcm ...
2021-04-08 15:47:42,108:INFO:########## Finished iteration 85 ##########
2021-04-08 15:47:42,108:INFO:########## Iteration 86 ##########
2021-04-08 15:47:42,108:INFO:Loading datasets ...
2021-04-08 15:47:42,428:INFO:Test users: ['dorn17', 'dorn5']
2021-04-08 15:47:42,428:INFO:Features encoded: ['sex', 'clothing']
2021-04-08 15:47:42,428:INFO:Finding Cohorts ...
2021-04-08 15:47:42,429:INFO:Finding cohorts using: hsps
2021-04-08 15:47:42,432:INFO:Training Cohort models ...
2021-04-08 15:49:54,339:INFO:Cohort assignation ...
2021-04-08 15:49:54,339:INFO:Matching via hsps
2021-04-08 15:49:54,340:INFO:Cohort evaluation ...
2021-04-08 15:49:54,405:INFO:Baseline holistic ...
2021-04-08 15:51:28,301:INFO:Baseline pcm ...
2021-04-08 15:51:28,301:INFO:Loading precomputed pcm ...
2021-04-08 15:51:28,442:INFO:########## Finished iteration 86 ##########
2021-04-08 15:51:28,442:INFO:########## Iteration 87 ##########
2021-04-08 15:51:28,442:INFO:Loading datasets ...
2021-04-08 15:51:28,757:INFO:Test users: ['dorn3', 'dorn20']
2021-04-08 15:51:28,757:INFO:Features encoded: ['sex', 'clothing']
2021-04-08 15:51:28,757:INFO:Finding Cohorts ...
2021-04-08 15:51:28,758:INFO:Finding cohorts using: hsps
2021-04-08 15:51:28,760:INFO:Training Cohort models ...
2021-04-08 15:53:52,225:INFO:Cohort assignation ...
2021-04-08 15:53:52,225:INFO:Matching via hsps
2021-04-08 15:53:52,226:INFO:Cohort evaluation ...
2021-04-08 15:53:52,258:INFO:Baseline holistic ...
2021-04-08 15:55:08,531:INFO:Baseline pcm ...
2021-04-08 15:55:08,531:INFO:Loading precomputed pcm ...
2021-04-08 15:55:08,673:INFO:########## Finished iteration 87 ##########
2021-04-08 15:55:08,673:INFO:########## Iteration 88 ##########
2021-04-08 15:55:08,673:INFO:Loading datasets ...
2021-04-08 15:55:08,987:INFO:Test users: ['dorn17', 'dorn7']
2021-04-08 15:55:08,987:INFO:Features encoded: ['sex', 'clothing']
2021-04-08 15:55:08,987:INFO:Finding Cohorts ...
2021-04-08 15:55:08,988:INFO:Finding cohorts using: hsps
2021-04-08 15:55:08,990:INFO:Training Cohort models ...
2021-04-08 15:57:34,521:INFO:Cohort assignation ...
2021-04-08 15:57:34,521:INFO:Matching via hsps
2021-04-08 15:57:34,521:INFO:Cohort evaluation ...
2021-04-08 15:57:34,589:INFO:Baseline holistic ...
2021-04-08 15:59:08,153:INFO:Baseline pcm ...
2021-04-08 15:59:08,153:INFO:Loading precomputed pcm ...
2021-04-08 15:59:08,292:INFO:########## Finished iteration 88 ##########
2021-04-08 15:59:08,293:INFO:########## Iteration 89 ##########
2021-04-08 15:59:08,293:INFO:Loading datasets ...
2021-04-08 15:59:08,614:INFO:Test users: ['dorn18', 'dorn5']
2021-04-08 15:59:08,614:INFO:Features encoded: ['sex', 'clothing']
2021-04-08 15:59:08,614:INFO:Finding Cohorts ...
2021-04-08 15:59:08,615:INFO:Finding cohorts using: hsps
2021-04-08 15:59:08,617:INFO:Training Cohort models ...
2021-04-08 16:01:20,003:INFO:Cohort assignation ...
2021-04-08 16:01:20,003:INFO:Matching via hsps
2021-04-08 16:01:20,004:INFO:Cohort evaluation ...
2021-04-08 16:01:20,052:INFO:Baseline holistic ...
2021-04-08 16:03:10,458:INFO:Baseline pcm ...
2021-04-08 16:03:10,458:INFO:Loading precomputed pcm ...
2021-04-08 16:03:10,600:INFO:########## Finished iteration 89 ##########
2021-04-08 16:03:10,600:INFO:########## Iteration 90 ##########
2021-04-08 16:03:10,600:INFO:Loading datasets ...
2021-04-08 16:03:10,912:INFO:Test users: ['dorn20', 'dorn7']
2021-04-08 16:03:10,912:INFO:Features encoded: ['sex', 'clothing']
2021-04-08 16:03:10,912:INFO:Finding Cohorts ...
2021-04-08 16:03:10,913:INFO:Finding cohorts using: hsps
2021-04-08 16:03:10,915:INFO:Training Cohort models ...
2021-04-08 16:05:22,605:INFO:Cohort assignation ...
2021-04-08 16:05:22,606:INFO:Matching via hsps
2021-04-08 16:05:22,606:INFO:Cohort evaluation ...
2021-04-08 16:05:22,654:INFO:Baseline holistic ...
2021-04-08 16:06:38,981:INFO:Baseline pcm ...
2021-04-08 16:06:38,981:INFO:Loading precomputed pcm ...
2021-04-08 16:06:39,122:INFO:########## Finished iteration 90 ##########
2021-04-08 16:06:39,122:INFO:########## Iteration 91 ##########
2021-04-08 16:06:39,122:INFO:Loading datasets ...
2021-04-08 16:06:39,439:INFO:Test users: ['dorn20', 'dorn19']
2021-04-08 16:06:39,439:INFO:Features encoded: ['sex', 'clothing']
2021-04-08 16:06:39,439:INFO:Finding Cohorts ...
2021-04-08 16:06:39,440:INFO:Finding cohorts using: hsps
2021-04-08 16:06:39,442:INFO:Training Cohort models ...
2021-04-08 16:09:20,058:INFO:Cohort assignation ...
2021-04-08 16:09:20,058:INFO:Matching via hsps
2021-04-08 16:09:20,059:INFO:Cohort evaluation ...
2021-04-08 16:09:20,144:INFO:Baseline holistic ...
2021-04-08 16:11:10,555:INFO:Baseline pcm ...
2021-04-08 16:11:10,555:INFO:Loading precomputed pcm ...
2021-04-08 16:11:10,696:INFO:########## Finished iteration 91 ##########
2021-04-08 16:11:10,696:INFO:########## Iteration 92 ##########
2021-04-08 16:11:10,697:INFO:Loading datasets ...
2021-04-08 16:11:11,012:INFO:Test users: ['dorn10', 'dorn19']
2021-04-08 16:11:11,012:INFO:Features encoded: ['sex', 'clothing']
2021-04-08 16:11:11,013:INFO:Finding Cohorts ...
2021-04-08 16:11:11,014:INFO:Finding cohorts using: hsps
2021-04-08 16:11:11,016:INFO:Training Cohort models ...
2021-04-08 16:13:10,557:INFO:Cohort assignation ...
2021-04-08 16:13:10,557:INFO:Matching via hsps
2021-04-08 16:13:10,558:INFO:Cohort evaluation ...
2021-04-08 16:13:10,591:INFO:Baseline holistic ...
2021-04-08 16:15:03,206:INFO:Baseline pcm ...
2021-04-08 16:15:03,206:INFO:Loading precomputed pcm ...
2021-04-08 16:15:03,350:INFO:########## Finished iteration 92 ##########
2021-04-08 16:15:03,351:INFO:########## Iteration 93 ##########
2021-04-08 16:15:03,351:INFO:Loading datasets ...
2021-04-08 16:15:03,668:INFO:Test users: ['dorn5', 'dorn7']
2021-04-08 16:15:03,668:INFO:Features encoded: ['sex', 'clothing']
2021-04-08 16:15:03,668:INFO:Finding Cohorts ...
2021-04-08 16:15:03,668:INFO:Finding cohorts using: hsps
2021-04-08 16:15:03,670:INFO:Training Cohort models ...
2021-04-08 16:17:28,576:INFO:Cohort assignation ...
2021-04-08 16:17:28,576:INFO:Matching via hsps
2021-04-08 16:17:28,577:INFO:Cohort evaluation ...
2021-04-08 16:17:28,609:INFO:Baseline holistic ...
2021-04-08 16:19:01,415:INFO:Baseline pcm ...
2021-04-08 16:19:01,415:INFO:Loading precomputed pcm ...
2021-04-08 16:19:01,557:INFO:########## Finished iteration 93 ##########
2021-04-08 16:19:01,557:INFO:########## Iteration 94 ##########
2021-04-08 16:19:01,557:INFO:Loading datasets ...
2021-04-08 16:19:01,875:INFO:Test users: ['dorn17', 'dorn18']
2021-04-08 16:19:01,875:INFO:Features encoded: ['sex', 'clothing']
2021-04-08 16:19:01,875:INFO:Finding Cohorts ...
2021-04-08 16:19:01,876:INFO:Finding cohorts using: hsps
2021-04-08 16:19:01,879:INFO:Training Cohort models ...
2021-04-08 16:21:13,630:INFO:Cohort assignation ...
2021-04-08 16:21:13,630:INFO:Matching via hsps
2021-04-08 16:21:13,631:INFO:Cohort evaluation ...
2021-04-08 16:21:13,681:INFO:Baseline holistic ...
2021-04-08 16:22:29,631:INFO:Baseline pcm ...
2021-04-08 16:22:29,631:INFO:Loading precomputed pcm ...
2021-04-08 16:22:29,775:INFO:########## Finished iteration 94 ##########
2021-04-08 16:22:29,776:INFO:########## Iteration 95 ##########
2021-04-08 16:22:29,776:INFO:Loading datasets ...
2021-04-08 16:22:30,089:INFO:Test users: ['dorn9', 'dorn19']
2021-04-08 16:22:30,089:INFO:Features encoded: ['sex', 'clothing']
2021-04-08 16:22:30,089:INFO:Finding Cohorts ...
2021-04-08 16:22:30,090:INFO:Finding cohorts using: hsps
2021-04-08 16:22:30,092:INFO:Training Cohort models ...
2021-04-08 16:24:42,827:INFO:Cohort assignation ...
2021-04-08 16:24:42,827:INFO:Matching via hsps
2021-04-08 16:24:42,827:INFO:Cohort evaluation ...
2021-04-08 16:24:42,859:INFO:Baseline holistic ...
2021-04-08 16:26:16,261:INFO:Baseline pcm ...
2021-04-08 16:26:16,261:INFO:Loading precomputed pcm ...
2021-04-08 16:26:16,403:INFO:########## Finished iteration 95 ##########
2021-04-08 16:26:16,403:INFO:########## Iteration 96 ##########
2021-04-08 16:26:16,403:INFO:Loading datasets ...
2021-04-08 16:26:16,719:INFO:Test users: ['dorn17', 'dorn3']
2021-04-08 16:26:16,719:INFO:Features encoded: ['sex', 'clothing']
2021-04-08 16:26:16,719:INFO:Finding Cohorts ...
2021-04-08 16:26:16,720:INFO:Finding cohorts using: hsps
2021-04-08 16:26:16,722:INFO:Training Cohort models ...
2021-04-08 16:29:10,140:INFO:Cohort assignation ...
2021-04-08 16:29:10,140:INFO:Matching via hsps
2021-04-08 16:29:10,141:INFO:Cohort evaluation ...
2021-04-08 16:29:10,235:INFO:Baseline holistic ...
2021-04-08 16:30:43,268:INFO:Baseline pcm ...
2021-04-08 16:30:43,268:INFO:Loading precomputed pcm ...
2021-04-08 16:30:43,408:INFO:########## Finished iteration 96 ##########
2021-04-08 16:30:43,409:INFO:########## Iteration 97 ##########
2021-04-08 16:30:43,409:INFO:Loading datasets ...
2021-04-08 16:30:43,725:INFO:Test users: ['dorn3', 'dorn10']
2021-04-08 16:30:43,725:INFO:Features encoded: ['sex', 'clothing']
2021-04-08 16:30:43,725:INFO:Finding Cohorts ...
2021-04-08 16:30:43,727:INFO:Finding cohorts using: hsps
2021-04-08 16:30:43,729:INFO:Training Cohort models ...
2021-04-08 16:33:38,805:INFO:Cohort assignation ...
2021-04-08 16:33:38,805:INFO:Matching via hsps
2021-04-08 16:33:38,805:INFO:Cohort evaluation ...
2021-04-08 16:33:38,901:INFO:Baseline holistic ...
2021-04-08 16:35:31,147:INFO:Baseline pcm ...
2021-04-08 16:35:31,147:INFO:Loading precomputed pcm ...
2021-04-08 16:35:31,291:INFO:########## Finished iteration 97 ##########
2021-04-08 16:35:31,292:INFO:########## Iteration 98 ##########
2021-04-08 16:35:31,292:INFO:Loading datasets ...
2021-04-08 16:35:31,610:INFO:Test users: ['dorn7', 'dorn3']
2021-04-08 16:35:31,610:INFO:Features encoded: ['sex', 'clothing']
2021-04-08 16:35:31,610:INFO:Finding Cohorts ...
2021-04-08 16:35:31,612:INFO:Finding cohorts using: hsps
2021-04-08 16:35:31,614:INFO:Training Cohort models ...
2021-04-08 16:37:56,643:INFO:Cohort assignation ...
2021-04-08 16:37:56,643:INFO:Matching via hsps
2021-04-08 16:37:56,644:INFO:Cohort evaluation ...
2021-04-08 16:37:56,708:INFO:Baseline holistic ...
2021-04-08 16:39:29,185:INFO:Baseline pcm ...
2021-04-08 16:39:29,185:INFO:Loading precomputed pcm ...
2021-04-08 16:39:29,326:INFO:########## Finished iteration 98 ##########
2021-04-08 16:39:29,326:INFO:########## Iteration 99 ##########
2021-04-08 16:39:29,326:INFO:Loading datasets ...
2021-04-08 16:39:29,643:INFO:Test users: ['dorn13', 'dorn7']
2021-04-08 16:39:29,643:INFO:Features encoded: ['sex', 'clothing']
2021-04-08 16:39:29,643:INFO:Finding Cohorts ...
2021-04-08 16:39:29,644:INFO:Finding cohorts using: hsps
2021-04-08 16:39:29,647:INFO:Training Cohort models ...
2021-04-08 16:41:54,887:INFO:Cohort assignation ...
2021-04-08 16:41:54,887:INFO:Matching via hsps
2021-04-08 16:41:54,888:INFO:Cohort evaluation ...
2021-04-08 16:41:54,952:INFO:Baseline holistic ...
2021-04-08 16:43:44,725:INFO:Baseline pcm ...
2021-04-08 16:43:44,725:INFO:Loading precomputed pcm ...
2021-04-08 16:43:44,935:INFO:########## Finished iteration 99 ##########
