2021-03-02 17:17:31,600:INFO:########## Iteration 0 ##########
2021-03-02 17:17:31,600:INFO:Loading datasets ...
2021-03-02 17:17:31,909:WARNING:
DeepCTR-PyTorch version 0.2.5 detected. Your version is 0.2.3.
Use `pip install -U deepctr-torch` to upgrade.Changelog: https://github.com/shenweichen/DeepCTR-Torch/releases/tag/v0.2.5
2021-03-02 17:17:31,918:INFO:Test users: ['dorn5', 'dorn20']
2021-03-02 17:17:31,918:INFO:Features encoded: ['sex', 'clothing']
2021-03-02 17:17:31,918:INFO:Finding Cohorts ...
2021-03-02 17:17:31,918:INFO:Finding cohorts using: swls
2021-03-02 17:17:31,920:INFO:Training Cohort models ...
2021-03-02 17:19:35,943:INFO:Cohort assignation ...
2021-03-02 17:19:35,943:INFO:Matching via swls
2021-03-02 17:19:35,944:INFO:Cohort evaluation ...
2021-03-02 17:19:35,976:INFO:Baseline holistic ...
2021-03-02 17:21:22,289:INFO:Baseline pcm ...
2021-03-02 17:21:22,289:INFO:Loading precomputed pcm ...
2021-03-02 17:21:22,457:INFO:########## Finished iteration 0 ##########
2021-03-02 17:21:22,457:INFO:########## Iteration 1 ##########
2021-03-02 17:21:22,457:INFO:Loading datasets ...
2021-03-02 17:21:22,760:INFO:Test users: ['dorn14', 'dorn7']
2021-03-02 17:21:22,760:INFO:Features encoded: ['sex', 'clothing']
2021-03-02 17:21:22,761:INFO:Finding Cohorts ...
2021-03-02 17:21:22,761:INFO:Finding cohorts using: swls
2021-03-02 17:21:22,762:INFO:Training Cohort models ...
2021-03-02 17:24:03,466:INFO:Cohort assignation ...
2021-03-02 17:24:03,467:INFO:Matching via swls
2021-03-02 17:24:03,467:INFO:Cohort evaluation ...
2021-03-02 17:24:03,570:INFO:Baseline holistic ...
2021-03-02 17:25:33,390:INFO:Baseline pcm ...
2021-03-02 17:25:33,391:INFO:Loading precomputed pcm ...
2021-03-02 17:25:33,550:INFO:########## Finished iteration 1 ##########
2021-03-02 17:25:33,550:INFO:########## Iteration 2 ##########
2021-03-02 17:25:33,550:INFO:Loading datasets ...
2021-03-02 17:25:33,851:INFO:Test users: ['dorn18', 'dorn9']
2021-03-02 17:25:33,852:INFO:Features encoded: ['sex', 'clothing']
2021-03-02 17:25:33,852:INFO:Finding Cohorts ...
2021-03-02 17:25:33,853:INFO:Finding cohorts using: swls
2021-03-02 17:25:33,855:INFO:Training Cohort models ...
2021-03-02 17:27:55,988:INFO:Cohort assignation ...
2021-03-02 17:27:55,988:INFO:Matching via swls
2021-03-02 17:27:55,988:INFO:Cohort evaluation ...
2021-03-02 17:27:56,021:INFO:Baseline holistic ...
2021-03-02 17:29:26,785:INFO:Baseline pcm ...
2021-03-02 17:29:26,785:INFO:Loading precomputed pcm ...
2021-03-02 17:29:26,943:INFO:########## Finished iteration 2 ##########
2021-03-02 17:29:26,943:INFO:########## Iteration 3 ##########
2021-03-02 17:29:26,943:INFO:Loading datasets ...
2021-03-02 17:29:27,251:INFO:Test users: ['dorn7', 'dorn9']
2021-03-02 17:29:27,251:INFO:Features encoded: ['sex', 'clothing']
2021-03-02 17:29:27,251:INFO:Finding Cohorts ...
2021-03-02 17:29:27,252:INFO:Finding cohorts using: swls
2021-03-02 17:29:27,254:INFO:Training Cohort models ...
2021-03-02 17:32:04,002:INFO:Cohort assignation ...
2021-03-02 17:32:04,002:INFO:Matching via swls
2021-03-02 17:32:04,003:INFO:Cohort evaluation ...
2021-03-02 17:32:04,069:INFO:Baseline holistic ...
2021-03-02 17:34:14,138:INFO:Baseline pcm ...
2021-03-02 17:34:14,138:INFO:Loading precomputed pcm ...
2021-03-02 17:34:14,297:INFO:########## Finished iteration 3 ##########
2021-03-02 17:34:14,297:INFO:########## Iteration 4 ##########
2021-03-02 17:34:14,297:INFO:Loading datasets ...
2021-03-02 17:34:14,602:INFO:Test users: ['dorn9', 'dorn17']
2021-03-02 17:34:14,602:INFO:Features encoded: ['sex', 'clothing']
2021-03-02 17:34:14,602:INFO:Finding Cohorts ...
2021-03-02 17:34:14,603:INFO:Finding cohorts using: swls
2021-03-02 17:34:14,606:INFO:Training Cohort models ...
2021-03-02 17:37:22,172:INFO:Cohort assignation ...
2021-03-02 17:37:22,172:INFO:Matching via swls
2021-03-02 17:37:22,172:INFO:Cohort evaluation ...
2021-03-02 17:37:22,272:INFO:Baseline holistic ...
2021-03-02 17:39:33,340:INFO:Baseline pcm ...
2021-03-02 17:39:33,340:INFO:Loading precomputed pcm ...
2021-03-02 17:39:33,498:INFO:########## Finished iteration 4 ##########
2021-03-02 17:39:33,498:INFO:########## Iteration 5 ##########
2021-03-02 17:39:33,499:INFO:Loading datasets ...
2021-03-02 17:39:33,806:INFO:Test users: ['dorn9', 'dorn17']
2021-03-02 17:39:33,806:INFO:Features encoded: ['sex', 'clothing']
2021-03-02 17:39:33,806:INFO:Finding Cohorts ...
2021-03-02 17:39:33,808:INFO:Finding cohorts using: swls
2021-03-02 17:39:33,811:INFO:Training Cohort models ...
2021-03-02 17:41:41,520:INFO:Cohort assignation ...
2021-03-02 17:41:41,520:INFO:Matching via swls
2021-03-02 17:41:41,521:INFO:Cohort evaluation ...
2021-03-02 17:41:41,553:INFO:Baseline holistic ...
2021-03-02 17:43:33,070:INFO:Baseline pcm ...
2021-03-02 17:43:33,070:INFO:Loading precomputed pcm ...
2021-03-02 17:43:33,228:INFO:########## Finished iteration 5 ##########
2021-03-02 17:43:33,228:INFO:########## Iteration 6 ##########
2021-03-02 17:43:33,228:INFO:Loading datasets ...
2021-03-02 17:43:33,532:INFO:Test users: ['dorn12', 'dorn9']
2021-03-02 17:43:33,533:INFO:Features encoded: ['sex', 'clothing']
2021-03-02 17:43:33,533:INFO:Finding Cohorts ...
2021-03-02 17:43:33,533:INFO:Finding cohorts using: swls
2021-03-02 17:43:33,535:INFO:Training Cohort models ...
2021-03-02 17:46:26,572:INFO:Cohort assignation ...
2021-03-02 17:46:26,572:INFO:Matching via swls
2021-03-02 17:46:26,573:INFO:Cohort evaluation ...
2021-03-02 17:46:26,639:INFO:Baseline holistic ...
2021-03-02 17:48:37,164:INFO:Baseline pcm ...
2021-03-02 17:48:37,165:INFO:Loading precomputed pcm ...
2021-03-02 17:48:37,323:INFO:########## Finished iteration 6 ##########
2021-03-02 17:48:37,323:INFO:########## Iteration 7 ##########
2021-03-02 17:48:37,323:INFO:Loading datasets ...
2021-03-02 17:48:37,634:INFO:Test users: ['dorn14', 'dorn20']
2021-03-02 17:48:37,635:INFO:Features encoded: ['sex', 'clothing']
2021-03-02 17:48:37,635:INFO:Finding Cohorts ...
2021-03-02 17:48:37,636:INFO:Finding cohorts using: swls
2021-03-02 17:48:37,639:INFO:Training Cohort models ...
2021-03-02 17:51:17,611:INFO:Cohort assignation ...
2021-03-02 17:51:17,611:INFO:Matching via swls
2021-03-02 17:51:17,612:INFO:Cohort evaluation ...
2021-03-02 17:51:17,682:INFO:Baseline holistic ...
2021-03-02 17:53:09,810:INFO:Baseline pcm ...
2021-03-02 17:53:09,810:INFO:Loading precomputed pcm ...
2021-03-02 17:53:09,968:INFO:########## Finished iteration 7 ##########
2021-03-02 17:53:09,968:INFO:########## Iteration 8 ##########
2021-03-02 17:53:09,968:INFO:Loading datasets ...
2021-03-02 17:53:10,276:INFO:Test users: ['dorn6', 'dorn12']
2021-03-02 17:53:10,276:INFO:Features encoded: ['sex', 'clothing']
2021-03-02 17:53:10,276:INFO:Finding Cohorts ...
2021-03-02 17:53:10,277:INFO:Finding cohorts using: swls
2021-03-02 17:53:10,280:INFO:Training Cohort models ...
2021-03-02 17:56:01,643:INFO:Cohort assignation ...
2021-03-02 17:56:01,643:INFO:Matching via swls
2021-03-02 17:56:01,644:INFO:Cohort evaluation ...
2021-03-02 17:56:01,739:INFO:Baseline holistic ...
2021-03-02 17:57:51,331:INFO:Baseline pcm ...
2021-03-02 17:57:51,331:INFO:Loading precomputed pcm ...
2021-03-02 17:57:51,490:INFO:########## Finished iteration 8 ##########
2021-03-02 17:57:51,490:INFO:########## Iteration 9 ##########
2021-03-02 17:57:51,490:INFO:Loading datasets ...
2021-03-02 17:57:51,797:INFO:Test users: ['dorn20', 'dorn9']
2021-03-02 17:57:51,798:INFO:Features encoded: ['sex', 'clothing']
2021-03-02 17:57:51,798:INFO:Finding Cohorts ...
2021-03-02 17:57:51,799:INFO:Finding cohorts using: swls
2021-03-02 17:57:51,801:INFO:Training Cohort models ...
2021-03-02 18:00:59,007:INFO:Cohort assignation ...
2021-03-02 18:00:59,007:INFO:Matching via swls
2021-03-02 18:00:59,007:INFO:Cohort evaluation ...
2021-03-02 18:00:59,108:INFO:Baseline holistic ...
2021-03-02 18:03:07,574:INFO:Baseline pcm ...
2021-03-02 18:03:07,574:INFO:Loading precomputed pcm ...
2021-03-02 18:03:07,732:INFO:########## Finished iteration 9 ##########
2021-03-02 18:03:07,733:INFO:########## Iteration 10 ##########
2021-03-02 18:03:07,733:INFO:Loading datasets ...
2021-03-02 18:03:08,038:INFO:Test users: ['dorn9', 'dorn5']
2021-03-02 18:03:08,038:INFO:Features encoded: ['sex', 'clothing']
2021-03-02 18:03:08,038:INFO:Finding Cohorts ...
2021-03-02 18:03:08,040:INFO:Finding cohorts using: swls
2021-03-02 18:03:08,043:INFO:Training Cohort models ...
2021-03-02 18:05:45,588:INFO:Cohort assignation ...
2021-03-02 18:05:45,588:INFO:Matching via swls
2021-03-02 18:05:45,589:INFO:Cohort evaluation ...
2021-03-02 18:05:45,656:INFO:Baseline holistic ...
2021-03-02 18:07:16,151:INFO:Baseline pcm ...
2021-03-02 18:07:16,151:INFO:Loading precomputed pcm ...
2021-03-02 18:07:16,308:INFO:########## Finished iteration 10 ##########
2021-03-02 18:07:16,308:INFO:########## Iteration 11 ##########
2021-03-02 18:07:16,308:INFO:Loading datasets ...
2021-03-02 18:07:16,617:INFO:Test users: ['dorn7', 'dorn15']
2021-03-02 18:07:16,618:INFO:Features encoded: ['sex', 'clothing']
2021-03-02 18:07:16,618:INFO:Finding Cohorts ...
2021-03-02 18:07:16,619:INFO:Finding cohorts using: swls
2021-03-02 18:07:16,622:INFO:Training Cohort models ...
2021-03-02 18:09:40,669:INFO:Cohort assignation ...
2021-03-02 18:09:40,669:INFO:Matching via swls
2021-03-02 18:09:40,669:INFO:Cohort evaluation ...
2021-03-02 18:09:40,738:INFO:Baseline holistic ...
2021-03-02 18:11:49,387:INFO:Baseline pcm ...
2021-03-02 18:11:49,387:INFO:Loading precomputed pcm ...
2021-03-02 18:11:49,549:INFO:########## Finished iteration 11 ##########
2021-03-02 18:11:49,549:INFO:########## Iteration 12 ##########
2021-03-02 18:11:49,549:INFO:Loading datasets ...
2021-03-02 18:11:49,860:INFO:Test users: ['dorn7', 'dorn14']
2021-03-02 18:11:49,860:INFO:Features encoded: ['sex', 'clothing']
2021-03-02 18:11:49,860:INFO:Finding Cohorts ...
2021-03-02 18:11:49,861:INFO:Finding cohorts using: swls
2021-03-02 18:11:49,864:INFO:Training Cohort models ...
2021-03-02 18:14:16,078:INFO:Cohort assignation ...
2021-03-02 18:14:16,078:INFO:Matching via swls
2021-03-02 18:14:16,078:INFO:Cohort evaluation ...
2021-03-02 18:14:16,147:INFO:Baseline holistic ...
2021-03-02 18:15:47,749:INFO:Baseline pcm ...
2021-03-02 18:15:47,749:INFO:Loading precomputed pcm ...
2021-03-02 18:15:47,909:INFO:########## Finished iteration 12 ##########
2021-03-02 18:15:47,909:INFO:########## Iteration 13 ##########
2021-03-02 18:15:47,909:INFO:Loading datasets ...
2021-03-02 18:15:48,213:INFO:Test users: ['dorn12', 'dorn6']
2021-03-02 18:15:48,213:INFO:Features encoded: ['sex', 'clothing']
2021-03-02 18:15:48,213:INFO:Finding Cohorts ...
2021-03-02 18:15:48,214:INFO:Finding cohorts using: swls
2021-03-02 18:15:48,216:INFO:Training Cohort models ...
2021-03-02 18:18:39,709:INFO:Cohort assignation ...
2021-03-02 18:18:39,709:INFO:Matching via swls
2021-03-02 18:18:39,710:INFO:Cohort evaluation ...
2021-03-02 18:18:39,774:INFO:Baseline holistic ...
2021-03-02 18:20:27,640:INFO:Baseline pcm ...
2021-03-02 18:20:27,640:INFO:Loading precomputed pcm ...
2021-03-02 18:20:27,861:INFO:########## Finished iteration 13 ##########
2021-03-02 18:20:27,861:INFO:########## Iteration 14 ##########
2021-03-02 18:20:27,862:INFO:Loading datasets ...
2021-03-02 18:20:28,170:INFO:Test users: ['dorn7', 'dorn18']
2021-03-02 18:20:28,170:INFO:Features encoded: ['sex', 'clothing']
2021-03-02 18:20:28,170:INFO:Finding Cohorts ...
2021-03-02 18:20:28,171:INFO:Finding cohorts using: swls
2021-03-02 18:20:28,175:INFO:Training Cohort models ...
2021-03-02 18:22:49,474:INFO:Cohort assignation ...
2021-03-02 18:22:49,474:INFO:Matching via swls
2021-03-02 18:22:49,474:INFO:Cohort evaluation ...
2021-03-02 18:22:49,525:INFO:Baseline holistic ...
2021-03-02 18:24:18,502:INFO:Baseline pcm ...
2021-03-02 18:24:18,502:INFO:Loading precomputed pcm ...
2021-03-02 18:24:18,662:INFO:########## Finished iteration 14 ##########
2021-03-02 18:24:18,662:INFO:########## Iteration 15 ##########
2021-03-02 18:24:18,662:INFO:Loading datasets ...
2021-03-02 18:24:18,967:INFO:Test users: ['dorn9', 'dorn14']
2021-03-02 18:24:18,967:INFO:Features encoded: ['sex', 'clothing']
2021-03-02 18:24:18,968:INFO:Finding Cohorts ...
2021-03-02 18:24:18,968:INFO:Finding cohorts using: swls
2021-03-02 18:24:18,971:INFO:Training Cohort models ...
2021-03-02 18:27:28,979:INFO:Cohort assignation ...
2021-03-02 18:27:28,979:INFO:Matching via swls
2021-03-02 18:27:28,980:INFO:Cohort evaluation ...
2021-03-02 18:27:29,083:INFO:Baseline holistic ...
2021-03-02 18:29:40,761:INFO:Baseline pcm ...
2021-03-02 18:29:40,761:INFO:Loading precomputed pcm ...
2021-03-02 18:29:40,922:INFO:########## Finished iteration 15 ##########
2021-03-02 18:29:40,922:INFO:########## Iteration 16 ##########
2021-03-02 18:29:40,922:INFO:Loading datasets ...
2021-03-02 18:29:41,229:INFO:Test users: ['dorn17', 'dorn12']
2021-03-02 18:29:41,229:INFO:Features encoded: ['sex', 'clothing']
2021-03-02 18:29:41,229:INFO:Finding Cohorts ...
2021-03-02 18:29:41,231:INFO:Finding cohorts using: swls
2021-03-02 18:29:41,235:INFO:Training Cohort models ...
2021-03-02 18:32:17,954:INFO:Cohort assignation ...
2021-03-02 18:32:17,954:INFO:Matching via swls
2021-03-02 18:32:17,955:INFO:Cohort evaluation ...
2021-03-02 18:32:18,020:INFO:Baseline holistic ...
2021-03-02 18:34:27,226:INFO:Baseline pcm ...
2021-03-02 18:34:27,226:INFO:Loading precomputed pcm ...
2021-03-02 18:34:27,385:INFO:########## Finished iteration 16 ##########
2021-03-02 18:34:27,385:INFO:########## Iteration 17 ##########
2021-03-02 18:34:27,385:INFO:Loading datasets ...
2021-03-02 18:34:27,693:INFO:Test users: ['dorn17', 'dorn9']
2021-03-02 18:34:27,693:INFO:Features encoded: ['sex', 'clothing']
2021-03-02 18:34:27,693:INFO:Finding Cohorts ...
2021-03-02 18:34:27,694:INFO:Finding cohorts using: swls
2021-03-02 18:34:27,697:INFO:Training Cohort models ...
2021-03-02 18:36:36,015:INFO:Cohort assignation ...
2021-03-02 18:36:36,015:INFO:Matching via swls
2021-03-02 18:36:36,015:INFO:Cohort evaluation ...
2021-03-02 18:36:36,048:INFO:Baseline holistic ...
2021-03-02 18:38:47,235:INFO:Baseline pcm ...
2021-03-02 18:38:47,235:INFO:Loading precomputed pcm ...
2021-03-02 18:38:47,396:INFO:########## Finished iteration 17 ##########
2021-03-02 18:38:47,396:INFO:########## Iteration 18 ##########
2021-03-02 18:38:47,396:INFO:Loading datasets ...
2021-03-02 18:38:47,705:INFO:Test users: ['dorn6', 'dorn5']
2021-03-02 18:38:47,705:INFO:Features encoded: ['sex', 'clothing']
2021-03-02 18:38:47,705:INFO:Finding Cohorts ...
2021-03-02 18:38:47,706:INFO:Finding cohorts using: swls
2021-03-02 18:38:47,708:INFO:Training Cohort models ...
2021-03-02 18:41:23,527:INFO:Cohort assignation ...
2021-03-02 18:41:23,527:INFO:Matching via swls
2021-03-02 18:41:23,528:INFO:Cohort evaluation ...
2021-03-02 18:41:23,592:INFO:Baseline holistic ...
2021-03-02 18:43:11,892:INFO:Baseline pcm ...
2021-03-02 18:43:11,892:INFO:Loading precomputed pcm ...
2021-03-02 18:43:12,051:INFO:########## Finished iteration 18 ##########
2021-03-02 18:43:12,051:INFO:########## Iteration 19 ##########
2021-03-02 18:43:12,051:INFO:Loading datasets ...
2021-03-02 18:43:12,357:INFO:Test users: ['dorn20', 'dorn18']
2021-03-02 18:43:12,357:INFO:Features encoded: ['sex', 'clothing']
2021-03-02 18:43:12,358:INFO:Finding Cohorts ...
2021-03-02 18:43:12,359:INFO:Finding cohorts using: swls
2021-03-02 18:43:12,362:INFO:Training Cohort models ...
2021-03-02 18:45:33,716:INFO:Cohort assignation ...
2021-03-02 18:45:33,716:INFO:Matching via swls
2021-03-02 18:45:33,717:INFO:Cohort evaluation ...
2021-03-02 18:45:33,782:INFO:Baseline holistic ...
2021-03-02 18:47:23,540:INFO:Baseline pcm ...
2021-03-02 18:47:23,540:INFO:Loading precomputed pcm ...
2021-03-02 18:47:23,699:INFO:########## Finished iteration 19 ##########
2021-03-02 18:47:23,699:INFO:########## Iteration 20 ##########
2021-03-02 18:47:23,699:INFO:Loading datasets ...
2021-03-02 18:47:24,007:INFO:Test users: ['dorn6', 'dorn17']
2021-03-02 18:47:24,007:INFO:Features encoded: ['sex', 'clothing']
2021-03-02 18:47:24,007:INFO:Finding Cohorts ...
2021-03-02 18:47:24,008:INFO:Finding cohorts using: swls
2021-03-02 18:47:24,010:INFO:Training Cohort models ...
2021-03-02 18:50:01,302:INFO:Cohort assignation ...
2021-03-02 18:50:01,302:INFO:Matching via swls
2021-03-02 18:50:01,303:INFO:Cohort evaluation ...
2021-03-02 18:50:01,370:INFO:Baseline holistic ...
2021-03-02 18:52:09,718:INFO:Baseline pcm ...
2021-03-02 18:52:09,718:INFO:Loading precomputed pcm ...
2021-03-02 18:52:09,878:INFO:########## Finished iteration 20 ##########
2021-03-02 18:52:09,878:INFO:########## Iteration 21 ##########
2021-03-02 18:52:09,878:INFO:Loading datasets ...
2021-03-02 18:52:10,184:INFO:Test users: ['dorn17', 'dorn7']
2021-03-02 18:52:10,185:INFO:Features encoded: ['sex', 'clothing']
2021-03-02 18:52:10,185:INFO:Finding Cohorts ...
2021-03-02 18:52:10,186:INFO:Finding cohorts using: swls
2021-03-02 18:52:10,189:INFO:Training Cohort models ...
2021-03-02 18:55:17,885:INFO:Cohort assignation ...
2021-03-02 18:55:17,885:INFO:Matching via swls
2021-03-02 18:55:17,886:INFO:Cohort evaluation ...
2021-03-02 18:55:17,987:INFO:Baseline holistic ...
2021-03-02 18:57:26,807:INFO:Baseline pcm ...
2021-03-02 18:57:26,807:INFO:Loading precomputed pcm ...
2021-03-02 18:57:26,967:INFO:########## Finished iteration 21 ##########
2021-03-02 18:57:26,967:INFO:########## Iteration 22 ##########
2021-03-02 18:57:26,967:INFO:Loading datasets ...
2021-03-02 18:57:27,272:INFO:Test users: ['dorn12', 'dorn15']
2021-03-02 18:57:27,272:INFO:Features encoded: ['sex', 'clothing']
2021-03-02 18:57:27,273:INFO:Finding Cohorts ...
2021-03-02 18:57:27,274:INFO:Finding cohorts using: swls
2021-03-02 18:57:27,278:INFO:Training Cohort models ...
2021-03-02 18:59:34,319:INFO:Cohort assignation ...
2021-03-02 18:59:34,319:INFO:Matching via swls
2021-03-02 18:59:34,320:INFO:Cohort evaluation ...
2021-03-02 18:59:34,353:INFO:Baseline holistic ...
2021-03-02 19:01:43,580:INFO:Baseline pcm ...
2021-03-02 19:01:43,580:INFO:Loading precomputed pcm ...
2021-03-02 19:01:43,740:INFO:########## Finished iteration 22 ##########
2021-03-02 19:01:43,740:INFO:########## Iteration 23 ##########
2021-03-02 19:01:43,740:INFO:Loading datasets ...
2021-03-02 19:01:44,048:INFO:Test users: ['dorn5', 'dorn7']
2021-03-02 19:01:44,048:INFO:Features encoded: ['sex', 'clothing']
2021-03-02 19:01:44,048:INFO:Finding Cohorts ...
2021-03-02 19:01:44,049:INFO:Finding cohorts using: swls
2021-03-02 19:01:44,051:INFO:Training Cohort models ...
2021-03-02 19:04:18,799:INFO:Cohort assignation ...
2021-03-02 19:04:18,799:INFO:Matching via swls
2021-03-02 19:04:18,799:INFO:Cohort evaluation ...
2021-03-02 19:04:18,833:INFO:Baseline holistic ...
2021-03-02 19:06:25,936:INFO:Baseline pcm ...
2021-03-02 19:06:25,936:INFO:Loading precomputed pcm ...
2021-03-02 19:06:26,161:INFO:########## Finished iteration 23 ##########
2021-03-02 19:06:26,161:INFO:########## Iteration 24 ##########
2021-03-02 19:06:26,161:INFO:Loading datasets ...
2021-03-02 19:06:26,466:INFO:Test users: ['dorn12', 'dorn7']
2021-03-02 19:06:26,467:INFO:Features encoded: ['sex', 'clothing']
2021-03-02 19:06:26,467:INFO:Finding Cohorts ...
2021-03-02 19:06:26,468:INFO:Finding cohorts using: swls
2021-03-02 19:06:26,470:INFO:Training Cohort models ...
2021-03-02 19:08:48,197:INFO:Cohort assignation ...
2021-03-02 19:08:48,197:INFO:Matching via swls
2021-03-02 19:08:48,197:INFO:Cohort evaluation ...
2021-03-02 19:08:48,248:INFO:Baseline holistic ...
2021-03-02 19:10:37,947:INFO:Baseline pcm ...
2021-03-02 19:10:37,947:INFO:Loading precomputed pcm ...
2021-03-02 19:10:38,107:INFO:########## Finished iteration 24 ##########
2021-03-02 19:10:38,107:INFO:########## Iteration 25 ##########
2021-03-02 19:10:38,107:INFO:Loading datasets ...
2021-03-02 19:10:38,415:INFO:Test users: ['dorn12', 'dorn18']
2021-03-02 19:10:38,415:INFO:Features encoded: ['sex', 'clothing']
2021-03-02 19:10:38,415:INFO:Finding Cohorts ...
2021-03-02 19:10:38,416:INFO:Finding cohorts using: swls
2021-03-02 19:10:38,418:INFO:Training Cohort models ...
2021-03-02 19:13:15,599:INFO:Cohort assignation ...
2021-03-02 19:13:15,599:INFO:Matching via swls
2021-03-02 19:13:15,600:INFO:Cohort evaluation ...
2021-03-02 19:13:15,665:INFO:Baseline holistic ...
2021-03-02 19:14:46,257:INFO:Baseline pcm ...
2021-03-02 19:14:46,257:INFO:Loading precomputed pcm ...
2021-03-02 19:14:46,415:INFO:########## Finished iteration 25 ##########
2021-03-02 19:14:46,415:INFO:########## Iteration 26 ##########
2021-03-02 19:14:46,415:INFO:Loading datasets ...
2021-03-02 19:14:46,725:INFO:Test users: ['dorn7', 'dorn18']
2021-03-02 19:14:46,725:INFO:Features encoded: ['sex', 'clothing']
2021-03-02 19:14:46,725:INFO:Finding Cohorts ...
2021-03-02 19:14:46,726:INFO:Finding cohorts using: swls
2021-03-02 19:14:46,729:INFO:Training Cohort models ...
2021-03-02 19:17:08,105:INFO:Cohort assignation ...
2021-03-02 19:17:08,105:INFO:Matching via swls
2021-03-02 19:17:08,105:INFO:Cohort evaluation ...
2021-03-02 19:17:08,156:INFO:Baseline holistic ...
2021-03-02 19:18:57,068:INFO:Baseline pcm ...
2021-03-02 19:18:57,068:INFO:Loading precomputed pcm ...
2021-03-02 19:18:57,225:INFO:########## Finished iteration 26 ##########
2021-03-02 19:18:57,225:INFO:########## Iteration 27 ##########
2021-03-02 19:18:57,225:INFO:Loading datasets ...
2021-03-02 19:18:57,533:INFO:Test users: ['dorn17', 'dorn15']
2021-03-02 19:18:57,534:INFO:Features encoded: ['sex', 'clothing']
2021-03-02 19:18:57,534:INFO:Finding Cohorts ...
2021-03-02 19:18:57,535:INFO:Finding cohorts using: swls
2021-03-02 19:18:57,537:INFO:Training Cohort models ...
2021-03-02 19:22:05,169:INFO:Cohort assignation ...
2021-03-02 19:22:05,169:INFO:Matching via swls
2021-03-02 19:22:05,170:INFO:Cohort evaluation ...
2021-03-02 19:22:05,271:INFO:Baseline holistic ...
2021-03-02 19:23:35,508:INFO:Baseline pcm ...
2021-03-02 19:23:35,508:INFO:Loading precomputed pcm ...
2021-03-02 19:23:35,734:INFO:########## Finished iteration 27 ##########
2021-03-02 19:23:35,734:INFO:########## Iteration 28 ##########
2021-03-02 19:23:35,734:INFO:Loading datasets ...
2021-03-02 19:23:36,042:INFO:Test users: ['dorn17', 'dorn15']
2021-03-02 19:23:36,042:INFO:Features encoded: ['sex', 'clothing']
2021-03-02 19:23:36,042:INFO:Finding Cohorts ...
2021-03-02 19:23:36,044:INFO:Finding cohorts using: swls
2021-03-02 19:23:36,047:INFO:Training Cohort models ...
2021-03-02 19:26:43,968:INFO:Cohort assignation ...
2021-03-02 19:26:43,968:INFO:Matching via swls
2021-03-02 19:26:43,968:INFO:Cohort evaluation ...
2021-03-02 19:26:44,069:INFO:Baseline holistic ...
2021-03-02 19:28:52,583:INFO:Baseline pcm ...
2021-03-02 19:28:52,583:INFO:Loading precomputed pcm ...
2021-03-02 19:28:52,744:INFO:########## Finished iteration 28 ##########
2021-03-02 19:28:52,744:INFO:########## Iteration 29 ##########
2021-03-02 19:28:52,744:INFO:Loading datasets ...
2021-03-02 19:28:53,052:INFO:Test users: ['dorn12', 'dorn17']
2021-03-02 19:28:53,052:INFO:Features encoded: ['sex', 'clothing']
2021-03-02 19:28:53,052:INFO:Finding Cohorts ...
2021-03-02 19:28:53,054:INFO:Finding cohorts using: swls
2021-03-02 19:28:53,057:INFO:Training Cohort models ...
2021-03-02 19:31:00,381:INFO:Cohort assignation ...
2021-03-02 19:31:00,381:INFO:Matching via swls
2021-03-02 19:31:00,382:INFO:Cohort evaluation ...
2021-03-02 19:31:00,415:INFO:Baseline holistic ...
2021-03-02 19:32:51,450:INFO:Baseline pcm ...
2021-03-02 19:32:51,450:INFO:Loading precomputed pcm ...
2021-03-02 19:32:51,609:INFO:########## Finished iteration 29 ##########
2021-03-02 19:32:51,610:INFO:########## Iteration 30 ##########
2021-03-02 19:32:51,610:INFO:Loading datasets ...
2021-03-02 19:32:51,918:INFO:Test users: ['dorn12', 'dorn15']
2021-03-02 19:32:51,918:INFO:Features encoded: ['sex', 'clothing']
2021-03-02 19:32:51,919:INFO:Finding Cohorts ...
2021-03-02 19:32:51,919:INFO:Finding cohorts using: swls
2021-03-02 19:32:51,921:INFO:Training Cohort models ...
2021-03-02 19:35:13,785:INFO:Cohort assignation ...
2021-03-02 19:35:13,785:INFO:Matching via swls
2021-03-02 19:35:13,786:INFO:Cohort evaluation ...
2021-03-02 19:35:13,835:INFO:Baseline holistic ...
2021-03-02 19:37:22,791:INFO:Baseline pcm ...
2021-03-02 19:37:22,791:INFO:Loading precomputed pcm ...
2021-03-02 19:37:22,950:INFO:########## Finished iteration 30 ##########
2021-03-02 19:37:22,950:INFO:########## Iteration 31 ##########
2021-03-02 19:37:22,950:INFO:Loading datasets ...
2021-03-02 19:37:23,256:INFO:Test users: ['dorn20', 'dorn15']
2021-03-02 19:37:23,257:INFO:Features encoded: ['sex', 'clothing']
2021-03-02 19:37:23,257:INFO:Finding Cohorts ...
2021-03-02 19:37:23,257:INFO:Finding cohorts using: swls
2021-03-02 19:37:23,259:INFO:Training Cohort models ...
2021-03-02 19:39:45,254:INFO:Cohort assignation ...
2021-03-02 19:39:45,254:INFO:Matching via swls
2021-03-02 19:39:45,255:INFO:Cohort evaluation ...
2021-03-02 19:39:45,306:INFO:Baseline holistic ...
2021-03-02 19:41:34,892:INFO:Baseline pcm ...
2021-03-02 19:41:34,892:INFO:Loading precomputed pcm ...
2021-03-02 19:41:35,053:INFO:########## Finished iteration 31 ##########
2021-03-02 19:41:35,053:INFO:########## Iteration 32 ##########
2021-03-02 19:41:35,053:INFO:Loading datasets ...
2021-03-02 19:41:35,361:INFO:Test users: ['dorn17', 'dorn15']
2021-03-02 19:41:35,361:INFO:Features encoded: ['sex', 'clothing']
2021-03-02 19:41:35,361:INFO:Finding Cohorts ...
2021-03-02 19:41:35,362:INFO:Finding cohorts using: swls
2021-03-02 19:41:35,365:INFO:Training Cohort models ...
2021-03-02 19:44:27,070:INFO:Cohort assignation ...
2021-03-02 19:44:27,070:INFO:Matching via swls
2021-03-02 19:44:27,070:INFO:Cohort evaluation ...
2021-03-02 19:44:27,138:INFO:Baseline holistic ...
2021-03-02 19:46:16,209:INFO:Baseline pcm ...
2021-03-02 19:46:16,209:INFO:Loading precomputed pcm ...
2021-03-02 19:46:16,431:INFO:########## Finished iteration 32 ##########
2021-03-02 19:46:16,432:INFO:########## Iteration 33 ##########
2021-03-02 19:46:16,432:INFO:Loading datasets ...
2021-03-02 19:46:16,739:INFO:Test users: ['dorn15', 'dorn20']
2021-03-02 19:46:16,740:INFO:Features encoded: ['sex', 'clothing']
2021-03-02 19:46:16,740:INFO:Finding Cohorts ...
2021-03-02 19:46:16,741:INFO:Finding cohorts using: swls
2021-03-02 19:46:16,744:INFO:Training Cohort models ...
2021-03-02 19:49:08,652:INFO:Cohort assignation ...
2021-03-02 19:49:08,652:INFO:Matching via swls
2021-03-02 19:49:08,653:INFO:Cohort evaluation ...
2021-03-02 19:49:08,800:INFO:Baseline holistic ...
2021-03-02 19:50:58,337:INFO:Baseline pcm ...
2021-03-02 19:50:58,337:INFO:Loading precomputed pcm ...
2021-03-02 19:50:58,498:INFO:########## Finished iteration 33 ##########
2021-03-02 19:50:58,498:INFO:########## Iteration 34 ##########
2021-03-02 19:50:58,498:INFO:Loading datasets ...
2021-03-02 19:50:58,808:INFO:Test users: ['dorn17', 'dorn15']
2021-03-02 19:50:58,808:INFO:Features encoded: ['sex', 'clothing']
2021-03-02 19:50:58,808:INFO:Finding Cohorts ...
2021-03-02 19:50:58,809:INFO:Finding cohorts using: swls
2021-03-02 19:50:58,812:INFO:Training Cohort models ...
2021-03-02 19:53:50,701:INFO:Cohort assignation ...
2021-03-02 19:53:50,701:INFO:Matching via swls
2021-03-02 19:53:50,702:INFO:Cohort evaluation ...
2021-03-02 19:53:50,769:INFO:Baseline holistic ...
2021-03-02 19:55:59,293:INFO:Baseline pcm ...
2021-03-02 19:55:59,293:INFO:Loading precomputed pcm ...
2021-03-02 19:55:59,454:INFO:########## Finished iteration 34 ##########
2021-03-02 19:55:59,454:INFO:########## Iteration 35 ##########
2021-03-02 19:55:59,454:INFO:Loading datasets ...
2021-03-02 19:55:59,760:INFO:Test users: ['dorn17', 'dorn9']
2021-03-02 19:55:59,760:INFO:Features encoded: ['sex', 'clothing']
2021-03-02 19:55:59,761:INFO:Finding Cohorts ...
2021-03-02 19:55:59,762:INFO:Finding cohorts using: swls
2021-03-02 19:55:59,765:INFO:Training Cohort models ...
2021-03-02 19:58:08,084:INFO:Cohort assignation ...
2021-03-02 19:58:08,084:INFO:Matching via swls
2021-03-02 19:58:08,085:INFO:Cohort evaluation ...
2021-03-02 19:58:08,118:INFO:Baseline holistic ...
2021-03-02 20:00:19,142:INFO:Baseline pcm ...
2021-03-02 20:00:19,142:INFO:Loading precomputed pcm ...
2021-03-02 20:00:19,302:INFO:########## Finished iteration 35 ##########
2021-03-02 20:00:19,302:INFO:########## Iteration 36 ##########
2021-03-02 20:00:19,302:INFO:Loading datasets ...
2021-03-02 20:00:19,611:INFO:Test users: ['dorn7', 'dorn9']
2021-03-02 20:00:19,612:INFO:Features encoded: ['sex', 'clothing']
2021-03-02 20:00:19,612:INFO:Finding Cohorts ...
2021-03-02 20:00:19,612:INFO:Finding cohorts using: swls
2021-03-02 20:00:19,615:INFO:Training Cohort models ...
2021-03-02 20:02:57,206:INFO:Cohort assignation ...
2021-03-02 20:02:57,206:INFO:Matching via swls
2021-03-02 20:02:57,207:INFO:Cohort evaluation ...
2021-03-02 20:02:57,275:INFO:Baseline holistic ...
2021-03-02 20:04:48,194:INFO:Baseline pcm ...
2021-03-02 20:04:48,194:INFO:Loading precomputed pcm ...
2021-03-02 20:04:48,354:INFO:########## Finished iteration 36 ##########
2021-03-02 20:04:48,354:INFO:########## Iteration 37 ##########
2021-03-02 20:04:48,354:INFO:Loading datasets ...
2021-03-02 20:04:48,665:INFO:Test users: ['dorn5', 'dorn6']
2021-03-02 20:04:48,666:INFO:Features encoded: ['sex', 'clothing']
2021-03-02 20:04:48,666:INFO:Finding Cohorts ...
2021-03-02 20:04:48,667:INFO:Finding cohorts using: swls
2021-03-02 20:04:48,670:INFO:Training Cohort models ...
2021-03-02 20:07:10,555:INFO:Cohort assignation ...
2021-03-02 20:07:10,555:INFO:Matching via swls
2021-03-02 20:07:10,556:INFO:Cohort evaluation ...
2021-03-02 20:07:10,605:INFO:Baseline holistic ...
2021-03-02 20:08:40,417:INFO:Baseline pcm ...
2021-03-02 20:08:40,417:INFO:Loading precomputed pcm ...
2021-03-02 20:08:40,576:INFO:########## Finished iteration 37 ##########
2021-03-02 20:08:40,576:INFO:########## Iteration 38 ##########
2021-03-02 20:08:40,576:INFO:Loading datasets ...
2021-03-02 20:08:40,882:INFO:Test users: ['dorn6', 'dorn12']
2021-03-02 20:08:40,882:INFO:Features encoded: ['sex', 'clothing']
2021-03-02 20:08:40,882:INFO:Finding Cohorts ...
2021-03-02 20:08:40,883:INFO:Finding cohorts using: swls
2021-03-02 20:08:40,885:INFO:Training Cohort models ...
2021-03-02 20:10:47,963:INFO:Cohort assignation ...
2021-03-02 20:10:47,963:INFO:Matching via swls
2021-03-02 20:10:47,963:INFO:Cohort evaluation ...
2021-03-02 20:10:47,996:INFO:Baseline holistic ...
2021-03-02 20:12:18,341:INFO:Baseline pcm ...
2021-03-02 20:12:18,341:INFO:Loading precomputed pcm ...
2021-03-02 20:12:18,498:INFO:########## Finished iteration 38 ##########
2021-03-02 20:12:18,498:INFO:########## Iteration 39 ##########
2021-03-02 20:12:18,499:INFO:Loading datasets ...
2021-03-02 20:12:18,805:INFO:Test users: ['dorn14', 'dorn9']
2021-03-02 20:12:18,805:INFO:Features encoded: ['sex', 'clothing']
2021-03-02 20:12:18,806:INFO:Finding Cohorts ...
2021-03-02 20:12:18,806:INFO:Finding cohorts using: swls
2021-03-02 20:12:18,808:INFO:Training Cohort models ...
2021-03-02 20:14:58,576:INFO:Cohort assignation ...
2021-03-02 20:14:58,576:INFO:Matching via swls
2021-03-02 20:14:58,576:INFO:Cohort evaluation ...
2021-03-02 20:14:58,644:INFO:Baseline holistic ...
2021-03-02 20:16:30,894:INFO:Baseline pcm ...
2021-03-02 20:16:30,894:INFO:Loading precomputed pcm ...
2021-03-02 20:16:31,053:INFO:########## Finished iteration 39 ##########
2021-03-02 20:16:31,054:INFO:########## Iteration 40 ##########
2021-03-02 20:16:31,054:INFO:Loading datasets ...
2021-03-02 20:16:31,355:INFO:Test users: ['dorn15', 'dorn12']
2021-03-02 20:16:31,356:INFO:Features encoded: ['sex', 'clothing']
2021-03-02 20:16:31,356:INFO:Finding Cohorts ...
2021-03-02 20:16:31,357:INFO:Finding cohorts using: swls
2021-03-02 20:16:31,360:INFO:Training Cohort models ...
2021-03-02 20:19:23,138:INFO:Cohort assignation ...
2021-03-02 20:19:23,138:INFO:Matching via swls
2021-03-02 20:19:23,139:INFO:Cohort evaluation ...
2021-03-02 20:19:23,221:INFO:Baseline holistic ...
2021-03-02 20:21:31,999:INFO:Baseline pcm ...
2021-03-02 20:21:31,999:INFO:Loading precomputed pcm ...
2021-03-02 20:21:32,160:INFO:########## Finished iteration 40 ##########
2021-03-02 20:21:32,160:INFO:########## Iteration 41 ##########
2021-03-02 20:21:32,160:INFO:Loading datasets ...
2021-03-02 20:21:32,468:INFO:Test users: ['dorn12', 'dorn14']
2021-03-02 20:21:32,468:INFO:Features encoded: ['sex', 'clothing']
2021-03-02 20:21:32,468:INFO:Finding Cohorts ...
2021-03-02 20:21:32,470:INFO:Finding cohorts using: swls
2021-03-02 20:21:32,473:INFO:Training Cohort models ...
2021-03-02 20:24:40,944:INFO:Cohort assignation ...
2021-03-02 20:24:40,944:INFO:Matching via swls
2021-03-02 20:24:40,945:INFO:Cohort evaluation ...
2021-03-02 20:24:41,045:INFO:Baseline holistic ...
2021-03-02 20:26:13,119:INFO:Baseline pcm ...
2021-03-02 20:26:13,119:INFO:Loading precomputed pcm ...
2021-03-02 20:26:13,343:INFO:########## Finished iteration 41 ##########
2021-03-02 20:26:13,343:INFO:########## Iteration 42 ##########
2021-03-02 20:26:13,343:INFO:Loading datasets ...
2021-03-02 20:26:13,646:INFO:Test users: ['dorn18', 'dorn14']
2021-03-02 20:26:13,646:INFO:Features encoded: ['sex', 'clothing']
2021-03-02 20:26:13,646:INFO:Finding Cohorts ...
2021-03-02 20:26:13,648:INFO:Finding cohorts using: swls
2021-03-02 20:26:13,651:INFO:Training Cohort models ...
2021-03-02 20:28:52,806:INFO:Cohort assignation ...
2021-03-02 20:28:52,806:INFO:Matching via swls
2021-03-02 20:28:52,807:INFO:Cohort evaluation ...
2021-03-02 20:28:52,873:INFO:Baseline holistic ...
2021-03-02 20:31:02,637:INFO:Baseline pcm ...
2021-03-02 20:31:02,637:INFO:Loading precomputed pcm ...
2021-03-02 20:31:02,864:INFO:########## Finished iteration 42 ##########
2021-03-02 20:31:02,864:INFO:########## Iteration 43 ##########
2021-03-02 20:31:02,864:INFO:Loading datasets ...
2021-03-02 20:31:03,169:INFO:Test users: ['dorn20', 'dorn18']
2021-03-02 20:31:03,169:INFO:Features encoded: ['sex', 'clothing']
2021-03-02 20:31:03,169:INFO:Finding Cohorts ...
2021-03-02 20:31:03,170:INFO:Finding cohorts using: swls
2021-03-02 20:31:03,172:INFO:Training Cohort models ...
2021-03-02 20:33:39,456:INFO:Cohort assignation ...
2021-03-02 20:33:39,456:INFO:Matching via swls
2021-03-02 20:33:39,457:INFO:Cohort evaluation ...
2021-03-02 20:33:39,489:INFO:Baseline holistic ...
2021-03-02 20:35:09,248:INFO:Baseline pcm ...
2021-03-02 20:35:09,248:INFO:Loading precomputed pcm ...
2021-03-02 20:35:09,407:INFO:########## Finished iteration 43 ##########
2021-03-02 20:35:09,407:INFO:########## Iteration 44 ##########
2021-03-02 20:35:09,407:INFO:Loading datasets ...
2021-03-02 20:35:09,711:INFO:Test users: ['dorn17', 'dorn15']
2021-03-02 20:35:09,712:INFO:Features encoded: ['sex', 'clothing']
2021-03-02 20:35:09,712:INFO:Finding Cohorts ...
2021-03-02 20:35:09,713:INFO:Finding cohorts using: swls
2021-03-02 20:35:09,716:INFO:Training Cohort models ...
2021-03-02 20:37:17,972:INFO:Cohort assignation ...
2021-03-02 20:37:17,972:INFO:Matching via swls
2021-03-02 20:37:17,972:INFO:Cohort evaluation ...
2021-03-02 20:37:18,005:INFO:Baseline holistic ...
2021-03-02 20:38:48,556:INFO:Baseline pcm ...
2021-03-02 20:38:48,556:INFO:Loading precomputed pcm ...
2021-03-02 20:38:48,714:INFO:########## Finished iteration 44 ##########
2021-03-02 20:38:48,714:INFO:########## Iteration 45 ##########
2021-03-02 20:38:48,714:INFO:Loading datasets ...
2021-03-02 20:38:49,023:INFO:Test users: ['dorn17', 'dorn18']
2021-03-02 20:38:49,023:INFO:Features encoded: ['sex', 'clothing']
2021-03-02 20:38:49,023:INFO:Finding Cohorts ...
2021-03-02 20:38:49,024:INFO:Finding cohorts using: swls
2021-03-02 20:38:49,026:INFO:Training Cohort models ...
2021-03-02 20:41:25,916:INFO:Cohort assignation ...
2021-03-02 20:41:25,917:INFO:Matching via swls
2021-03-02 20:41:25,917:INFO:Cohort evaluation ...
2021-03-02 20:41:25,983:INFO:Baseline holistic ...
2021-03-02 20:43:34,962:INFO:Baseline pcm ...
2021-03-02 20:43:34,962:INFO:Loading precomputed pcm ...
2021-03-02 20:43:35,123:INFO:########## Finished iteration 45 ##########
2021-03-02 20:43:35,123:INFO:########## Iteration 46 ##########
2021-03-02 20:43:35,123:INFO:Loading datasets ...
2021-03-02 20:43:35,429:INFO:Test users: ['dorn17', 'dorn14']
2021-03-02 20:43:35,429:INFO:Features encoded: ['sex', 'clothing']
2021-03-02 20:43:35,430:INFO:Finding Cohorts ...
2021-03-02 20:43:35,431:INFO:Finding cohorts using: swls
2021-03-02 20:43:35,433:INFO:Training Cohort models ...
2021-03-02 20:46:45,470:INFO:Cohort assignation ...
2021-03-02 20:46:45,470:INFO:Matching via swls
2021-03-02 20:46:45,471:INFO:Cohort evaluation ...
2021-03-02 20:46:45,571:INFO:Baseline holistic ...
2021-03-02 20:48:54,265:INFO:Baseline pcm ...
2021-03-02 20:48:54,265:INFO:Loading precomputed pcm ...
2021-03-02 20:48:54,423:INFO:########## Finished iteration 46 ##########
2021-03-02 20:48:54,424:INFO:########## Iteration 47 ##########
2021-03-02 20:48:54,424:INFO:Loading datasets ...
2021-03-02 20:48:54,734:INFO:Test users: ['dorn20', 'dorn9']
2021-03-02 20:48:54,734:INFO:Features encoded: ['sex', 'clothing']
2021-03-02 20:48:54,734:INFO:Finding Cohorts ...
2021-03-02 20:48:54,736:INFO:Finding cohorts using: swls
2021-03-02 20:48:54,739:INFO:Training Cohort models ...
2021-03-02 20:51:47,608:INFO:Cohort assignation ...
2021-03-02 20:51:47,608:INFO:Matching via swls
2021-03-02 20:51:47,609:INFO:Cohort evaluation ...
2021-03-02 20:51:47,710:INFO:Baseline holistic ...
2021-03-02 20:53:19,249:INFO:Baseline pcm ...
2021-03-02 20:53:19,249:INFO:Loading precomputed pcm ...
2021-03-02 20:53:19,408:INFO:########## Finished iteration 47 ##########
2021-03-02 20:53:19,408:INFO:########## Iteration 48 ##########
2021-03-02 20:53:19,408:INFO:Loading datasets ...
2021-03-02 20:53:19,716:INFO:Test users: ['dorn17', 'dorn18']
2021-03-02 20:53:19,716:INFO:Features encoded: ['sex', 'clothing']
2021-03-02 20:53:19,717:INFO:Finding Cohorts ...
2021-03-02 20:53:19,718:INFO:Finding cohorts using: swls
2021-03-02 20:53:19,721:INFO:Training Cohort models ...
2021-03-02 20:56:26,220:INFO:Cohort assignation ...
2021-03-02 20:56:26,220:INFO:Matching via swls
2021-03-02 20:56:26,220:INFO:Cohort evaluation ...
2021-03-02 20:56:26,320:INFO:Baseline holistic ...
2021-03-02 20:58:15,649:INFO:Baseline pcm ...
2021-03-02 20:58:15,649:INFO:Loading precomputed pcm ...
2021-03-02 20:58:15,809:INFO:########## Finished iteration 48 ##########
2021-03-02 20:58:15,809:INFO:########## Iteration 49 ##########
2021-03-02 20:58:15,809:INFO:Loading datasets ...
2021-03-02 20:58:16,116:INFO:Test users: ['dorn9', 'dorn6']
2021-03-02 20:58:16,117:INFO:Features encoded: ['sex', 'clothing']
2021-03-02 20:58:16,117:INFO:Finding Cohorts ...
2021-03-02 20:58:16,118:INFO:Finding cohorts using: swls
2021-03-02 20:58:16,121:INFO:Training Cohort models ...
2021-03-02 21:01:09,210:INFO:Cohort assignation ...
2021-03-02 21:01:09,210:INFO:Matching via swls
2021-03-02 21:01:09,210:INFO:Cohort evaluation ...
2021-03-02 21:01:09,309:INFO:Baseline holistic ...
2021-03-02 21:02:59,988:INFO:Baseline pcm ...
2021-03-02 21:02:59,988:INFO:Loading precomputed pcm ...
2021-03-02 21:03:00,150:INFO:########## Finished iteration 49 ##########
2021-03-02 21:03:00,150:INFO:########## Iteration 50 ##########
2021-03-02 21:03:00,150:INFO:Loading datasets ...
2021-03-02 21:03:00,458:INFO:Test users: ['dorn20', 'dorn9']
2021-03-02 21:03:00,458:INFO:Features encoded: ['sex', 'clothing']
2021-03-02 21:03:00,458:INFO:Finding Cohorts ...
2021-03-02 21:03:00,460:INFO:Finding cohorts using: swls
2021-03-02 21:03:00,463:INFO:Training Cohort models ...
2021-03-02 21:05:38,113:INFO:Cohort assignation ...
2021-03-02 21:05:38,113:INFO:Matching via swls
2021-03-02 21:05:38,113:INFO:Cohort evaluation ...
2021-03-02 21:05:38,180:INFO:Baseline holistic ...
2021-03-02 21:07:29,760:INFO:Baseline pcm ...
2021-03-02 21:07:29,760:INFO:Loading precomputed pcm ...
2021-03-02 21:07:29,921:INFO:########## Finished iteration 50 ##########
2021-03-02 21:07:29,921:INFO:########## Iteration 51 ##########
2021-03-02 21:07:29,921:INFO:Loading datasets ...
2021-03-02 21:07:30,227:INFO:Test users: ['dorn5', 'dorn20']
2021-03-02 21:07:30,227:INFO:Features encoded: ['sex', 'clothing']
2021-03-02 21:07:30,227:INFO:Finding Cohorts ...
2021-03-02 21:07:30,228:INFO:Finding cohorts using: swls
2021-03-02 21:07:30,231:INFO:Training Cohort models ...
2021-03-02 21:10:36,289:INFO:Cohort assignation ...
2021-03-02 21:10:36,289:INFO:Matching via swls
2021-03-02 21:10:36,290:INFO:Cohort evaluation ...
2021-03-02 21:10:36,388:INFO:Baseline holistic ...
2021-03-02 21:12:43,713:INFO:Baseline pcm ...
2021-03-02 21:12:43,713:INFO:Loading precomputed pcm ...
2021-03-02 21:12:43,870:INFO:########## Finished iteration 51 ##########
2021-03-02 21:12:43,871:INFO:########## Iteration 52 ##########
2021-03-02 21:12:43,871:INFO:Loading datasets ...
2021-03-02 21:12:44,182:INFO:Test users: ['dorn6', 'dorn18']
2021-03-02 21:12:44,182:INFO:Features encoded: ['sex', 'clothing']
2021-03-02 21:12:44,183:INFO:Finding Cohorts ...
2021-03-02 21:12:44,184:INFO:Finding cohorts using: swls
2021-03-02 21:12:44,187:INFO:Training Cohort models ...
2021-03-02 21:15:20,404:INFO:Cohort assignation ...
2021-03-02 21:15:20,404:INFO:Matching via swls
2021-03-02 21:15:20,405:INFO:Cohort evaluation ...
2021-03-02 21:15:20,470:INFO:Baseline holistic ...
2021-03-02 21:16:49,360:INFO:Baseline pcm ...
2021-03-02 21:16:49,360:INFO:Loading precomputed pcm ...
2021-03-02 21:16:49,521:INFO:########## Finished iteration 52 ##########
2021-03-02 21:16:49,521:INFO:########## Iteration 53 ##########
2021-03-02 21:16:49,521:INFO:Loading datasets ...
2021-03-02 21:16:49,827:INFO:Test users: ['dorn14', 'dorn5']
2021-03-02 21:16:49,827:INFO:Features encoded: ['sex', 'clothing']
2021-03-02 21:16:49,827:INFO:Finding Cohorts ...
2021-03-02 21:16:49,829:INFO:Finding cohorts using: swls
2021-03-02 21:16:49,832:INFO:Training Cohort models ...
2021-03-02 21:19:29,997:INFO:Cohort assignation ...
2021-03-02 21:19:29,997:INFO:Matching via swls
2021-03-02 21:19:29,998:INFO:Cohort evaluation ...
2021-03-02 21:19:30,066:INFO:Baseline holistic ...
2021-03-02 21:21:40,864:INFO:Baseline pcm ...
2021-03-02 21:21:40,864:INFO:Loading precomputed pcm ...
2021-03-02 21:21:41,022:INFO:########## Finished iteration 53 ##########
2021-03-02 21:21:41,023:INFO:########## Iteration 54 ##########
2021-03-02 21:21:41,023:INFO:Loading datasets ...
2021-03-02 21:21:41,329:INFO:Test users: ['dorn9', 'dorn15']
2021-03-02 21:21:41,329:INFO:Features encoded: ['sex', 'clothing']
2021-03-02 21:21:41,329:INFO:Finding Cohorts ...
2021-03-02 21:21:41,330:INFO:Finding cohorts using: swls
2021-03-02 21:21:41,333:INFO:Training Cohort models ...
2021-03-02 21:24:18,348:INFO:Cohort assignation ...
2021-03-02 21:24:18,348:INFO:Matching via swls
2021-03-02 21:24:18,349:INFO:Cohort evaluation ...
2021-03-02 21:24:18,415:INFO:Baseline holistic ...
2021-03-02 21:25:49,299:INFO:Baseline pcm ...
2021-03-02 21:25:49,299:INFO:Loading precomputed pcm ...
2021-03-02 21:25:49,459:INFO:########## Finished iteration 54 ##########
2021-03-02 21:25:49,459:INFO:########## Iteration 55 ##########
2021-03-02 21:25:49,459:INFO:Loading datasets ...
2021-03-02 21:25:49,768:INFO:Test users: ['dorn18', 'dorn17']
2021-03-02 21:25:49,768:INFO:Features encoded: ['sex', 'clothing']
2021-03-02 21:25:49,768:INFO:Finding Cohorts ...
2021-03-02 21:25:49,769:INFO:Finding cohorts using: swls
2021-03-02 21:25:49,772:INFO:Training Cohort models ...
2021-03-02 21:28:39,474:INFO:Cohort assignation ...
2021-03-02 21:28:39,474:INFO:Matching via swls
2021-03-02 21:28:39,475:INFO:Cohort evaluation ...
2021-03-02 21:28:39,557:INFO:Baseline holistic ...
2021-03-02 21:30:26,115:INFO:Baseline pcm ...
2021-03-02 21:30:26,115:INFO:Loading precomputed pcm ...
2021-03-02 21:30:26,330:INFO:########## Finished iteration 55 ##########
2021-03-02 21:30:26,330:INFO:########## Iteration 56 ##########
2021-03-02 21:30:26,330:INFO:Loading datasets ...
2021-03-02 21:30:26,622:INFO:Test users: ['dorn17', 'dorn14']
2021-03-02 21:30:26,622:INFO:Features encoded: ['sex', 'clothing']
2021-03-02 21:30:26,622:INFO:Finding Cohorts ...
2021-03-02 21:30:26,624:INFO:Finding cohorts using: swls
2021-03-02 21:30:26,626:INFO:Training Cohort models ...
2021-03-02 21:33:04,859:INFO:Cohort assignation ...
2021-03-02 21:33:04,860:INFO:Matching via swls
2021-03-02 21:33:04,860:INFO:Cohort evaluation ...
2021-03-02 21:33:04,931:INFO:Baseline holistic ...
2021-03-02 21:34:55,058:INFO:Baseline pcm ...
2021-03-02 21:34:55,058:INFO:Loading precomputed pcm ...
2021-03-02 21:34:55,215:INFO:########## Finished iteration 56 ##########
2021-03-02 21:34:55,215:INFO:########## Iteration 57 ##########
2021-03-02 21:34:55,215:INFO:Loading datasets ...
2021-03-02 21:34:55,511:INFO:Test users: ['dorn14', 'dorn12']
2021-03-02 21:34:55,511:INFO:Features encoded: ['sex', 'clothing']
2021-03-02 21:34:55,512:INFO:Finding Cohorts ...
2021-03-02 21:34:55,513:INFO:Finding cohorts using: swls
2021-03-02 21:34:55,516:INFO:Training Cohort models ...
2021-03-02 21:37:31,969:INFO:Cohort assignation ...
2021-03-02 21:37:31,970:INFO:Matching via swls
2021-03-02 21:37:31,970:INFO:Cohort evaluation ...
2021-03-02 21:37:32,036:INFO:Baseline holistic ...
2021-03-02 21:39:21,403:INFO:Baseline pcm ...
2021-03-02 21:39:21,403:INFO:Loading precomputed pcm ...
2021-03-02 21:39:21,561:INFO:########## Finished iteration 57 ##########
2021-03-02 21:39:21,561:INFO:########## Iteration 58 ##########
2021-03-02 21:39:21,561:INFO:Loading datasets ...
2021-03-02 21:39:21,859:INFO:Test users: ['dorn6', 'dorn15']
2021-03-02 21:39:21,859:INFO:Features encoded: ['sex', 'clothing']
2021-03-02 21:39:21,859:INFO:Finding Cohorts ...
2021-03-02 21:39:21,860:INFO:Finding cohorts using: swls
2021-03-02 21:39:21,863:INFO:Training Cohort models ...
2021-03-02 21:41:41,537:INFO:Cohort assignation ...
2021-03-02 21:41:41,537:INFO:Matching via swls
2021-03-02 21:41:41,537:INFO:Cohort evaluation ...
2021-03-02 21:41:41,586:INFO:Baseline holistic ...
2021-03-02 21:43:27,983:INFO:Baseline pcm ...
2021-03-02 21:43:27,983:INFO:Loading precomputed pcm ...
2021-03-02 21:43:28,137:INFO:########## Finished iteration 58 ##########
2021-03-02 21:43:28,137:INFO:########## Iteration 59 ##########
2021-03-02 21:43:28,137:INFO:Loading datasets ...
2021-03-02 21:43:28,431:INFO:Test users: ['dorn18', 'dorn9']
2021-03-02 21:43:28,431:INFO:Features encoded: ['sex', 'clothing']
2021-03-02 21:43:28,431:INFO:Finding Cohorts ...
2021-03-02 21:43:28,432:INFO:Finding cohorts using: swls
2021-03-02 21:43:28,434:INFO:Training Cohort models ...
2021-03-02 21:45:49,386:INFO:Cohort assignation ...
2021-03-02 21:45:49,386:INFO:Matching via swls
2021-03-02 21:45:49,386:INFO:Cohort evaluation ...
2021-03-02 21:45:49,419:INFO:Baseline holistic ...
2021-03-02 21:47:19,025:INFO:Baseline pcm ...
2021-03-02 21:47:19,025:INFO:Loading precomputed pcm ...
2021-03-02 21:47:19,181:INFO:########## Finished iteration 59 ##########
2021-03-02 21:47:19,181:INFO:########## Iteration 60 ##########
2021-03-02 21:47:19,181:INFO:Loading datasets ...
2021-03-02 21:47:19,474:INFO:Test users: ['dorn17', 'dorn14']
2021-03-02 21:47:19,475:INFO:Features encoded: ['sex', 'clothing']
2021-03-02 21:47:19,475:INFO:Finding Cohorts ...
2021-03-02 21:47:19,476:INFO:Finding cohorts using: swls
2021-03-02 21:47:19,478:INFO:Training Cohort models ...
2021-03-02 21:50:13,515:INFO:Cohort assignation ...
2021-03-02 21:50:13,515:INFO:Matching via swls
2021-03-02 21:50:13,516:INFO:Cohort evaluation ...
2021-03-02 21:50:13,617:INFO:Baseline holistic ...
2021-03-02 21:51:44,173:INFO:Baseline pcm ...
2021-03-02 21:51:44,173:INFO:Loading precomputed pcm ...
2021-03-02 21:51:44,331:INFO:########## Finished iteration 60 ##########
2021-03-02 21:51:44,331:INFO:########## Iteration 61 ##########
2021-03-02 21:51:44,331:INFO:Loading datasets ...
2021-03-02 21:51:44,625:INFO:Test users: ['dorn20', 'dorn17']
2021-03-02 21:51:44,625:INFO:Features encoded: ['sex', 'clothing']
2021-03-02 21:51:44,625:INFO:Finding Cohorts ...
2021-03-02 21:51:44,627:INFO:Finding cohorts using: swls
2021-03-02 21:51:44,630:INFO:Training Cohort models ...
2021-03-02 21:54:05,001:INFO:Cohort assignation ...
2021-03-02 21:54:05,001:INFO:Matching via swls
2021-03-02 21:54:05,001:INFO:Cohort evaluation ...
2021-03-02 21:54:05,050:INFO:Baseline holistic ...
2021-03-02 21:56:12,728:INFO:Baseline pcm ...
2021-03-02 21:56:12,728:INFO:Loading precomputed pcm ...
2021-03-02 21:56:12,882:INFO:########## Finished iteration 61 ##########
2021-03-02 21:56:12,882:INFO:########## Iteration 62 ##########
2021-03-02 21:56:12,883:INFO:Loading datasets ...
2021-03-02 21:56:13,180:INFO:Test users: ['dorn20', 'dorn18']
2021-03-02 21:56:13,181:INFO:Features encoded: ['sex', 'clothing']
2021-03-02 21:56:13,181:INFO:Finding Cohorts ...
2021-03-02 21:56:13,181:INFO:Finding cohorts using: swls
2021-03-02 21:56:13,184:INFO:Training Cohort models ...
2021-03-02 21:58:18,108:INFO:Cohort assignation ...
2021-03-02 21:58:18,108:INFO:Matching via swls
2021-03-02 21:58:18,109:INFO:Cohort evaluation ...
2021-03-02 21:58:18,141:INFO:Baseline holistic ...
2021-03-02 22:00:06,012:INFO:Baseline pcm ...
2021-03-02 22:00:06,012:INFO:Loading precomputed pcm ...
2021-03-02 22:00:06,168:INFO:########## Finished iteration 62 ##########
2021-03-02 22:00:06,168:INFO:########## Iteration 63 ##########
2021-03-02 22:00:06,168:INFO:Loading datasets ...
2021-03-02 22:00:06,461:INFO:Test users: ['dorn7', 'dorn14']
2021-03-02 22:00:06,461:INFO:Features encoded: ['sex', 'clothing']
2021-03-02 22:00:06,461:INFO:Finding Cohorts ...
2021-03-02 22:00:06,462:INFO:Finding cohorts using: swls
2021-03-02 22:00:06,464:INFO:Training Cohort models ...
2021-03-02 22:02:46,508:INFO:Cohort assignation ...
2021-03-02 22:02:46,508:INFO:Matching via swls
2021-03-02 22:02:46,509:INFO:Cohort evaluation ...
2021-03-02 22:02:46,611:INFO:Baseline holistic ...
2021-03-02 22:04:16,657:INFO:Baseline pcm ...
2021-03-02 22:04:16,657:INFO:Loading precomputed pcm ...
2021-03-02 22:04:16,816:INFO:########## Finished iteration 63 ##########
2021-03-02 22:04:16,816:INFO:########## Iteration 64 ##########
2021-03-02 22:04:16,816:INFO:Loading datasets ...
2021-03-02 22:04:17,112:INFO:Test users: ['dorn5', 'dorn6']
2021-03-02 22:04:17,112:INFO:Features encoded: ['sex', 'clothing']
2021-03-02 22:04:17,112:INFO:Finding Cohorts ...
2021-03-02 22:04:17,113:INFO:Finding cohorts using: swls
2021-03-02 22:04:17,116:INFO:Training Cohort models ...
2021-03-02 22:06:21,982:INFO:Cohort assignation ...
2021-03-02 22:06:21,982:INFO:Matching via swls
2021-03-02 22:06:21,983:INFO:Cohort evaluation ...
2021-03-02 22:06:22,014:INFO:Baseline holistic ...
2021-03-02 22:08:28,821:INFO:Baseline pcm ...
2021-03-02 22:08:28,821:INFO:Loading precomputed pcm ...
2021-03-02 22:08:28,976:INFO:########## Finished iteration 64 ##########
2021-03-02 22:08:28,976:INFO:########## Iteration 65 ##########
2021-03-02 22:08:28,977:INFO:Loading datasets ...
2021-03-02 22:08:29,273:INFO:Test users: ['dorn17', 'dorn9']
2021-03-02 22:08:29,273:INFO:Features encoded: ['sex', 'clothing']
2021-03-02 22:08:29,273:INFO:Finding Cohorts ...
2021-03-02 22:08:29,274:INFO:Finding cohorts using: swls
2021-03-02 22:08:29,276:INFO:Training Cohort models ...
2021-03-02 22:11:33,718:INFO:Cohort assignation ...
2021-03-02 22:11:33,718:INFO:Matching via swls
2021-03-02 22:11:33,719:INFO:Cohort evaluation ...
2021-03-02 22:11:33,817:INFO:Baseline holistic ...
2021-03-02 22:13:39,906:INFO:Baseline pcm ...
2021-03-02 22:13:39,906:INFO:Loading precomputed pcm ...
2021-03-02 22:13:40,065:INFO:########## Finished iteration 65 ##########
2021-03-02 22:13:40,065:INFO:########## Iteration 66 ##########
2021-03-02 22:13:40,065:INFO:Loading datasets ...
2021-03-02 22:13:40,358:INFO:Test users: ['dorn9', 'dorn20']
2021-03-02 22:13:40,358:INFO:Features encoded: ['sex', 'clothing']
2021-03-02 22:13:40,358:INFO:Finding Cohorts ...
2021-03-02 22:13:40,360:INFO:Finding cohorts using: swls
2021-03-02 22:13:40,363:INFO:Training Cohort models ...
2021-03-02 22:16:30,870:INFO:Cohort assignation ...
2021-03-02 22:16:30,870:INFO:Matching via swls
2021-03-02 22:16:30,870:INFO:Cohort evaluation ...
2021-03-02 22:16:30,995:INFO:Baseline holistic ...
2021-03-02 22:18:39,618:INFO:Baseline pcm ...
2021-03-02 22:18:39,619:INFO:Loading precomputed pcm ...
2021-03-02 22:18:39,775:INFO:########## Finished iteration 66 ##########
2021-03-02 22:18:39,775:INFO:########## Iteration 67 ##########
2021-03-02 22:18:39,775:INFO:Loading datasets ...
2021-03-02 22:18:40,070:INFO:Test users: ['dorn6', 'dorn14']
2021-03-02 22:18:40,071:INFO:Features encoded: ['sex', 'clothing']
2021-03-02 22:18:40,071:INFO:Finding Cohorts ...
2021-03-02 22:18:40,072:INFO:Finding cohorts using: swls
2021-03-02 22:18:40,075:INFO:Training Cohort models ...
2021-03-02 22:21:02,418:INFO:Cohort assignation ...
2021-03-02 22:21:02,418:INFO:Matching via swls
2021-03-02 22:21:02,419:INFO:Cohort evaluation ...
2021-03-02 22:21:02,469:INFO:Baseline holistic ...
2021-03-02 22:22:52,177:INFO:Baseline pcm ...
2021-03-02 22:22:52,177:INFO:Loading precomputed pcm ...
2021-03-02 22:22:52,331:INFO:########## Finished iteration 67 ##########
2021-03-02 22:22:52,331:INFO:########## Iteration 68 ##########
2021-03-02 22:22:52,331:INFO:Loading datasets ...
2021-03-02 22:22:52,624:INFO:Test users: ['dorn9', 'dorn17']
2021-03-02 22:22:52,625:INFO:Features encoded: ['sex', 'clothing']
2021-03-02 22:22:52,625:INFO:Finding Cohorts ...
2021-03-02 22:22:52,626:INFO:Finding cohorts using: swls
2021-03-02 22:22:52,628:INFO:Training Cohort models ...
2021-03-02 22:25:13,476:INFO:Cohort assignation ...
2021-03-02 22:25:13,476:INFO:Matching via swls
2021-03-02 22:25:13,476:INFO:Cohort evaluation ...
2021-03-02 22:25:13,525:INFO:Baseline holistic ...
2021-03-02 22:27:02,289:INFO:Baseline pcm ...
2021-03-02 22:27:02,289:INFO:Loading precomputed pcm ...
2021-03-02 22:27:02,446:INFO:########## Finished iteration 68 ##########
2021-03-02 22:27:02,446:INFO:########## Iteration 69 ##########
2021-03-02 22:27:02,446:INFO:Loading datasets ...
2021-03-02 22:27:02,740:INFO:Test users: ['dorn14', 'dorn17']
2021-03-02 22:27:02,740:INFO:Features encoded: ['sex', 'clothing']
2021-03-02 22:27:02,740:INFO:Finding Cohorts ...
2021-03-02 22:27:02,741:INFO:Finding cohorts using: swls
2021-03-02 22:27:02,743:INFO:Training Cohort models ...
2021-03-02 22:29:26,931:INFO:Cohort assignation ...
2021-03-02 22:29:26,931:INFO:Matching via swls
2021-03-02 22:29:26,932:INFO:Cohort evaluation ...
2021-03-02 22:29:26,999:INFO:Baseline holistic ...
2021-03-02 22:31:16,908:INFO:Baseline pcm ...
2021-03-02 22:31:16,908:INFO:Loading precomputed pcm ...
2021-03-02 22:31:17,063:INFO:########## Finished iteration 69 ##########
2021-03-02 22:31:17,064:INFO:########## Iteration 70 ##########
2021-03-02 22:31:17,064:INFO:Loading datasets ...
2021-03-02 22:31:17,359:INFO:Test users: ['dorn9', 'dorn5']
2021-03-02 22:31:17,359:INFO:Features encoded: ['sex', 'clothing']
2021-03-02 22:31:17,360:INFO:Finding Cohorts ...
2021-03-02 22:31:17,360:INFO:Finding cohorts using: swls
2021-03-02 22:31:17,363:INFO:Training Cohort models ...
2021-03-02 22:34:06,588:INFO:Cohort assignation ...
2021-03-02 22:34:06,588:INFO:Matching via swls
2021-03-02 22:34:06,589:INFO:Cohort evaluation ...
2021-03-02 22:34:06,676:INFO:Baseline holistic ...
2021-03-02 22:35:55,063:INFO:Baseline pcm ...
2021-03-02 22:35:55,063:INFO:Loading precomputed pcm ...
2021-03-02 22:35:55,279:INFO:########## Finished iteration 70 ##########
2021-03-02 22:35:55,279:INFO:########## Iteration 71 ##########
2021-03-02 22:35:55,279:INFO:Loading datasets ...
2021-03-02 22:35:55,571:INFO:Test users: ['dorn6', 'dorn18']
2021-03-02 22:35:55,571:INFO:Features encoded: ['sex', 'clothing']
2021-03-02 22:35:55,571:INFO:Finding Cohorts ...
2021-03-02 22:35:55,572:INFO:Finding cohorts using: swls
2021-03-02 22:35:55,575:INFO:Training Cohort models ...
2021-03-02 22:38:58,600:INFO:Cohort assignation ...
2021-03-02 22:38:58,600:INFO:Matching via swls
2021-03-02 22:38:58,601:INFO:Cohort evaluation ...
2021-03-02 22:38:58,696:INFO:Baseline holistic ...
2021-03-02 22:40:44,007:INFO:Baseline pcm ...
2021-03-02 22:40:44,007:INFO:Loading precomputed pcm ...
2021-03-02 22:40:44,162:INFO:########## Finished iteration 71 ##########
2021-03-02 22:40:44,163:INFO:########## Iteration 72 ##########
2021-03-02 22:40:44,163:INFO:Loading datasets ...
2021-03-02 22:40:44,456:INFO:Test users: ['dorn17', 'dorn6']
2021-03-02 22:40:44,456:INFO:Features encoded: ['sex', 'clothing']
2021-03-02 22:40:44,456:INFO:Finding Cohorts ...
2021-03-02 22:40:44,458:INFO:Finding cohorts using: swls
2021-03-02 22:40:44,461:INFO:Training Cohort models ...
2021-03-02 22:43:48,689:INFO:Cohort assignation ...
2021-03-02 22:43:48,689:INFO:Matching via swls
2021-03-02 22:43:48,690:INFO:Cohort evaluation ...
2021-03-02 22:43:48,787:INFO:Baseline holistic ...
2021-03-02 22:45:35,498:INFO:Baseline pcm ...
2021-03-02 22:45:35,499:INFO:Loading precomputed pcm ...
2021-03-02 22:45:35,654:INFO:########## Finished iteration 72 ##########
2021-03-02 22:45:35,654:INFO:########## Iteration 73 ##########
2021-03-02 22:45:35,654:INFO:Loading datasets ...
2021-03-02 22:45:35,950:INFO:Test users: ['dorn20', 'dorn6']
2021-03-02 22:45:35,951:INFO:Features encoded: ['sex', 'clothing']
2021-03-02 22:45:35,951:INFO:Finding Cohorts ...
2021-03-02 22:45:35,952:INFO:Finding cohorts using: swls
2021-03-02 22:45:35,956:INFO:Training Cohort models ...
2021-03-02 22:47:56,076:INFO:Cohort assignation ...
2021-03-02 22:47:56,076:INFO:Matching via swls
2021-03-02 22:47:56,077:INFO:Cohort evaluation ...
2021-03-02 22:47:56,108:INFO:Baseline holistic ...
2021-03-02 22:49:24,735:INFO:Baseline pcm ...
2021-03-02 22:49:24,735:INFO:Loading precomputed pcm ...
2021-03-02 22:49:24,893:INFO:########## Finished iteration 73 ##########
2021-03-02 22:49:24,893:INFO:########## Iteration 74 ##########
2021-03-02 22:49:24,893:INFO:Loading datasets ...
2021-03-02 22:49:25,185:INFO:Test users: ['dorn18', 'dorn15']
2021-03-02 22:49:25,185:INFO:Features encoded: ['sex', 'clothing']
2021-03-02 22:49:25,185:INFO:Finding Cohorts ...
2021-03-02 22:49:25,186:INFO:Finding cohorts using: swls
2021-03-02 22:49:25,189:INFO:Training Cohort models ...
2021-03-02 22:51:44,660:INFO:Cohort assignation ...
2021-03-02 22:51:44,660:INFO:Matching via swls
2021-03-02 22:51:44,660:INFO:Cohort evaluation ...
2021-03-02 22:51:44,709:INFO:Baseline holistic ...
2021-03-02 22:53:51,160:INFO:Baseline pcm ...
2021-03-02 22:53:51,160:INFO:Loading precomputed pcm ...
2021-03-02 22:53:51,322:INFO:########## Finished iteration 74 ##########
2021-03-02 22:53:51,322:INFO:########## Iteration 75 ##########
2021-03-02 22:53:51,322:INFO:Loading datasets ...
2021-03-02 22:53:51,618:INFO:Test users: ['dorn5', 'dorn9']
2021-03-02 22:53:51,618:INFO:Features encoded: ['sex', 'clothing']
2021-03-02 22:53:51,618:INFO:Finding Cohorts ...
2021-03-02 22:53:51,619:INFO:Finding cohorts using: swls
2021-03-02 22:53:51,621:INFO:Training Cohort models ...
2021-03-02 22:56:41,438:INFO:Cohort assignation ...
2021-03-02 22:56:41,438:INFO:Matching via swls
2021-03-02 22:56:41,438:INFO:Cohort evaluation ...
2021-03-02 22:56:41,522:INFO:Baseline holistic ...
2021-03-02 22:58:10,831:INFO:Baseline pcm ...
2021-03-02 22:58:10,831:INFO:Loading precomputed pcm ...
2021-03-02 22:58:10,986:INFO:########## Finished iteration 75 ##########
2021-03-02 22:58:10,987:INFO:########## Iteration 76 ##########
2021-03-02 22:58:10,987:INFO:Loading datasets ...
2021-03-02 22:58:11,283:INFO:Test users: ['dorn7', 'dorn18']
2021-03-02 22:58:11,283:INFO:Features encoded: ['sex', 'clothing']
2021-03-02 22:58:11,283:INFO:Finding Cohorts ...
2021-03-02 22:58:11,284:INFO:Finding cohorts using: swls
2021-03-02 22:58:11,288:INFO:Training Cohort models ...
2021-03-02 23:01:14,899:INFO:Cohort assignation ...
2021-03-02 23:01:14,899:INFO:Matching via swls
2021-03-02 23:01:14,900:INFO:Cohort evaluation ...
2021-03-02 23:01:14,998:INFO:Baseline holistic ...
2021-03-02 23:03:01,993:INFO:Baseline pcm ...
2021-03-02 23:03:01,993:INFO:Loading precomputed pcm ...
2021-03-02 23:03:02,150:INFO:########## Finished iteration 76 ##########
2021-03-02 23:03:02,151:INFO:########## Iteration 77 ##########
2021-03-02 23:03:02,151:INFO:Loading datasets ...
2021-03-02 23:03:02,447:INFO:Test users: ['dorn17', 'dorn7']
2021-03-02 23:03:02,447:INFO:Features encoded: ['sex', 'clothing']
2021-03-02 23:03:02,447:INFO:Finding Cohorts ...
2021-03-02 23:03:02,449:INFO:Finding cohorts using: swls
2021-03-02 23:03:02,452:INFO:Training Cohort models ...
2021-03-02 23:05:40,168:INFO:Cohort assignation ...
2021-03-02 23:05:40,168:INFO:Matching via swls
2021-03-02 23:05:40,168:INFO:Cohort evaluation ...
2021-03-02 23:05:40,269:INFO:Baseline holistic ...
2021-03-02 23:07:46,975:INFO:Baseline pcm ...
2021-03-02 23:07:46,975:INFO:Loading precomputed pcm ...
2021-03-02 23:07:47,131:INFO:########## Finished iteration 77 ##########
2021-03-02 23:07:47,131:INFO:########## Iteration 78 ##########
2021-03-02 23:07:47,131:INFO:Loading datasets ...
2021-03-02 23:07:47,425:INFO:Test users: ['dorn9', 'dorn12']
2021-03-02 23:07:47,425:INFO:Features encoded: ['sex', 'clothing']
2021-03-02 23:07:47,425:INFO:Finding Cohorts ...
2021-03-02 23:07:47,426:INFO:Finding cohorts using: swls
2021-03-02 23:07:47,429:INFO:Training Cohort models ...
2021-03-02 23:09:53,564:INFO:Cohort assignation ...
2021-03-02 23:09:53,564:INFO:Matching via swls
2021-03-02 23:09:53,565:INFO:Cohort evaluation ...
2021-03-02 23:09:53,598:INFO:Baseline holistic ...
2021-03-02 23:12:01,764:INFO:Baseline pcm ...
2021-03-02 23:12:01,764:INFO:Loading precomputed pcm ...
2021-03-02 23:12:01,920:INFO:########## Finished iteration 78 ##########
2021-03-02 23:12:01,920:INFO:########## Iteration 79 ##########
2021-03-02 23:12:01,920:INFO:Loading datasets ...
2021-03-02 23:12:02,227:INFO:Test users: ['dorn12', 'dorn18']
2021-03-02 23:12:02,227:INFO:Features encoded: ['sex', 'clothing']
2021-03-02 23:12:02,227:INFO:Finding Cohorts ...
2021-03-02 23:12:02,227:INFO:Finding cohorts using: swls
2021-03-02 23:12:02,230:INFO:Training Cohort models ...
2021-03-02 23:14:22,498:INFO:Cohort assignation ...
2021-03-02 23:14:22,498:INFO:Matching via swls
2021-03-02 23:14:22,498:INFO:Cohort evaluation ...
2021-03-02 23:14:22,530:INFO:Baseline holistic ...
2021-03-02 23:16:10,835:INFO:Baseline pcm ...
2021-03-02 23:16:10,835:INFO:Loading precomputed pcm ...
2021-03-02 23:16:10,991:INFO:########## Finished iteration 79 ##########
2021-03-02 23:16:10,991:INFO:########## Iteration 80 ##########
2021-03-02 23:16:10,991:INFO:Loading datasets ...
2021-03-02 23:16:11,287:INFO:Test users: ['dorn9', 'dorn15']
2021-03-02 23:16:11,287:INFO:Features encoded: ['sex', 'clothing']
2021-03-02 23:16:11,287:INFO:Finding Cohorts ...
2021-03-02 23:16:11,288:INFO:Finding cohorts using: swls
2021-03-02 23:16:11,290:INFO:Training Cohort models ...
2021-03-02 23:18:46,346:INFO:Cohort assignation ...
2021-03-02 23:18:46,346:INFO:Matching via swls
2021-03-02 23:18:46,347:INFO:Cohort evaluation ...
2021-03-02 23:18:46,413:INFO:Baseline holistic ...
2021-03-02 23:20:14,437:INFO:Baseline pcm ...
2021-03-02 23:20:14,437:INFO:Loading precomputed pcm ...
2021-03-02 23:20:14,593:INFO:########## Finished iteration 80 ##########
2021-03-02 23:20:14,593:INFO:########## Iteration 81 ##########
2021-03-02 23:20:14,593:INFO:Loading datasets ...
2021-03-02 23:20:14,888:INFO:Test users: ['dorn18', 'dorn7']
2021-03-02 23:20:14,888:INFO:Features encoded: ['sex', 'clothing']
2021-03-02 23:20:14,888:INFO:Finding Cohorts ...
2021-03-02 23:20:14,889:INFO:Finding cohorts using: swls
2021-03-02 23:20:14,892:INFO:Training Cohort models ...
2021-03-02 23:23:03,228:INFO:Cohort assignation ...
2021-03-02 23:23:03,228:INFO:Matching via swls
2021-03-02 23:23:03,229:INFO:Cohort evaluation ...
2021-03-02 23:23:03,311:INFO:Baseline holistic ...
2021-03-02 23:25:08,691:INFO:Baseline pcm ...
2021-03-02 23:25:08,692:INFO:Loading precomputed pcm ...
2021-03-02 23:25:08,848:INFO:########## Finished iteration 81 ##########
2021-03-02 23:25:08,848:INFO:########## Iteration 82 ##########
2021-03-02 23:25:08,848:INFO:Loading datasets ...
2021-03-02 23:25:09,141:INFO:Test users: ['dorn7', 'dorn9']
2021-03-02 23:25:09,141:INFO:Features encoded: ['sex', 'clothing']
2021-03-02 23:25:09,141:INFO:Finding Cohorts ...
2021-03-02 23:25:09,143:INFO:Finding cohorts using: swls
2021-03-02 23:25:09,146:INFO:Training Cohort models ...
2021-03-02 23:27:29,552:INFO:Cohort assignation ...
2021-03-02 23:27:29,552:INFO:Matching via swls
2021-03-02 23:27:29,552:INFO:Cohort evaluation ...
2021-03-02 23:27:29,602:INFO:Baseline holistic ...
2021-03-02 23:29:18,081:INFO:Baseline pcm ...
2021-03-02 23:29:18,081:INFO:Loading precomputed pcm ...
2021-03-02 23:29:18,238:INFO:########## Finished iteration 82 ##########
2021-03-02 23:29:18,238:INFO:########## Iteration 83 ##########
2021-03-02 23:29:18,238:INFO:Loading datasets ...
2021-03-02 23:29:18,531:INFO:Test users: ['dorn9', 'dorn17']
2021-03-02 23:29:18,532:INFO:Features encoded: ['sex', 'clothing']
2021-03-02 23:29:18,532:INFO:Finding Cohorts ...
2021-03-02 23:29:18,533:INFO:Finding cohorts using: swls
2021-03-02 23:29:18,535:INFO:Training Cohort models ...
2021-03-02 23:31:53,792:INFO:Cohort assignation ...
2021-03-02 23:31:53,792:INFO:Matching via swls
2021-03-02 23:31:53,793:INFO:Cohort evaluation ...
2021-03-02 23:31:53,859:INFO:Baseline holistic ...
2021-03-02 23:34:01,201:INFO:Baseline pcm ...
2021-03-02 23:34:01,201:INFO:Loading precomputed pcm ...
2021-03-02 23:34:01,416:INFO:########## Finished iteration 83 ##########
2021-03-02 23:34:01,416:INFO:########## Iteration 84 ##########
2021-03-02 23:34:01,416:INFO:Loading datasets ...
2021-03-02 23:34:01,710:INFO:Test users: ['dorn15', 'dorn7']
2021-03-02 23:34:01,710:INFO:Features encoded: ['sex', 'clothing']
2021-03-02 23:34:01,710:INFO:Finding Cohorts ...
2021-03-02 23:34:01,711:INFO:Finding cohorts using: swls
2021-03-02 23:34:01,714:INFO:Training Cohort models ...
2021-03-02 23:36:34,771:INFO:Cohort assignation ...
2021-03-02 23:36:34,771:INFO:Matching via swls
2021-03-02 23:36:34,771:INFO:Cohort evaluation ...
2021-03-02 23:36:34,804:INFO:Baseline holistic ...
2021-03-02 23:38:21,188:INFO:Baseline pcm ...
2021-03-02 23:38:21,188:INFO:Loading precomputed pcm ...
2021-03-02 23:38:21,343:INFO:########## Finished iteration 84 ##########
2021-03-02 23:38:21,343:INFO:########## Iteration 85 ##########
2021-03-02 23:38:21,343:INFO:Loading datasets ...
2021-03-02 23:38:21,639:INFO:Test users: ['dorn14', 'dorn5']
2021-03-02 23:38:21,640:INFO:Features encoded: ['sex', 'clothing']
2021-03-02 23:38:21,640:INFO:Finding Cohorts ...
2021-03-02 23:38:21,641:INFO:Finding cohorts using: swls
2021-03-02 23:38:21,644:INFO:Training Cohort models ...
2021-03-02 23:41:13,103:INFO:Cohort assignation ...
2021-03-02 23:41:13,103:INFO:Matching via swls
2021-03-02 23:41:13,103:INFO:Cohort evaluation ...
2021-03-02 23:41:13,171:INFO:Baseline holistic ...
2021-03-02 23:42:43,270:INFO:Baseline pcm ...
2021-03-02 23:42:43,271:INFO:Loading precomputed pcm ...
2021-03-02 23:42:43,429:INFO:########## Finished iteration 85 ##########
2021-03-02 23:42:43,429:INFO:########## Iteration 86 ##########
2021-03-02 23:42:43,430:INFO:Loading datasets ...
2021-03-02 23:42:43,725:INFO:Test users: ['dorn7', 'dorn17']
2021-03-02 23:42:43,726:INFO:Features encoded: ['sex', 'clothing']
2021-03-02 23:42:43,726:INFO:Finding Cohorts ...
2021-03-02 23:42:43,727:INFO:Finding cohorts using: swls
2021-03-02 23:42:43,730:INFO:Training Cohort models ...
2021-03-02 23:45:03,352:INFO:Cohort assignation ...
2021-03-02 23:45:03,352:INFO:Matching via swls
2021-03-02 23:45:03,352:INFO:Cohort evaluation ...
2021-03-02 23:45:03,385:INFO:Baseline holistic ...
2021-03-02 23:46:50,990:INFO:Baseline pcm ...
2021-03-02 23:46:50,991:INFO:Loading precomputed pcm ...
2021-03-02 23:46:51,145:INFO:########## Finished iteration 86 ##########
2021-03-02 23:46:51,145:INFO:########## Iteration 87 ##########
2021-03-02 23:46:51,145:INFO:Loading datasets ...
2021-03-02 23:46:51,443:INFO:Test users: ['dorn6', 'dorn20']
2021-03-02 23:46:51,443:INFO:Features encoded: ['sex', 'clothing']
2021-03-02 23:46:51,443:INFO:Finding Cohorts ...
2021-03-02 23:46:51,444:INFO:Finding cohorts using: swls
2021-03-02 23:46:51,446:INFO:Training Cohort models ...
2021-03-02 23:49:10,961:INFO:Cohort assignation ...
2021-03-02 23:49:10,961:INFO:Matching via swls
2021-03-02 23:49:10,961:INFO:Cohort evaluation ...
2021-03-02 23:49:11,025:INFO:Baseline holistic ...
2021-03-02 23:50:39,202:INFO:Baseline pcm ...
2021-03-02 23:50:39,202:INFO:Loading precomputed pcm ...
2021-03-02 23:50:39,356:INFO:########## Finished iteration 87 ##########
2021-03-02 23:50:39,356:INFO:########## Iteration 88 ##########
2021-03-02 23:50:39,356:INFO:Loading datasets ...
2021-03-02 23:50:39,653:INFO:Test users: ['dorn7', 'dorn14']
2021-03-02 23:50:39,654:INFO:Features encoded: ['sex', 'clothing']
2021-03-02 23:50:39,654:INFO:Finding Cohorts ...
2021-03-02 23:50:39,654:INFO:Finding cohorts using: swls
2021-03-02 23:50:39,657:INFO:Training Cohort models ...
2021-03-02 23:53:33,556:INFO:Cohort assignation ...
2021-03-02 23:53:33,556:INFO:Matching via swls
2021-03-02 23:53:33,557:INFO:Cohort evaluation ...
2021-03-02 23:53:33,659:INFO:Baseline holistic ...
2021-03-02 23:55:41,972:INFO:Baseline pcm ...
2021-03-02 23:55:41,972:INFO:Loading precomputed pcm ...
2021-03-02 23:55:42,126:INFO:########## Finished iteration 88 ##########
2021-03-02 23:55:42,126:INFO:########## Iteration 89 ##########
2021-03-02 23:55:42,126:INFO:Loading datasets ...
2021-03-02 23:55:42,423:INFO:Test users: ['dorn12', 'dorn17']
2021-03-02 23:55:42,423:INFO:Features encoded: ['sex', 'clothing']
2021-03-02 23:55:42,423:INFO:Finding Cohorts ...
2021-03-02 23:55:42,425:INFO:Finding cohorts using: swls
2021-03-02 23:55:42,428:INFO:Training Cohort models ...
2021-03-02 23:58:17,418:INFO:Cohort assignation ...
2021-03-02 23:58:17,419:INFO:Matching via swls
2021-03-02 23:58:17,419:INFO:Cohort evaluation ...
2021-03-02 23:58:17,484:INFO:Baseline holistic ...
2021-03-02 23:59:47,123:INFO:Baseline pcm ...
2021-03-02 23:59:47,123:INFO:Loading precomputed pcm ...
2021-03-02 23:59:47,278:INFO:########## Finished iteration 89 ##########
2021-03-02 23:59:47,278:INFO:########## Iteration 90 ##########
2021-03-02 23:59:47,278:INFO:Loading datasets ...
2021-03-02 23:59:47,571:INFO:Test users: ['dorn20', 'dorn17']
2021-03-02 23:59:47,572:INFO:Features encoded: ['sex', 'clothing']
2021-03-02 23:59:47,572:INFO:Finding Cohorts ...
2021-03-02 23:59:47,573:INFO:Finding cohorts using: swls
2021-03-02 23:59:47,575:INFO:Training Cohort models ...
2021-03-03 00:01:53,340:INFO:Cohort assignation ...
2021-03-03 00:01:53,340:INFO:Matching via swls
2021-03-03 00:01:53,341:INFO:Cohort evaluation ...
2021-03-03 00:01:53,372:INFO:Baseline holistic ...
2021-03-03 00:04:00,415:INFO:Baseline pcm ...
2021-03-03 00:04:00,415:INFO:Loading precomputed pcm ...
2021-03-03 00:04:00,572:INFO:########## Finished iteration 90 ##########
2021-03-03 00:04:00,572:INFO:########## Iteration 91 ##########
2021-03-03 00:04:00,572:INFO:Loading datasets ...
2021-03-03 00:04:00,871:INFO:Test users: ['dorn20', 'dorn9']
2021-03-03 00:04:00,871:INFO:Features encoded: ['sex', 'clothing']
2021-03-03 00:04:00,872:INFO:Finding Cohorts ...
2021-03-03 00:04:00,872:INFO:Finding cohorts using: swls
2021-03-03 00:04:00,874:INFO:Training Cohort models ...
2021-03-03 00:06:50,448:INFO:Cohort assignation ...
2021-03-03 00:06:50,448:INFO:Matching via swls
2021-03-03 00:06:50,449:INFO:Cohort evaluation ...
2021-03-03 00:06:50,547:INFO:Baseline holistic ...
2021-03-03 00:08:58,114:INFO:Baseline pcm ...
2021-03-03 00:08:58,114:INFO:Loading precomputed pcm ...
2021-03-03 00:08:58,271:INFO:########## Finished iteration 91 ##########
2021-03-03 00:08:58,271:INFO:########## Iteration 92 ##########
2021-03-03 00:08:58,271:INFO:Loading datasets ...
2021-03-03 00:08:58,562:INFO:Test users: ['dorn18', 'dorn9']
2021-03-03 00:08:58,562:INFO:Features encoded: ['sex', 'clothing']
2021-03-03 00:08:58,562:INFO:Finding Cohorts ...
2021-03-03 00:08:58,563:INFO:Finding cohorts using: swls
2021-03-03 00:08:58,567:INFO:Training Cohort models ...
2021-03-03 00:11:48,633:INFO:Cohort assignation ...
2021-03-03 00:11:48,633:INFO:Matching via swls
2021-03-03 00:11:48,633:INFO:Cohort evaluation ...
2021-03-03 00:11:48,757:INFO:Baseline holistic ...
2021-03-03 00:13:37,169:INFO:Baseline pcm ...
2021-03-03 00:13:37,169:INFO:Loading precomputed pcm ...
2021-03-03 00:13:37,387:INFO:########## Finished iteration 92 ##########
2021-03-03 00:13:37,388:INFO:########## Iteration 93 ##########
2021-03-03 00:13:37,388:INFO:Loading datasets ...
2021-03-03 00:13:37,683:INFO:Test users: ['dorn14', 'dorn17']
2021-03-03 00:13:37,683:INFO:Features encoded: ['sex', 'clothing']
2021-03-03 00:13:37,684:INFO:Finding Cohorts ...
2021-03-03 00:13:37,685:INFO:Finding cohorts using: swls
2021-03-03 00:13:37,688:INFO:Training Cohort models ...
2021-03-03 00:15:59,786:INFO:Cohort assignation ...
2021-03-03 00:15:59,787:INFO:Matching via swls
2021-03-03 00:15:59,787:INFO:Cohort evaluation ...
2021-03-03 00:15:59,820:INFO:Baseline holistic ...
2021-03-03 00:18:08,253:INFO:Baseline pcm ...
2021-03-03 00:18:08,253:INFO:Loading precomputed pcm ...
2021-03-03 00:18:08,409:INFO:########## Finished iteration 93 ##########
2021-03-03 00:18:08,409:INFO:########## Iteration 94 ##########
2021-03-03 00:18:08,409:INFO:Loading datasets ...
2021-03-03 00:18:08,702:INFO:Test users: ['dorn7', 'dorn12']
2021-03-03 00:18:08,703:INFO:Features encoded: ['sex', 'clothing']
2021-03-03 00:18:08,703:INFO:Finding Cohorts ...
2021-03-03 00:18:08,704:INFO:Finding cohorts using: swls
2021-03-03 00:18:08,706:INFO:Training Cohort models ...
2021-03-03 00:20:42,791:INFO:Cohort assignation ...
2021-03-03 00:20:42,792:INFO:Matching via swls
2021-03-03 00:20:42,792:INFO:Cohort evaluation ...
2021-03-03 00:20:42,859:INFO:Baseline holistic ...
2021-03-03 00:22:10,900:INFO:Baseline pcm ...
2021-03-03 00:22:10,900:INFO:Loading precomputed pcm ...
2021-03-03 00:22:11,056:INFO:########## Finished iteration 94 ##########
2021-03-03 00:22:11,056:INFO:########## Iteration 95 ##########
2021-03-03 00:22:11,056:INFO:Loading datasets ...
2021-03-03 00:22:11,351:INFO:Test users: ['dorn5', 'dorn9']
2021-03-03 00:22:11,351:INFO:Features encoded: ['sex', 'clothing']
2021-03-03 00:22:11,351:INFO:Finding Cohorts ...
2021-03-03 00:22:11,352:INFO:Finding cohorts using: swls
2021-03-03 00:22:11,355:INFO:Training Cohort models ...
2021-03-03 00:25:00,890:INFO:Cohort assignation ...
2021-03-03 00:25:00,890:INFO:Matching via swls
2021-03-03 00:25:00,891:INFO:Cohort evaluation ...
2021-03-03 00:25:00,973:INFO:Baseline holistic ...
2021-03-03 00:26:29,581:INFO:Baseline pcm ...
2021-03-03 00:26:29,581:INFO:Loading precomputed pcm ...
2021-03-03 00:26:29,737:INFO:########## Finished iteration 95 ##########
2021-03-03 00:26:29,737:INFO:########## Iteration 96 ##########
2021-03-03 00:26:29,737:INFO:Loading datasets ...
2021-03-03 00:26:30,031:INFO:Test users: ['dorn7', 'dorn6']
2021-03-03 00:26:30,031:INFO:Features encoded: ['sex', 'clothing']
2021-03-03 00:26:30,031:INFO:Finding Cohorts ...
2021-03-03 00:26:30,033:INFO:Finding cohorts using: swls
2021-03-03 00:26:30,036:INFO:Training Cohort models ...
2021-03-03 00:29:04,437:INFO:Cohort assignation ...
2021-03-03 00:29:04,438:INFO:Matching via swls
2021-03-03 00:29:04,438:INFO:Cohort evaluation ...
2021-03-03 00:29:04,509:INFO:Baseline holistic ...
2021-03-03 00:31:10,257:INFO:Baseline pcm ...
2021-03-03 00:31:10,257:INFO:Loading precomputed pcm ...
2021-03-03 00:31:10,472:INFO:########## Finished iteration 96 ##########
2021-03-03 00:31:10,472:INFO:########## Iteration 97 ##########
2021-03-03 00:31:10,472:INFO:Loading datasets ...
2021-03-03 00:31:10,765:INFO:Test users: ['dorn6', 'dorn18']
2021-03-03 00:31:10,765:INFO:Features encoded: ['sex', 'clothing']
2021-03-03 00:31:10,766:INFO:Finding Cohorts ...
2021-03-03 00:31:10,767:INFO:Finding cohorts using: swls
2021-03-03 00:31:10,769:INFO:Training Cohort models ...
2021-03-03 00:33:30,194:INFO:Cohort assignation ...
2021-03-03 00:33:30,194:INFO:Matching via swls
2021-03-03 00:33:30,195:INFO:Cohort evaluation ...
2021-03-03 00:33:30,227:INFO:Baseline holistic ...
2021-03-03 00:35:16,646:INFO:Baseline pcm ...
2021-03-03 00:35:16,647:INFO:Loading precomputed pcm ...
2021-03-03 00:35:16,807:INFO:########## Finished iteration 97 ##########
2021-03-03 00:35:16,807:INFO:########## Iteration 98 ##########
2021-03-03 00:35:16,807:INFO:Loading datasets ...
2021-03-03 00:35:17,102:INFO:Test users: ['dorn17', 'dorn6']
2021-03-03 00:35:17,102:INFO:Features encoded: ['sex', 'clothing']
2021-03-03 00:35:17,102:INFO:Finding Cohorts ...
2021-03-03 00:35:17,103:INFO:Finding cohorts using: swls
2021-03-03 00:35:17,106:INFO:Training Cohort models ...
2021-03-03 00:37:51,201:INFO:Cohort assignation ...
2021-03-03 00:37:51,201:INFO:Matching via swls
2021-03-03 00:37:51,201:INFO:Cohort evaluation ...
2021-03-03 00:37:51,267:INFO:Baseline holistic ...
2021-03-03 00:39:55,019:INFO:Baseline pcm ...
2021-03-03 00:39:55,019:INFO:Loading precomputed pcm ...
2021-03-03 00:39:55,227:INFO:########## Finished iteration 98 ##########
2021-03-03 00:39:55,227:INFO:########## Iteration 99 ##########
2021-03-03 00:39:55,227:INFO:Loading datasets ...
2021-03-03 00:39:55,509:INFO:Test users: ['dorn15', 'dorn14']
2021-03-03 00:39:55,509:INFO:Features encoded: ['sex', 'clothing']
2021-03-03 00:39:55,509:INFO:Finding Cohorts ...
2021-03-03 00:39:55,510:INFO:Finding cohorts using: swls
2021-03-03 00:39:55,513:INFO:Training Cohort models ...
2021-03-03 00:42:28,571:INFO:Cohort assignation ...
2021-03-03 00:42:28,571:INFO:Matching via swls
2021-03-03 00:42:28,571:INFO:Cohort evaluation ...
2021-03-03 00:42:28,637:INFO:Baseline holistic ...
2021-03-03 00:44:14,345:INFO:Baseline pcm ...
2021-03-03 00:44:14,345:INFO:Loading precomputed pcm ...
2021-03-03 00:44:14,496:INFO:########## Finished iteration 99 ##########
