2021-03-30 17:18:38,035:INFO:########## Iteration 0 ##########
2021-03-30 17:18:38,035:INFO:Loading datasets ...
2021-03-30 17:18:38,066:WARNING:
DeepCTR-PyTorch version 0.2.5 detected. Your version is 0.2.3.
Use `pip install -U deepctr-torch` to upgrade.Changelog: https://github.com/shenweichen/DeepCTR-Torch/releases/tag/v0.2.5
2021-03-30 17:18:38,942:INFO:Test users: ['smc48', 'smc50', 'smc21', 'smc28', 'smc47', 'smc34', 'smc36']
2021-03-30 17:18:38,942:INFO:Features encoded: ['sex', 'SKC']
2021-03-30 17:18:38,942:INFO:Finding Cohorts ...
2021-03-30 17:18:38,942:INFO:Finding cohorts using: sex
2021-03-30 17:18:38,945:INFO:Training Cohort models ...
2021-03-30 17:22:56,783:INFO:Cohort assignation ...
2021-03-30 17:22:56,783:INFO:Matching via sex
2021-03-30 17:22:56,784:INFO:Cohort evaluation ...
2021-03-30 17:22:57,081:INFO:Baseline holistic ...
2021-03-30 17:25:28,176:INFO:Baseline pcm ...
2021-03-30 17:25:28,176:INFO:Loading precomputed pcm ...
2021-03-30 17:25:28,307:INFO:########## Finished iteration 0 ##########
2021-03-30 17:25:28,307:INFO:########## Iteration 1 ##########
2021-03-30 17:25:28,307:INFO:Loading datasets ...
2021-03-30 17:25:28,711:INFO:Test users: ['smc11', 'smc28', 'smc2', 'smc27', 'smc5', 'smc51', 'smc21']
2021-03-30 17:25:28,711:INFO:Features encoded: ['sex', 'SKC']
2021-03-30 17:25:28,711:INFO:Finding Cohorts ...
2021-03-30 17:25:28,712:INFO:Finding cohorts using: sex
2021-03-30 17:25:28,714:INFO:Training Cohort models ...
2021-03-30 17:29:25,579:INFO:Cohort assignation ...
2021-03-30 17:29:25,579:INFO:Matching via sex
2021-03-30 17:29:25,581:INFO:Cohort evaluation ...
2021-03-30 17:29:25,875:INFO:Baseline holistic ...
2021-03-30 17:31:26,985:INFO:Baseline pcm ...
2021-03-30 17:31:26,985:INFO:Loading precomputed pcm ...
2021-03-30 17:31:27,183:INFO:########## Finished iteration 1 ##########
2021-03-30 17:31:27,183:INFO:########## Iteration 2 ##########
2021-03-30 17:31:27,183:INFO:Loading datasets ...
2021-03-30 17:31:27,582:INFO:Test users: ['smc9', 'smc50', 'smc26', 'smc48', 'smc20', 'smc46', 'smc47']
2021-03-30 17:31:27,582:INFO:Features encoded: ['sex', 'SKC']
2021-03-30 17:31:27,582:INFO:Finding Cohorts ...
2021-03-30 17:31:27,583:INFO:Finding cohorts using: sex
2021-03-30 17:31:27,585:INFO:Training Cohort models ...
2021-03-30 17:34:58,854:INFO:Cohort assignation ...
2021-03-30 17:34:58,854:INFO:Matching via sex
2021-03-30 17:34:58,855:INFO:Cohort evaluation ...
2021-03-30 17:34:59,071:INFO:Baseline holistic ...
2021-03-30 17:37:19,627:INFO:Baseline pcm ...
2021-03-30 17:37:19,627:INFO:Loading precomputed pcm ...
2021-03-30 17:37:19,763:INFO:########## Finished iteration 2 ##########
2021-03-30 17:37:19,763:INFO:########## Iteration 3 ##########
2021-03-30 17:37:19,763:INFO:Loading datasets ...
2021-03-30 17:37:20,168:INFO:Test users: ['smc23', 'smc48', 'smc20', 'smc47', 'smc5', 'smc36', 'smc46']
2021-03-30 17:37:20,168:INFO:Features encoded: ['sex', 'SKC']
2021-03-30 17:37:20,168:INFO:Finding Cohorts ...
2021-03-30 17:37:20,169:INFO:Finding cohorts using: sex
2021-03-30 17:37:20,171:INFO:Training Cohort models ...
2021-03-30 17:40:09,415:INFO:Cohort assignation ...
2021-03-30 17:40:09,415:INFO:Matching via sex
2021-03-30 17:40:09,417:INFO:Cohort evaluation ...
2021-03-30 17:40:09,542:INFO:Baseline holistic ...
2021-03-30 17:42:41,476:INFO:Baseline pcm ...
2021-03-30 17:42:41,476:INFO:Loading precomputed pcm ...
2021-03-30 17:42:41,612:INFO:########## Finished iteration 3 ##########
2021-03-30 17:42:41,612:INFO:########## Iteration 4 ##########
2021-03-30 17:42:41,612:INFO:Loading datasets ...
2021-03-30 17:42:42,018:INFO:Test users: ['smc31', 'smc23', 'smc9', 'smc27', 'smc10', 'smc21', 'smc22']
2021-03-30 17:42:42,018:INFO:Features encoded: ['sex', 'SKC']
2021-03-30 17:42:42,018:INFO:Finding Cohorts ...
2021-03-30 17:42:42,019:INFO:Finding cohorts using: sex
2021-03-30 17:42:42,021:INFO:Training Cohort models ...
2021-03-30 17:46:05,828:INFO:Cohort assignation ...
2021-03-30 17:46:05,828:INFO:Matching via sex
2021-03-30 17:46:05,829:INFO:Cohort evaluation ...
2021-03-30 17:46:06,016:INFO:Baseline holistic ...
2021-03-30 17:48:20,111:INFO:Baseline pcm ...
2021-03-30 17:48:20,111:INFO:Loading precomputed pcm ...
2021-03-30 17:48:20,247:INFO:########## Finished iteration 4 ##########
2021-03-30 17:48:20,248:INFO:########## Iteration 5 ##########
2021-03-30 17:48:20,248:INFO:Loading datasets ...
2021-03-30 17:48:20,662:INFO:Test users: ['smc10', 'smc38', 'smc28', 'smc29', 'smc11', 'smc8', 'smc25']
2021-03-30 17:48:20,669:INFO:Features encoded: ['sex', 'SKC']
2021-03-30 17:48:20,669:INFO:Finding Cohorts ...
2021-03-30 17:48:20,670:INFO:Finding cohorts using: sex
2021-03-30 17:48:20,672:INFO:Training Cohort models ...
2021-03-30 17:51:05,962:INFO:Cohort assignation ...
2021-03-30 17:51:05,962:INFO:Matching via sex
2021-03-30 17:51:05,963:INFO:Cohort evaluation ...
2021-03-30 17:51:06,147:INFO:Baseline holistic ...
2021-03-30 17:53:44,715:INFO:Baseline pcm ...
2021-03-30 17:53:44,715:INFO:Loading precomputed pcm ...
2021-03-30 17:53:44,847:INFO:########## Finished iteration 5 ##########
2021-03-30 17:53:44,847:INFO:########## Iteration 6 ##########
2021-03-30 17:53:44,847:INFO:Loading datasets ...
2021-03-30 17:53:45,238:INFO:Test users: ['smc51', 'smc21', 'smc46', 'smc48', 'smc28', 'smc33', 'smc20']
2021-03-30 17:53:45,238:INFO:Features encoded: ['sex', 'SKC']
2021-03-30 17:53:45,238:INFO:Finding Cohorts ...
2021-03-30 17:53:45,239:INFO:Finding cohorts using: sex
2021-03-30 17:53:45,241:INFO:Training Cohort models ...
2021-03-30 17:56:10,655:INFO:Cohort assignation ...
2021-03-30 17:56:10,655:INFO:Matching via sex
2021-03-30 17:56:10,656:INFO:Cohort evaluation ...
2021-03-30 17:56:10,758:INFO:Baseline holistic ...
2021-03-30 17:58:01,311:INFO:Baseline pcm ...
2021-03-30 17:58:01,311:INFO:Loading precomputed pcm ...
2021-03-30 17:58:01,444:INFO:########## Finished iteration 6 ##########
2021-03-30 17:58:01,444:INFO:########## Iteration 7 ##########
2021-03-30 17:58:01,444:INFO:Loading datasets ...
2021-03-30 17:58:01,836:INFO:Test users: ['smc22', 'smc27', 'smc29', 'smc1', 'smc44', 'smc51', 'smc5']
2021-03-30 17:58:01,836:INFO:Features encoded: ['sex', 'SKC']
2021-03-30 17:58:01,836:INFO:Finding Cohorts ...
2021-03-30 17:58:01,837:INFO:Finding cohorts using: sex
2021-03-30 17:58:01,839:INFO:Training Cohort models ...
2021-03-30 18:01:02,412:INFO:Cohort assignation ...
2021-03-30 18:01:02,412:INFO:Matching via sex
2021-03-30 18:01:02,413:INFO:Cohort evaluation ...
2021-03-30 18:01:02,623:INFO:Baseline holistic ...
2021-03-30 18:02:52,993:INFO:Baseline pcm ...
2021-03-30 18:02:52,993:INFO:Loading precomputed pcm ...
2021-03-30 18:02:53,125:INFO:########## Finished iteration 7 ##########
2021-03-30 18:02:53,125:INFO:########## Iteration 8 ##########
2021-03-30 18:02:53,125:INFO:Loading datasets ...
2021-03-30 18:02:53,518:INFO:Test users: ['smc11', 'smc25', 'smc2', 'smc31', 'smc44', 'smc9', 'smc27']
2021-03-30 18:02:53,518:INFO:Features encoded: ['sex', 'SKC']
2021-03-30 18:02:53,518:INFO:Finding Cohorts ...
2021-03-30 18:02:53,519:INFO:Finding cohorts using: sex
2021-03-30 18:02:53,521:INFO:Training Cohort models ...
2021-03-30 18:05:52,042:INFO:Cohort assignation ...
2021-03-30 18:05:52,042:INFO:Matching via sex
2021-03-30 18:05:52,043:INFO:Cohort evaluation ...
2021-03-30 18:05:52,226:INFO:Baseline holistic ...
2021-03-30 18:07:42,843:INFO:Baseline pcm ...
2021-03-30 18:07:42,843:INFO:Loading precomputed pcm ...
2021-03-30 18:07:42,975:INFO:########## Finished iteration 8 ##########
2021-03-30 18:07:42,975:INFO:########## Iteration 9 ##########
2021-03-30 18:07:42,975:INFO:Loading datasets ...
2021-03-30 18:07:43,364:INFO:Test users: ['smc28', 'smc10', 'smc47', 'smc30', 'smc29', 'smc33', 'smc8']
2021-03-30 18:07:43,364:INFO:Features encoded: ['sex', 'SKC']
2021-03-30 18:07:43,364:INFO:Finding Cohorts ...
2021-03-30 18:07:43,365:INFO:Finding cohorts using: sex
2021-03-30 18:07:43,367:INFO:Training Cohort models ...
2021-03-30 18:10:43,725:INFO:Cohort assignation ...
2021-03-30 18:10:43,725:INFO:Matching via sex
2021-03-30 18:10:43,726:INFO:Cohort evaluation ...
2021-03-30 18:10:43,854:INFO:Baseline holistic ...
2021-03-30 18:12:57,785:INFO:Baseline pcm ...
2021-03-30 18:12:57,785:INFO:Loading precomputed pcm ...
2021-03-30 18:12:57,917:INFO:########## Finished iteration 9 ##########
2021-03-30 18:12:57,918:INFO:########## Iteration 10 ##########
2021-03-30 18:12:57,918:INFO:Loading datasets ...
2021-03-30 18:12:58,308:INFO:Test users: ['smc47', 'smc36', 'smc25', 'smc23', 'smc8', 'smc21', 'smc45']
2021-03-30 18:12:58,308:INFO:Features encoded: ['sex', 'SKC']
2021-03-30 18:12:58,308:INFO:Finding Cohorts ...
2021-03-30 18:12:58,309:INFO:Finding cohorts using: sex
2021-03-30 18:12:58,311:INFO:Training Cohort models ...
2021-03-30 18:15:39,463:INFO:Cohort assignation ...
2021-03-30 18:15:39,463:INFO:Matching via sex
2021-03-30 18:15:39,464:INFO:Cohort evaluation ...
2021-03-30 18:15:39,618:INFO:Baseline holistic ...
2021-03-30 18:18:16,633:INFO:Baseline pcm ...
2021-03-30 18:18:16,633:INFO:Loading precomputed pcm ...
2021-03-30 18:18:16,764:INFO:########## Finished iteration 10 ##########
2021-03-30 18:18:16,764:INFO:########## Iteration 11 ##########
2021-03-30 18:18:16,764:INFO:Loading datasets ...
2021-03-30 18:18:17,157:INFO:Test users: ['smc25', 'smc27', 'smc36', 'smc40', 'smc30', 'smc34', 'smc45']
2021-03-30 18:18:17,157:INFO:Features encoded: ['sex', 'SKC']
2021-03-30 18:18:17,157:INFO:Finding Cohorts ...
2021-03-30 18:18:17,158:INFO:Finding cohorts using: sex
2021-03-30 18:18:17,160:INFO:Training Cohort models ...
2021-03-30 18:20:56,066:INFO:Cohort assignation ...
2021-03-30 18:20:56,066:INFO:Matching via sex
2021-03-30 18:20:56,067:INFO:Cohort evaluation ...
2021-03-30 18:20:56,261:INFO:Baseline holistic ...
2021-03-30 18:23:32,342:INFO:Baseline pcm ...
2021-03-30 18:23:32,342:INFO:Loading precomputed pcm ...
2021-03-30 18:23:32,473:INFO:########## Finished iteration 11 ##########
2021-03-30 18:23:32,473:INFO:########## Iteration 12 ##########
2021-03-30 18:23:32,473:INFO:Loading datasets ...
2021-03-30 18:23:32,867:INFO:Test users: ['smc29', 'smc40', 'smc6', 'smc27', 'smc30', 'smc45', 'smc20']
2021-03-30 18:23:32,867:INFO:Features encoded: ['sex', 'SKC']
2021-03-30 18:23:32,867:INFO:Finding Cohorts ...
2021-03-30 18:23:32,868:INFO:Finding cohorts using: sex
2021-03-30 18:23:32,870:INFO:Training Cohort models ...
2021-03-30 18:26:54,230:INFO:Cohort assignation ...
2021-03-30 18:26:54,230:INFO:Matching via sex
2021-03-30 18:26:54,231:INFO:Cohort evaluation ...
2021-03-30 18:26:54,459:INFO:Baseline holistic ...
2021-03-30 18:29:56,007:INFO:Baseline pcm ...
2021-03-30 18:29:56,008:INFO:Loading precomputed pcm ...
2021-03-30 18:29:56,201:INFO:########## Finished iteration 12 ##########
2021-03-30 18:29:56,201:INFO:########## Iteration 13 ##########
2021-03-30 18:29:56,201:INFO:Loading datasets ...
2021-03-30 18:29:56,591:INFO:Test users: ['smc2', 'smc20', 'smc11', 'smc10', 'smc45', 'smc35', 'smc38']
2021-03-30 18:29:56,592:INFO:Features encoded: ['sex', 'SKC']
2021-03-30 18:29:56,592:INFO:Finding Cohorts ...
2021-03-30 18:29:56,593:INFO:Finding cohorts using: sex
2021-03-30 18:29:56,595:INFO:Training Cohort models ...
2021-03-30 18:32:41,630:INFO:Cohort assignation ...
2021-03-30 18:32:41,630:INFO:Matching via sex
2021-03-30 18:32:41,632:INFO:Cohort evaluation ...
2021-03-30 18:32:41,837:INFO:Baseline holistic ...
2021-03-30 18:35:06,334:INFO:Baseline pcm ...
2021-03-30 18:35:06,335:INFO:Loading precomputed pcm ...
2021-03-30 18:35:06,547:INFO:########## Finished iteration 13 ##########
2021-03-30 18:35:06,547:INFO:########## Iteration 14 ##########
2021-03-30 18:35:06,548:INFO:Loading datasets ...
2021-03-30 18:35:07,444:INFO:Test users: ['smc48', 'smc33', 'smc51', 'smc29', 'smc8', 'smc44', 'smc25']
2021-03-30 18:35:07,445:INFO:Features encoded: ['sex', 'SKC']
2021-03-30 18:35:07,445:INFO:Finding Cohorts ...
2021-03-30 18:35:07,446:INFO:Finding cohorts using: sex
2021-03-30 18:35:07,451:INFO:Training Cohort models ...
2021-03-30 18:38:30,463:INFO:Cohort assignation ...
2021-03-30 18:38:30,463:INFO:Matching via sex
2021-03-30 18:38:30,464:INFO:Cohort evaluation ...
2021-03-30 18:38:30,623:INFO:Baseline holistic ...
2021-03-30 18:41:41,533:INFO:Baseline pcm ...
2021-03-30 18:41:41,533:INFO:Loading precomputed pcm ...
2021-03-30 18:41:41,744:INFO:########## Finished iteration 14 ##########
2021-03-30 18:41:41,744:INFO:########## Iteration 15 ##########
2021-03-30 18:41:41,744:INFO:Loading datasets ...
2021-03-30 18:41:42,613:INFO:Test users: ['smc20', 'smc10', 'smc26', 'smc44', 'smc43', 'smc5', 'smc25']
2021-03-30 18:41:42,613:INFO:Features encoded: ['sex', 'SKC']
2021-03-30 18:41:42,613:INFO:Finding Cohorts ...
2021-03-30 18:41:42,615:INFO:Finding cohorts using: sex
2021-03-30 18:41:42,620:INFO:Training Cohort models ...
2021-03-30 18:44:48,773:INFO:Cohort assignation ...
2021-03-30 18:44:48,773:INFO:Matching via sex
2021-03-30 18:44:48,774:INFO:Cohort evaluation ...
2021-03-30 18:44:48,956:INFO:Baseline holistic ...
2021-03-30 18:47:04,590:INFO:Baseline pcm ...
2021-03-30 18:47:04,590:INFO:Loading precomputed pcm ...
2021-03-30 18:47:04,723:INFO:########## Finished iteration 15 ##########
2021-03-30 18:47:04,723:INFO:########## Iteration 16 ##########
2021-03-30 18:47:04,723:INFO:Loading datasets ...
2021-03-30 18:47:05,117:INFO:Test users: ['smc23', 'smc43', 'smc48', 'smc9', 'smc36', 'smc46', 'smc22']
2021-03-30 18:47:05,117:INFO:Features encoded: ['sex', 'SKC']
2021-03-30 18:47:05,123:INFO:Finding Cohorts ...
2021-03-30 18:47:05,124:INFO:Finding cohorts using: sex
2021-03-30 18:47:05,126:INFO:Training Cohort models ...
2021-03-30 18:50:46,928:INFO:Cohort assignation ...
2021-03-30 18:50:46,928:INFO:Matching via sex
2021-03-30 18:50:46,930:INFO:Cohort evaluation ...
2021-03-30 18:50:47,203:INFO:Baseline holistic ...
2021-03-30 18:53:10,751:INFO:Baseline pcm ...
2021-03-30 18:53:10,751:INFO:Loading precomputed pcm ...
2021-03-30 18:53:10,951:INFO:########## Finished iteration 16 ##########
2021-03-30 18:53:10,951:INFO:########## Iteration 17 ##########
2021-03-30 18:53:10,951:INFO:Loading datasets ...
2021-03-30 18:53:11,350:INFO:Test users: ['smc43', 'smc11', 'smc50', 'smc6', 'smc33', 'smc31', 'smc9']
2021-03-30 18:53:11,350:INFO:Features encoded: ['sex', 'SKC']
2021-03-30 18:53:11,350:INFO:Finding Cohorts ...
2021-03-30 18:53:11,351:INFO:Finding cohorts using: sex
2021-03-30 18:53:11,353:INFO:Training Cohort models ...
2021-03-30 18:56:39,331:INFO:Cohort assignation ...
2021-03-30 18:56:39,331:INFO:Matching via sex
2021-03-30 18:56:39,334:INFO:Cohort evaluation ...
2021-03-30 18:56:39,563:INFO:Baseline holistic ...
2021-03-30 18:58:39,543:INFO:Baseline pcm ...
2021-03-30 18:58:39,543:INFO:Loading precomputed pcm ...
2021-03-30 18:58:39,678:INFO:########## Finished iteration 17 ##########
2021-03-30 18:58:39,678:INFO:########## Iteration 18 ##########
2021-03-30 18:58:39,678:INFO:Loading datasets ...
2021-03-30 18:58:40,089:INFO:Test users: ['smc22', 'smc36', 'smc44', 'smc50', 'smc20', 'smc28', 'smc43']
2021-03-30 18:58:40,089:INFO:Features encoded: ['sex', 'SKC']
2021-03-30 18:58:40,089:INFO:Finding Cohorts ...
2021-03-30 18:58:40,090:INFO:Finding cohorts using: sex
2021-03-30 18:58:40,092:INFO:Training Cohort models ...
2021-03-30 19:01:59,628:INFO:Cohort assignation ...
2021-03-30 19:01:59,628:INFO:Matching via sex
2021-03-30 19:01:59,629:INFO:Cohort evaluation ...
2021-03-30 19:01:59,863:INFO:Baseline holistic ...
2021-03-30 19:04:13,278:INFO:Baseline pcm ...
2021-03-30 19:04:13,278:INFO:Loading precomputed pcm ...
2021-03-30 19:04:13,408:INFO:########## Finished iteration 18 ##########
2021-03-30 19:04:13,408:INFO:########## Iteration 19 ##########
2021-03-30 19:04:13,408:INFO:Loading datasets ...
2021-03-30 19:04:13,801:INFO:Test users: ['smc11', 'smc27', 'smc45', 'smc25', 'smc26', 'smc48', 'smc38']
2021-03-30 19:04:13,801:INFO:Features encoded: ['sex', 'SKC']
2021-03-30 19:04:13,801:INFO:Finding Cohorts ...
2021-03-30 19:04:13,802:INFO:Finding cohorts using: sex
2021-03-30 19:04:13,805:INFO:Training Cohort models ...
2021-03-30 19:06:37,667:INFO:Cohort assignation ...
2021-03-30 19:06:37,667:INFO:Matching via sex
2021-03-30 19:06:37,668:INFO:Cohort evaluation ...
2021-03-30 19:06:37,769:INFO:Baseline holistic ...
2021-03-30 19:09:14,120:INFO:Baseline pcm ...
2021-03-30 19:09:14,120:INFO:Loading precomputed pcm ...
2021-03-30 19:09:14,252:INFO:########## Finished iteration 19 ##########
2021-03-30 19:09:14,252:INFO:########## Iteration 20 ##########
2021-03-30 19:09:14,252:INFO:Loading datasets ...
2021-03-30 19:09:14,639:INFO:Test users: ['smc20', 'smc36', 'smc31', 'smc25', 'smc47', 'smc1', 'smc35']
2021-03-30 19:09:14,639:INFO:Features encoded: ['sex', 'SKC']
2021-03-30 19:09:14,639:INFO:Finding Cohorts ...
2021-03-30 19:09:14,640:INFO:Finding cohorts using: sex
2021-03-30 19:09:14,642:INFO:Training Cohort models ...
2021-03-30 19:12:55,321:INFO:Cohort assignation ...
2021-03-30 19:12:55,321:INFO:Matching via sex
2021-03-30 19:12:55,323:INFO:Cohort evaluation ...
2021-03-30 19:12:55,575:INFO:Baseline holistic ...
2021-03-30 19:15:23,639:INFO:Baseline pcm ...
2021-03-30 19:15:23,639:INFO:Loading precomputed pcm ...
2021-03-30 19:15:23,774:INFO:########## Finished iteration 20 ##########
2021-03-30 19:15:23,774:INFO:########## Iteration 21 ##########
2021-03-30 19:15:23,774:INFO:Loading datasets ...
2021-03-30 19:15:24,182:INFO:Test users: ['smc23', 'smc20', 'smc8', 'smc40', 'smc51', 'smc6', 'smc48']
2021-03-30 19:15:24,182:INFO:Features encoded: ['sex', 'SKC']
2021-03-30 19:15:24,182:INFO:Finding Cohorts ...
2021-03-30 19:15:24,184:INFO:Finding cohorts using: sex
2021-03-30 19:15:24,186:INFO:Training Cohort models ...
2021-03-30 19:18:53,126:INFO:Cohort assignation ...
2021-03-30 19:18:53,126:INFO:Matching via sex
2021-03-30 19:18:53,128:INFO:Cohort evaluation ...
2021-03-30 19:18:53,359:INFO:Baseline holistic ...
2021-03-30 19:20:55,638:INFO:Baseline pcm ...
2021-03-30 19:20:55,638:INFO:Loading precomputed pcm ...
2021-03-30 19:20:55,774:INFO:########## Finished iteration 21 ##########
2021-03-30 19:20:55,774:INFO:########## Iteration 22 ##########
2021-03-30 19:20:55,774:INFO:Loading datasets ...
2021-03-30 19:20:56,177:INFO:Test users: ['smc26', 'smc40', 'smc28', 'smc45', 'smc23', 'smc27', 'smc22']
2021-03-30 19:20:56,177:INFO:Features encoded: ['sex', 'SKC']
2021-03-30 19:20:56,177:INFO:Finding Cohorts ...
2021-03-30 19:20:56,178:INFO:Finding cohorts using: sex
2021-03-30 19:20:56,181:INFO:Training Cohort models ...
2021-03-30 19:24:02,692:INFO:Cohort assignation ...
2021-03-30 19:24:02,693:INFO:Matching via sex
2021-03-30 19:24:02,694:INFO:Cohort evaluation ...
2021-03-30 19:24:02,879:INFO:Baseline holistic ...
2021-03-30 19:26:45,112:INFO:Baseline pcm ...
2021-03-30 19:26:45,112:INFO:Loading precomputed pcm ...
2021-03-30 19:26:45,312:INFO:########## Finished iteration 22 ##########
2021-03-30 19:26:45,312:INFO:########## Iteration 23 ##########
2021-03-30 19:26:45,312:INFO:Loading datasets ...
2021-03-30 19:26:46,135:INFO:Test users: ['smc45', 'smc20', 'smc47', 'smc22', 'smc4', 'smc44', 'smc40']
2021-03-30 19:26:46,135:INFO:Features encoded: ['sex', 'SKC']
2021-03-30 19:26:46,135:INFO:Finding Cohorts ...
2021-03-30 19:26:46,137:INFO:Finding cohorts using: sex
2021-03-30 19:26:46,141:INFO:Training Cohort models ...
2021-03-30 19:31:17,366:INFO:Cohort assignation ...
2021-03-30 19:31:17,366:INFO:Matching via sex
2021-03-30 19:31:17,368:INFO:Cohort evaluation ...
2021-03-30 19:31:17,661:INFO:Baseline holistic ...
2021-03-30 19:34:06,979:INFO:Baseline pcm ...
2021-03-30 19:34:06,979:INFO:Loading precomputed pcm ...
2021-03-30 19:34:07,114:INFO:########## Finished iteration 23 ##########
2021-03-30 19:34:07,114:INFO:########## Iteration 24 ##########
2021-03-30 19:34:07,114:INFO:Loading datasets ...
2021-03-30 19:34:07,517:INFO:Test users: ['smc31', 'smc38', 'smc44', 'smc35', 'smc10', 'smc47', 'smc27']
2021-03-30 19:34:07,517:INFO:Features encoded: ['sex', 'SKC']
2021-03-30 19:34:07,517:INFO:Finding Cohorts ...
2021-03-30 19:34:07,518:INFO:Finding cohorts using: sex
2021-03-30 19:34:07,521:INFO:Training Cohort models ...
2021-03-30 19:38:00,203:INFO:Cohort assignation ...
2021-03-30 19:38:00,203:INFO:Matching via sex
2021-03-30 19:38:00,205:INFO:Cohort evaluation ...
2021-03-30 19:38:00,500:INFO:Baseline holistic ...
2021-03-30 19:40:56,718:INFO:Baseline pcm ...
2021-03-30 19:40:56,718:INFO:Loading precomputed pcm ...
2021-03-30 19:40:56,858:INFO:########## Finished iteration 24 ##########
2021-03-30 19:40:56,859:INFO:########## Iteration 25 ##########
2021-03-30 19:40:56,859:INFO:Loading datasets ...
2021-03-30 19:40:57,263:INFO:Test users: ['smc25', 'smc44', 'smc2', 'smc31', 'smc22', 'smc1', 'smc5']
2021-03-30 19:40:57,263:INFO:Features encoded: ['sex', 'SKC']
2021-03-30 19:40:57,263:INFO:Finding Cohorts ...
2021-03-30 19:40:57,265:INFO:Finding cohorts using: sex
2021-03-30 19:40:57,267:INFO:Training Cohort models ...
2021-03-30 19:44:29,583:INFO:Cohort assignation ...
2021-03-30 19:44:29,583:INFO:Matching via sex
2021-03-30 19:44:29,584:INFO:Cohort evaluation ...
2021-03-30 19:44:29,822:INFO:Baseline holistic ...
2021-03-30 19:47:13,848:INFO:Baseline pcm ...
2021-03-30 19:47:13,848:INFO:Loading precomputed pcm ...
2021-03-30 19:47:13,986:INFO:########## Finished iteration 25 ##########
2021-03-30 19:47:13,986:INFO:########## Iteration 26 ##########
2021-03-30 19:47:13,986:INFO:Loading datasets ...
2021-03-30 19:47:14,387:INFO:Test users: ['smc35', 'smc38', 'smc27', 'smc45', 'smc51', 'smc23', 'smc34']
2021-03-30 19:47:14,387:INFO:Features encoded: ['sex', 'SKC']
2021-03-30 19:47:14,387:INFO:Finding Cohorts ...
2021-03-30 19:47:14,388:INFO:Finding cohorts using: sex
2021-03-30 19:47:14,391:INFO:Training Cohort models ...
2021-03-30 19:49:56,459:INFO:Cohort assignation ...
2021-03-30 19:49:56,459:INFO:Matching via sex
2021-03-30 19:49:56,461:INFO:Cohort evaluation ...
2021-03-30 19:49:56,629:INFO:Baseline holistic ...
2021-03-30 19:52:06,844:INFO:Baseline pcm ...
2021-03-30 19:52:06,844:INFO:Loading precomputed pcm ...
2021-03-30 19:52:06,977:INFO:########## Finished iteration 26 ##########
2021-03-30 19:52:06,977:INFO:########## Iteration 27 ##########
2021-03-30 19:52:06,977:INFO:Loading datasets ...
2021-03-30 19:52:07,374:INFO:Test users: ['smc35', 'smc28', 'smc48', 'smc25', 'smc31', 'smc33', 'smc26']
2021-03-30 19:52:07,375:INFO:Features encoded: ['sex', 'SKC']
2021-03-30 19:52:07,375:INFO:Finding Cohorts ...
2021-03-30 19:52:07,375:INFO:Finding cohorts using: sex
2021-03-30 19:52:07,378:INFO:Training Cohort models ...
2021-03-30 19:55:41,463:INFO:Cohort assignation ...
2021-03-30 19:55:41,463:INFO:Matching via sex
2021-03-30 19:55:41,465:INFO:Cohort evaluation ...
2021-03-30 19:55:41,757:INFO:Baseline holistic ...
2021-03-30 19:57:32,875:INFO:Baseline pcm ...
2021-03-30 19:57:32,875:INFO:Loading precomputed pcm ...
2021-03-30 19:57:33,071:INFO:########## Finished iteration 27 ##########
2021-03-30 19:57:33,072:INFO:########## Iteration 28 ##########
2021-03-30 19:57:33,072:INFO:Loading datasets ...
2021-03-30 19:57:33,468:INFO:Test users: ['smc31', 'smc25', 'smc30', 'smc45', 'smc43', 'smc28', 'smc38']
2021-03-30 19:57:33,469:INFO:Features encoded: ['sex', 'SKC']
2021-03-30 19:57:33,469:INFO:Finding Cohorts ...
2021-03-30 19:57:33,470:INFO:Finding cohorts using: sex
2021-03-30 19:57:33,472:INFO:Training Cohort models ...
2021-03-30 20:00:34,049:INFO:Cohort assignation ...
2021-03-30 20:00:34,049:INFO:Matching via sex
2021-03-30 20:00:34,051:INFO:Cohort evaluation ...
2021-03-30 20:00:34,247:INFO:Baseline holistic ...
2021-03-30 20:02:49,125:INFO:Baseline pcm ...
2021-03-30 20:02:49,125:INFO:Loading precomputed pcm ...
2021-03-30 20:02:49,256:INFO:########## Finished iteration 28 ##########
2021-03-30 20:02:49,256:INFO:########## Iteration 29 ##########
2021-03-30 20:02:49,256:INFO:Loading datasets ...
2021-03-30 20:02:49,648:INFO:Test users: ['smc28', 'smc43', 'smc33', 'smc51', 'smc8', 'smc40', 'smc1']
2021-03-30 20:02:49,648:INFO:Features encoded: ['sex', 'SKC']
2021-03-30 20:02:49,648:INFO:Finding Cohorts ...
2021-03-30 20:02:49,649:INFO:Finding cohorts using: sex
2021-03-30 20:02:49,651:INFO:Training Cohort models ...
2021-03-30 20:05:14,272:INFO:Cohort assignation ...
2021-03-30 20:05:14,272:INFO:Matching via sex
2021-03-30 20:05:14,273:INFO:Cohort evaluation ...
2021-03-30 20:05:14,373:INFO:Baseline holistic ...
2021-03-30 20:07:03,425:INFO:Baseline pcm ...
2021-03-30 20:07:03,425:INFO:Loading precomputed pcm ...
2021-03-30 20:07:03,557:INFO:########## Finished iteration 29 ##########
2021-03-30 20:07:03,557:INFO:########## Iteration 30 ##########
2021-03-30 20:07:03,557:INFO:Loading datasets ...
2021-03-30 20:07:03,948:INFO:Test users: ['smc47', 'smc8', 'smc31', 'smc2', 'smc20', 'smc30', 'smc26']
2021-03-30 20:07:03,949:INFO:Features encoded: ['sex', 'SKC']
2021-03-30 20:07:03,949:INFO:Finding Cohorts ...
2021-03-30 20:07:03,949:INFO:Finding cohorts using: sex
2021-03-30 20:07:03,951:INFO:Training Cohort models ...
2021-03-30 20:10:02,054:INFO:Cohort assignation ...
2021-03-30 20:10:02,054:INFO:Matching via sex
2021-03-30 20:10:02,056:INFO:Cohort evaluation ...
2021-03-30 20:10:02,265:INFO:Baseline holistic ...
2021-03-30 20:12:16,259:INFO:Baseline pcm ...
2021-03-30 20:12:16,259:INFO:Loading precomputed pcm ...
2021-03-30 20:12:16,389:INFO:########## Finished iteration 30 ##########
2021-03-30 20:12:16,389:INFO:########## Iteration 31 ##########
2021-03-30 20:12:16,389:INFO:Loading datasets ...
2021-03-30 20:12:16,782:INFO:Test users: ['smc27', 'smc4', 'smc8', 'smc1', 'smc22', 'smc6', 'smc51']
2021-03-30 20:12:16,782:INFO:Features encoded: ['sex', 'SKC']
2021-03-30 20:12:16,782:INFO:Finding Cohorts ...
2021-03-30 20:12:16,783:INFO:Finding cohorts using: sex
2021-03-30 20:12:16,785:INFO:Training Cohort models ...
2021-03-30 20:15:31,870:INFO:Cohort assignation ...
2021-03-30 20:15:31,870:INFO:Matching via sex
2021-03-30 20:15:31,871:INFO:Cohort evaluation ...
2021-03-30 20:15:32,119:INFO:Baseline holistic ...
2021-03-30 20:18:06,425:INFO:Baseline pcm ...
2021-03-30 20:18:06,426:INFO:Loading precomputed pcm ...
2021-03-30 20:18:06,619:INFO:########## Finished iteration 31 ##########
2021-03-30 20:18:06,620:INFO:########## Iteration 32 ##########
2021-03-30 20:18:06,620:INFO:Loading datasets ...
2021-03-30 20:18:07,012:INFO:Test users: ['smc4', 'smc35', 'smc51', 'smc36', 'smc27', 'smc38', 'smc8']
2021-03-30 20:18:07,012:INFO:Features encoded: ['sex', 'SKC']
2021-03-30 20:18:07,012:INFO:Finding Cohorts ...
2021-03-30 20:18:07,013:INFO:Finding cohorts using: sex
2021-03-30 20:18:07,016:INFO:Training Cohort models ...
2021-03-30 20:20:47,566:INFO:Cohort assignation ...
2021-03-30 20:20:47,567:INFO:Matching via sex
2021-03-30 20:20:47,568:INFO:Cohort evaluation ...
2021-03-30 20:20:47,708:INFO:Baseline holistic ...
2021-03-30 20:22:35,330:INFO:Baseline pcm ...
2021-03-30 20:22:35,330:INFO:Loading precomputed pcm ...
2021-03-30 20:22:35,463:INFO:########## Finished iteration 32 ##########
2021-03-30 20:22:35,463:INFO:########## Iteration 33 ##########
2021-03-30 20:22:35,463:INFO:Loading datasets ...
2021-03-30 20:22:35,857:INFO:Test users: ['smc21', 'smc48', 'smc28', 'smc10', 'smc44', 'smc8', 'smc4']
2021-03-30 20:22:35,857:INFO:Features encoded: ['sex', 'SKC']
2021-03-30 20:22:35,857:INFO:Finding Cohorts ...
2021-03-30 20:22:35,858:INFO:Finding cohorts using: sex
2021-03-30 20:22:35,860:INFO:Training Cohort models ...
2021-03-30 20:25:36,752:INFO:Cohort assignation ...
2021-03-30 20:25:36,752:INFO:Matching via sex
2021-03-30 20:25:36,754:INFO:Cohort evaluation ...
2021-03-30 20:25:36,881:INFO:Baseline holistic ...
2021-03-30 20:27:52,250:INFO:Baseline pcm ...
2021-03-30 20:27:52,250:INFO:Loading precomputed pcm ...
2021-03-30 20:27:52,390:INFO:########## Finished iteration 33 ##########
2021-03-30 20:27:52,390:INFO:########## Iteration 34 ##########
2021-03-30 20:27:52,390:INFO:Loading datasets ...
2021-03-30 20:27:52,823:INFO:Test users: ['smc25', 'smc4', 'smc28', 'smc43', 'smc20', 'smc8', 'smc51']
2021-03-30 20:27:52,824:INFO:Features encoded: ['sex', 'SKC']
2021-03-30 20:27:52,824:INFO:Finding Cohorts ...
2021-03-30 20:27:52,825:INFO:Finding cohorts using: sex
2021-03-30 20:27:52,827:INFO:Training Cohort models ...
2021-03-30 20:30:55,300:INFO:Cohort assignation ...
2021-03-30 20:30:55,300:INFO:Matching via sex
2021-03-30 20:30:55,302:INFO:Cohort evaluation ...
2021-03-30 20:30:55,482:INFO:Baseline holistic ...
2021-03-30 20:33:27,181:INFO:Baseline pcm ...
2021-03-30 20:33:27,182:INFO:Loading precomputed pcm ...
2021-03-30 20:33:27,323:INFO:########## Finished iteration 34 ##########
2021-03-30 20:33:27,323:INFO:########## Iteration 35 ##########
2021-03-30 20:33:27,323:INFO:Loading datasets ...
2021-03-30 20:33:27,731:INFO:Test users: ['smc28', 'smc45', 'smc51', 'smc9', 'smc11', 'smc5', 'smc34']
2021-03-30 20:33:27,731:INFO:Features encoded: ['sex', 'SKC']
2021-03-30 20:33:27,731:INFO:Finding Cohorts ...
2021-03-30 20:33:27,732:INFO:Finding cohorts using: sex
2021-03-30 20:33:27,734:INFO:Training Cohort models ...
2021-03-30 20:36:31,829:INFO:Cohort assignation ...
2021-03-30 20:36:31,830:INFO:Matching via sex
2021-03-30 20:36:31,832:INFO:Cohort evaluation ...
2021-03-30 20:36:32,029:INFO:Baseline holistic ...
2021-03-30 20:39:04,615:INFO:Baseline pcm ...
2021-03-30 20:39:04,615:INFO:Loading precomputed pcm ...
2021-03-30 20:39:04,749:INFO:########## Finished iteration 35 ##########
2021-03-30 20:39:04,750:INFO:########## Iteration 36 ##########
2021-03-30 20:39:04,750:INFO:Loading datasets ...
2021-03-30 20:39:05,154:INFO:Test users: ['smc35', 'smc4', 'smc43', 'smc45', 'smc29', 'smc23', 'smc34']
2021-03-30 20:39:05,154:INFO:Features encoded: ['sex', 'SKC']
2021-03-30 20:39:05,154:INFO:Finding Cohorts ...
2021-03-30 20:39:05,155:INFO:Finding cohorts using: sex
2021-03-30 20:39:05,157:INFO:Training Cohort models ...
2021-03-30 20:42:08,569:INFO:Cohort assignation ...
2021-03-30 20:42:08,569:INFO:Matching via sex
2021-03-30 20:42:08,570:INFO:Cohort evaluation ...
2021-03-30 20:42:08,769:INFO:Baseline holistic ...
2021-03-30 20:45:21,661:INFO:Baseline pcm ...
2021-03-30 20:45:21,661:INFO:Loading precomputed pcm ...
2021-03-30 20:45:21,862:INFO:########## Finished iteration 36 ##########
2021-03-30 20:45:21,862:INFO:########## Iteration 37 ##########
2021-03-30 20:45:21,862:INFO:Loading datasets ...
2021-03-30 20:45:22,696:INFO:Test users: ['smc38', 'smc48', 'smc28', 'smc5', 'smc46', 'smc36', 'smc4']
2021-03-30 20:45:22,696:INFO:Features encoded: ['sex', 'SKC']
2021-03-30 20:45:22,696:INFO:Finding Cohorts ...
2021-03-30 20:45:22,699:INFO:Finding cohorts using: sex
2021-03-30 20:45:22,702:INFO:Training Cohort models ...
2021-03-30 20:49:31,473:INFO:Cohort assignation ...
2021-03-30 20:49:31,473:INFO:Matching via sex
2021-03-30 20:49:31,475:INFO:Cohort evaluation ...
2021-03-30 20:49:31,710:INFO:Baseline holistic ...
2021-03-30 20:52:20,687:INFO:Baseline pcm ...
2021-03-30 20:52:20,687:INFO:Loading precomputed pcm ...
2021-03-30 20:52:20,824:INFO:########## Finished iteration 37 ##########
2021-03-30 20:52:20,824:INFO:########## Iteration 38 ##########
2021-03-30 20:52:20,824:INFO:Loading datasets ...
2021-03-30 20:52:21,226:INFO:Test users: ['smc25', 'smc34', 'smc29', 'smc8', 'smc30', 'smc38', 'smc48']
2021-03-30 20:52:21,226:INFO:Features encoded: ['sex', 'SKC']
2021-03-30 20:52:21,227:INFO:Finding Cohorts ...
2021-03-30 20:52:21,227:INFO:Finding cohorts using: sex
2021-03-30 20:52:21,230:INFO:Training Cohort models ...
2021-03-30 20:55:43,026:INFO:Cohort assignation ...
2021-03-30 20:55:43,026:INFO:Matching via sex
2021-03-30 20:55:43,027:INFO:Cohort evaluation ...
2021-03-30 20:55:43,240:INFO:Baseline holistic ...
2021-03-30 20:58:14,580:INFO:Baseline pcm ...
2021-03-30 20:58:14,581:INFO:Loading precomputed pcm ...
2021-03-30 20:58:14,724:INFO:########## Finished iteration 38 ##########
2021-03-30 20:58:14,724:INFO:########## Iteration 39 ##########
2021-03-30 20:58:14,724:INFO:Loading datasets ...
2021-03-30 20:58:15,191:INFO:Test users: ['smc26', 'smc46', 'smc25', 'smc43', 'smc31', 'smc6', 'smc29']
2021-03-30 20:58:15,191:INFO:Features encoded: ['sex', 'SKC']
2021-03-30 20:58:15,191:INFO:Finding Cohorts ...
2021-03-30 20:58:15,192:INFO:Finding cohorts using: sex
2021-03-30 20:58:15,195:INFO:Training Cohort models ...
2021-03-30 21:01:16,155:INFO:Cohort assignation ...
2021-03-30 21:01:16,156:INFO:Matching via sex
2021-03-30 21:01:16,157:INFO:Cohort evaluation ...
2021-03-30 21:01:16,306:INFO:Baseline holistic ...
2021-03-30 21:03:12,165:INFO:Baseline pcm ...
2021-03-30 21:03:12,165:INFO:Loading precomputed pcm ...
2021-03-30 21:03:12,350:INFO:########## Finished iteration 39 ##########
2021-03-30 21:03:12,350:INFO:########## Iteration 40 ##########
2021-03-30 21:03:12,350:INFO:Loading datasets ...
2021-03-30 21:03:13,114:INFO:Test users: ['smc43', 'smc33', 'smc26', 'smc46', 'smc28', 'smc45', 'smc36']
2021-03-30 21:03:13,115:INFO:Features encoded: ['sex', 'SKC']
2021-03-30 21:03:13,115:INFO:Finding Cohorts ...
2021-03-30 21:03:13,116:INFO:Finding cohorts using: sex
2021-03-30 21:03:13,121:INFO:Training Cohort models ...
2021-03-30 21:07:05,645:INFO:Cohort assignation ...
2021-03-30 21:07:05,645:INFO:Matching via sex
2021-03-30 21:07:05,647:INFO:Cohort evaluation ...
2021-03-30 21:07:05,889:INFO:Baseline holistic ...
2021-03-30 21:08:58,917:INFO:Baseline pcm ...
2021-03-30 21:08:58,917:INFO:Loading precomputed pcm ...
2021-03-30 21:08:59,053:INFO:########## Finished iteration 40 ##########
2021-03-30 21:08:59,053:INFO:########## Iteration 41 ##########
2021-03-30 21:08:59,053:INFO:Loading datasets ...
2021-03-30 21:08:59,457:INFO:Test users: ['smc8', 'smc38', 'smc25', 'smc5', 'smc44', 'smc11', 'smc50']
2021-03-30 21:08:59,457:INFO:Features encoded: ['sex', 'SKC']
2021-03-30 21:08:59,457:INFO:Finding Cohorts ...
2021-03-30 21:08:59,458:INFO:Finding cohorts using: sex
2021-03-30 21:08:59,461:INFO:Training Cohort models ...
2021-03-30 21:12:59,659:INFO:Cohort assignation ...
2021-03-30 21:12:59,659:INFO:Matching via sex
2021-03-30 21:12:59,660:INFO:Cohort evaluation ...
2021-03-30 21:12:59,887:INFO:Baseline holistic ...
2021-03-30 21:15:13,533:INFO:Baseline pcm ...
2021-03-30 21:15:13,533:INFO:Loading precomputed pcm ...
2021-03-30 21:15:13,673:INFO:########## Finished iteration 41 ##########
2021-03-30 21:15:13,674:INFO:########## Iteration 42 ##########
2021-03-30 21:15:13,674:INFO:Loading datasets ...
2021-03-30 21:15:14,085:INFO:Test users: ['smc8', 'smc48', 'smc26', 'smc10', 'smc35', 'smc25', 'smc36']
2021-03-30 21:15:14,086:INFO:Features encoded: ['sex', 'SKC']
2021-03-30 21:15:14,086:INFO:Finding Cohorts ...
2021-03-30 21:15:14,087:INFO:Finding cohorts using: sex
2021-03-30 21:15:14,089:INFO:Training Cohort models ...
2021-03-30 21:19:00,559:INFO:Cohort assignation ...
2021-03-30 21:19:00,559:INFO:Matching via sex
2021-03-30 21:19:00,561:INFO:Cohort evaluation ...
2021-03-30 21:19:00,814:INFO:Baseline holistic ...
2021-03-30 21:20:52,940:INFO:Baseline pcm ...
2021-03-30 21:20:52,940:INFO:Loading precomputed pcm ...
2021-03-30 21:20:53,074:INFO:########## Finished iteration 42 ##########
2021-03-30 21:20:53,074:INFO:########## Iteration 43 ##########
2021-03-30 21:20:53,074:INFO:Loading datasets ...
2021-03-30 21:20:53,468:INFO:Test users: ['smc34', 'smc47', 'smc8', 'smc31', 'smc45', 'smc28', 'smc27']
2021-03-30 21:20:53,468:INFO:Features encoded: ['sex', 'SKC']
2021-03-30 21:20:53,468:INFO:Finding Cohorts ...
2021-03-30 21:20:53,469:INFO:Finding cohorts using: sex
2021-03-30 21:20:53,472:INFO:Training Cohort models ...
2021-03-30 21:23:51,194:INFO:Cohort assignation ...
2021-03-30 21:23:51,194:INFO:Matching via sex
2021-03-30 21:23:51,195:INFO:Cohort evaluation ...
2021-03-30 21:23:51,404:INFO:Baseline holistic ...
2021-03-30 21:26:27,389:INFO:Baseline pcm ...
2021-03-30 21:26:27,389:INFO:Loading precomputed pcm ...
2021-03-30 21:26:27,588:INFO:########## Finished iteration 43 ##########
2021-03-30 21:26:27,588:INFO:########## Iteration 44 ##########
2021-03-30 21:26:27,588:INFO:Loading datasets ...
2021-03-30 21:26:27,979:INFO:Test users: ['smc21', 'smc44', 'smc47', 'smc23', 'smc36', 'smc50', 'smc30']
2021-03-30 21:26:27,979:INFO:Features encoded: ['sex', 'SKC']
2021-03-30 21:26:27,979:INFO:Finding Cohorts ...
2021-03-30 21:26:27,980:INFO:Finding cohorts using: sex
2021-03-30 21:26:27,982:INFO:Training Cohort models ...
2021-03-30 21:29:26,759:INFO:Cohort assignation ...
2021-03-30 21:29:26,759:INFO:Matching via sex
2021-03-30 21:29:26,760:INFO:Cohort evaluation ...
2021-03-30 21:29:26,970:INFO:Baseline holistic ...
2021-03-30 21:31:41,629:INFO:Baseline pcm ...
2021-03-30 21:31:41,629:INFO:Loading precomputed pcm ...
2021-03-30 21:31:41,762:INFO:########## Finished iteration 44 ##########
2021-03-30 21:31:41,762:INFO:########## Iteration 45 ##########
2021-03-30 21:31:41,762:INFO:Loading datasets ...
2021-03-30 21:31:42,158:INFO:Test users: ['smc23', 'smc20', 'smc47', 'smc44', 'smc30', 'smc25', 'smc11']
2021-03-30 21:31:42,159:INFO:Features encoded: ['sex', 'SKC']
2021-03-30 21:31:42,159:INFO:Finding Cohorts ...
2021-03-30 21:31:42,160:INFO:Finding cohorts using: sex
2021-03-30 21:31:42,162:INFO:Training Cohort models ...
2021-03-30 21:34:49,612:INFO:Cohort assignation ...
2021-03-30 21:34:49,612:INFO:Matching via sex
2021-03-30 21:34:49,614:INFO:Cohort evaluation ...
2021-03-30 21:34:49,829:INFO:Baseline holistic ...
2021-03-30 21:37:24,446:INFO:Baseline pcm ...
2021-03-30 21:37:24,446:INFO:Loading precomputed pcm ...
2021-03-30 21:37:24,578:INFO:########## Finished iteration 45 ##########
2021-03-30 21:37:24,579:INFO:########## Iteration 46 ##########
2021-03-30 21:37:24,579:INFO:Loading datasets ...
2021-03-30 21:37:24,973:INFO:Test users: ['smc26', 'smc10', 'smc23', 'smc27', 'smc28', 'smc20', 'smc21']
2021-03-30 21:37:24,973:INFO:Features encoded: ['sex', 'SKC']
2021-03-30 21:37:24,973:INFO:Finding Cohorts ...
2021-03-30 21:37:24,974:INFO:Finding cohorts using: sex
2021-03-30 21:37:24,976:INFO:Training Cohort models ...
2021-03-30 21:40:08,615:INFO:Cohort assignation ...
2021-03-30 21:40:08,615:INFO:Matching via sex
2021-03-30 21:40:08,616:INFO:Cohort evaluation ...
2021-03-30 21:40:08,759:INFO:Baseline holistic ...
2021-03-30 21:42:46,351:INFO:Baseline pcm ...
2021-03-30 21:42:46,351:INFO:Loading precomputed pcm ...
2021-03-30 21:42:46,484:INFO:########## Finished iteration 46 ##########
2021-03-30 21:42:46,484:INFO:########## Iteration 47 ##########
2021-03-30 21:42:46,484:INFO:Loading datasets ...
2021-03-30 21:42:46,877:INFO:Test users: ['smc48', 'smc20', 'smc22', 'smc43', 'smc5', 'smc27', 'smc11']
2021-03-30 21:42:46,877:INFO:Features encoded: ['sex', 'SKC']
2021-03-30 21:42:46,878:INFO:Finding Cohorts ...
2021-03-30 21:42:46,878:INFO:Finding cohorts using: sex
2021-03-30 21:42:46,880:INFO:Training Cohort models ...
2021-03-30 21:45:50,228:INFO:Cohort assignation ...
2021-03-30 21:45:50,228:INFO:Matching via sex
2021-03-30 21:45:50,230:INFO:Cohort evaluation ...
2021-03-30 21:45:50,417:INFO:Baseline holistic ...
2021-03-30 21:48:51,185:INFO:Baseline pcm ...
2021-03-30 21:48:51,185:INFO:Loading precomputed pcm ...
2021-03-30 21:48:51,394:INFO:########## Finished iteration 47 ##########
2021-03-30 21:48:51,395:INFO:########## Iteration 48 ##########
2021-03-30 21:48:51,395:INFO:Loading datasets ...
2021-03-30 21:48:52,246:INFO:Test users: ['smc28', 'smc34', 'smc35', 'smc23', 'smc47', 'smc8', 'smc9']
2021-03-30 21:48:52,246:INFO:Features encoded: ['sex', 'SKC']
2021-03-30 21:48:52,246:INFO:Finding Cohorts ...
2021-03-30 21:48:52,248:INFO:Finding cohorts using: sex
2021-03-30 21:48:52,253:INFO:Training Cohort models ...
2021-03-30 21:52:51,117:INFO:Cohort assignation ...
2021-03-30 21:52:51,117:INFO:Matching via sex
2021-03-30 21:52:51,119:INFO:Cohort evaluation ...
2021-03-30 21:52:51,460:INFO:Baseline holistic ...
2021-03-30 21:54:57,526:INFO:Baseline pcm ...
2021-03-30 21:54:57,526:INFO:Loading precomputed pcm ...
2021-03-30 21:54:57,724:INFO:########## Finished iteration 48 ##########
2021-03-30 21:54:57,724:INFO:########## Iteration 49 ##########
2021-03-30 21:54:57,724:INFO:Loading datasets ...
2021-03-30 21:54:58,129:INFO:Test users: ['smc20', 'smc28', 'smc25', 'smc48', 'smc34', 'smc38', 'smc33']
2021-03-30 21:54:58,130:INFO:Features encoded: ['sex', 'SKC']
2021-03-30 21:54:58,130:INFO:Finding Cohorts ...
2021-03-30 21:54:58,131:INFO:Finding cohorts using: sex
2021-03-30 21:54:58,134:INFO:Training Cohort models ...
2021-03-30 21:58:01,801:INFO:Cohort assignation ...
2021-03-30 21:58:01,801:INFO:Matching via sex
2021-03-30 21:58:01,803:INFO:Cohort evaluation ...
2021-03-30 21:58:01,988:INFO:Baseline holistic ...
2021-03-30 22:00:33,650:INFO:Baseline pcm ...
2021-03-30 22:00:33,650:INFO:Loading precomputed pcm ...
2021-03-30 22:00:33,858:INFO:########## Finished iteration 49 ##########
2021-03-30 22:00:33,858:INFO:########## Iteration 50 ##########
2021-03-30 22:00:33,858:INFO:Loading datasets ...
2021-03-30 22:00:34,677:INFO:Test users: ['smc21', 'smc25', 'smc50', 'smc4', 'smc51', 'smc1', 'smc2']
2021-03-30 22:00:34,678:INFO:Features encoded: ['sex', 'SKC']
2021-03-30 22:00:34,678:INFO:Finding Cohorts ...
2021-03-30 22:00:34,680:INFO:Finding cohorts using: sex
2021-03-30 22:00:34,684:INFO:Training Cohort models ...
2021-03-30 22:04:26,115:INFO:Cohort assignation ...
2021-03-30 22:04:26,115:INFO:Matching via sex
2021-03-30 22:04:26,117:INFO:Cohort evaluation ...
2021-03-30 22:04:26,277:INFO:Baseline holistic ...
2021-03-30 22:07:30,407:INFO:Baseline pcm ...
2021-03-30 22:07:30,407:INFO:Loading precomputed pcm ...
2021-03-30 22:07:30,618:INFO:########## Finished iteration 50 ##########
2021-03-30 22:07:30,618:INFO:########## Iteration 51 ##########
2021-03-30 22:07:30,618:INFO:Loading datasets ...
2021-03-30 22:07:31,538:INFO:Test users: ['smc6', 'smc46', 'smc36', 'smc33', 'smc25', 'smc31', 'smc43']
2021-03-30 22:07:31,539:INFO:Features encoded: ['sex', 'SKC']
2021-03-30 22:07:31,539:INFO:Finding Cohorts ...
2021-03-30 22:07:31,541:INFO:Finding cohorts using: sex
2021-03-30 22:07:31,544:INFO:Training Cohort models ...
2021-03-30 22:11:36,376:INFO:Cohort assignation ...
2021-03-30 22:11:36,376:INFO:Matching via sex
2021-03-30 22:11:36,378:INFO:Cohort evaluation ...
2021-03-30 22:11:36,705:INFO:Baseline holistic ...
2021-03-30 22:14:32,853:INFO:Baseline pcm ...
2021-03-30 22:14:32,853:INFO:Loading precomputed pcm ...
2021-03-30 22:14:32,988:INFO:########## Finished iteration 51 ##########
2021-03-30 22:14:32,989:INFO:########## Iteration 52 ##########
2021-03-30 22:14:32,989:INFO:Loading datasets ...
2021-03-30 22:14:33,395:INFO:Test users: ['smc25', 'smc45', 'smc48', 'smc6', 'smc21', 'smc35', 'smc11']
2021-03-30 22:14:33,395:INFO:Features encoded: ['sex', 'SKC']
2021-03-30 22:14:33,395:INFO:Finding Cohorts ...
2021-03-30 22:14:33,397:INFO:Finding cohorts using: sex
2021-03-30 22:14:33,399:INFO:Training Cohort models ...
2021-03-30 22:17:28,510:INFO:Cohort assignation ...
2021-03-30 22:17:28,511:INFO:Matching via sex
2021-03-30 22:17:28,513:INFO:Cohort evaluation ...
2021-03-30 22:17:28,706:INFO:Baseline holistic ...
2021-03-30 22:19:51,399:INFO:Baseline pcm ...
2021-03-30 22:19:51,399:INFO:Loading precomputed pcm ...
2021-03-30 22:19:51,535:INFO:########## Finished iteration 52 ##########
2021-03-30 22:19:51,535:INFO:########## Iteration 53 ##########
2021-03-30 22:19:51,536:INFO:Loading datasets ...
2021-03-30 22:19:51,942:INFO:Test users: ['smc36', 'smc6', 'smc45', 'smc28', 'smc40', 'smc23', 'smc22']
2021-03-30 22:19:51,949:INFO:Features encoded: ['sex', 'SKC']
2021-03-30 22:19:51,950:INFO:Finding Cohorts ...
2021-03-30 22:19:51,950:INFO:Finding cohorts using: sex
2021-03-30 22:19:51,953:INFO:Training Cohort models ...
2021-03-30 22:23:27,323:INFO:Cohort assignation ...
2021-03-30 22:23:27,323:INFO:Matching via sex
2021-03-30 22:23:27,325:INFO:Cohort evaluation ...
2021-03-30 22:23:27,540:INFO:Baseline holistic ...
2021-03-30 22:25:48,405:INFO:Baseline pcm ...
2021-03-30 22:25:48,405:INFO:Loading precomputed pcm ...
2021-03-30 22:25:48,542:INFO:########## Finished iteration 53 ##########
2021-03-30 22:25:48,542:INFO:########## Iteration 54 ##########
2021-03-30 22:25:48,542:INFO:Loading datasets ...
2021-03-30 22:25:48,949:INFO:Test users: ['smc33', 'smc25', 'smc38', 'smc4', 'smc48', 'smc8', 'smc44']
2021-03-30 22:25:48,949:INFO:Features encoded: ['sex', 'SKC']
2021-03-30 22:25:48,949:INFO:Finding Cohorts ...
2021-03-30 22:25:48,950:INFO:Finding cohorts using: sex
2021-03-30 22:25:48,953:INFO:Training Cohort models ...
2021-03-30 22:29:47,562:INFO:Cohort assignation ...
2021-03-30 22:29:47,562:INFO:Matching via sex
2021-03-30 22:29:47,563:INFO:Cohort evaluation ...
2021-03-30 22:29:47,776:INFO:Baseline holistic ...
2021-03-30 22:32:48,389:INFO:Baseline pcm ...
2021-03-30 22:32:48,389:INFO:Loading precomputed pcm ...
2021-03-30 22:32:48,530:INFO:########## Finished iteration 54 ##########
2021-03-30 22:32:48,530:INFO:########## Iteration 55 ##########
2021-03-30 22:32:48,530:INFO:Loading datasets ...
2021-03-30 22:32:48,943:INFO:Test users: ['smc45', 'smc5', 'smc2', 'smc20', 'smc35', 'smc31', 'smc30']
2021-03-30 22:32:48,943:INFO:Features encoded: ['sex', 'SKC']
2021-03-30 22:32:48,943:INFO:Finding Cohorts ...
2021-03-30 22:32:48,944:INFO:Finding cohorts using: sex
2021-03-30 22:32:48,947:INFO:Training Cohort models ...
2021-03-30 22:36:13,445:INFO:Cohort assignation ...
2021-03-30 22:36:13,445:INFO:Matching via sex
2021-03-30 22:36:13,447:INFO:Cohort evaluation ...
2021-03-30 22:36:13,730:INFO:Baseline holistic ...
2021-03-30 22:38:12,823:INFO:Baseline pcm ...
2021-03-30 22:38:12,823:INFO:Loading precomputed pcm ...
2021-03-30 22:38:12,957:INFO:########## Finished iteration 55 ##########
2021-03-30 22:38:12,957:INFO:########## Iteration 56 ##########
2021-03-30 22:38:12,957:INFO:Loading datasets ...
2021-03-30 22:38:13,352:INFO:Test users: ['smc8', 'smc31', 'smc10', 'smc21', 'smc46', 'smc25', 'smc20']
2021-03-30 22:38:13,352:INFO:Features encoded: ['sex', 'SKC']
2021-03-30 22:38:13,352:INFO:Finding Cohorts ...
2021-03-30 22:38:13,353:INFO:Finding cohorts using: sex
2021-03-30 22:38:13,355:INFO:Training Cohort models ...
2021-03-30 22:41:16,770:INFO:Cohort assignation ...
2021-03-30 22:41:16,770:INFO:Matching via sex
2021-03-30 22:41:16,771:INFO:Cohort evaluation ...
2021-03-30 22:41:16,955:INFO:Baseline holistic ...
2021-03-30 22:43:56,024:INFO:Baseline pcm ...
2021-03-30 22:43:56,025:INFO:Loading precomputed pcm ...
2021-03-30 22:43:56,222:INFO:########## Finished iteration 56 ##########
2021-03-30 22:43:56,222:INFO:########## Iteration 57 ##########
2021-03-30 22:43:56,222:INFO:Loading datasets ...
2021-03-30 22:43:56,618:INFO:Test users: ['smc11', 'smc50', 'smc31', 'smc44', 'smc47', 'smc43', 'smc45']
2021-03-30 22:43:56,618:INFO:Features encoded: ['sex', 'SKC']
2021-03-30 22:43:56,618:INFO:Finding Cohorts ...
2021-03-30 22:43:56,619:INFO:Finding cohorts using: sex
2021-03-30 22:43:56,621:INFO:Training Cohort models ...
2021-03-30 22:46:39,979:INFO:Cohort assignation ...
2021-03-30 22:46:39,979:INFO:Matching via sex
2021-03-30 22:46:39,980:INFO:Cohort evaluation ...
2021-03-30 22:46:40,123:INFO:Baseline holistic ...
2021-03-30 22:49:17,233:INFO:Baseline pcm ...
2021-03-30 22:49:17,233:INFO:Loading precomputed pcm ...
2021-03-30 22:49:17,364:INFO:########## Finished iteration 57 ##########
2021-03-30 22:49:17,364:INFO:########## Iteration 58 ##########
2021-03-30 22:49:17,364:INFO:Loading datasets ...
2021-03-30 22:49:17,759:INFO:Test users: ['smc21', 'smc34', 'smc51', 'smc6', 'smc28', 'smc38', 'smc11']
2021-03-30 22:49:17,759:INFO:Features encoded: ['sex', 'SKC']
2021-03-30 22:49:17,760:INFO:Finding Cohorts ...
2021-03-30 22:49:17,760:INFO:Finding cohorts using: sex
2021-03-30 22:49:17,762:INFO:Training Cohort models ...
2021-03-30 22:51:42,875:INFO:Cohort assignation ...
2021-03-30 22:51:42,875:INFO:Matching via sex
2021-03-30 22:51:42,876:INFO:Cohort evaluation ...
2021-03-30 22:51:42,978:INFO:Baseline holistic ...
2021-03-30 22:53:56,983:INFO:Baseline pcm ...
2021-03-30 22:53:56,983:INFO:Loading precomputed pcm ...
2021-03-30 22:53:57,114:INFO:########## Finished iteration 58 ##########
2021-03-30 22:53:57,115:INFO:########## Iteration 59 ##########
2021-03-30 22:53:57,115:INFO:Loading datasets ...
2021-03-30 22:53:57,508:INFO:Test users: ['smc25', 'smc48', 'smc45', 'smc21', 'smc22', 'smc35', 'smc11']
2021-03-30 22:53:57,508:INFO:Features encoded: ['sex', 'SKC']
2021-03-30 22:53:57,508:INFO:Finding Cohorts ...
2021-03-30 22:53:57,509:INFO:Finding cohorts using: sex
2021-03-30 22:53:57,511:INFO:Training Cohort models ...
2021-03-30 22:56:22,069:INFO:Cohort assignation ...
2021-03-30 22:56:22,069:INFO:Matching via sex
2021-03-30 22:56:22,070:INFO:Cohort evaluation ...
2021-03-30 22:56:22,171:INFO:Baseline holistic ...
2021-03-30 22:59:00,184:INFO:Baseline pcm ...
2021-03-30 22:59:00,185:INFO:Loading precomputed pcm ...
2021-03-30 22:59:00,318:INFO:########## Finished iteration 59 ##########
2021-03-30 22:59:00,318:INFO:########## Iteration 60 ##########
2021-03-30 22:59:00,318:INFO:Loading datasets ...
2021-03-30 22:59:00,714:INFO:Test users: ['smc26', 'smc6', 'smc4', 'smc34', 'smc33', 'smc31', 'smc11']
2021-03-30 22:59:00,714:INFO:Features encoded: ['sex', 'SKC']
2021-03-30 22:59:00,714:INFO:Finding Cohorts ...
2021-03-30 22:59:00,715:INFO:Finding cohorts using: sex
2021-03-30 22:59:00,717:INFO:Training Cohort models ...
2021-03-30 23:01:24,235:INFO:Cohort assignation ...
2021-03-30 23:01:24,235:INFO:Matching via sex
2021-03-30 23:01:24,236:INFO:Cohort evaluation ...
2021-03-30 23:01:24,338:INFO:Baseline holistic ...
2021-03-30 23:03:12,198:INFO:Baseline pcm ...
2021-03-30 23:03:12,198:INFO:Loading precomputed pcm ...
2021-03-30 23:03:12,330:INFO:########## Finished iteration 60 ##########
2021-03-30 23:03:12,330:INFO:########## Iteration 61 ##########
2021-03-30 23:03:12,330:INFO:Loading datasets ...
2021-03-30 23:03:12,725:INFO:Test users: ['smc40', 'smc1', 'smc36', 'smc4', 'smc6', 'smc45', 'smc2']
2021-03-30 23:03:12,725:INFO:Features encoded: ['sex', 'SKC']
2021-03-30 23:03:12,725:INFO:Finding Cohorts ...
2021-03-30 23:03:12,726:INFO:Finding cohorts using: sex
2021-03-30 23:03:12,728:INFO:Training Cohort models ...
2021-03-30 23:05:37,080:INFO:Cohort assignation ...
2021-03-30 23:05:37,080:INFO:Matching via sex
2021-03-30 23:05:37,081:INFO:Cohort evaluation ...
2021-03-30 23:05:37,182:INFO:Baseline holistic ...
2021-03-30 23:07:26,858:INFO:Baseline pcm ...
2021-03-30 23:07:26,858:INFO:Loading precomputed pcm ...
2021-03-30 23:07:26,992:INFO:########## Finished iteration 61 ##########
2021-03-30 23:07:26,993:INFO:########## Iteration 62 ##########
2021-03-30 23:07:26,993:INFO:Loading datasets ...
2021-03-30 23:07:27,386:INFO:Test users: ['smc5', 'smc29', 'smc33', 'smc50', 'smc22', 'smc20', 'smc26']
2021-03-30 23:07:27,386:INFO:Features encoded: ['sex', 'SKC']
2021-03-30 23:07:27,386:INFO:Finding Cohorts ...
2021-03-30 23:07:27,387:INFO:Finding cohorts using: sex
2021-03-30 23:07:27,389:INFO:Training Cohort models ...
2021-03-30 23:10:08,570:INFO:Cohort assignation ...
2021-03-30 23:10:08,570:INFO:Matching via sex
2021-03-30 23:10:08,571:INFO:Cohort evaluation ...
2021-03-30 23:10:08,713:INFO:Baseline holistic ...
2021-03-30 23:12:22,081:INFO:Baseline pcm ...
2021-03-30 23:12:22,081:INFO:Loading precomputed pcm ...
2021-03-30 23:12:22,214:INFO:########## Finished iteration 62 ##########
2021-03-30 23:12:22,214:INFO:########## Iteration 63 ##########
2021-03-30 23:12:22,214:INFO:Loading datasets ...
2021-03-30 23:12:22,620:INFO:Test users: ['smc33', 'smc51', 'smc22', 'smc35', 'smc6', 'smc8', 'smc30']
2021-03-30 23:12:22,620:INFO:Features encoded: ['sex', 'SKC']
2021-03-30 23:12:22,620:INFO:Finding Cohorts ...
2021-03-30 23:12:22,621:INFO:Finding cohorts using: sex
2021-03-30 23:12:22,623:INFO:Training Cohort models ...
2021-03-30 23:15:54,132:INFO:Cohort assignation ...
2021-03-30 23:15:54,132:INFO:Matching via sex
2021-03-30 23:15:54,133:INFO:Cohort evaluation ...
2021-03-30 23:15:54,425:INFO:Baseline holistic ...
2021-03-30 23:18:06,480:INFO:Baseline pcm ...
2021-03-30 23:18:06,481:INFO:Loading precomputed pcm ...
2021-03-30 23:18:06,614:INFO:########## Finished iteration 63 ##########
2021-03-30 23:18:06,614:INFO:########## Iteration 64 ##########
2021-03-30 23:18:06,614:INFO:Loading datasets ...
2021-03-30 23:18:07,010:INFO:Test users: ['smc36', 'smc48', 'smc29', 'smc27', 'smc30', 'smc21', 'smc51']
2021-03-30 23:18:07,010:INFO:Features encoded: ['sex', 'SKC']
2021-03-30 23:18:07,010:INFO:Finding Cohorts ...
2021-03-30 23:18:07,011:INFO:Finding cohorts using: sex
2021-03-30 23:18:07,014:INFO:Training Cohort models ...
2021-03-30 23:21:40,505:INFO:Cohort assignation ...
2021-03-30 23:21:40,505:INFO:Matching via sex
2021-03-30 23:21:40,506:INFO:Cohort evaluation ...
2021-03-30 23:21:40,797:INFO:Baseline holistic ...
2021-03-30 23:24:18,696:INFO:Baseline pcm ...
2021-03-30 23:24:18,696:INFO:Loading precomputed pcm ...
2021-03-30 23:24:18,827:INFO:########## Finished iteration 64 ##########
2021-03-30 23:24:18,827:INFO:########## Iteration 65 ##########
2021-03-30 23:24:18,827:INFO:Loading datasets ...
2021-03-30 23:24:19,225:INFO:Test users: ['smc36', 'smc51', 'smc29', 'smc31', 'smc48', 'smc33', 'smc30']
2021-03-30 23:24:19,225:INFO:Features encoded: ['sex', 'SKC']
2021-03-30 23:24:19,225:INFO:Finding Cohorts ...
2021-03-30 23:24:19,226:INFO:Finding cohorts using: sex
2021-03-30 23:24:19,229:INFO:Training Cohort models ...
2021-03-30 23:27:52,649:INFO:Cohort assignation ...
2021-03-30 23:27:52,649:INFO:Matching via sex
2021-03-30 23:27:52,650:INFO:Cohort evaluation ...
2021-03-30 23:27:52,941:INFO:Baseline holistic ...
2021-03-30 23:29:43,629:INFO:Baseline pcm ...
2021-03-30 23:29:43,629:INFO:Loading precomputed pcm ...
2021-03-30 23:29:43,826:INFO:########## Finished iteration 65 ##########
2021-03-30 23:29:43,826:INFO:########## Iteration 66 ##########
2021-03-30 23:29:43,826:INFO:Loading datasets ...
2021-03-30 23:29:44,220:INFO:Test users: ['smc26', 'smc1', 'smc6', 'smc44', 'smc35', 'smc30', 'smc11']
2021-03-30 23:29:44,220:INFO:Features encoded: ['sex', 'SKC']
2021-03-30 23:29:44,220:INFO:Finding Cohorts ...
2021-03-30 23:29:44,221:INFO:Finding cohorts using: sex
2021-03-30 23:29:44,224:INFO:Training Cohort models ...
2021-03-30 23:32:59,159:INFO:Cohort assignation ...
2021-03-30 23:32:59,159:INFO:Matching via sex
2021-03-30 23:32:59,160:INFO:Cohort evaluation ...
2021-03-30 23:32:59,411:INFO:Baseline holistic ...
2021-03-30 23:35:13,979:INFO:Baseline pcm ...
2021-03-30 23:35:13,979:INFO:Loading precomputed pcm ...
2021-03-30 23:35:14,109:INFO:########## Finished iteration 66 ##########
2021-03-30 23:35:14,109:INFO:########## Iteration 67 ##########
2021-03-30 23:35:14,109:INFO:Loading datasets ...
2021-03-30 23:35:14,504:INFO:Test users: ['smc35', 'smc51', 'smc2', 'smc25', 'smc38', 'smc31', 'smc10']
2021-03-30 23:35:14,504:INFO:Features encoded: ['sex', 'SKC']
2021-03-30 23:35:14,505:INFO:Finding Cohorts ...
2021-03-30 23:35:14,506:INFO:Finding cohorts using: sex
2021-03-30 23:35:14,508:INFO:Training Cohort models ...
2021-03-30 23:38:30,771:INFO:Cohort assignation ...
2021-03-30 23:38:30,771:INFO:Matching via sex
2021-03-30 23:38:30,772:INFO:Cohort evaluation ...
2021-03-30 23:38:31,021:INFO:Baseline holistic ...
2021-03-30 23:40:21,625:INFO:Baseline pcm ...
2021-03-30 23:40:21,625:INFO:Loading precomputed pcm ...
2021-03-30 23:40:21,757:INFO:########## Finished iteration 67 ##########
2021-03-30 23:40:21,757:INFO:########## Iteration 68 ##########
2021-03-30 23:40:21,757:INFO:Loading datasets ...
2021-03-30 23:40:22,152:INFO:Test users: ['smc48', 'smc34', 'smc22', 'smc4', 'smc45', 'smc38', 'smc43']
2021-03-30 23:40:22,152:INFO:Features encoded: ['sex', 'SKC']
2021-03-30 23:40:22,152:INFO:Finding Cohorts ...
2021-03-30 23:40:22,153:INFO:Finding cohorts using: sex
2021-03-30 23:40:22,156:INFO:Training Cohort models ...
2021-03-30 23:43:19,564:INFO:Cohort assignation ...
2021-03-30 23:43:19,564:INFO:Matching via sex
2021-03-30 23:43:19,565:INFO:Cohort evaluation ...
2021-03-30 23:43:19,774:INFO:Baseline holistic ...
2021-03-30 23:45:53,712:INFO:Baseline pcm ...
2021-03-30 23:45:53,712:INFO:Loading precomputed pcm ...
2021-03-30 23:45:53,911:INFO:########## Finished iteration 68 ##########
2021-03-30 23:45:53,911:INFO:########## Iteration 69 ##########
2021-03-30 23:45:53,911:INFO:Loading datasets ...
2021-03-30 23:45:54,304:INFO:Test users: ['smc2', 'smc25', 'smc34', 'smc36', 'smc29', 'smc33', 'smc35']
2021-03-30 23:45:54,304:INFO:Features encoded: ['sex', 'SKC']
2021-03-30 23:45:54,304:INFO:Finding Cohorts ...
2021-03-30 23:45:54,305:INFO:Finding cohorts using: sex
2021-03-30 23:45:54,308:INFO:Training Cohort models ...
2021-03-30 23:48:35,048:INFO:Cohort assignation ...
2021-03-30 23:48:35,048:INFO:Matching via sex
2021-03-30 23:48:35,049:INFO:Cohort evaluation ...
2021-03-30 23:48:35,202:INFO:Baseline holistic ...
2021-03-30 23:50:48,507:INFO:Baseline pcm ...
2021-03-30 23:50:48,507:INFO:Loading precomputed pcm ...
2021-03-30 23:50:48,640:INFO:########## Finished iteration 69 ##########
2021-03-30 23:50:48,640:INFO:########## Iteration 70 ##########
2021-03-30 23:50:48,640:INFO:Loading datasets ...
2021-03-30 23:50:49,036:INFO:Test users: ['smc47', 'smc35', 'smc30', 'smc48', 'smc46', 'smc21', 'smc23']
2021-03-30 23:50:49,037:INFO:Features encoded: ['sex', 'SKC']
2021-03-30 23:50:49,037:INFO:Finding Cohorts ...
2021-03-30 23:50:49,037:INFO:Finding cohorts using: sex
2021-03-30 23:50:49,040:INFO:Training Cohort models ...
2021-03-30 23:53:14,126:INFO:Cohort assignation ...
2021-03-30 23:53:14,126:INFO:Matching via sex
2021-03-30 23:53:14,127:INFO:Cohort evaluation ...
2021-03-30 23:53:14,229:INFO:Baseline holistic ...
2021-03-30 23:55:50,286:INFO:Baseline pcm ...
2021-03-30 23:55:50,286:INFO:Loading precomputed pcm ...
2021-03-30 23:55:50,418:INFO:########## Finished iteration 70 ##########
2021-03-30 23:55:50,418:INFO:########## Iteration 71 ##########
2021-03-30 23:55:50,418:INFO:Loading datasets ...
2021-03-30 23:55:50,813:INFO:Test users: ['smc51', 'smc38', 'smc22', 'smc45', 'smc34', 'smc36', 'smc31']
2021-03-30 23:55:50,813:INFO:Features encoded: ['sex', 'SKC']
2021-03-30 23:55:50,813:INFO:Finding Cohorts ...
2021-03-30 23:55:50,814:INFO:Finding cohorts using: sex
2021-03-30 23:55:50,816:INFO:Training Cohort models ...
2021-03-30 23:58:30,779:INFO:Cohort assignation ...
2021-03-30 23:58:30,779:INFO:Matching via sex
2021-03-30 23:58:30,780:INFO:Cohort evaluation ...
2021-03-30 23:58:30,949:INFO:Baseline holistic ...
2021-03-31 00:01:06,717:INFO:Baseline pcm ...
2021-03-31 00:01:06,717:INFO:Loading precomputed pcm ...
2021-03-31 00:01:06,850:INFO:########## Finished iteration 71 ##########
2021-03-31 00:01:06,850:INFO:########## Iteration 72 ##########
2021-03-31 00:01:06,850:INFO:Loading datasets ...
2021-03-31 00:01:07,248:INFO:Test users: ['smc11', 'smc4', 'smc40', 'smc38', 'smc29', 'smc20', 'smc31']
2021-03-31 00:01:07,248:INFO:Features encoded: ['sex', 'SKC']
2021-03-31 00:01:07,248:INFO:Finding Cohorts ...
2021-03-31 00:01:07,249:INFO:Finding cohorts using: sex
2021-03-31 00:01:07,251:INFO:Training Cohort models ...
2021-03-31 00:04:06,514:INFO:Cohort assignation ...
2021-03-31 00:04:06,514:INFO:Matching via sex
2021-03-31 00:04:06,516:INFO:Cohort evaluation ...
2021-03-31 00:04:06,714:INFO:Baseline holistic ...
2021-03-31 00:06:43,165:INFO:Baseline pcm ...
2021-03-31 00:06:43,166:INFO:Loading precomputed pcm ...
2021-03-31 00:06:43,297:INFO:########## Finished iteration 72 ##########
2021-03-31 00:06:43,297:INFO:########## Iteration 73 ##########
2021-03-31 00:06:43,297:INFO:Loading datasets ...
2021-03-31 00:06:43,694:INFO:Test users: ['smc25', 'smc21', 'smc44', 'smc8', 'smc29', 'smc4', 'smc51']
2021-03-31 00:06:43,694:INFO:Features encoded: ['sex', 'SKC']
2021-03-31 00:06:43,694:INFO:Finding Cohorts ...
2021-03-31 00:06:43,695:INFO:Finding cohorts using: sex
2021-03-31 00:06:43,697:INFO:Training Cohort models ...
2021-03-31 00:10:01,686:INFO:Cohort assignation ...
2021-03-31 00:10:01,686:INFO:Matching via sex
2021-03-31 00:10:01,688:INFO:Cohort evaluation ...
2021-03-31 00:10:01,924:INFO:Baseline holistic ...
2021-03-31 00:11:54,031:INFO:Baseline pcm ...
2021-03-31 00:11:54,031:INFO:Loading precomputed pcm ...
2021-03-31 00:11:54,165:INFO:########## Finished iteration 73 ##########
2021-03-31 00:11:54,165:INFO:########## Iteration 74 ##########
2021-03-31 00:11:54,165:INFO:Loading datasets ...
2021-03-31 00:11:54,562:INFO:Test users: ['smc35', 'smc34', 'smc36', 'smc28', 'smc47', 'smc9', 'smc51']
2021-03-31 00:11:54,562:INFO:Features encoded: ['sex', 'SKC']
2021-03-31 00:11:54,562:INFO:Finding Cohorts ...
2021-03-31 00:11:54,563:INFO:Finding cohorts using: sex
2021-03-31 00:11:54,565:INFO:Training Cohort models ...
2021-03-31 00:15:08,868:INFO:Cohort assignation ...
2021-03-31 00:15:08,868:INFO:Matching via sex
2021-03-31 00:15:08,869:INFO:Cohort evaluation ...
2021-03-31 00:15:09,119:INFO:Baseline holistic ...
2021-03-31 00:16:57,796:INFO:Baseline pcm ...
2021-03-31 00:16:57,796:INFO:Loading precomputed pcm ...
2021-03-31 00:16:57,929:INFO:########## Finished iteration 74 ##########
2021-03-31 00:16:57,930:INFO:########## Iteration 75 ##########
2021-03-31 00:16:57,930:INFO:Loading datasets ...
2021-03-31 00:16:58,324:INFO:Test users: ['smc34', 'smc29', 'smc48', 'smc26', 'smc6', 'smc38', 'smc11']
2021-03-31 00:16:58,324:INFO:Features encoded: ['sex', 'SKC']
2021-03-31 00:16:58,324:INFO:Finding Cohorts ...
2021-03-31 00:16:58,325:INFO:Finding cohorts using: sex
2021-03-31 00:16:58,328:INFO:Training Cohort models ...
2021-03-31 00:19:56,832:INFO:Cohort assignation ...
2021-03-31 00:19:56,832:INFO:Matching via sex
2021-03-31 00:19:56,833:INFO:Cohort evaluation ...
2021-03-31 00:19:57,069:INFO:Baseline holistic ...
2021-03-31 00:22:33,694:INFO:Baseline pcm ...
2021-03-31 00:22:33,694:INFO:Loading precomputed pcm ...
2021-03-31 00:22:33,890:INFO:########## Finished iteration 75 ##########
2021-03-31 00:22:33,890:INFO:########## Iteration 76 ##########
2021-03-31 00:22:33,891:INFO:Loading datasets ...
2021-03-31 00:22:34,286:INFO:Test users: ['smc28', 'smc5', 'smc38', 'smc50', 'smc34', 'smc31', 'smc10']
2021-03-31 00:22:34,286:INFO:Features encoded: ['sex', 'SKC']
2021-03-31 00:22:34,286:INFO:Finding Cohorts ...
2021-03-31 00:22:34,287:INFO:Finding cohorts using: sex
2021-03-31 00:22:34,289:INFO:Training Cohort models ...
2021-03-31 00:25:17,387:INFO:Cohort assignation ...
2021-03-31 00:25:17,387:INFO:Matching via sex
2021-03-31 00:25:17,389:INFO:Cohort evaluation ...
2021-03-31 00:25:17,530:INFO:Baseline holistic ...
2021-03-31 00:27:09,146:INFO:Baseline pcm ...
2021-03-31 00:27:09,146:INFO:Loading precomputed pcm ...
2021-03-31 00:27:09,278:INFO:########## Finished iteration 76 ##########
2021-03-31 00:27:09,278:INFO:########## Iteration 77 ##########
2021-03-31 00:27:09,279:INFO:Loading datasets ...
2021-03-31 00:27:09,675:INFO:Test users: ['smc36', 'smc11', 'smc51', 'smc28', 'smc45', 'smc27', 'smc38']
2021-03-31 00:27:09,675:INFO:Features encoded: ['sex', 'SKC']
2021-03-31 00:27:09,675:INFO:Finding Cohorts ...
2021-03-31 00:27:09,675:INFO:Finding cohorts using: sex
2021-03-31 00:27:09,678:INFO:Training Cohort models ...
2021-03-31 00:30:09,692:INFO:Cohort assignation ...
2021-03-31 00:30:09,692:INFO:Matching via sex
2021-03-31 00:30:09,693:INFO:Cohort evaluation ...
2021-03-31 00:30:09,877:INFO:Baseline holistic ...
2021-03-31 00:32:44,714:INFO:Baseline pcm ...
2021-03-31 00:32:44,714:INFO:Loading precomputed pcm ...
2021-03-31 00:32:44,913:INFO:########## Finished iteration 77 ##########
2021-03-31 00:32:44,913:INFO:########## Iteration 78 ##########
2021-03-31 00:32:44,913:INFO:Loading datasets ...
2021-03-31 00:32:45,308:INFO:Test users: ['smc47', 'smc28', 'smc45', 'smc29', 'smc44', 'smc50', 'smc25']
2021-03-31 00:32:45,308:INFO:Features encoded: ['sex', 'SKC']
2021-03-31 00:32:45,308:INFO:Finding Cohorts ...
2021-03-31 00:32:45,309:INFO:Finding cohorts using: sex
2021-03-31 00:32:45,312:INFO:Training Cohort models ...
2021-03-31 00:36:03,919:INFO:Cohort assignation ...
2021-03-31 00:36:03,919:INFO:Matching via sex
2021-03-31 00:36:03,920:INFO:Cohort evaluation ...
2021-03-31 00:36:04,156:INFO:Baseline holistic ...
2021-03-31 00:37:57,080:INFO:Baseline pcm ...
2021-03-31 00:37:57,080:INFO:Loading precomputed pcm ...
2021-03-31 00:37:57,213:INFO:########## Finished iteration 78 ##########
2021-03-31 00:37:57,214:INFO:########## Iteration 79 ##########
2021-03-31 00:37:57,214:INFO:Loading datasets ...
2021-03-31 00:37:57,608:INFO:Test users: ['smc27', 'smc43', 'smc40', 'smc4', 'smc26', 'smc11', 'smc20']
2021-03-31 00:37:57,608:INFO:Features encoded: ['sex', 'SKC']
2021-03-31 00:37:57,608:INFO:Finding Cohorts ...
2021-03-31 00:37:57,610:INFO:Finding cohorts using: sex
2021-03-31 00:37:57,612:INFO:Training Cohort models ...
2021-03-31 00:40:37,184:INFO:Cohort assignation ...
2021-03-31 00:40:37,184:INFO:Matching via sex
2021-03-31 00:40:37,185:INFO:Cohort evaluation ...
2021-03-31 00:40:37,355:INFO:Baseline holistic ...
2021-03-31 00:42:25,387:INFO:Baseline pcm ...
2021-03-31 00:42:25,387:INFO:Loading precomputed pcm ...
2021-03-31 00:42:25,520:INFO:########## Finished iteration 79 ##########
2021-03-31 00:42:25,520:INFO:########## Iteration 80 ##########
2021-03-31 00:42:25,520:INFO:Loading datasets ...
2021-03-31 00:42:25,913:INFO:Test users: ['smc31', 'smc1', 'smc40', 'smc23', 'smc6', 'smc8', 'smc44']
2021-03-31 00:42:25,913:INFO:Features encoded: ['sex', 'SKC']
2021-03-31 00:42:25,913:INFO:Finding Cohorts ...
2021-03-31 00:42:25,914:INFO:Finding cohorts using: sex
2021-03-31 00:42:25,916:INFO:Training Cohort models ...
2021-03-31 00:45:09,791:INFO:Cohort assignation ...
2021-03-31 00:45:09,791:INFO:Matching via sex
2021-03-31 00:45:09,792:INFO:Cohort evaluation ...
2021-03-31 00:45:09,935:INFO:Baseline holistic ...
2021-03-31 00:47:25,355:INFO:Baseline pcm ...
2021-03-31 00:47:25,355:INFO:Loading precomputed pcm ...
2021-03-31 00:47:25,486:INFO:########## Finished iteration 80 ##########
2021-03-31 00:47:25,486:INFO:########## Iteration 81 ##########
2021-03-31 00:47:25,486:INFO:Loading datasets ...
2021-03-31 00:47:25,880:INFO:Test users: ['smc23', 'smc30', 'smc43', 'smc21', 'smc27', 'smc46', 'smc47']
2021-03-31 00:47:25,880:INFO:Features encoded: ['sex', 'SKC']
2021-03-31 00:47:25,881:INFO:Finding Cohorts ...
2021-03-31 00:47:25,881:INFO:Finding cohorts using: sex
2021-03-31 00:47:25,883:INFO:Training Cohort models ...
2021-03-31 00:50:23,873:INFO:Cohort assignation ...
2021-03-31 00:50:23,873:INFO:Matching via sex
2021-03-31 00:50:23,874:INFO:Cohort evaluation ...
2021-03-31 00:50:24,072:INFO:Baseline holistic ...
2021-03-31 00:52:59,646:INFO:Baseline pcm ...
2021-03-31 00:52:59,646:INFO:Loading precomputed pcm ...
2021-03-31 00:52:59,779:INFO:########## Finished iteration 81 ##########
2021-03-31 00:52:59,779:INFO:########## Iteration 82 ##########
2021-03-31 00:52:59,779:INFO:Loading datasets ...
2021-03-31 00:53:00,172:INFO:Test users: ['smc44', 'smc40', 'smc11', 'smc25', 'smc1', 'smc28', 'smc47']
2021-03-31 00:53:00,173:INFO:Features encoded: ['sex', 'SKC']
2021-03-31 00:53:00,173:INFO:Finding Cohorts ...
2021-03-31 00:53:00,174:INFO:Finding cohorts using: sex
2021-03-31 00:53:00,176:INFO:Training Cohort models ...
2021-03-31 00:56:34,411:INFO:Cohort assignation ...
2021-03-31 00:56:34,411:INFO:Matching via sex
2021-03-31 00:56:34,412:INFO:Cohort evaluation ...
2021-03-31 00:56:34,702:INFO:Baseline holistic ...
2021-03-31 00:58:26,238:INFO:Baseline pcm ...
2021-03-31 00:58:26,238:INFO:Loading precomputed pcm ...
2021-03-31 00:58:26,432:INFO:########## Finished iteration 82 ##########
2021-03-31 00:58:26,432:INFO:########## Iteration 83 ##########
2021-03-31 00:58:26,433:INFO:Loading datasets ...
2021-03-31 00:58:26,825:INFO:Test users: ['smc2', 'smc40', 'smc1', 'smc50', 'smc48', 'smc10', 'smc9']
2021-03-31 00:58:26,825:INFO:Features encoded: ['sex', 'SKC']
2021-03-31 00:58:26,825:INFO:Finding Cohorts ...
2021-03-31 00:58:26,826:INFO:Finding cohorts using: sex
2021-03-31 00:58:26,829:INFO:Training Cohort models ...
2021-03-31 01:01:59,316:INFO:Cohort assignation ...
2021-03-31 01:01:59,317:INFO:Matching via sex
2021-03-31 01:01:59,318:INFO:Cohort evaluation ...
2021-03-31 01:01:59,607:INFO:Baseline holistic ...
2021-03-31 01:03:50,176:INFO:Baseline pcm ...
2021-03-31 01:03:50,176:INFO:Loading precomputed pcm ...
2021-03-31 01:03:50,373:INFO:########## Finished iteration 83 ##########
2021-03-31 01:03:50,373:INFO:########## Iteration 84 ##########
2021-03-31 01:03:50,373:INFO:Loading datasets ...
2021-03-31 01:03:50,766:INFO:Test users: ['smc31', 'smc5', 'smc51', 'smc6', 'smc27', 'smc43', 'smc34']
2021-03-31 01:03:50,766:INFO:Features encoded: ['sex', 'SKC']
2021-03-31 01:03:50,766:INFO:Finding Cohorts ...
2021-03-31 01:03:50,767:INFO:Finding cohorts using: sex
2021-03-31 01:03:50,770:INFO:Training Cohort models ...
2021-03-31 01:06:47,095:INFO:Cohort assignation ...
2021-03-31 01:06:47,095:INFO:Matching via sex
2021-03-31 01:06:47,096:INFO:Cohort evaluation ...
2021-03-31 01:06:47,333:INFO:Baseline holistic ...
2021-03-31 01:09:22,738:INFO:Baseline pcm ...
2021-03-31 01:09:22,738:INFO:Loading precomputed pcm ...
2021-03-31 01:09:22,872:INFO:########## Finished iteration 84 ##########
2021-03-31 01:09:22,872:INFO:########## Iteration 85 ##########
2021-03-31 01:09:22,872:INFO:Loading datasets ...
2021-03-31 01:09:23,266:INFO:Test users: ['smc36', 'smc29', 'smc9', 'smc43', 'smc1', 'smc34', 'smc10']
2021-03-31 01:09:23,266:INFO:Features encoded: ['sex', 'SKC']
2021-03-31 01:09:23,266:INFO:Finding Cohorts ...
2021-03-31 01:09:23,267:INFO:Finding cohorts using: sex
2021-03-31 01:09:23,270:INFO:Training Cohort models ...
2021-03-31 01:12:06,417:INFO:Cohort assignation ...
2021-03-31 01:12:06,417:INFO:Matching via sex
2021-03-31 01:12:06,418:INFO:Cohort evaluation ...
2021-03-31 01:12:06,560:INFO:Baseline holistic ...
2021-03-31 01:14:42,148:INFO:Baseline pcm ...
2021-03-31 01:14:42,148:INFO:Loading precomputed pcm ...
2021-03-31 01:14:42,281:INFO:########## Finished iteration 85 ##########
2021-03-31 01:14:42,281:INFO:########## Iteration 86 ##########
2021-03-31 01:14:42,281:INFO:Loading datasets ...
2021-03-31 01:14:42,674:INFO:Test users: ['smc30', 'smc35', 'smc46', 'smc2', 'smc5', 'smc43', 'smc38']
2021-03-31 01:14:42,674:INFO:Features encoded: ['sex', 'SKC']
2021-03-31 01:14:42,675:INFO:Finding Cohorts ...
2021-03-31 01:14:42,675:INFO:Finding cohorts using: sex
2021-03-31 01:14:42,677:INFO:Training Cohort models ...
2021-03-31 01:17:07,238:INFO:Cohort assignation ...
2021-03-31 01:17:07,238:INFO:Matching via sex
2021-03-31 01:17:07,239:INFO:Cohort evaluation ...
2021-03-31 01:17:07,340:INFO:Baseline holistic ...
2021-03-31 01:19:43,589:INFO:Baseline pcm ...
2021-03-31 01:19:43,589:INFO:Loading precomputed pcm ...
2021-03-31 01:19:43,722:INFO:########## Finished iteration 86 ##########
2021-03-31 01:19:43,722:INFO:########## Iteration 87 ##########
2021-03-31 01:19:43,722:INFO:Loading datasets ...
2021-03-31 01:19:44,116:INFO:Test users: ['smc36', 'smc46', 'smc6', 'smc43', 'smc5', 'smc34', 'smc44']
2021-03-31 01:19:44,116:INFO:Features encoded: ['sex', 'SKC']
2021-03-31 01:19:44,116:INFO:Finding Cohorts ...
2021-03-31 01:19:44,117:INFO:Finding cohorts using: sex
2021-03-31 01:19:44,119:INFO:Training Cohort models ...
2021-03-31 01:23:17,566:INFO:Cohort assignation ...
2021-03-31 01:23:17,566:INFO:Matching via sex
2021-03-31 01:23:17,567:INFO:Cohort evaluation ...
2021-03-31 01:23:17,858:INFO:Baseline holistic ...
2021-03-31 01:25:55,242:INFO:Baseline pcm ...
2021-03-31 01:25:55,242:INFO:Loading precomputed pcm ...
2021-03-31 01:25:55,375:INFO:########## Finished iteration 87 ##########
2021-03-31 01:25:55,375:INFO:########## Iteration 88 ##########
2021-03-31 01:25:55,376:INFO:Loading datasets ...
2021-03-31 01:25:55,767:INFO:Test users: ['smc21', 'smc6', 'smc23', 'smc51', 'smc1', 'smc35', 'smc9']
2021-03-31 01:25:55,767:INFO:Features encoded: ['sex', 'SKC']
2021-03-31 01:25:55,768:INFO:Finding Cohorts ...
2021-03-31 01:25:55,769:INFO:Finding cohorts using: sex
2021-03-31 01:25:55,771:INFO:Training Cohort models ...
2021-03-31 01:28:38,299:INFO:Cohort assignation ...
2021-03-31 01:28:38,299:INFO:Matching via sex
2021-03-31 01:28:38,301:INFO:Cohort evaluation ...
2021-03-31 01:28:38,442:INFO:Baseline holistic ...
2021-03-31 01:30:50,964:INFO:Baseline pcm ...
2021-03-31 01:30:50,964:INFO:Loading precomputed pcm ...
2021-03-31 01:30:51,097:INFO:########## Finished iteration 88 ##########
2021-03-31 01:30:51,097:INFO:########## Iteration 89 ##########
2021-03-31 01:30:51,097:INFO:Loading datasets ...
2021-03-31 01:30:51,491:INFO:Test users: ['smc45', 'smc33', 'smc50', 'smc20', 'smc36', 'smc35', 'smc22']
2021-03-31 01:30:51,491:INFO:Features encoded: ['sex', 'SKC']
2021-03-31 01:30:51,491:INFO:Finding Cohorts ...
2021-03-31 01:30:51,492:INFO:Finding cohorts using: sex
2021-03-31 01:30:51,494:INFO:Training Cohort models ...
2021-03-31 01:34:06,622:INFO:Cohort assignation ...
2021-03-31 01:34:06,622:INFO:Matching via sex
2021-03-31 01:34:06,624:INFO:Cohort evaluation ...
2021-03-31 01:34:06,848:INFO:Baseline holistic ...
2021-03-31 01:36:19,490:INFO:Baseline pcm ...
2021-03-31 01:36:19,490:INFO:Loading precomputed pcm ...
2021-03-31 01:36:19,623:INFO:########## Finished iteration 89 ##########
2021-03-31 01:36:19,624:INFO:########## Iteration 90 ##########
2021-03-31 01:36:19,624:INFO:Loading datasets ...
2021-03-31 01:36:20,020:INFO:Test users: ['smc26', 'smc25', 'smc29', 'smc23', 'smc51', 'smc4', 'smc20']
2021-03-31 01:36:20,021:INFO:Features encoded: ['sex', 'SKC']
2021-03-31 01:36:20,021:INFO:Finding Cohorts ...
2021-03-31 01:36:20,022:INFO:Finding cohorts using: sex
2021-03-31 01:36:20,024:INFO:Training Cohort models ...
2021-03-31 01:39:54,035:INFO:Cohort assignation ...
2021-03-31 01:39:54,035:INFO:Matching via sex
2021-03-31 01:39:54,036:INFO:Cohort evaluation ...
2021-03-31 01:39:54,326:INFO:Baseline holistic ...
2021-03-31 01:41:44,306:INFO:Baseline pcm ...
2021-03-31 01:41:44,306:INFO:Loading precomputed pcm ...
2021-03-31 01:41:44,502:INFO:########## Finished iteration 90 ##########
2021-03-31 01:41:44,503:INFO:########## Iteration 91 ##########
2021-03-31 01:41:44,503:INFO:Loading datasets ...
2021-03-31 01:41:44,895:INFO:Test users: ['smc27', 'smc51', 'smc45', 'smc23', 'smc46', 'smc6', 'smc1']
2021-03-31 01:41:44,895:INFO:Features encoded: ['sex', 'SKC']
2021-03-31 01:41:44,895:INFO:Finding Cohorts ...
2021-03-31 01:41:44,896:INFO:Finding cohorts using: sex
2021-03-31 01:41:44,898:INFO:Training Cohort models ...
2021-03-31 01:44:45,390:INFO:Cohort assignation ...
2021-03-31 01:44:45,390:INFO:Matching via sex
2021-03-31 01:44:45,392:INFO:Cohort evaluation ...
2021-03-31 01:44:45,574:INFO:Baseline holistic ...
2021-03-31 01:47:22,120:INFO:Baseline pcm ...
2021-03-31 01:47:22,120:INFO:Loading precomputed pcm ...
2021-03-31 01:47:22,318:INFO:########## Finished iteration 91 ##########
2021-03-31 01:47:22,318:INFO:########## Iteration 92 ##########
2021-03-31 01:47:22,318:INFO:Loading datasets ...
2021-03-31 01:47:22,712:INFO:Test users: ['smc46', 'smc44', 'smc50', 'smc9', 'smc23', 'smc10', 'smc29']
2021-03-31 01:47:22,712:INFO:Features encoded: ['sex', 'SKC']
2021-03-31 01:47:22,712:INFO:Finding Cohorts ...
2021-03-31 01:47:22,713:INFO:Finding cohorts using: sex
2021-03-31 01:47:22,715:INFO:Training Cohort models ...
2021-03-31 01:50:05,879:INFO:Cohort assignation ...
2021-03-31 01:50:05,879:INFO:Matching via sex
2021-03-31 01:50:05,880:INFO:Cohort evaluation ...
2021-03-31 01:50:06,065:INFO:Baseline holistic ...
2021-03-31 01:51:57,775:INFO:Baseline pcm ...
2021-03-31 01:51:57,775:INFO:Loading precomputed pcm ...
2021-03-31 01:51:57,907:INFO:########## Finished iteration 92 ##########
2021-03-31 01:51:57,907:INFO:########## Iteration 93 ##########
2021-03-31 01:51:57,907:INFO:Loading datasets ...
2021-03-31 01:51:58,299:INFO:Test users: ['smc26', 'smc27', 'smc45', 'smc25', 'smc40', 'smc1', 'smc30']
2021-03-31 01:51:58,299:INFO:Features encoded: ['sex', 'SKC']
2021-03-31 01:51:58,299:INFO:Finding Cohorts ...
2021-03-31 01:51:58,300:INFO:Finding cohorts using: sex
2021-03-31 01:51:58,302:INFO:Training Cohort models ...
2021-03-31 01:55:17,028:INFO:Cohort assignation ...
2021-03-31 01:55:17,028:INFO:Matching via sex
2021-03-31 01:55:17,029:INFO:Cohort evaluation ...
2021-03-31 01:55:17,226:INFO:Baseline holistic ...
2021-03-31 01:57:08,094:INFO:Baseline pcm ...
2021-03-31 01:57:08,094:INFO:Loading precomputed pcm ...
2021-03-31 01:57:08,227:INFO:########## Finished iteration 93 ##########
2021-03-31 01:57:08,227:INFO:########## Iteration 94 ##########
2021-03-31 01:57:08,227:INFO:Loading datasets ...
2021-03-31 01:57:08,622:INFO:Test users: ['smc6', 'smc43', 'smc26', 'smc11', 'smc5', 'smc36', 'smc34']
2021-03-31 01:57:08,622:INFO:Features encoded: ['sex', 'SKC']
2021-03-31 01:57:08,622:INFO:Finding Cohorts ...
2021-03-31 01:57:08,623:INFO:Finding cohorts using: sex
2021-03-31 01:57:08,625:INFO:Training Cohort models ...
2021-03-31 02:00:22,379:INFO:Cohort assignation ...
2021-03-31 02:00:22,379:INFO:Matching via sex
2021-03-31 02:00:22,380:INFO:Cohort evaluation ...
2021-03-31 02:00:22,631:INFO:Baseline holistic ...
2021-03-31 02:02:34,929:INFO:Baseline pcm ...
2021-03-31 02:02:34,929:INFO:Loading precomputed pcm ...
2021-03-31 02:02:35,062:INFO:########## Finished iteration 94 ##########
2021-03-31 02:02:35,062:INFO:########## Iteration 95 ##########
2021-03-31 02:02:35,063:INFO:Loading datasets ...
2021-03-31 02:02:35,458:INFO:Test users: ['smc36', 'smc2', 'smc31', 'smc22', 'smc6', 'smc34', 'smc8']
2021-03-31 02:02:35,458:INFO:Features encoded: ['sex', 'SKC']
2021-03-31 02:02:35,459:INFO:Finding Cohorts ...
2021-03-31 02:02:35,460:INFO:Finding cohorts using: sex
2021-03-31 02:02:35,462:INFO:Training Cohort models ...
2021-03-31 02:05:52,890:INFO:Cohort assignation ...
2021-03-31 02:05:52,890:INFO:Matching via sex
2021-03-31 02:05:52,891:INFO:Cohort evaluation ...
2021-03-31 02:05:53,142:INFO:Baseline holistic ...
2021-03-31 02:08:30,381:INFO:Baseline pcm ...
2021-03-31 02:08:30,381:INFO:Loading precomputed pcm ...
2021-03-31 02:08:30,578:INFO:########## Finished iteration 95 ##########
2021-03-31 02:08:30,578:INFO:########## Iteration 96 ##########
2021-03-31 02:08:30,578:INFO:Loading datasets ...
2021-03-31 02:08:30,972:INFO:Test users: ['smc5', 'smc47', 'smc46', 'smc21', 'smc28', 'smc6', 'smc30']
2021-03-31 02:08:30,972:INFO:Features encoded: ['sex', 'SKC']
2021-03-31 02:08:30,972:INFO:Finding Cohorts ...
2021-03-31 02:08:30,973:INFO:Finding cohorts using: sex
2021-03-31 02:08:30,975:INFO:Training Cohort models ...
2021-03-31 02:11:31,903:INFO:Cohort assignation ...
2021-03-31 02:11:31,903:INFO:Matching via sex
2021-03-31 02:11:31,904:INFO:Cohort evaluation ...
2021-03-31 02:11:32,142:INFO:Baseline holistic ...
2021-03-31 02:13:48,507:INFO:Baseline pcm ...
2021-03-31 02:13:48,507:INFO:Loading precomputed pcm ...
2021-03-31 02:13:48,640:INFO:########## Finished iteration 96 ##########
2021-03-31 02:13:48,641:INFO:########## Iteration 97 ##########
2021-03-31 02:13:48,641:INFO:Loading datasets ...
2021-03-31 02:13:49,038:INFO:Test users: ['smc43', 'smc5', 'smc29', 'smc44', 'smc36', 'smc22', 'smc11']
2021-03-31 02:13:49,039:INFO:Features encoded: ['sex', 'SKC']
2021-03-31 02:13:49,039:INFO:Finding Cohorts ...
2021-03-31 02:13:49,040:INFO:Finding cohorts using: sex
2021-03-31 02:13:49,042:INFO:Training Cohort models ...
2021-03-31 02:16:47,813:INFO:Cohort assignation ...
2021-03-31 02:16:47,813:INFO:Matching via sex
2021-03-31 02:16:47,814:INFO:Cohort evaluation ...
2021-03-31 02:16:48,052:INFO:Baseline holistic ...
2021-03-31 02:19:24,297:INFO:Baseline pcm ...
2021-03-31 02:19:24,297:INFO:Loading precomputed pcm ...
2021-03-31 02:19:24,494:INFO:########## Finished iteration 97 ##########
2021-03-31 02:19:24,494:INFO:########## Iteration 98 ##########
2021-03-31 02:19:24,494:INFO:Loading datasets ...
2021-03-31 02:19:24,885:INFO:Test users: ['smc21', 'smc44', 'smc51', 'smc33', 'smc1', 'smc40', 'smc48']
2021-03-31 02:19:24,886:INFO:Features encoded: ['sex', 'SKC']
2021-03-31 02:19:24,886:INFO:Finding Cohorts ...
2021-03-31 02:19:24,887:INFO:Finding cohorts using: sex
2021-03-31 02:19:24,889:INFO:Training Cohort models ...
2021-03-31 02:22:06,842:INFO:Cohort assignation ...
2021-03-31 02:22:06,842:INFO:Matching via sex
2021-03-31 02:22:06,844:INFO:Cohort evaluation ...
2021-03-31 02:22:06,986:INFO:Baseline holistic ...
2021-03-31 02:24:19,434:INFO:Baseline pcm ...
2021-03-31 02:24:19,434:INFO:Loading precomputed pcm ...
2021-03-31 02:24:19,566:INFO:########## Finished iteration 98 ##########
2021-03-31 02:24:19,567:INFO:########## Iteration 99 ##########
2021-03-31 02:24:19,567:INFO:Loading datasets ...
2021-03-31 02:24:19,960:INFO:Test users: ['smc31', 'smc48', 'smc23', 'smc29', 'smc35', 'smc46', 'smc27']
2021-03-31 02:24:19,960:INFO:Features encoded: ['sex', 'SKC']
2021-03-31 02:24:19,960:INFO:Finding Cohorts ...
2021-03-31 02:24:19,961:INFO:Finding cohorts using: sex
2021-03-31 02:24:19,963:INFO:Training Cohort models ...
2021-03-31 02:27:03,271:INFO:Cohort assignation ...
2021-03-31 02:27:03,271:INFO:Matching via sex
2021-03-31 02:27:03,272:INFO:Cohort evaluation ...
2021-03-31 02:27:03,428:INFO:Baseline holistic ...
2021-03-31 02:28:54,099:INFO:Baseline pcm ...
2021-03-31 02:28:54,099:INFO:Loading precomputed pcm ...
2021-03-31 02:28:54,230:INFO:########## Finished iteration 99 ##########
