2021-03-31 10:32:54,455:INFO:########## Iteration 0 ##########
2021-03-31 10:32:54,455:INFO:Loading datasets ...
2021-03-31 10:32:54,489:WARNING:
DeepCTR-PyTorch version 0.2.5 detected. Your version is 0.2.3.
Use `pip install -U deepctr-torch` to upgrade.Changelog: https://github.com/shenweichen/DeepCTR-Torch/releases/tag/v0.2.5
2021-03-31 10:32:54,983:INFO:Test users: ['smc51', 'smc1', 'smc4', 'smc35', 'smc48', 'smc50', 'smc11']
2021-03-31 10:32:54,983:INFO:Features encoded: ['sex', 'SKC']
2021-03-31 10:32:54,984:INFO:Finding Cohorts ...
2021-03-31 10:32:54,984:INFO:Finding cohorts using: sex
2021-03-31 10:32:54,986:INFO:Training Cohort models ...
2021-03-31 10:36:15,513:INFO:Cohort assignation ...
2021-03-31 10:36:15,513:INFO:Matching via sex
2021-03-31 10:36:15,515:INFO:Cohort evaluation ...
2021-03-31 10:36:15,710:INFO:Baseline holistic ...
2021-03-31 10:38:31,762:INFO:Baseline pcm ...
2021-03-31 10:38:31,762:INFO:Loading precomputed pcm ...
2021-03-31 10:38:31,938:INFO:########## Finished iteration 0 ##########
2021-03-31 10:38:31,938:INFO:########## Iteration 1 ##########
2021-03-31 10:38:31,938:INFO:Loading datasets ...
2021-03-31 10:38:32,768:INFO:Test users: ['smc23', 'smc35', 'smc33', 'smc45', 'smc44', 'smc25', 'smc4']
2021-03-31 10:38:32,768:INFO:Features encoded: ['sex', 'SKC']
2021-03-31 10:38:32,769:INFO:Finding Cohorts ...
2021-03-31 10:38:32,770:INFO:Finding cohorts using: sex
2021-03-31 10:38:32,773:INFO:Training Cohort models ...
2021-03-31 10:41:21,500:INFO:Cohort assignation ...
2021-03-31 10:41:21,500:INFO:Matching via sex
2021-03-31 10:41:21,501:INFO:Cohort evaluation ...
2021-03-31 10:41:21,607:INFO:Baseline holistic ...
2021-03-31 10:43:56,105:INFO:Baseline pcm ...
2021-03-31 10:43:56,105:INFO:Loading precomputed pcm ...
2021-03-31 10:43:56,234:INFO:########## Finished iteration 1 ##########
2021-03-31 10:43:56,235:INFO:########## Iteration 2 ##########
2021-03-31 10:43:56,235:INFO:Loading datasets ...
2021-03-31 10:43:56,625:INFO:Test users: ['smc28', 'smc1', 'smc27', 'smc51', 'smc6', 'smc8', 'smc48']
2021-03-31 10:43:56,625:INFO:Features encoded: ['sex', 'SKC']
2021-03-31 10:43:56,625:INFO:Finding Cohorts ...
2021-03-31 10:43:56,625:INFO:Finding cohorts using: sex
2021-03-31 10:43:56,627:INFO:Training Cohort models ...
2021-03-31 10:47:29,512:INFO:Cohort assignation ...
2021-03-31 10:47:29,512:INFO:Matching via sex
2021-03-31 10:47:29,513:INFO:Cohort evaluation ...
2021-03-31 10:47:29,796:INFO:Baseline holistic ...
2021-03-31 10:50:06,491:INFO:Baseline pcm ...
2021-03-31 10:50:06,491:INFO:Loading precomputed pcm ...
2021-03-31 10:50:06,624:INFO:########## Finished iteration 2 ##########
2021-03-31 10:50:06,624:INFO:########## Iteration 3 ##########
2021-03-31 10:50:06,624:INFO:Loading datasets ...
2021-03-31 10:50:07,022:INFO:Test users: ['smc46', 'smc51', 'smc21', 'smc48', 'smc44', 'smc11', 'smc8']
2021-03-31 10:50:07,023:INFO:Features encoded: ['sex', 'SKC']
2021-03-31 10:50:07,023:INFO:Finding Cohorts ...
2021-03-31 10:50:07,024:INFO:Finding cohorts using: sex
2021-03-31 10:50:07,027:INFO:Training Cohort models ...
2021-03-31 10:52:49,764:INFO:Cohort assignation ...
2021-03-31 10:52:49,764:INFO:Matching via sex
2021-03-31 10:52:49,765:INFO:Cohort evaluation ...
2021-03-31 10:52:49,895:INFO:Baseline holistic ...
2021-03-31 10:55:39,711:INFO:Baseline pcm ...
2021-03-31 10:55:39,717:INFO:Loading precomputed pcm ...
2021-03-31 10:55:39,917:INFO:########## Finished iteration 3 ##########
2021-03-31 10:55:39,918:INFO:########## Iteration 4 ##########
2021-03-31 10:55:39,918:INFO:Loading datasets ...
2021-03-31 10:55:40,723:INFO:Test users: ['smc25', 'smc46', 'smc28', 'smc45', 'smc22', 'smc4', 'smc36']
2021-03-31 10:55:40,723:INFO:Features encoded: ['sex', 'SKC']
2021-03-31 10:55:40,724:INFO:Finding Cohorts ...
2021-03-31 10:55:40,725:INFO:Finding cohorts using: sex
2021-03-31 10:55:40,729:INFO:Training Cohort models ...
2021-03-31 10:59:04,671:INFO:Cohort assignation ...
2021-03-31 10:59:04,671:INFO:Matching via sex
2021-03-31 10:59:04,673:INFO:Cohort evaluation ...
2021-03-31 10:59:04,854:INFO:Baseline holistic ...
2021-03-31 11:02:06,366:INFO:Baseline pcm ...
2021-03-31 11:02:06,366:INFO:Loading precomputed pcm ...
2021-03-31 11:02:06,728:INFO:########## Finished iteration 4 ##########
2021-03-31 11:02:06,728:INFO:########## Iteration 5 ##########
2021-03-31 11:02:06,728:INFO:Loading datasets ...
2021-03-31 11:02:07,556:INFO:Test users: ['smc22', 'smc30', 'smc35', 'smc26', 'smc23', 'smc29', 'smc20']
2021-03-31 11:02:07,557:INFO:Features encoded: ['sex', 'SKC']
2021-03-31 11:02:07,557:INFO:Finding Cohorts ...
2021-03-31 11:02:07,559:INFO:Finding cohorts using: sex
2021-03-31 11:02:07,563:INFO:Training Cohort models ...
2021-03-31 11:05:41,647:INFO:Cohort assignation ...
2021-03-31 11:05:41,647:INFO:Matching via sex
2021-03-31 11:05:41,648:INFO:Cohort evaluation ...
2021-03-31 11:05:41,900:INFO:Baseline holistic ...
2021-03-31 11:08:00,314:INFO:Baseline pcm ...
2021-03-31 11:08:00,314:INFO:Loading precomputed pcm ...
2021-03-31 11:08:00,451:INFO:########## Finished iteration 5 ##########
2021-03-31 11:08:00,452:INFO:########## Iteration 6 ##########
2021-03-31 11:08:00,452:INFO:Loading datasets ...
2021-03-31 11:08:00,861:INFO:Test users: ['smc5', 'smc50', 'smc8', 'smc51', 'smc35', 'smc31', 'smc21']
2021-03-31 11:08:00,861:INFO:Features encoded: ['sex', 'SKC']
2021-03-31 11:08:00,861:INFO:Finding Cohorts ...
2021-03-31 11:08:00,862:INFO:Finding cohorts using: sex
2021-03-31 11:08:00,865:INFO:Training Cohort models ...
2021-03-31 11:12:24,781:INFO:Cohort assignation ...
2021-03-31 11:12:24,781:INFO:Matching via sex
2021-03-31 11:12:24,783:INFO:Cohort evaluation ...
2021-03-31 11:12:25,088:INFO:Baseline holistic ...
2021-03-31 11:14:55,934:INFO:Baseline pcm ...
2021-03-31 11:14:55,934:INFO:Loading precomputed pcm ...
2021-03-31 11:14:56,146:INFO:########## Finished iteration 6 ##########
2021-03-31 11:14:56,146:INFO:########## Iteration 7 ##########
2021-03-31 11:14:56,146:INFO:Loading datasets ...
2021-03-31 11:14:57,061:INFO:Test users: ['smc36', 'smc45', 'smc26', 'smc43', 'smc40', 'smc27', 'smc44']
2021-03-31 11:14:57,061:INFO:Features encoded: ['sex', 'SKC']
2021-03-31 11:14:57,061:INFO:Finding Cohorts ...
2021-03-31 11:14:57,064:INFO:Finding cohorts using: sex
2021-03-31 11:14:57,068:INFO:Training Cohort models ...
2021-03-31 11:18:16,622:INFO:Cohort assignation ...
2021-03-31 11:18:16,628:INFO:Matching via sex
2021-03-31 11:18:16,630:INFO:Cohort evaluation ...
2021-03-31 11:18:16,745:INFO:Baseline holistic ...
2021-03-31 11:20:47,113:INFO:Baseline pcm ...
2021-03-31 11:20:47,113:INFO:Loading precomputed pcm ...
2021-03-31 11:20:47,249:INFO:########## Finished iteration 7 ##########
2021-03-31 11:20:47,249:INFO:########## Iteration 8 ##########
2021-03-31 11:20:47,249:INFO:Loading datasets ...
2021-03-31 11:20:47,662:INFO:Test users: ['smc23', 'smc29', 'smc33', 'smc5', 'smc40', 'smc28', 'smc45']
2021-03-31 11:20:47,662:INFO:Features encoded: ['sex', 'SKC']
2021-03-31 11:20:47,662:INFO:Finding Cohorts ...
2021-03-31 11:20:47,663:INFO:Finding cohorts using: sex
2021-03-31 11:20:47,665:INFO:Training Cohort models ...
2021-03-31 11:24:26,234:INFO:Cohort assignation ...
2021-03-31 11:24:26,234:INFO:Matching via sex
2021-03-31 11:24:26,236:INFO:Cohort evaluation ...
2021-03-31 11:24:26,474:INFO:Baseline holistic ...
2021-03-31 11:27:15,830:INFO:Baseline pcm ...
2021-03-31 11:27:15,830:INFO:Loading precomputed pcm ...
2021-03-31 11:27:16,033:INFO:########## Finished iteration 8 ##########
2021-03-31 11:27:16,033:INFO:########## Iteration 9 ##########
2021-03-31 11:27:16,033:INFO:Loading datasets ...
2021-03-31 11:27:16,440:INFO:Test users: ['smc35', 'smc22', 'smc48', 'smc34', 'smc26', 'smc31', 'smc20']
2021-03-31 11:27:16,440:INFO:Features encoded: ['sex', 'SKC']
2021-03-31 11:27:16,440:INFO:Finding Cohorts ...
2021-03-31 11:27:16,442:INFO:Finding cohorts using: sex
2021-03-31 11:27:16,444:INFO:Training Cohort models ...
2021-03-31 11:30:47,489:INFO:Cohort assignation ...
2021-03-31 11:30:47,489:INFO:Matching via sex
2021-03-31 11:30:47,491:INFO:Cohort evaluation ...
2021-03-31 11:30:47,687:INFO:Baseline holistic ...
2021-03-31 11:32:44,557:INFO:Baseline pcm ...
2021-03-31 11:32:44,557:INFO:Loading precomputed pcm ...
2021-03-31 11:32:44,713:INFO:########## Finished iteration 9 ##########
2021-03-31 11:32:44,714:INFO:########## Iteration 10 ##########
2021-03-31 11:32:44,714:INFO:Loading datasets ...
2021-03-31 11:32:45,170:INFO:Test users: ['smc48', 'smc11', 'smc29', 'smc21', 'smc20', 'smc50', 'smc2']
2021-03-31 11:32:45,170:INFO:Features encoded: ['sex', 'SKC']
2021-03-31 11:32:45,171:INFO:Finding Cohorts ...
2021-03-31 11:32:45,171:INFO:Finding cohorts using: sex
2021-03-31 11:32:45,174:INFO:Training Cohort models ...
2021-03-31 11:35:36,523:INFO:Cohort assignation ...
2021-03-31 11:35:36,523:INFO:Matching via sex
2021-03-31 11:35:36,525:INFO:Cohort evaluation ...
2021-03-31 11:35:36,703:INFO:Baseline holistic ...
2021-03-31 11:38:26,684:INFO:Baseline pcm ...
2021-03-31 11:38:26,685:INFO:Loading precomputed pcm ...
2021-03-31 11:38:26,822:INFO:########## Finished iteration 10 ##########
2021-03-31 11:38:26,822:INFO:########## Iteration 11 ##########
2021-03-31 11:38:26,822:INFO:Loading datasets ...
2021-03-31 11:38:27,238:INFO:Test users: ['smc20', 'smc45', 'smc11', 'smc47', 'smc34', 'smc4', 'smc2']
2021-03-31 11:38:27,238:INFO:Features encoded: ['sex', 'SKC']
2021-03-31 11:38:27,238:INFO:Finding Cohorts ...
2021-03-31 11:38:27,239:INFO:Finding cohorts using: sex
2021-03-31 11:38:27,241:INFO:Training Cohort models ...
2021-03-31 11:42:08,078:INFO:Cohort assignation ...
2021-03-31 11:42:08,078:INFO:Matching via sex
2021-03-31 11:42:08,079:INFO:Cohort evaluation ...
2021-03-31 11:42:08,337:INFO:Baseline holistic ...
2021-03-31 11:44:45,098:INFO:Baseline pcm ...
2021-03-31 11:44:45,098:INFO:Loading precomputed pcm ...
2021-03-31 11:44:45,299:INFO:########## Finished iteration 11 ##########
2021-03-31 11:44:45,300:INFO:########## Iteration 12 ##########
2021-03-31 11:44:45,300:INFO:Loading datasets ...
2021-03-31 11:44:46,133:INFO:Test users: ['smc26', 'smc47', 'smc9', 'smc45', 'smc34', 'smc2', 'smc21']
2021-03-31 11:44:46,134:INFO:Features encoded: ['sex', 'SKC']
2021-03-31 11:44:46,134:INFO:Finding Cohorts ...
2021-03-31 11:44:46,137:INFO:Finding cohorts using: sex
2021-03-31 11:44:46,141:INFO:Training Cohort models ...
2021-03-31 11:47:48,233:INFO:Cohort assignation ...
2021-03-31 11:47:48,233:INFO:Matching via sex
2021-03-31 11:47:48,235:INFO:Cohort evaluation ...
2021-03-31 11:47:48,427:INFO:Baseline holistic ...
2021-03-31 11:49:37,788:INFO:Baseline pcm ...
2021-03-31 11:49:37,788:INFO:Loading precomputed pcm ...
2021-03-31 11:49:37,920:INFO:########## Finished iteration 12 ##########
2021-03-31 11:49:37,921:INFO:########## Iteration 13 ##########
2021-03-31 11:49:37,921:INFO:Loading datasets ...
2021-03-31 11:49:38,319:INFO:Test users: ['smc33', 'smc6', 'smc23', 'smc22', 'smc2', 'smc46', 'smc30']
2021-03-31 11:49:38,319:INFO:Features encoded: ['sex', 'SKC']
2021-03-31 11:49:38,319:INFO:Finding Cohorts ...
2021-03-31 11:49:38,320:INFO:Finding cohorts using: sex
2021-03-31 11:49:38,322:INFO:Training Cohort models ...
2021-03-31 11:52:35,470:INFO:Cohort assignation ...
2021-03-31 11:52:35,470:INFO:Matching via sex
2021-03-31 11:52:35,471:INFO:Cohort evaluation ...
2021-03-31 11:52:35,597:INFO:Baseline holistic ...
2021-03-31 11:54:48,320:INFO:Baseline pcm ...
2021-03-31 11:54:48,320:INFO:Loading precomputed pcm ...
2021-03-31 11:54:48,453:INFO:########## Finished iteration 13 ##########
2021-03-31 11:54:48,453:INFO:########## Iteration 14 ##########
2021-03-31 11:54:48,453:INFO:Loading datasets ...
2021-03-31 11:54:48,851:INFO:Test users: ['smc51', 'smc31', 'smc27', 'smc26', 'smc29', 'smc40', 'smc20']
2021-03-31 11:54:48,851:INFO:Features encoded: ['sex', 'SKC']
2021-03-31 11:54:48,851:INFO:Finding Cohorts ...
2021-03-31 11:54:48,852:INFO:Finding cohorts using: sex
2021-03-31 11:54:48,855:INFO:Training Cohort models ...
2021-03-31 11:58:03,758:INFO:Cohort assignation ...
2021-03-31 11:58:03,758:INFO:Matching via sex
2021-03-31 11:58:03,759:INFO:Cohort evaluation ...
2021-03-31 11:58:03,965:INFO:Baseline holistic ...
2021-03-31 12:00:47,096:INFO:Baseline pcm ...
2021-03-31 12:00:47,102:INFO:Loading precomputed pcm ...
2021-03-31 12:00:47,238:INFO:########## Finished iteration 14 ##########
2021-03-31 12:00:47,239:INFO:########## Iteration 15 ##########
2021-03-31 12:00:47,239:INFO:Loading datasets ...
2021-03-31 12:00:47,651:INFO:Test users: ['smc21', 'smc22', 'smc27', 'smc40', 'smc38', 'smc44', 'smc29']
2021-03-31 12:00:47,651:INFO:Features encoded: ['sex', 'SKC']
2021-03-31 12:00:47,651:INFO:Finding Cohorts ...
2021-03-31 12:00:47,652:INFO:Finding cohorts using: sex
2021-03-31 12:00:47,655:INFO:Training Cohort models ...
2021-03-31 12:04:18,811:INFO:Cohort assignation ...
2021-03-31 12:04:18,811:INFO:Matching via sex
2021-03-31 12:04:18,813:INFO:Cohort evaluation ...
2021-03-31 12:04:19,026:INFO:Baseline holistic ...
2021-03-31 12:07:02,725:INFO:Baseline pcm ...
2021-03-31 12:07:02,725:INFO:Loading precomputed pcm ...
2021-03-31 12:07:02,861:INFO:########## Finished iteration 15 ##########
2021-03-31 12:07:02,861:INFO:########## Iteration 16 ##########
2021-03-31 12:07:02,861:INFO:Loading datasets ...
2021-03-31 12:07:03,272:INFO:Test users: ['smc21', 'smc38', 'smc51', 'smc28', 'smc11', 'smc8', 'smc36']
2021-03-31 12:07:03,272:INFO:Features encoded: ['sex', 'SKC']
2021-03-31 12:07:03,272:INFO:Finding Cohorts ...
2021-03-31 12:07:03,273:INFO:Finding cohorts using: sex
2021-03-31 12:07:03,275:INFO:Training Cohort models ...
2021-03-31 12:10:40,094:INFO:Cohort assignation ...
2021-03-31 12:10:40,094:INFO:Matching via sex
2021-03-31 12:10:40,096:INFO:Cohort evaluation ...
2021-03-31 12:10:40,292:INFO:Baseline holistic ...
2021-03-31 12:13:22,127:INFO:Baseline pcm ...
2021-03-31 12:13:22,127:INFO:Loading precomputed pcm ...
2021-03-31 12:13:22,260:INFO:########## Finished iteration 16 ##########
2021-03-31 12:13:22,261:INFO:########## Iteration 17 ##########
2021-03-31 12:13:22,261:INFO:Loading datasets ...
2021-03-31 12:13:22,672:INFO:Test users: ['smc38', 'smc23', 'smc1', 'smc9', 'smc31', 'smc27', 'smc28']
2021-03-31 12:13:22,672:INFO:Features encoded: ['sex', 'SKC']
2021-03-31 12:13:22,672:INFO:Finding Cohorts ...
2021-03-31 12:13:22,673:INFO:Finding cohorts using: sex
2021-03-31 12:13:22,675:INFO:Training Cohort models ...
2021-03-31 12:17:28,379:INFO:Cohort assignation ...
2021-03-31 12:17:28,379:INFO:Matching via sex
2021-03-31 12:17:28,382:INFO:Cohort evaluation ...
2021-03-31 12:17:28,668:INFO:Baseline holistic ...
2021-03-31 12:19:58,012:INFO:Baseline pcm ...
2021-03-31 12:19:58,012:INFO:Loading precomputed pcm ...
2021-03-31 12:19:58,227:INFO:########## Finished iteration 17 ##########
2021-03-31 12:19:58,228:INFO:########## Iteration 18 ##########
2021-03-31 12:19:58,228:INFO:Loading datasets ...
2021-03-31 12:19:59,153:INFO:Test users: ['smc36', 'smc11', 'smc40', 'smc1', 'smc6', 'smc35', 'smc38']
2021-03-31 12:19:59,154:INFO:Features encoded: ['sex', 'SKC']
2021-03-31 12:19:59,154:INFO:Finding Cohorts ...
2021-03-31 12:19:59,157:INFO:Finding cohorts using: sex
2021-03-31 12:19:59,161:INFO:Training Cohort models ...
2021-03-31 12:23:19,148:INFO:Cohort assignation ...
2021-03-31 12:23:19,148:INFO:Matching via sex
2021-03-31 12:23:19,150:INFO:Cohort evaluation ...
2021-03-31 12:23:19,252:INFO:Baseline holistic ...
2021-03-31 12:26:13,876:INFO:Baseline pcm ...
2021-03-31 12:26:13,876:INFO:Loading precomputed pcm ...
2021-03-31 12:26:14,019:INFO:########## Finished iteration 18 ##########
2021-03-31 12:26:14,019:INFO:########## Iteration 19 ##########
2021-03-31 12:26:14,019:INFO:Loading datasets ...
2021-03-31 12:26:14,445:INFO:Test users: ['smc23', 'smc45', 'smc2', 'smc29', 'smc27', 'smc51', 'smc30']
2021-03-31 12:26:14,445:INFO:Features encoded: ['sex', 'SKC']
2021-03-31 12:26:14,445:INFO:Finding Cohorts ...
2021-03-31 12:26:14,446:INFO:Finding cohorts using: sex
2021-03-31 12:26:14,448:INFO:Training Cohort models ...
2021-03-31 12:29:16,411:INFO:Cohort assignation ...
2021-03-31 12:29:16,411:INFO:Matching via sex
2021-03-31 12:29:16,414:INFO:Cohort evaluation ...
2021-03-31 12:29:16,634:INFO:Baseline holistic ...
2021-03-31 12:31:13,335:INFO:Baseline pcm ...
2021-03-31 12:31:13,335:INFO:Loading precomputed pcm ...
2021-03-31 12:31:13,476:INFO:########## Finished iteration 19 ##########
2021-03-31 12:31:13,476:INFO:########## Iteration 20 ##########
2021-03-31 12:31:13,476:INFO:Loading datasets ...
2021-03-31 12:31:13,886:INFO:Test users: ['smc46', 'smc11', 'smc5', 'smc20', 'smc48', 'smc43', 'smc21']
2021-03-31 12:31:13,886:INFO:Features encoded: ['sex', 'SKC']
2021-03-31 12:31:13,886:INFO:Finding Cohorts ...
2021-03-31 12:31:13,887:INFO:Finding cohorts using: sex
2021-03-31 12:31:13,890:INFO:Training Cohort models ...
2021-03-31 12:34:09,354:INFO:Cohort assignation ...
2021-03-31 12:34:09,355:INFO:Matching via sex
2021-03-31 12:34:09,356:INFO:Cohort evaluation ...
2021-03-31 12:34:09,511:INFO:Baseline holistic ...
2021-03-31 12:37:16,119:INFO:Baseline pcm ...
2021-03-31 12:37:16,119:INFO:Loading precomputed pcm ...
2021-03-31 12:37:16,256:INFO:########## Finished iteration 20 ##########
2021-03-31 12:37:16,256:INFO:########## Iteration 21 ##########
2021-03-31 12:37:16,256:INFO:Loading datasets ...
2021-03-31 12:37:16,667:INFO:Test users: ['smc21', 'smc6', 'smc29', 'smc47', 'smc5', 'smc9', 'smc51']
2021-03-31 12:37:16,667:INFO:Features encoded: ['sex', 'SKC']
2021-03-31 12:37:16,667:INFO:Finding Cohorts ...
2021-03-31 12:37:16,668:INFO:Finding cohorts using: sex
2021-03-31 12:37:16,670:INFO:Training Cohort models ...
2021-03-31 12:40:24,830:INFO:Cohort assignation ...
2021-03-31 12:40:24,830:INFO:Matching via sex
2021-03-31 12:40:24,832:INFO:Cohort evaluation ...
2021-03-31 12:40:25,073:INFO:Baseline holistic ...
2021-03-31 12:43:39,892:INFO:Baseline pcm ...
2021-03-31 12:43:39,892:INFO:Loading precomputed pcm ...
2021-03-31 12:43:40,029:INFO:########## Finished iteration 21 ##########
2021-03-31 12:43:40,029:INFO:########## Iteration 22 ##########
2021-03-31 12:43:40,029:INFO:Loading datasets ...
2021-03-31 12:43:40,443:INFO:Test users: ['smc27', 'smc47', 'smc35', 'smc2', 'smc21', 'smc45', 'smc36']
2021-03-31 12:43:40,443:INFO:Features encoded: ['sex', 'SKC']
2021-03-31 12:43:40,443:INFO:Finding Cohorts ...
2021-03-31 12:43:40,444:INFO:Finding cohorts using: sex
2021-03-31 12:43:40,447:INFO:Training Cohort models ...
2021-03-31 12:47:40,125:INFO:Cohort assignation ...
2021-03-31 12:47:40,125:INFO:Matching via sex
2021-03-31 12:47:40,126:INFO:Cohort evaluation ...
2021-03-31 12:47:40,419:INFO:Baseline holistic ...
2021-03-31 12:49:49,957:INFO:Baseline pcm ...
2021-03-31 12:49:49,958:INFO:Loading precomputed pcm ...
2021-03-31 12:49:50,332:INFO:########## Finished iteration 22 ##########
2021-03-31 12:49:50,333:INFO:########## Iteration 23 ##########
2021-03-31 12:49:50,334:INFO:Loading datasets ...
2021-03-31 12:49:51,252:INFO:Test users: ['smc2', 'smc21', 'smc48', 'smc36', 'smc10', 'smc40', 'smc47']
2021-03-31 12:49:51,252:INFO:Features encoded: ['sex', 'SKC']
2021-03-31 12:49:51,252:INFO:Finding Cohorts ...
2021-03-31 12:49:51,256:INFO:Finding cohorts using: sex
2021-03-31 12:49:51,261:INFO:Training Cohort models ...
2021-03-31 12:53:32,735:INFO:Cohort assignation ...
2021-03-31 12:53:32,735:INFO:Matching via sex
2021-03-31 12:53:32,736:INFO:Cohort evaluation ...
2021-03-31 12:53:33,020:INFO:Baseline holistic ...
2021-03-31 12:56:10,169:INFO:Baseline pcm ...
2021-03-31 12:56:10,169:INFO:Loading precomputed pcm ...
2021-03-31 12:56:10,301:INFO:########## Finished iteration 23 ##########
2021-03-31 12:56:10,302:INFO:########## Iteration 24 ##########
2021-03-31 12:56:10,302:INFO:Loading datasets ...
2021-03-31 12:56:10,737:INFO:Test users: ['smc27', 'smc30', 'smc40', 'smc21', 'smc22', 'smc48', 'smc45']
2021-03-31 12:56:10,737:INFO:Features encoded: ['sex', 'SKC']
2021-03-31 12:56:10,737:INFO:Finding Cohorts ...
2021-03-31 12:56:10,738:INFO:Finding cohorts using: sex
2021-03-31 12:56:10,741:INFO:Training Cohort models ...
2021-03-31 12:59:06,287:INFO:Cohort assignation ...
2021-03-31 12:59:06,288:INFO:Matching via sex
2021-03-31 12:59:06,289:INFO:Cohort evaluation ...
2021-03-31 12:59:06,442:INFO:Baseline holistic ...
2021-03-31 13:01:19,999:INFO:Baseline pcm ...
2021-03-31 13:01:20,000:INFO:Loading precomputed pcm ...
2021-03-31 13:01:20,132:INFO:########## Finished iteration 24 ##########
2021-03-31 13:01:20,132:INFO:########## Iteration 25 ##########
2021-03-31 13:01:20,132:INFO:Loading datasets ...
2021-03-31 13:01:20,530:INFO:Test users: ['smc29', 'smc40', 'smc33', 'smc25', 'smc36', 'smc43', 'smc44']
2021-03-31 13:01:20,530:INFO:Features encoded: ['sex', 'SKC']
2021-03-31 13:01:20,530:INFO:Finding Cohorts ...
2021-03-31 13:01:20,531:INFO:Finding cohorts using: sex
2021-03-31 13:01:20,533:INFO:Training Cohort models ...
2021-03-31 13:04:17,339:INFO:Cohort assignation ...
2021-03-31 13:04:17,339:INFO:Matching via sex
2021-03-31 13:04:17,340:INFO:Cohort evaluation ...
2021-03-31 13:04:17,518:INFO:Baseline holistic ...
2021-03-31 13:06:53,835:INFO:Baseline pcm ...
2021-03-31 13:06:53,835:INFO:Loading precomputed pcm ...
2021-03-31 13:06:53,967:INFO:########## Finished iteration 25 ##########
2021-03-31 13:06:53,968:INFO:########## Iteration 26 ##########
2021-03-31 13:06:53,968:INFO:Loading datasets ...
2021-03-31 13:06:54,365:INFO:Test users: ['smc6', 'smc30', 'smc45', 'smc2', 'smc5', 'smc46', 'smc4']
2021-03-31 13:06:54,365:INFO:Features encoded: ['sex', 'SKC']
2021-03-31 13:06:54,365:INFO:Finding Cohorts ...
2021-03-31 13:06:54,366:INFO:Finding cohorts using: sex
2021-03-31 13:06:54,368:INFO:Training Cohort models ...
2021-03-31 13:09:35,872:INFO:Cohort assignation ...
2021-03-31 13:09:35,872:INFO:Matching via sex
2021-03-31 13:09:35,873:INFO:Cohort evaluation ...
2021-03-31 13:09:36,041:INFO:Baseline holistic ...
2021-03-31 13:12:13,276:INFO:Baseline pcm ...
2021-03-31 13:12:13,276:INFO:Loading precomputed pcm ...
2021-03-31 13:12:13,407:INFO:########## Finished iteration 26 ##########
2021-03-31 13:12:13,408:INFO:########## Iteration 27 ##########
2021-03-31 13:12:13,408:INFO:Loading datasets ...
2021-03-31 13:12:13,808:INFO:Test users: ['smc6', 'smc35', 'smc51', 'smc20', 'smc27', 'smc31', 'smc5']
2021-03-31 13:12:13,808:INFO:Features encoded: ['sex', 'SKC']
2021-03-31 13:12:13,808:INFO:Finding Cohorts ...
2021-03-31 13:12:13,809:INFO:Finding cohorts using: sex
2021-03-31 13:12:13,811:INFO:Training Cohort models ...
2021-03-31 13:15:15,734:INFO:Cohort assignation ...
2021-03-31 13:15:15,734:INFO:Matching via sex
2021-03-31 13:15:15,735:INFO:Cohort evaluation ...
2021-03-31 13:15:15,967:INFO:Baseline holistic ...
2021-03-31 13:17:05,883:INFO:Baseline pcm ...
2021-03-31 13:17:05,883:INFO:Loading precomputed pcm ...
2021-03-31 13:17:06,015:INFO:########## Finished iteration 27 ##########
2021-03-31 13:17:06,015:INFO:########## Iteration 28 ##########
2021-03-31 13:17:06,015:INFO:Loading datasets ...
2021-03-31 13:17:06,415:INFO:Test users: ['smc25', 'smc20', 'smc34', 'smc2', 'smc38', 'smc35', 'smc30']
2021-03-31 13:17:06,415:INFO:Features encoded: ['sex', 'SKC']
2021-03-31 13:17:06,415:INFO:Finding Cohorts ...
2021-03-31 13:17:06,416:INFO:Finding cohorts using: sex
2021-03-31 13:17:06,418:INFO:Training Cohort models ...
2021-03-31 13:19:31,505:INFO:Cohort assignation ...
2021-03-31 13:19:31,505:INFO:Matching via sex
2021-03-31 13:19:31,506:INFO:Cohort evaluation ...
2021-03-31 13:19:31,606:INFO:Baseline holistic ...
2021-03-31 13:21:22,183:INFO:Baseline pcm ...
2021-03-31 13:21:22,183:INFO:Loading precomputed pcm ...
2021-03-31 13:21:22,316:INFO:########## Finished iteration 28 ##########
2021-03-31 13:21:22,316:INFO:########## Iteration 29 ##########
2021-03-31 13:21:22,316:INFO:Loading datasets ...
2021-03-31 13:21:22,716:INFO:Test users: ['smc35', 'smc38', 'smc31', 'smc5', 'smc29', 'smc47', 'smc43']
2021-03-31 13:21:22,716:INFO:Features encoded: ['sex', 'SKC']
2021-03-31 13:21:22,716:INFO:Finding Cohorts ...
2021-03-31 13:21:22,716:INFO:Finding cohorts using: sex
2021-03-31 13:21:22,719:INFO:Training Cohort models ...
2021-03-31 13:24:04,924:INFO:Cohort assignation ...
2021-03-31 13:24:04,924:INFO:Matching via sex
2021-03-31 13:24:04,926:INFO:Cohort evaluation ...
2021-03-31 13:24:05,065:INFO:Baseline holistic ...
2021-03-31 13:26:17,416:INFO:Baseline pcm ...
2021-03-31 13:26:17,416:INFO:Loading precomputed pcm ...
2021-03-31 13:26:17,549:INFO:########## Finished iteration 29 ##########
2021-03-31 13:26:17,549:INFO:########## Iteration 30 ##########
2021-03-31 13:26:17,549:INFO:Loading datasets ...
2021-03-31 13:26:17,945:INFO:Test users: ['smc48', 'smc29', 'smc27', 'smc33', 'smc6', 'smc34', 'smc5']
2021-03-31 13:26:17,946:INFO:Features encoded: ['sex', 'SKC']
2021-03-31 13:26:17,946:INFO:Finding Cohorts ...
2021-03-31 13:26:17,946:INFO:Finding cohorts using: sex
2021-03-31 13:26:17,948:INFO:Training Cohort models ...
2021-03-31 13:29:32,313:INFO:Cohort assignation ...
2021-03-31 13:29:32,313:INFO:Matching via sex
2021-03-31 13:29:32,314:INFO:Cohort evaluation ...
2021-03-31 13:29:32,532:INFO:Baseline holistic ...
2021-03-31 13:31:21,290:INFO:Baseline pcm ...
2021-03-31 13:31:21,290:INFO:Loading precomputed pcm ...
2021-03-31 13:31:21,422:INFO:########## Finished iteration 30 ##########
2021-03-31 13:31:21,422:INFO:########## Iteration 31 ##########
2021-03-31 13:31:21,423:INFO:Loading datasets ...
2021-03-31 13:31:21,818:INFO:Test users: ['smc45', 'smc10', 'smc29', 'smc43', 'smc36', 'smc9', 'smc5']
2021-03-31 13:31:21,818:INFO:Features encoded: ['sex', 'SKC']
2021-03-31 13:31:21,818:INFO:Finding Cohorts ...
2021-03-31 13:31:21,819:INFO:Finding cohorts using: sex
2021-03-31 13:31:21,822:INFO:Training Cohort models ...
2021-03-31 13:34:09,614:INFO:Cohort assignation ...
2021-03-31 13:34:09,620:INFO:Matching via sex
2021-03-31 13:34:09,621:INFO:Cohort evaluation ...
2021-03-31 13:34:09,777:INFO:Baseline holistic ...
2021-03-31 13:37:05,161:INFO:Baseline pcm ...
2021-03-31 13:37:05,161:INFO:Loading precomputed pcm ...
2021-03-31 13:37:05,292:INFO:########## Finished iteration 31 ##########
2021-03-31 13:37:05,292:INFO:########## Iteration 32 ##########
2021-03-31 13:37:05,292:INFO:Loading datasets ...
2021-03-31 13:37:05,688:INFO:Test users: ['smc10', 'smc6', 'smc27', 'smc11', 'smc45', 'smc30', 'smc29']
2021-03-31 13:37:05,689:INFO:Features encoded: ['sex', 'SKC']
2021-03-31 13:37:05,689:INFO:Finding Cohorts ...
2021-03-31 13:37:05,689:INFO:Finding cohorts using: sex
2021-03-31 13:37:05,692:INFO:Training Cohort models ...
2021-03-31 13:40:19,933:INFO:Cohort assignation ...
2021-03-31 13:40:19,933:INFO:Matching via sex
2021-03-31 13:40:19,934:INFO:Cohort evaluation ...
2021-03-31 13:40:20,179:INFO:Baseline holistic ...
2021-03-31 13:42:10,510:INFO:Baseline pcm ...
2021-03-31 13:42:10,510:INFO:Loading precomputed pcm ...
2021-03-31 13:42:10,641:INFO:########## Finished iteration 32 ##########
2021-03-31 13:42:10,641:INFO:########## Iteration 33 ##########
2021-03-31 13:42:10,641:INFO:Loading datasets ...
2021-03-31 13:42:11,037:INFO:Test users: ['smc4', 'smc51', 'smc35', 'smc22', 'smc40', 'smc29', 'smc10']
2021-03-31 13:42:11,037:INFO:Features encoded: ['sex', 'SKC']
2021-03-31 13:42:11,038:INFO:Finding Cohorts ...
2021-03-31 13:42:11,039:INFO:Finding cohorts using: sex
2021-03-31 13:42:11,041:INFO:Training Cohort models ...
2021-03-31 13:44:51,890:INFO:Cohort assignation ...
2021-03-31 13:44:51,890:INFO:Matching via sex
2021-03-31 13:44:51,891:INFO:Cohort evaluation ...
2021-03-31 13:44:52,044:INFO:Baseline holistic ...
2021-03-31 13:47:27,331:INFO:Baseline pcm ...
2021-03-31 13:47:27,331:INFO:Loading precomputed pcm ...
2021-03-31 13:47:27,461:INFO:########## Finished iteration 33 ##########
2021-03-31 13:47:27,462:INFO:########## Iteration 34 ##########
2021-03-31 13:47:27,462:INFO:Loading datasets ...
2021-03-31 13:47:27,857:INFO:Test users: ['smc20', 'smc10', 'smc35', 'smc38', 'smc21', 'smc29', 'smc27']
2021-03-31 13:47:27,857:INFO:Features encoded: ['sex', 'SKC']
2021-03-31 13:47:27,857:INFO:Finding Cohorts ...
2021-03-31 13:47:27,858:INFO:Finding cohorts using: sex
2021-03-31 13:47:27,860:INFO:Training Cohort models ...
2021-03-31 13:50:44,609:INFO:Cohort assignation ...
2021-03-31 13:50:44,609:INFO:Matching via sex
2021-03-31 13:50:44,610:INFO:Cohort evaluation ...
2021-03-31 13:50:44,855:INFO:Baseline holistic ...
2021-03-31 13:52:58,248:INFO:Baseline pcm ...
2021-03-31 13:52:58,248:INFO:Loading precomputed pcm ...
2021-03-31 13:52:58,380:INFO:########## Finished iteration 34 ##########
2021-03-31 13:52:58,380:INFO:########## Iteration 35 ##########
2021-03-31 13:52:58,380:INFO:Loading datasets ...
2021-03-31 13:52:58,776:INFO:Test users: ['smc35', 'smc2', 'smc25', 'smc28', 'smc23', 'smc44', 'smc4']
2021-03-31 13:52:58,777:INFO:Features encoded: ['sex', 'SKC']
2021-03-31 13:52:58,777:INFO:Finding Cohorts ...
2021-03-31 13:52:58,778:INFO:Finding cohorts using: sex
2021-03-31 13:52:58,780:INFO:Training Cohort models ...
2021-03-31 13:55:40,752:INFO:Cohort assignation ...
2021-03-31 13:55:40,752:INFO:Matching via sex
2021-03-31 13:55:40,753:INFO:Cohort evaluation ...
2021-03-31 13:55:40,918:INFO:Baseline holistic ...
2021-03-31 13:57:31,576:INFO:Baseline pcm ...
2021-03-31 13:57:31,576:INFO:Loading precomputed pcm ...
2021-03-31 13:57:31,707:INFO:########## Finished iteration 35 ##########
2021-03-31 13:57:31,708:INFO:########## Iteration 36 ##########
2021-03-31 13:57:31,708:INFO:Loading datasets ...
2021-03-31 13:57:32,103:INFO:Test users: ['smc46', 'smc10', 'smc38', 'smc2', 'smc26', 'smc6', 'smc4']
2021-03-31 13:57:32,103:INFO:Features encoded: ['sex', 'SKC']
2021-03-31 13:57:32,103:INFO:Finding Cohorts ...
2021-03-31 13:57:32,104:INFO:Finding cohorts using: sex
2021-03-31 13:57:32,106:INFO:Training Cohort models ...
2021-03-31 14:00:46,983:INFO:Cohort assignation ...
2021-03-31 14:00:46,983:INFO:Matching via sex
2021-03-31 14:00:46,984:INFO:Cohort evaluation ...
2021-03-31 14:00:47,255:INFO:Baseline holistic ...
2021-03-31 14:03:22,396:INFO:Baseline pcm ...
2021-03-31 14:03:22,396:INFO:Loading precomputed pcm ...
2021-03-31 14:03:22,528:INFO:########## Finished iteration 36 ##########
2021-03-31 14:03:22,528:INFO:########## Iteration 37 ##########
2021-03-31 14:03:22,528:INFO:Loading datasets ...
2021-03-31 14:03:22,924:INFO:Test users: ['smc30', 'smc51', 'smc35', 'smc44', 'smc8', 'smc11', 'smc10']
2021-03-31 14:03:22,924:INFO:Features encoded: ['sex', 'SKC']
2021-03-31 14:03:22,924:INFO:Finding Cohorts ...
2021-03-31 14:03:22,926:INFO:Finding cohorts using: sex
2021-03-31 14:03:22,928:INFO:Training Cohort models ...
2021-03-31 14:06:22,118:INFO:Cohort assignation ...
2021-03-31 14:06:22,118:INFO:Matching via sex
2021-03-31 14:06:22,119:INFO:Cohort evaluation ...
2021-03-31 14:06:22,297:INFO:Baseline holistic ...
2021-03-31 14:08:58,686:INFO:Baseline pcm ...
2021-03-31 14:08:58,686:INFO:Loading precomputed pcm ...
2021-03-31 14:08:58,884:INFO:########## Finished iteration 37 ##########
2021-03-31 14:08:58,885:INFO:########## Iteration 38 ##########
2021-03-31 14:08:58,885:INFO:Loading datasets ...
2021-03-31 14:08:59,279:INFO:Test users: ['smc20', 'smc50', 'smc26', 'smc29', 'smc34', 'smc30', 'smc51']
2021-03-31 14:08:59,279:INFO:Features encoded: ['sex', 'SKC']
2021-03-31 14:08:59,279:INFO:Finding Cohorts ...
2021-03-31 14:08:59,280:INFO:Finding cohorts using: sex
2021-03-31 14:08:59,283:INFO:Training Cohort models ...
2021-03-31 14:12:17,797:INFO:Cohort assignation ...
2021-03-31 14:12:17,797:INFO:Matching via sex
2021-03-31 14:12:17,798:INFO:Cohort evaluation ...
2021-03-31 14:12:18,070:INFO:Baseline holistic ...
2021-03-31 14:14:55,310:INFO:Baseline pcm ...
2021-03-31 14:14:55,310:INFO:Loading precomputed pcm ...
2021-03-31 14:14:55,440:INFO:########## Finished iteration 38 ##########
2021-03-31 14:14:55,440:INFO:########## Iteration 39 ##########
2021-03-31 14:14:55,440:INFO:Loading datasets ...
2021-03-31 14:14:55,837:INFO:Test users: ['smc27', 'smc8', 'smc20', 'smc38', 'smc5', 'smc9', 'smc26']
2021-03-31 14:14:55,837:INFO:Features encoded: ['sex', 'SKC']
2021-03-31 14:14:55,837:INFO:Finding Cohorts ...
2021-03-31 14:14:55,839:INFO:Finding cohorts using: sex
2021-03-31 14:14:55,841:INFO:Training Cohort models ...
2021-03-31 14:17:52,120:INFO:Cohort assignation ...
2021-03-31 14:17:52,120:INFO:Matching via sex
2021-03-31 14:17:52,121:INFO:Cohort evaluation ...
2021-03-31 14:17:52,333:INFO:Baseline holistic ...
2021-03-31 14:20:04,989:INFO:Baseline pcm ...
2021-03-31 14:20:04,989:INFO:Loading precomputed pcm ...
2021-03-31 14:20:05,123:INFO:########## Finished iteration 39 ##########
2021-03-31 14:20:05,123:INFO:########## Iteration 40 ##########
2021-03-31 14:20:05,123:INFO:Loading datasets ...
2021-03-31 14:20:05,522:INFO:Test users: ['smc38', 'smc31', 'smc27', 'smc8', 'smc35', 'smc2', 'smc11']
2021-03-31 14:20:05,522:INFO:Features encoded: ['sex', 'SKC']
2021-03-31 14:20:05,522:INFO:Finding Cohorts ...
2021-03-31 14:20:05,523:INFO:Finding cohorts using: sex
2021-03-31 14:20:05,526:INFO:Training Cohort models ...
2021-03-31 14:23:02,694:INFO:Cohort assignation ...
2021-03-31 14:23:02,694:INFO:Matching via sex
2021-03-31 14:23:02,695:INFO:Cohort evaluation ...
2021-03-31 14:23:02,899:INFO:Baseline holistic ...
2021-03-31 14:25:38,765:INFO:Baseline pcm ...
2021-03-31 14:25:38,765:INFO:Loading precomputed pcm ...
2021-03-31 14:25:38,962:INFO:########## Finished iteration 40 ##########
2021-03-31 14:25:38,962:INFO:########## Iteration 41 ##########
2021-03-31 14:25:38,962:INFO:Loading datasets ...
2021-03-31 14:25:39,358:INFO:Test users: ['smc29', 'smc30', 'smc20', 'smc44', 'smc40', 'smc23', 'smc1']
2021-03-31 14:25:39,359:INFO:Features encoded: ['sex', 'SKC']
2021-03-31 14:25:39,359:INFO:Finding Cohorts ...
2021-03-31 14:25:39,360:INFO:Finding cohorts using: sex
2021-03-31 14:25:39,362:INFO:Training Cohort models ...
2021-03-31 14:28:21,930:INFO:Cohort assignation ...
2021-03-31 14:28:21,930:INFO:Matching via sex
2021-03-31 14:28:21,931:INFO:Cohort evaluation ...
2021-03-31 14:28:22,070:INFO:Baseline holistic ...
2021-03-31 14:31:00,129:INFO:Baseline pcm ...
2021-03-31 14:31:00,129:INFO:Loading precomputed pcm ...
2021-03-31 14:31:00,261:INFO:########## Finished iteration 41 ##########
2021-03-31 14:31:00,261:INFO:########## Iteration 42 ##########
2021-03-31 14:31:00,261:INFO:Loading datasets ...
2021-03-31 14:31:00,656:INFO:Test users: ['smc20', 'smc51', 'smc25', 'smc22', 'smc6', 'smc29', 'smc11']
2021-03-31 14:31:00,656:INFO:Features encoded: ['sex', 'SKC']
2021-03-31 14:31:00,656:INFO:Finding Cohorts ...
2021-03-31 14:31:00,657:INFO:Finding cohorts using: sex
2021-03-31 14:31:00,659:INFO:Training Cohort models ...
2021-03-31 14:33:26,012:INFO:Cohort assignation ...
2021-03-31 14:33:26,012:INFO:Matching via sex
2021-03-31 14:33:26,013:INFO:Cohort evaluation ...
2021-03-31 14:33:26,114:INFO:Baseline holistic ...
2021-03-31 14:35:16,744:INFO:Baseline pcm ...
2021-03-31 14:35:16,744:INFO:Loading precomputed pcm ...
2021-03-31 14:35:16,877:INFO:########## Finished iteration 42 ##########
2021-03-31 14:35:16,877:INFO:########## Iteration 43 ##########
2021-03-31 14:35:16,877:INFO:Loading datasets ...
2021-03-31 14:35:17,274:INFO:Test users: ['smc50', 'smc48', 'smc29', 'smc25', 'smc2', 'smc35', 'smc45']
2021-03-31 14:35:17,274:INFO:Features encoded: ['sex', 'SKC']
2021-03-31 14:35:17,275:INFO:Finding Cohorts ...
2021-03-31 14:35:17,275:INFO:Finding cohorts using: sex
2021-03-31 14:35:17,277:INFO:Training Cohort models ...
2021-03-31 14:38:17,032:INFO:Cohort assignation ...
2021-03-31 14:38:17,032:INFO:Matching via sex
2021-03-31 14:38:17,033:INFO:Cohort evaluation ...
2021-03-31 14:38:17,223:INFO:Baseline holistic ...
2021-03-31 14:40:33,111:INFO:Baseline pcm ...
2021-03-31 14:40:33,111:INFO:Loading precomputed pcm ...
2021-03-31 14:40:33,241:INFO:########## Finished iteration 43 ##########
2021-03-31 14:40:33,242:INFO:########## Iteration 44 ##########
2021-03-31 14:40:33,242:INFO:Loading datasets ...
2021-03-31 14:40:33,637:INFO:Test users: ['smc4', 'smc40', 'smc48', 'smc6', 'smc11', 'smc1', 'smc34']
2021-03-31 14:40:33,637:INFO:Features encoded: ['sex', 'SKC']
2021-03-31 14:40:33,637:INFO:Finding Cohorts ...
2021-03-31 14:40:33,638:INFO:Finding cohorts using: sex
2021-03-31 14:40:33,640:INFO:Training Cohort models ...
2021-03-31 14:42:57,064:INFO:Cohort assignation ...
2021-03-31 14:42:57,064:INFO:Matching via sex
2021-03-31 14:42:57,065:INFO:Cohort evaluation ...
2021-03-31 14:42:57,164:INFO:Baseline holistic ...
2021-03-31 14:45:31,615:INFO:Baseline pcm ...
2021-03-31 14:45:31,615:INFO:Loading precomputed pcm ...
2021-03-31 14:45:31,747:INFO:########## Finished iteration 44 ##########
2021-03-31 14:45:31,747:INFO:########## Iteration 45 ##########
2021-03-31 14:45:31,747:INFO:Loading datasets ...
2021-03-31 14:45:32,142:INFO:Test users: ['smc21', 'smc6', 'smc48', 'smc40', 'smc34', 'smc20', 'smc23']
2021-03-31 14:45:32,142:INFO:Features encoded: ['sex', 'SKC']
2021-03-31 14:45:32,143:INFO:Finding Cohorts ...
2021-03-31 14:45:32,143:INFO:Finding cohorts using: sex
2021-03-31 14:45:32,145:INFO:Training Cohort models ...
2021-03-31 14:48:31,177:INFO:Cohort assignation ...
2021-03-31 14:48:31,177:INFO:Matching via sex
2021-03-31 14:48:31,179:INFO:Cohort evaluation ...
2021-03-31 14:48:31,370:INFO:Baseline holistic ...
2021-03-31 14:50:44,552:INFO:Baseline pcm ...
2021-03-31 14:50:44,552:INFO:Loading precomputed pcm ...
2021-03-31 14:50:44,684:INFO:########## Finished iteration 45 ##########
2021-03-31 14:50:44,684:INFO:########## Iteration 46 ##########
2021-03-31 14:50:44,684:INFO:Loading datasets ...
2021-03-31 14:50:45,078:INFO:Test users: ['smc5', 'smc22', 'smc6', 'smc45', 'smc35', 'smc46', 'smc4']
2021-03-31 14:50:45,079:INFO:Features encoded: ['sex', 'SKC']
2021-03-31 14:50:45,079:INFO:Finding Cohorts ...
2021-03-31 14:50:45,080:INFO:Finding cohorts using: sex
2021-03-31 14:50:45,082:INFO:Training Cohort models ...
2021-03-31 14:54:16,143:INFO:Cohort assignation ...
2021-03-31 14:54:16,143:INFO:Matching via sex
2021-03-31 14:54:16,144:INFO:Cohort evaluation ...
2021-03-31 14:54:16,428:INFO:Baseline holistic ...
2021-03-31 14:56:28,743:INFO:Baseline pcm ...
2021-03-31 14:56:28,743:INFO:Loading precomputed pcm ...
2021-03-31 14:56:28,875:INFO:########## Finished iteration 46 ##########
2021-03-31 14:56:28,875:INFO:########## Iteration 47 ##########
2021-03-31 14:56:28,875:INFO:Loading datasets ...
2021-03-31 14:56:29,271:INFO:Test users: ['smc51', 'smc21', 'smc36', 'smc38', 'smc44', 'smc45', 'smc23']
2021-03-31 14:56:29,271:INFO:Features encoded: ['sex', 'SKC']
2021-03-31 14:56:29,271:INFO:Finding Cohorts ...
2021-03-31 14:56:29,272:INFO:Finding cohorts using: sex
2021-03-31 14:56:29,274:INFO:Training Cohort models ...
2021-03-31 14:58:53,498:INFO:Cohort assignation ...
2021-03-31 14:58:53,498:INFO:Matching via sex
2021-03-31 14:58:53,500:INFO:Cohort evaluation ...
2021-03-31 14:58:53,599:INFO:Baseline holistic ...
2021-03-31 15:01:06,874:INFO:Baseline pcm ...
2021-03-31 15:01:06,875:INFO:Loading precomputed pcm ...
2021-03-31 15:01:07,013:INFO:########## Finished iteration 47 ##########
2021-03-31 15:01:07,013:INFO:########## Iteration 48 ##########
2021-03-31 15:01:07,013:INFO:Loading datasets ...
2021-03-31 15:01:07,579:INFO:Test users: ['smc35', 'smc50', 'smc21', 'smc6', 'smc48', 'smc29', 'smc28']
2021-03-31 15:01:07,580:INFO:Features encoded: ['sex', 'SKC']
2021-03-31 15:01:07,580:INFO:Finding Cohorts ...
2021-03-31 15:01:07,580:INFO:Finding cohorts using: sex
2021-03-31 15:01:07,584:INFO:Training Cohort models ...
2021-03-31 15:04:11,993:INFO:Cohort assignation ...
2021-03-31 15:04:11,993:INFO:Matching via sex
2021-03-31 15:04:11,996:INFO:Cohort evaluation ...
2021-03-31 15:04:12,176:INFO:Baseline holistic ...
2021-03-31 15:06:36,893:INFO:Baseline pcm ...
2021-03-31 15:06:36,893:INFO:Loading precomputed pcm ...
2021-03-31 15:06:37,025:INFO:########## Finished iteration 48 ##########
2021-03-31 15:06:37,025:INFO:########## Iteration 49 ##########
2021-03-31 15:06:37,026:INFO:Loading datasets ...
2021-03-31 15:06:37,424:INFO:Test users: ['smc6', 'smc35', 'smc29', 'smc51', 'smc4', 'smc30', 'smc31']
2021-03-31 15:06:37,425:INFO:Features encoded: ['sex', 'SKC']
2021-03-31 15:06:37,431:INFO:Finding Cohorts ...
2021-03-31 15:06:37,432:INFO:Finding cohorts using: sex
2021-03-31 15:06:37,434:INFO:Training Cohort models ...
2021-03-31 15:09:38,236:INFO:Cohort assignation ...
2021-03-31 15:09:38,236:INFO:Matching via sex
2021-03-31 15:09:38,237:INFO:Cohort evaluation ...
2021-03-31 15:09:38,444:INFO:Baseline holistic ...
2021-03-31 15:11:52,595:INFO:Baseline pcm ...
2021-03-31 15:11:52,595:INFO:Loading precomputed pcm ...
2021-03-31 15:11:52,728:INFO:########## Finished iteration 49 ##########
2021-03-31 15:11:52,735:INFO:########## Iteration 50 ##########
2021-03-31 15:11:52,735:INFO:Loading datasets ...
2021-03-31 15:11:53,137:INFO:Test users: ['smc50', 'smc20', 'smc1', 'smc10', 'smc25', 'smc43', 'smc33']
2021-03-31 15:11:53,137:INFO:Features encoded: ['sex', 'SKC']
2021-03-31 15:11:53,137:INFO:Finding Cohorts ...
2021-03-31 15:11:53,138:INFO:Finding cohorts using: sex
2021-03-31 15:11:53,140:INFO:Training Cohort models ...
2021-03-31 15:15:09,511:INFO:Cohort assignation ...
2021-03-31 15:15:09,511:INFO:Matching via sex
2021-03-31 15:15:09,512:INFO:Cohort evaluation ...
2021-03-31 15:15:09,770:INFO:Baseline holistic ...
2021-03-31 15:17:00,111:INFO:Baseline pcm ...
2021-03-31 15:17:00,111:INFO:Loading precomputed pcm ...
2021-03-31 15:17:00,243:INFO:########## Finished iteration 50 ##########
2021-03-31 15:17:00,243:INFO:########## Iteration 51 ##########
2021-03-31 15:17:00,243:INFO:Loading datasets ...
2021-03-31 15:17:00,637:INFO:Test users: ['smc9', 'smc8', 'smc11', 'smc31', 'smc20', 'smc25', 'smc38']
2021-03-31 15:17:00,637:INFO:Features encoded: ['sex', 'SKC']
2021-03-31 15:17:00,637:INFO:Finding Cohorts ...
2021-03-31 15:17:00,638:INFO:Finding cohorts using: sex
2021-03-31 15:17:00,640:INFO:Training Cohort models ...
2021-03-31 15:19:59,824:INFO:Cohort assignation ...
2021-03-31 15:19:59,824:INFO:Matching via sex
2021-03-31 15:19:59,825:INFO:Cohort evaluation ...
2021-03-31 15:20:00,032:INFO:Baseline holistic ...
2021-03-31 15:22:14,178:INFO:Baseline pcm ...
2021-03-31 15:22:14,178:INFO:Loading precomputed pcm ...
2021-03-31 15:22:14,311:INFO:########## Finished iteration 51 ##########
2021-03-31 15:22:14,312:INFO:########## Iteration 52 ##########
2021-03-31 15:22:14,312:INFO:Loading datasets ...
2021-03-31 15:22:14,710:INFO:Test users: ['smc20', 'smc2', 'smc51', 'smc9', 'smc4', 'smc21', 'smc23']
2021-03-31 15:22:14,710:INFO:Features encoded: ['sex', 'SKC']
2021-03-31 15:22:14,710:INFO:Finding Cohorts ...
2021-03-31 15:22:14,711:INFO:Finding cohorts using: sex
2021-03-31 15:22:14,713:INFO:Training Cohort models ...
2021-03-31 15:25:12,584:INFO:Cohort assignation ...
2021-03-31 15:25:12,584:INFO:Matching via sex
2021-03-31 15:25:12,585:INFO:Cohort evaluation ...
2021-03-31 15:25:12,777:INFO:Baseline holistic ...
2021-03-31 15:27:47,210:INFO:Baseline pcm ...
2021-03-31 15:27:47,210:INFO:Loading precomputed pcm ...
2021-03-31 15:27:47,341:INFO:########## Finished iteration 52 ##########
2021-03-31 15:27:47,341:INFO:########## Iteration 53 ##########
2021-03-31 15:27:47,341:INFO:Loading datasets ...
2021-03-31 15:27:47,740:INFO:Test users: ['smc11', 'smc9', 'smc2', 'smc35', 'smc47', 'smc21', 'smc36']
2021-03-31 15:27:47,741:INFO:Features encoded: ['sex', 'SKC']
2021-03-31 15:27:47,741:INFO:Finding Cohorts ...
2021-03-31 15:27:47,742:INFO:Finding cohorts using: sex
2021-03-31 15:27:47,744:INFO:Training Cohort models ...
2021-03-31 15:30:44,539:INFO:Cohort assignation ...
2021-03-31 15:30:44,540:INFO:Matching via sex
2021-03-31 15:30:44,541:INFO:Cohort evaluation ...
2021-03-31 15:30:44,747:INFO:Baseline holistic ...
2021-03-31 15:33:20,399:INFO:Baseline pcm ...
2021-03-31 15:33:20,399:INFO:Loading precomputed pcm ...
2021-03-31 15:33:20,595:INFO:########## Finished iteration 53 ##########
2021-03-31 15:33:20,596:INFO:########## Iteration 54 ##########
2021-03-31 15:33:20,596:INFO:Loading datasets ...
2021-03-31 15:33:20,993:INFO:Test users: ['smc31', 'smc20', 'smc30', 'smc10', 'smc51', 'smc29', 'smc40']
2021-03-31 15:33:20,993:INFO:Features encoded: ['sex', 'SKC']
2021-03-31 15:33:20,993:INFO:Finding Cohorts ...
2021-03-31 15:33:20,994:INFO:Finding cohorts using: sex
2021-03-31 15:33:20,996:INFO:Training Cohort models ...
2021-03-31 15:36:22,048:INFO:Cohort assignation ...
2021-03-31 15:36:22,048:INFO:Matching via sex
2021-03-31 15:36:22,049:INFO:Cohort evaluation ...
2021-03-31 15:36:22,244:INFO:Baseline holistic ...
2021-03-31 15:39:00,967:INFO:Baseline pcm ...
2021-03-31 15:39:00,967:INFO:Loading precomputed pcm ...
2021-03-31 15:39:01,099:INFO:########## Finished iteration 54 ##########
2021-03-31 15:39:01,099:INFO:########## Iteration 55 ##########
2021-03-31 15:39:01,099:INFO:Loading datasets ...
2021-03-31 15:39:01,497:INFO:Test users: ['smc2', 'smc44', 'smc33', 'smc21', 'smc6', 'smc5', 'smc34']
2021-03-31 15:39:01,497:INFO:Features encoded: ['sex', 'SKC']
2021-03-31 15:39:01,497:INFO:Finding Cohorts ...
2021-03-31 15:39:01,498:INFO:Finding cohorts using: sex
2021-03-31 15:39:01,501:INFO:Training Cohort models ...
2021-03-31 15:42:34,017:INFO:Cohort assignation ...
2021-03-31 15:42:34,017:INFO:Matching via sex
2021-03-31 15:42:34,018:INFO:Cohort evaluation ...
2021-03-31 15:42:34,303:INFO:Baseline holistic ...
2021-03-31 15:44:29,289:INFO:Baseline pcm ...
2021-03-31 15:44:29,289:INFO:Loading precomputed pcm ...
2021-03-31 15:44:29,490:INFO:########## Finished iteration 55 ##########
2021-03-31 15:44:29,490:INFO:########## Iteration 56 ##########
2021-03-31 15:44:29,490:INFO:Loading datasets ...
2021-03-31 15:44:29,898:INFO:Test users: ['smc20', 'smc25', 'smc22', 'smc4', 'smc8', 'smc29', 'smc21']
2021-03-31 15:44:29,899:INFO:Features encoded: ['sex', 'SKC']
2021-03-31 15:44:29,899:INFO:Finding Cohorts ...
2021-03-31 15:44:29,900:INFO:Finding cohorts using: sex
2021-03-31 15:44:29,903:INFO:Training Cohort models ...
2021-03-31 15:47:56,788:INFO:Cohort assignation ...
2021-03-31 15:47:56,788:INFO:Matching via sex
2021-03-31 15:47:56,790:INFO:Cohort evaluation ...
2021-03-31 15:47:56,986:INFO:Baseline holistic ...
2021-03-31 15:50:45,163:INFO:Baseline pcm ...
2021-03-31 15:50:45,163:INFO:Loading precomputed pcm ...
2021-03-31 15:50:45,304:INFO:########## Finished iteration 56 ##########
2021-03-31 15:50:45,304:INFO:########## Iteration 57 ##########
2021-03-31 15:50:45,304:INFO:Loading datasets ...
2021-03-31 15:50:45,713:INFO:Test users: ['smc23', 'smc1', 'smc25', 'smc40', 'smc48', 'smc38', 'smc2']
2021-03-31 15:50:45,713:INFO:Features encoded: ['sex', 'SKC']
2021-03-31 15:50:45,713:INFO:Finding Cohorts ...
2021-03-31 15:50:45,714:INFO:Finding cohorts using: sex
2021-03-31 15:50:45,717:INFO:Training Cohort models ...
2021-03-31 15:54:07,078:INFO:Cohort assignation ...
2021-03-31 15:54:07,078:INFO:Matching via sex
2021-03-31 15:54:07,080:INFO:Cohort evaluation ...
2021-03-31 15:54:07,222:INFO:Baseline holistic ...
2021-03-31 15:56:02,157:INFO:Baseline pcm ...
2021-03-31 15:56:02,157:INFO:Loading precomputed pcm ...
2021-03-31 15:56:02,301:INFO:########## Finished iteration 57 ##########
2021-03-31 15:56:02,301:INFO:########## Iteration 58 ##########
2021-03-31 15:56:02,301:INFO:Loading datasets ...
2021-03-31 15:56:02,711:INFO:Test users: ['smc4', 'smc50', 'smc5', 'smc9', 'smc35', 'smc30', 'smc23']
2021-03-31 15:56:02,711:INFO:Features encoded: ['sex', 'SKC']
2021-03-31 15:56:02,711:INFO:Finding Cohorts ...
2021-03-31 15:56:02,712:INFO:Finding cohorts using: sex
2021-03-31 15:56:02,714:INFO:Training Cohort models ...
2021-03-31 15:58:31,862:INFO:Cohort assignation ...
2021-03-31 15:58:31,862:INFO:Matching via sex
2021-03-31 15:58:31,863:INFO:Cohort evaluation ...
2021-03-31 15:58:31,966:INFO:Baseline holistic ...
2021-03-31 16:00:53,268:INFO:Baseline pcm ...
2021-03-31 16:00:53,268:INFO:Loading precomputed pcm ...
2021-03-31 16:00:53,475:INFO:########## Finished iteration 58 ##########
2021-03-31 16:00:53,476:INFO:########## Iteration 59 ##########
2021-03-31 16:00:53,476:INFO:Loading datasets ...
2021-03-31 16:00:54,315:INFO:Test users: ['smc29', 'smc51', 'smc2', 'smc4', 'smc36', 'smc21', 'smc23']
2021-03-31 16:00:54,315:INFO:Features encoded: ['sex', 'SKC']
2021-03-31 16:00:54,315:INFO:Finding Cohorts ...
2021-03-31 16:00:54,316:INFO:Finding cohorts using: sex
2021-03-31 16:00:54,320:INFO:Training Cohort models ...
2021-03-31 16:05:26,376:INFO:Cohort assignation ...
2021-03-31 16:05:26,376:INFO:Matching via sex
2021-03-31 16:05:26,378:INFO:Cohort evaluation ...
2021-03-31 16:05:26,677:INFO:Baseline holistic ...
2021-03-31 16:08:15,905:INFO:Baseline pcm ...
2021-03-31 16:08:15,905:INFO:Loading precomputed pcm ...
2021-03-31 16:08:16,045:INFO:########## Finished iteration 59 ##########
2021-03-31 16:08:16,045:INFO:########## Iteration 60 ##########
2021-03-31 16:08:16,046:INFO:Loading datasets ...
2021-03-31 16:08:16,462:INFO:Test users: ['smc5', 'smc9', 'smc10', 'smc50', 'smc31', 'smc27', 'smc23']
2021-03-31 16:08:16,462:INFO:Features encoded: ['sex', 'SKC']
2021-03-31 16:08:16,462:INFO:Finding Cohorts ...
2021-03-31 16:08:16,464:INFO:Finding cohorts using: sex
2021-03-31 16:08:16,466:INFO:Training Cohort models ...
2021-03-31 16:12:11,882:INFO:Cohort assignation ...
2021-03-31 16:12:11,882:INFO:Matching via sex
2021-03-31 16:12:11,883:INFO:Cohort evaluation ...
2021-03-31 16:12:12,176:INFO:Baseline holistic ...
2021-03-31 16:14:46,029:INFO:Baseline pcm ...
2021-03-31 16:14:46,030:INFO:Loading precomputed pcm ...
2021-03-31 16:14:46,185:INFO:########## Finished iteration 60 ##########
2021-03-31 16:14:46,185:INFO:########## Iteration 61 ##########
2021-03-31 16:14:46,185:INFO:Loading datasets ...
2021-03-31 16:14:46,699:INFO:Test users: ['smc47', 'smc43', 'smc11', 'smc10', 'smc9', 'smc2', 'smc33']
2021-03-31 16:14:46,700:INFO:Features encoded: ['sex', 'SKC']
2021-03-31 16:14:46,700:INFO:Finding Cohorts ...
2021-03-31 16:14:46,701:INFO:Finding cohorts using: sex
2021-03-31 16:14:46,704:INFO:Training Cohort models ...
2021-03-31 16:17:40,958:INFO:Cohort assignation ...
2021-03-31 16:17:40,958:INFO:Matching via sex
2021-03-31 16:17:40,960:INFO:Cohort evaluation ...
2021-03-31 16:17:41,145:INFO:Baseline holistic ...
2021-03-31 16:20:44,499:INFO:Baseline pcm ...
2021-03-31 16:20:44,499:INFO:Loading precomputed pcm ...
2021-03-31 16:20:44,640:INFO:########## Finished iteration 61 ##########
2021-03-31 16:20:44,640:INFO:########## Iteration 62 ##########
2021-03-31 16:20:44,640:INFO:Loading datasets ...
2021-03-31 16:20:45,070:INFO:Test users: ['smc44', 'smc26', 'smc31', 'smc1', 'smc36', 'smc46', 'smc27']
2021-03-31 16:20:45,070:INFO:Features encoded: ['sex', 'SKC']
2021-03-31 16:20:45,070:INFO:Finding Cohorts ...
2021-03-31 16:20:45,071:INFO:Finding cohorts using: sex
2021-03-31 16:20:45,073:INFO:Training Cohort models ...
2021-03-31 16:23:58,557:INFO:Cohort assignation ...
2021-03-31 16:23:58,557:INFO:Matching via sex
2021-03-31 16:23:58,558:INFO:Cohort evaluation ...
2021-03-31 16:23:58,798:INFO:Baseline holistic ...
2021-03-31 16:26:01,941:INFO:Baseline pcm ...
2021-03-31 16:26:01,941:INFO:Loading precomputed pcm ...
2021-03-31 16:26:02,149:INFO:########## Finished iteration 62 ##########
2021-03-31 16:26:02,150:INFO:########## Iteration 63 ##########
2021-03-31 16:26:02,151:INFO:Loading datasets ...
2021-03-31 16:26:03,003:INFO:Test users: ['smc31', 'smc25', 'smc36', 'smc46', 'smc9', 'smc20', 'smc34']
2021-03-31 16:26:03,010:INFO:Features encoded: ['sex', 'SKC']
2021-03-31 16:26:03,010:INFO:Finding Cohorts ...
2021-03-31 16:26:03,012:INFO:Finding cohorts using: sex
2021-03-31 16:26:03,016:INFO:Training Cohort models ...
2021-03-31 16:29:00,185:INFO:Cohort assignation ...
2021-03-31 16:29:00,185:INFO:Matching via sex
2021-03-31 16:29:00,187:INFO:Cohort evaluation ...
2021-03-31 16:29:00,293:INFO:Baseline holistic ...
2021-03-31 16:32:01,523:INFO:Baseline pcm ...
2021-03-31 16:32:01,523:INFO:Loading precomputed pcm ...
2021-03-31 16:32:01,660:INFO:########## Finished iteration 63 ##########
2021-03-31 16:32:01,660:INFO:########## Iteration 64 ##########
2021-03-31 16:32:01,661:INFO:Loading datasets ...
2021-03-31 16:32:02,073:INFO:Test users: ['smc11', 'smc51', 'smc26', 'smc45', 'smc34', 'smc50', 'smc5']
2021-03-31 16:32:02,073:INFO:Features encoded: ['sex', 'SKC']
2021-03-31 16:32:02,073:INFO:Finding Cohorts ...
2021-03-31 16:32:02,073:INFO:Finding cohorts using: sex
2021-03-31 16:32:02,075:INFO:Training Cohort models ...
2021-03-31 16:35:49,344:INFO:Cohort assignation ...
2021-03-31 16:35:49,344:INFO:Matching via sex
2021-03-31 16:35:49,346:INFO:Cohort evaluation ...
2021-03-31 16:35:49,607:INFO:Baseline holistic ...
2021-03-31 16:38:24,584:INFO:Baseline pcm ...
2021-03-31 16:38:24,584:INFO:Loading precomputed pcm ...
2021-03-31 16:38:24,717:INFO:########## Finished iteration 64 ##########
2021-03-31 16:38:24,717:INFO:########## Iteration 65 ##########
2021-03-31 16:38:24,717:INFO:Loading datasets ...
2021-03-31 16:38:25,117:INFO:Test users: ['smc11', 'smc5', 'smc26', 'smc25', 'smc51', 'smc31', 'smc34']
2021-03-31 16:38:25,117:INFO:Features encoded: ['sex', 'SKC']
2021-03-31 16:38:25,117:INFO:Finding Cohorts ...
2021-03-31 16:38:25,118:INFO:Finding cohorts using: sex
2021-03-31 16:38:25,121:INFO:Training Cohort models ...
2021-03-31 16:40:50,814:INFO:Cohort assignation ...
2021-03-31 16:40:50,814:INFO:Matching via sex
2021-03-31 16:40:50,815:INFO:Cohort evaluation ...
2021-03-31 16:40:50,914:INFO:Baseline holistic ...
2021-03-31 16:43:27,271:INFO:Baseline pcm ...
2021-03-31 16:43:27,271:INFO:Loading precomputed pcm ...
2021-03-31 16:43:27,404:INFO:########## Finished iteration 65 ##########
2021-03-31 16:43:27,404:INFO:########## Iteration 66 ##########
2021-03-31 16:43:27,404:INFO:Loading datasets ...
2021-03-31 16:43:27,800:INFO:Test users: ['smc5', 'smc43', 'smc9', 'smc40', 'smc21', 'smc34', 'smc23']
2021-03-31 16:43:27,801:INFO:Features encoded: ['sex', 'SKC']
2021-03-31 16:43:27,801:INFO:Finding Cohorts ...
2021-03-31 16:43:27,801:INFO:Finding cohorts using: sex
2021-03-31 16:43:27,803:INFO:Training Cohort models ...
2021-03-31 16:46:08,094:INFO:Cohort assignation ...
2021-03-31 16:46:08,094:INFO:Matching via sex
2021-03-31 16:46:08,095:INFO:Cohort evaluation ...
2021-03-31 16:46:08,235:INFO:Baseline holistic ...
2021-03-31 16:48:20,004:INFO:Baseline pcm ...
2021-03-31 16:48:20,004:INFO:Loading precomputed pcm ...
2021-03-31 16:48:20,138:INFO:########## Finished iteration 66 ##########
2021-03-31 16:48:20,138:INFO:########## Iteration 67 ##########
2021-03-31 16:48:20,138:INFO:Loading datasets ...
2021-03-31 16:48:20,537:INFO:Test users: ['smc21', 'smc5', 'smc33', 'smc20', 'smc30', 'smc25', 'smc22']
2021-03-31 16:48:20,538:INFO:Features encoded: ['sex', 'SKC']
2021-03-31 16:48:20,538:INFO:Finding Cohorts ...
2021-03-31 16:48:20,538:INFO:Finding cohorts using: sex
2021-03-31 16:48:20,541:INFO:Training Cohort models ...
2021-03-31 16:51:02,913:INFO:Cohort assignation ...
2021-03-31 16:51:02,913:INFO:Matching via sex
2021-03-31 16:51:02,914:INFO:Cohort evaluation ...
2021-03-31 16:51:03,055:INFO:Baseline holistic ...
2021-03-31 16:52:54,245:INFO:Baseline pcm ...
2021-03-31 16:52:54,245:INFO:Loading precomputed pcm ...
2021-03-31 16:52:54,378:INFO:########## Finished iteration 67 ##########
2021-03-31 16:52:54,378:INFO:########## Iteration 68 ##########
2021-03-31 16:52:54,378:INFO:Loading datasets ...
2021-03-31 16:52:54,778:INFO:Test users: ['smc51', 'smc50', 'smc36', 'smc10', 'smc2', 'smc30', 'smc38']
2021-03-31 16:52:54,778:INFO:Features encoded: ['sex', 'SKC']
2021-03-31 16:52:54,778:INFO:Finding Cohorts ...
2021-03-31 16:52:54,779:INFO:Finding cohorts using: sex
2021-03-31 16:52:54,781:INFO:Training Cohort models ...
2021-03-31 16:56:28,670:INFO:Cohort assignation ...
2021-03-31 16:56:28,670:INFO:Matching via sex
2021-03-31 16:56:28,671:INFO:Cohort evaluation ...
2021-03-31 16:56:28,958:INFO:Baseline holistic ...
2021-03-31 16:58:19,335:INFO:Baseline pcm ...
2021-03-31 16:58:19,335:INFO:Loading precomputed pcm ...
2021-03-31 16:58:19,532:INFO:########## Finished iteration 68 ##########
2021-03-31 16:58:19,532:INFO:########## Iteration 69 ##########
2021-03-31 16:58:19,533:INFO:Loading datasets ...
2021-03-31 16:58:19,931:INFO:Test users: ['smc33', 'smc20', 'smc4', 'smc11', 'smc26', 'smc31', 'smc21']
2021-03-31 16:58:19,931:INFO:Features encoded: ['sex', 'SKC']
2021-03-31 16:58:19,932:INFO:Finding Cohorts ...
2021-03-31 16:58:19,933:INFO:Finding cohorts using: sex
2021-03-31 16:58:19,935:INFO:Training Cohort models ...
2021-03-31 17:01:04,451:INFO:Cohort assignation ...
2021-03-31 17:01:04,451:INFO:Matching via sex
2021-03-31 17:01:04,452:INFO:Cohort evaluation ...
2021-03-31 17:01:04,604:INFO:Baseline holistic ...
2021-03-31 17:02:53,928:INFO:Baseline pcm ...
2021-03-31 17:02:53,928:INFO:Loading precomputed pcm ...
2021-03-31 17:02:54,061:INFO:########## Finished iteration 69 ##########
2021-03-31 17:02:54,062:INFO:########## Iteration 70 ##########
2021-03-31 17:02:54,062:INFO:Loading datasets ...
2021-03-31 17:02:54,463:INFO:Test users: ['smc48', 'smc46', 'smc34', 'smc51', 'smc8', 'smc4', 'smc21']
2021-03-31 17:02:54,463:INFO:Features encoded: ['sex', 'SKC']
2021-03-31 17:02:54,463:INFO:Finding Cohorts ...
2021-03-31 17:02:54,464:INFO:Finding cohorts using: sex
2021-03-31 17:02:54,466:INFO:Training Cohort models ...
2021-03-31 17:06:12,582:INFO:Cohort assignation ...
2021-03-31 17:06:12,582:INFO:Matching via sex
2021-03-31 17:06:12,584:INFO:Cohort evaluation ...
2021-03-31 17:06:12,799:INFO:Baseline holistic ...
2021-03-31 17:09:03,884:INFO:Baseline pcm ...
2021-03-31 17:09:03,884:INFO:Loading precomputed pcm ...
2021-03-31 17:09:04,085:INFO:########## Finished iteration 70 ##########
2021-03-31 17:09:04,085:INFO:########## Iteration 71 ##########
2021-03-31 17:09:04,085:INFO:Loading datasets ...
2021-03-31 17:09:04,496:INFO:Test users: ['smc27', 'smc30', 'smc36', 'smc2', 'smc50', 'smc11', 'smc5']
2021-03-31 17:09:04,496:INFO:Features encoded: ['sex', 'SKC']
2021-03-31 17:09:04,496:INFO:Finding Cohorts ...
2021-03-31 17:09:04,497:INFO:Finding cohorts using: sex
2021-03-31 17:09:04,499:INFO:Training Cohort models ...
2021-03-31 17:12:16,839:INFO:Cohort assignation ...
2021-03-31 17:12:16,839:INFO:Matching via sex
2021-03-31 17:12:16,841:INFO:Cohort evaluation ...
2021-03-31 17:12:17,024:INFO:Baseline holistic ...
2021-03-31 17:15:08,323:INFO:Baseline pcm ...
2021-03-31 17:15:08,323:INFO:Loading precomputed pcm ...
2021-03-31 17:15:08,462:INFO:########## Finished iteration 71 ##########
2021-03-31 17:15:08,462:INFO:########## Iteration 72 ##########
2021-03-31 17:15:08,462:INFO:Loading datasets ...
2021-03-31 17:15:08,880:INFO:Test users: ['smc23', 'smc10', 'smc47', 'smc30', 'smc26', 'smc6', 'smc27']
2021-03-31 17:15:08,880:INFO:Features encoded: ['sex', 'SKC']
2021-03-31 17:15:08,880:INFO:Finding Cohorts ...
2021-03-31 17:15:08,881:INFO:Finding cohorts using: sex
2021-03-31 17:15:08,883:INFO:Training Cohort models ...
2021-03-31 17:18:31,208:INFO:Cohort assignation ...
2021-03-31 17:18:31,208:INFO:Matching via sex
2021-03-31 17:18:31,209:INFO:Cohort evaluation ...
2021-03-31 17:18:31,469:INFO:Baseline holistic ...
2021-03-31 17:21:00,549:INFO:Baseline pcm ...
2021-03-31 17:21:00,550:INFO:Loading precomputed pcm ...
2021-03-31 17:21:00,757:INFO:########## Finished iteration 72 ##########
2021-03-31 17:21:00,757:INFO:########## Iteration 73 ##########
2021-03-31 17:21:00,758:INFO:Loading datasets ...
2021-03-31 17:21:01,635:INFO:Test users: ['smc29', 'smc50', 'smc40', 'smc20', 'smc26', 'smc10', 'smc5']
2021-03-31 17:21:01,635:INFO:Features encoded: ['sex', 'SKC']
2021-03-31 17:21:01,636:INFO:Finding Cohorts ...
2021-03-31 17:21:01,639:INFO:Finding cohorts using: sex
2021-03-31 17:21:01,643:INFO:Training Cohort models ...
2021-03-31 17:24:28,133:INFO:Cohort assignation ...
2021-03-31 17:24:28,133:INFO:Matching via sex
2021-03-31 17:24:28,135:INFO:Cohort evaluation ...
2021-03-31 17:24:28,261:INFO:Baseline holistic ...
2021-03-31 17:27:25,794:INFO:Baseline pcm ...
2021-03-31 17:27:25,794:INFO:Loading precomputed pcm ...
2021-03-31 17:27:25,935:INFO:########## Finished iteration 73 ##########
2021-03-31 17:27:25,935:INFO:########## Iteration 74 ##########
2021-03-31 17:27:25,935:INFO:Loading datasets ...
2021-03-31 17:27:26,346:INFO:Test users: ['smc6', 'smc50', 'smc11', 'smc35', 'smc48', 'smc28', 'smc5']
2021-03-31 17:27:26,346:INFO:Features encoded: ['sex', 'SKC']
2021-03-31 17:27:26,346:INFO:Finding Cohorts ...
2021-03-31 17:27:26,347:INFO:Finding cohorts using: sex
2021-03-31 17:27:26,349:INFO:Training Cohort models ...
2021-03-31 17:30:30,491:INFO:Cohort assignation ...
2021-03-31 17:30:30,491:INFO:Matching via sex
2021-03-31 17:30:30,492:INFO:Cohort evaluation ...
2021-03-31 17:30:30,622:INFO:Baseline holistic ...
2021-03-31 17:33:27,157:INFO:Baseline pcm ...
2021-03-31 17:33:27,157:INFO:Loading precomputed pcm ...
2021-03-31 17:33:27,294:INFO:########## Finished iteration 74 ##########
2021-03-31 17:33:27,294:INFO:########## Iteration 75 ##########
2021-03-31 17:33:27,294:INFO:Loading datasets ...
2021-03-31 17:33:27,703:INFO:Test users: ['smc4', 'smc26', 'smc51', 'smc27', 'smc9', 'smc30', 'smc23']
2021-03-31 17:33:27,704:INFO:Features encoded: ['sex', 'SKC']
2021-03-31 17:33:27,704:INFO:Finding Cohorts ...
2021-03-31 17:33:27,704:INFO:Finding cohorts using: sex
2021-03-31 17:33:27,707:INFO:Training Cohort models ...
2021-03-31 17:36:57,869:INFO:Cohort assignation ...
2021-03-31 17:36:57,869:INFO:Matching via sex
2021-03-31 17:36:57,871:INFO:Cohort evaluation ...
2021-03-31 17:36:58,106:INFO:Baseline holistic ...
2021-03-31 17:38:58,023:INFO:Baseline pcm ...
2021-03-31 17:38:58,023:INFO:Loading precomputed pcm ...
2021-03-31 17:38:58,234:INFO:########## Finished iteration 75 ##########
2021-03-31 17:38:58,235:INFO:########## Iteration 76 ##########
2021-03-31 17:38:58,235:INFO:Loading datasets ...
2021-03-31 17:38:59,101:INFO:Test users: ['smc35', 'smc44', 'smc30', 'smc1', 'smc4', 'smc25', 'smc22']
2021-03-31 17:38:59,101:INFO:Features encoded: ['sex', 'SKC']
2021-03-31 17:38:59,101:INFO:Finding Cohorts ...
2021-03-31 17:38:59,104:INFO:Finding cohorts using: sex
2021-03-31 17:38:59,108:INFO:Training Cohort models ...
2021-03-31 17:41:46,518:INFO:Cohort assignation ...
2021-03-31 17:41:46,518:INFO:Matching via sex
2021-03-31 17:41:46,519:INFO:Cohort evaluation ...
2021-03-31 17:41:46,624:INFO:Baseline holistic ...
2021-03-31 17:44:31,590:INFO:Baseline pcm ...
2021-03-31 17:44:31,590:INFO:Loading precomputed pcm ...
2021-03-31 17:44:31,726:INFO:########## Finished iteration 76 ##########
2021-03-31 17:44:31,726:INFO:########## Iteration 77 ##########
2021-03-31 17:44:31,726:INFO:Loading datasets ...
2021-03-31 17:44:32,134:INFO:Test users: ['smc11', 'smc23', 'smc25', 'smc35', 'smc2', 'smc45', 'smc30']
2021-03-31 17:44:32,134:INFO:Features encoded: ['sex', 'SKC']
2021-03-31 17:44:32,134:INFO:Finding Cohorts ...
2021-03-31 17:44:32,134:INFO:Finding cohorts using: sex
2021-03-31 17:44:32,137:INFO:Training Cohort models ...
2021-03-31 17:47:54,587:INFO:Cohort assignation ...
2021-03-31 17:47:54,587:INFO:Matching via sex
2021-03-31 17:47:54,589:INFO:Cohort evaluation ...
2021-03-31 17:47:54,744:INFO:Baseline holistic ...
2021-03-31 17:50:54,634:INFO:Baseline pcm ...
2021-03-31 17:50:54,634:INFO:Loading precomputed pcm ...
2021-03-31 17:50:54,770:INFO:########## Finished iteration 77 ##########
2021-03-31 17:50:54,770:INFO:########## Iteration 78 ##########
2021-03-31 17:50:54,770:INFO:Loading datasets ...
2021-03-31 17:50:55,182:INFO:Test users: ['smc48', 'smc35', 'smc2', 'smc26', 'smc40', 'smc1', 'smc29']
2021-03-31 17:50:55,182:INFO:Features encoded: ['sex', 'SKC']
2021-03-31 17:50:55,182:INFO:Finding Cohorts ...
2021-03-31 17:50:55,183:INFO:Finding cohorts using: sex
2021-03-31 17:50:55,185:INFO:Training Cohort models ...
2021-03-31 17:53:47,953:INFO:Cohort assignation ...
2021-03-31 17:53:47,953:INFO:Matching via sex
2021-03-31 17:53:47,955:INFO:Cohort evaluation ...
2021-03-31 17:53:48,078:INFO:Baseline holistic ...
2021-03-31 17:56:28,155:INFO:Baseline pcm ...
2021-03-31 17:56:28,155:INFO:Loading precomputed pcm ...
2021-03-31 17:56:28,283:INFO:########## Finished iteration 78 ##########
2021-03-31 17:56:28,283:INFO:########## Iteration 79 ##########
2021-03-31 17:56:28,283:INFO:Loading datasets ...
2021-03-31 17:56:28,682:INFO:Test users: ['smc45', 'smc38', 'smc47', 'smc10', 'smc27', 'smc23', 'smc21']
2021-03-31 17:56:28,682:INFO:Features encoded: ['sex', 'SKC']
2021-03-31 17:56:28,682:INFO:Finding Cohorts ...
2021-03-31 17:56:28,682:INFO:Finding cohorts using: sex
2021-03-31 17:56:28,684:INFO:Training Cohort models ...
2021-03-31 17:59:09,248:INFO:Cohort assignation ...
2021-03-31 17:59:09,249:INFO:Matching via sex
2021-03-31 17:59:09,250:INFO:Cohort evaluation ...
2021-03-31 17:59:09,388:INFO:Baseline holistic ...
2021-03-31 18:01:44,007:INFO:Baseline pcm ...
2021-03-31 18:01:44,007:INFO:Loading precomputed pcm ...
2021-03-31 18:01:44,139:INFO:########## Finished iteration 79 ##########
2021-03-31 18:01:44,139:INFO:########## Iteration 80 ##########
2021-03-31 18:01:44,139:INFO:Loading datasets ...
2021-03-31 18:01:44,533:INFO:Test users: ['smc27', 'smc43', 'smc47', 'smc21', 'smc9', 'smc29', 'smc40']
2021-03-31 18:01:44,533:INFO:Features encoded: ['sex', 'SKC']
2021-03-31 18:01:44,533:INFO:Finding Cohorts ...
2021-03-31 18:01:44,534:INFO:Finding cohorts using: sex
2021-03-31 18:01:44,536:INFO:Training Cohort models ...
2021-03-31 18:04:57,814:INFO:Cohort assignation ...
2021-03-31 18:04:57,814:INFO:Matching via sex
2021-03-31 18:04:57,815:INFO:Cohort evaluation ...
2021-03-31 18:04:58,045:INFO:Baseline holistic ...
2021-03-31 18:06:46,056:INFO:Baseline pcm ...
2021-03-31 18:06:46,056:INFO:Loading precomputed pcm ...
2021-03-31 18:06:46,189:INFO:########## Finished iteration 80 ##########
2021-03-31 18:06:46,190:INFO:########## Iteration 81 ##########
2021-03-31 18:06:46,190:INFO:Loading datasets ...
2021-03-31 18:06:46,587:INFO:Test users: ['smc21', 'smc34', 'smc38', 'smc4', 'smc45', 'smc8', 'smc48']
2021-03-31 18:06:46,587:INFO:Features encoded: ['sex', 'SKC']
2021-03-31 18:06:46,588:INFO:Finding Cohorts ...
2021-03-31 18:06:46,589:INFO:Finding cohorts using: sex
2021-03-31 18:06:46,591:INFO:Training Cohort models ...
2021-03-31 18:09:27,279:INFO:Cohort assignation ...
2021-03-31 18:09:27,279:INFO:Matching via sex
2021-03-31 18:09:27,280:INFO:Cohort evaluation ...
2021-03-31 18:09:27,419:INFO:Baseline holistic ...
2021-03-31 18:12:02,937:INFO:Baseline pcm ...
2021-03-31 18:12:02,937:INFO:Loading precomputed pcm ...
2021-03-31 18:12:03,068:INFO:########## Finished iteration 81 ##########
2021-03-31 18:12:03,068:INFO:########## Iteration 82 ##########
2021-03-31 18:12:03,069:INFO:Loading datasets ...
2021-03-31 18:12:03,466:INFO:Test users: ['smc40', 'smc47', 'smc23', 'smc20', 'smc43', 'smc35', 'smc48']
2021-03-31 18:12:03,467:INFO:Features encoded: ['sex', 'SKC']
2021-03-31 18:12:03,467:INFO:Finding Cohorts ...
2021-03-31 18:12:03,467:INFO:Finding cohorts using: sex
2021-03-31 18:12:03,470:INFO:Training Cohort models ...
2021-03-31 18:14:27,752:INFO:Cohort assignation ...
2021-03-31 18:14:27,752:INFO:Matching via sex
2021-03-31 18:14:27,754:INFO:Cohort evaluation ...
2021-03-31 18:14:27,862:INFO:Baseline holistic ...
2021-03-31 18:17:14,971:INFO:Baseline pcm ...
2021-03-31 18:17:14,971:INFO:Loading precomputed pcm ...
2021-03-31 18:17:15,181:INFO:########## Finished iteration 82 ##########
2021-03-31 18:17:15,181:INFO:########## Iteration 83 ##########
2021-03-31 18:17:15,181:INFO:Loading datasets ...
2021-03-31 18:17:16,065:INFO:Test users: ['smc33', 'smc47', 'smc43', 'smc1', 'smc51', 'smc22', 'smc28']
2021-03-31 18:17:16,066:INFO:Features encoded: ['sex', 'SKC']
2021-03-31 18:17:16,066:INFO:Finding Cohorts ...
2021-03-31 18:17:16,067:INFO:Finding cohorts using: sex
2021-03-31 18:17:16,071:INFO:Training Cohort models ...
2021-03-31 18:20:37,608:INFO:Cohort assignation ...
2021-03-31 18:20:37,608:INFO:Matching via sex
2021-03-31 18:20:37,609:INFO:Cohort evaluation ...
2021-03-31 18:20:37,793:INFO:Baseline holistic ...
2021-03-31 18:23:12,599:INFO:Baseline pcm ...
2021-03-31 18:23:12,599:INFO:Loading precomputed pcm ...
2021-03-31 18:23:12,809:INFO:########## Finished iteration 83 ##########
2021-03-31 18:23:12,809:INFO:########## Iteration 84 ##########
2021-03-31 18:23:12,810:INFO:Loading datasets ...
2021-03-31 18:23:13,676:INFO:Test users: ['smc25', 'smc44', 'smc5', 'smc9', 'smc45', 'smc38', 'smc50']
2021-03-31 18:23:13,677:INFO:Features encoded: ['sex', 'SKC']
2021-03-31 18:23:13,677:INFO:Finding Cohorts ...
2021-03-31 18:23:13,679:INFO:Finding cohorts using: sex
2021-03-31 18:23:13,683:INFO:Training Cohort models ...
2021-03-31 18:27:07,995:INFO:Cohort assignation ...
2021-03-31 18:27:07,995:INFO:Matching via sex
2021-03-31 18:27:07,997:INFO:Cohort evaluation ...
2021-03-31 18:27:08,291:INFO:Baseline holistic ...
2021-03-31 18:29:54,620:INFO:Baseline pcm ...
2021-03-31 18:29:54,620:INFO:Loading precomputed pcm ...
2021-03-31 18:29:54,820:INFO:########## Finished iteration 84 ##########
2021-03-31 18:29:54,820:INFO:########## Iteration 85 ##########
2021-03-31 18:29:54,820:INFO:Loading datasets ...
2021-03-31 18:29:55,633:INFO:Test users: ['smc11', 'smc26', 'smc28', 'smc38', 'smc43', 'smc50', 'smc22']
2021-03-31 18:29:55,633:INFO:Features encoded: ['sex', 'SKC']
2021-03-31 18:29:55,633:INFO:Finding Cohorts ...
2021-03-31 18:29:55,636:INFO:Finding cohorts using: sex
2021-03-31 18:29:55,641:INFO:Training Cohort models ...
2021-03-31 18:34:09,268:INFO:Cohort assignation ...
2021-03-31 18:34:09,269:INFO:Matching via sex
2021-03-31 18:34:09,271:INFO:Cohort evaluation ...
2021-03-31 18:34:09,506:INFO:Baseline holistic ...
2021-03-31 18:36:40,770:INFO:Baseline pcm ...
2021-03-31 18:36:40,770:INFO:Loading precomputed pcm ...
2021-03-31 18:36:40,996:INFO:########## Finished iteration 85 ##########
2021-03-31 18:36:40,997:INFO:########## Iteration 86 ##########
2021-03-31 18:36:40,997:INFO:Loading datasets ...
2021-03-31 18:36:41,944:INFO:Test users: ['smc34', 'smc21', 'smc8', 'smc33', 'smc44', 'smc38', 'smc30']
2021-03-31 18:36:41,944:INFO:Features encoded: ['sex', 'SKC']
2021-03-31 18:36:41,944:INFO:Finding Cohorts ...
2021-03-31 18:36:41,947:INFO:Finding cohorts using: sex
2021-03-31 18:36:41,951:INFO:Training Cohort models ...
2021-03-31 18:40:12,114:INFO:Cohort assignation ...
2021-03-31 18:40:12,114:INFO:Matching via sex
2021-03-31 18:40:12,115:INFO:Cohort evaluation ...
2021-03-31 18:40:12,299:INFO:Baseline holistic ...
2021-03-31 18:42:19,476:INFO:Baseline pcm ...
2021-03-31 18:42:19,476:INFO:Loading precomputed pcm ...
2021-03-31 18:42:19,613:INFO:########## Finished iteration 86 ##########
2021-03-31 18:42:19,613:INFO:########## Iteration 87 ##########
2021-03-31 18:42:19,613:INFO:Loading datasets ...
2021-03-31 18:42:20,025:INFO:Test users: ['smc11', 'smc8', 'smc9', 'smc38', 'smc44', 'smc4', 'smc40']
2021-03-31 18:42:20,026:INFO:Features encoded: ['sex', 'SKC']
2021-03-31 18:42:20,026:INFO:Finding Cohorts ...
2021-03-31 18:42:20,027:INFO:Finding cohorts using: sex
2021-03-31 18:42:20,029:INFO:Training Cohort models ...
2021-03-31 18:45:41,912:INFO:Cohort assignation ...
2021-03-31 18:45:41,912:INFO:Matching via sex
2021-03-31 18:45:41,914:INFO:Cohort evaluation ...
2021-03-31 18:45:42,115:INFO:Baseline holistic ...
2021-03-31 18:48:07,140:INFO:Baseline pcm ...
2021-03-31 18:48:07,140:INFO:Loading precomputed pcm ...
2021-03-31 18:48:07,277:INFO:########## Finished iteration 87 ##########
2021-03-31 18:48:07,277:INFO:########## Iteration 88 ##########
2021-03-31 18:48:07,277:INFO:Loading datasets ...
2021-03-31 18:48:07,693:INFO:Test users: ['smc4', 'smc9', 'smc6', 'smc5', 'smc43', 'smc46', 'smc28']
2021-03-31 18:48:07,693:INFO:Features encoded: ['sex', 'SKC']
2021-03-31 18:48:07,693:INFO:Finding Cohorts ...
2021-03-31 18:48:07,694:INFO:Finding cohorts using: sex
2021-03-31 18:48:07,696:INFO:Training Cohort models ...
2021-03-31 18:52:15,263:INFO:Cohort assignation ...
2021-03-31 18:52:15,263:INFO:Matching via sex
2021-03-31 18:52:15,265:INFO:Cohort evaluation ...
2021-03-31 18:52:15,576:INFO:Baseline holistic ...
2021-03-31 18:54:59,409:INFO:Baseline pcm ...
2021-03-31 18:54:59,409:INFO:Loading precomputed pcm ...
2021-03-31 18:54:59,547:INFO:########## Finished iteration 88 ##########
2021-03-31 18:54:59,547:INFO:########## Iteration 89 ##########
2021-03-31 18:54:59,548:INFO:Loading datasets ...
2021-03-31 18:54:59,954:INFO:Test users: ['smc2', 'smc31', 'smc1', 'smc46', 'smc11', 'smc21', 'smc36']
2021-03-31 18:54:59,955:INFO:Features encoded: ['sex', 'SKC']
2021-03-31 18:54:59,955:INFO:Finding Cohorts ...
2021-03-31 18:54:59,956:INFO:Finding cohorts using: sex
2021-03-31 18:54:59,959:INFO:Training Cohort models ...
2021-03-31 18:58:59,647:INFO:Cohort assignation ...
2021-03-31 18:58:59,647:INFO:Matching via sex
2021-03-31 18:58:59,648:INFO:Cohort evaluation ...
2021-03-31 18:58:59,905:INFO:Baseline holistic ...
2021-03-31 19:02:03,312:INFO:Baseline pcm ...
2021-03-31 19:02:03,312:INFO:Loading precomputed pcm ...
2021-03-31 19:02:03,515:INFO:########## Finished iteration 89 ##########
2021-03-31 19:02:03,515:INFO:########## Iteration 90 ##########
2021-03-31 19:02:03,516:INFO:Loading datasets ...
2021-03-31 19:02:03,928:INFO:Test users: ['smc27', 'smc29', 'smc26', 'smc21', 'smc5', 'smc10', 'smc6']
2021-03-31 19:02:03,928:INFO:Features encoded: ['sex', 'SKC']
2021-03-31 19:02:03,928:INFO:Finding Cohorts ...
2021-03-31 19:02:03,929:INFO:Finding cohorts using: sex
2021-03-31 19:02:03,932:INFO:Training Cohort models ...
2021-03-31 19:06:08,556:INFO:Cohort assignation ...
2021-03-31 19:06:08,556:INFO:Matching via sex
2021-03-31 19:06:08,557:INFO:Cohort evaluation ...
2021-03-31 19:06:08,840:INFO:Baseline holistic ...
2021-03-31 19:08:22,658:INFO:Baseline pcm ...
2021-03-31 19:08:22,658:INFO:Loading precomputed pcm ...
2021-03-31 19:08:22,789:INFO:########## Finished iteration 90 ##########
2021-03-31 19:08:22,789:INFO:########## Iteration 91 ##########
2021-03-31 19:08:22,789:INFO:Loading datasets ...
2021-03-31 19:08:23,187:INFO:Test users: ['smc45', 'smc5', 'smc2', 'smc21', 'smc8', 'smc9', 'smc43']
2021-03-31 19:08:23,187:INFO:Features encoded: ['sex', 'SKC']
2021-03-31 19:08:23,187:INFO:Finding Cohorts ...
2021-03-31 19:08:23,189:INFO:Finding cohorts using: sex
2021-03-31 19:08:23,191:INFO:Training Cohort models ...
2021-03-31 19:12:07,225:INFO:Cohort assignation ...
2021-03-31 19:12:07,225:INFO:Matching via sex
2021-03-31 19:12:07,226:INFO:Cohort evaluation ...
2021-03-31 19:12:07,479:INFO:Baseline holistic ...
2021-03-31 19:14:31,477:INFO:Baseline pcm ...
2021-03-31 19:14:31,477:INFO:Loading precomputed pcm ...
2021-03-31 19:14:31,613:INFO:########## Finished iteration 91 ##########
2021-03-31 19:14:31,613:INFO:########## Iteration 92 ##########
2021-03-31 19:14:31,613:INFO:Loading datasets ...
2021-03-31 19:14:32,021:INFO:Test users: ['smc8', 'smc40', 'smc1', 'smc28', 'smc6', 'smc22', 'smc26']
2021-03-31 19:14:32,022:INFO:Features encoded: ['sex', 'SKC']
2021-03-31 19:14:32,022:INFO:Finding Cohorts ...
2021-03-31 19:14:32,023:INFO:Finding cohorts using: sex
2021-03-31 19:14:32,025:INFO:Training Cohort models ...
2021-03-31 19:18:28,899:INFO:Cohort assignation ...
2021-03-31 19:18:28,899:INFO:Matching via sex
2021-03-31 19:18:28,900:INFO:Cohort evaluation ...
2021-03-31 19:18:29,149:INFO:Baseline holistic ...
2021-03-31 19:21:14,214:INFO:Baseline pcm ...
2021-03-31 19:21:14,214:INFO:Loading precomputed pcm ...
2021-03-31 19:21:14,349:INFO:########## Finished iteration 92 ##########
2021-03-31 19:21:14,349:INFO:########## Iteration 93 ##########
2021-03-31 19:21:14,349:INFO:Loading datasets ...
2021-03-31 19:21:14,758:INFO:Test users: ['smc5', 'smc45', 'smc2', 'smc20', 'smc47', 'smc43', 'smc34']
2021-03-31 19:21:14,758:INFO:Features encoded: ['sex', 'SKC']
2021-03-31 19:21:14,758:INFO:Finding Cohorts ...
2021-03-31 19:21:14,759:INFO:Finding cohorts using: sex
2021-03-31 19:21:14,762:INFO:Training Cohort models ...
2021-03-31 19:24:26,521:INFO:Cohort assignation ...
2021-03-31 19:24:26,522:INFO:Matching via sex
2021-03-31 19:24:26,524:INFO:Cohort evaluation ...
2021-03-31 19:24:26,753:INFO:Baseline holistic ...
2021-03-31 19:28:00,810:INFO:Baseline pcm ...
2021-03-31 19:28:00,810:INFO:Loading precomputed pcm ...
2021-03-31 19:28:01,020:INFO:########## Finished iteration 93 ##########
2021-03-31 19:28:01,020:INFO:########## Iteration 94 ##########
2021-03-31 19:28:01,020:INFO:Loading datasets ...
2021-03-31 19:28:01,912:INFO:Test users: ['smc9', 'smc38', 'smc5', 'smc23', 'smc44', 'smc11', 'smc50']
2021-03-31 19:28:01,913:INFO:Features encoded: ['sex', 'SKC']
2021-03-31 19:28:01,913:INFO:Finding Cohorts ...
2021-03-31 19:28:01,915:INFO:Finding cohorts using: sex
2021-03-31 19:28:01,919:INFO:Training Cohort models ...
2021-03-31 19:32:48,901:INFO:Cohort assignation ...
2021-03-31 19:32:48,901:INFO:Matching via sex
2021-03-31 19:32:48,902:INFO:Cohort evaluation ...
2021-03-31 19:32:49,196:INFO:Baseline holistic ...
2021-03-31 19:35:47,784:INFO:Baseline pcm ...
2021-03-31 19:35:47,784:INFO:Loading precomputed pcm ...
2021-03-31 19:35:47,924:INFO:########## Finished iteration 94 ##########
2021-03-31 19:35:47,925:INFO:########## Iteration 95 ##########
2021-03-31 19:35:47,925:INFO:Loading datasets ...
2021-03-31 19:35:48,336:INFO:Test users: ['smc11', 'smc33', 'smc25', 'smc36', 'smc9', 'smc4', 'smc20']
2021-03-31 19:35:48,337:INFO:Features encoded: ['sex', 'SKC']
2021-03-31 19:35:48,337:INFO:Finding Cohorts ...
2021-03-31 19:35:48,338:INFO:Finding cohorts using: sex
2021-03-31 19:35:48,341:INFO:Training Cohort models ...
2021-03-31 19:38:48,315:INFO:Cohort assignation ...
2021-03-31 19:38:48,315:INFO:Matching via sex
2021-03-31 19:38:48,316:INFO:Cohort evaluation ...
2021-03-31 19:38:48,475:INFO:Baseline holistic ...
2021-03-31 19:41:38,907:INFO:Baseline pcm ...
2021-03-31 19:41:38,907:INFO:Loading precomputed pcm ...
2021-03-31 19:41:39,043:INFO:########## Finished iteration 95 ##########
2021-03-31 19:41:39,043:INFO:########## Iteration 96 ##########
2021-03-31 19:41:39,043:INFO:Loading datasets ...
2021-03-31 19:41:39,458:INFO:Test users: ['smc44', 'smc48', 'smc8', 'smc4', 'smc35', 'smc9', 'smc34']
2021-03-31 19:41:39,459:INFO:Features encoded: ['sex', 'SKC']
2021-03-31 19:41:39,459:INFO:Finding Cohorts ...
2021-03-31 19:41:39,459:INFO:Finding cohorts using: sex
2021-03-31 19:41:39,462:INFO:Training Cohort models ...
2021-03-31 19:45:07,027:INFO:Cohort assignation ...
2021-03-31 19:45:07,027:INFO:Matching via sex
2021-03-31 19:45:07,029:INFO:Cohort evaluation ...
2021-03-31 19:45:07,301:INFO:Baseline holistic ...
2021-03-31 19:47:55,989:INFO:Baseline pcm ...
2021-03-31 19:47:55,989:INFO:Loading precomputed pcm ...
2021-03-31 19:47:56,126:INFO:########## Finished iteration 96 ##########
2021-03-31 19:47:56,126:INFO:########## Iteration 97 ##########
2021-03-31 19:47:56,126:INFO:Loading datasets ...
2021-03-31 19:47:56,540:INFO:Test users: ['smc38', 'smc44', 'smc26', 'smc40', 'smc11', 'smc36', 'smc23']
2021-03-31 19:47:56,540:INFO:Features encoded: ['sex', 'SKC']
2021-03-31 19:47:56,540:INFO:Finding Cohorts ...
2021-03-31 19:47:56,541:INFO:Finding cohorts using: sex
2021-03-31 19:47:56,543:INFO:Training Cohort models ...
2021-03-31 19:51:43,647:INFO:Cohort assignation ...
2021-03-31 19:51:43,647:INFO:Matching via sex
2021-03-31 19:51:43,649:INFO:Cohort evaluation ...
2021-03-31 19:51:43,936:INFO:Baseline holistic ...
2021-03-31 19:54:09,678:INFO:Baseline pcm ...
2021-03-31 19:54:09,678:INFO:Loading precomputed pcm ...
2021-03-31 19:54:09,818:INFO:########## Finished iteration 97 ##########
2021-03-31 19:54:09,818:INFO:########## Iteration 98 ##########
2021-03-31 19:54:09,818:INFO:Loading datasets ...
2021-03-31 19:54:10,295:INFO:Test users: ['smc4', 'smc40', 'smc5', 'smc31', 'smc43', 'smc47', 'smc51']
2021-03-31 19:54:10,295:INFO:Features encoded: ['sex', 'SKC']
2021-03-31 19:54:10,295:INFO:Finding Cohorts ...
2021-03-31 19:54:10,297:INFO:Finding cohorts using: sex
2021-03-31 19:54:10,299:INFO:Training Cohort models ...
2021-03-31 19:57:17,148:INFO:Cohort assignation ...
2021-03-31 19:57:17,148:INFO:Matching via sex
2021-03-31 19:57:17,149:INFO:Cohort evaluation ...
2021-03-31 19:57:17,308:INFO:Baseline holistic ...
2021-03-31 20:00:19,023:INFO:Baseline pcm ...
2021-03-31 20:00:19,024:INFO:Loading precomputed pcm ...
2021-03-31 20:00:19,154:INFO:########## Finished iteration 98 ##########
2021-03-31 20:00:19,154:INFO:########## Iteration 99 ##########
2021-03-31 20:00:19,154:INFO:Loading datasets ...
2021-03-31 20:00:19,554:INFO:Test users: ['smc25', 'smc51', 'smc6', 'smc26', 'smc21', 'smc8', 'smc45']
2021-03-31 20:00:19,554:INFO:Features encoded: ['sex', 'SKC']
2021-03-31 20:00:19,554:INFO:Finding Cohorts ...
2021-03-31 20:00:19,555:INFO:Finding cohorts using: sex
2021-03-31 20:00:19,557:INFO:Training Cohort models ...
2021-03-31 20:03:36,644:INFO:Cohort assignation ...
2021-03-31 20:03:36,644:INFO:Matching via sex
2021-03-31 20:03:36,645:INFO:Cohort evaluation ...
2021-03-31 20:03:36,902:INFO:Baseline holistic ...
2021-03-31 20:06:14,596:INFO:Baseline pcm ...
2021-03-31 20:06:14,596:INFO:Loading precomputed pcm ...
2021-03-31 20:06:14,728:INFO:########## Finished iteration 99 ##########
